#
# There is insufficient memory for the Java Runtime Environment to continue.
# Native memory allocation (malloc) failed to allocate 1048576 bytes for AllocateHeap
# Possible reasons:
#   The system is out of physical RAM or swap space
#   The process is running with CompressedOops enabled, and the Java Heap may be blocking the growth of the native heap
# Possible solutions:
#   Reduce memory load on the system
#   Increase physical memory or swap space
#   Check if swap backing store is full
#   Decrease Java heap size (-Xmx/-Xms)
#   Decrease number of Java threads
#   Decrease Java thread stack sizes (-Xss)
#   Set larger code cache with -XX:ReservedCodeCacheSize=
#   JVM is running with Unscaled Compressed Oops mode in which the Java heap is
#     placed in the first 4GB address space. The Java Heap base address is the
#     maximum limit for the native heap growth. Please use -XX:HeapBaseMinAddress
#     to set the Java Heap base and to place the Java Heap above 4GB virtual address.
# This output file may be truncated or incomplete.
#
#  Out of Memory Error (allocation.cpp:44), pid=14144, tid=24684
#
# JRE version: OpenJDK Runtime Environment Temurin-17.0.9+9 (17.0.9+9) (build 17.0.9+9)
# Java VM: OpenJDK 64-Bit Server VM Temurin-17.0.9+9 (17.0.9+9, mixed mode, emulated-client, tiered, compressed oops, compressed class ptrs, g1 gc, windows-amd64)
# No core dump will be written. Minidumps are not enabled by default on client versions of Windows
#

---------------  S U M M A R Y ------------

Command Line: -XX:+HeapDumpOnOutOfMemoryError -Xmx1024m -Dsts.lsp.client=vscode -Dsts.log.file=/dev/null -XX:TieredStopAtLevel=1 -Xlog:jni+resolve=off -Dspring.config.location=file:c:\Users\User\.vscode\extensions\vmware.vscode-spring-boot-1.51.0\language-server\BOOT-INF\classes\application.properties org.springframework.ide.vscode.boot.app.BootLanguageServerBootApp

Host: AMD Ryzen 9 5900HX with Radeon Graphics        , 16 cores, 15G,  Windows 11 , 64 bit Build 22621 (10.0.22621.2506)
Time: Thu Dec 21 15:31:40 2023 Malay Peninsula Standard Time elapsed time: 25676.674742 seconds (0d 7h 7m 56s)

---------------  T H R E A D  ---------------

Current thread (0x00000202ae7461d0):  VMThread "VM Thread" [stack: 0x0000001d80500000,0x0000001d80600000] [id=24684]

Stack: [0x0000001d80500000,0x0000001d80600000]
Native frames: (J=compiled Java code, j=interpreted, Vv=VM code, C=native code)
V  [jvm.dll+0x67cf49]
V  [jvm.dll+0x83478a]
V  [jvm.dll+0x83624e]
V  [jvm.dll+0x8368b3]
V  [jvm.dll+0x247f1f]
V  [jvm.dll+0xa6b4b]
V  [jvm.dll+0x2f8e73]
V  [jvm.dll+0x2f4af0]
V  [jvm.dll+0x2dd0d7]
V  [jvm.dll+0x320357]
V  [jvm.dll+0x83adab]
V  [jvm.dll+0x83baf1]
V  [jvm.dll+0x83c00d]
V  [jvm.dll+0x83c3e4]
V  [jvm.dll+0x83c4b0]
V  [jvm.dll+0x7e3c3a]
V  [jvm.dll+0x67be35]
C  [ucrtbase.dll+0x29363]
C  [KERNEL32.DLL+0x1257d]
C  [ntdll.dll+0x5aa58]

VM_Operation (0x0000001d824fec10): G1CollectFull, mode: safepoint, requested by thread 0x00000202b4475010


---------------  P R O C E S S  ---------------

Threads class SMR info:
_java_thread_list=0x00000202b3687110, length=35, elements={
0x00000202ae7a4280, 0x00000202ae7a5010, 0x00000202ae7d6670, 0x00000202ae7d9310,
0x00000202ae7dabf0, 0x00000202ae7db4c0, 0x00000202ae7e0560, 0x00000202ae7ebbd0,
0x00000202ae9e8470, 0x00000202ae9f7c40, 0x00000202b4424be0, 0x00000202b4475010,
0x00000202b45b8670, 0x00000202a2e227e0, 0x00000202b460e180, 0x00000202b4645f00,
0x00000202b464a7e0, 0x00000202b46594c0, 0x00000202b45fcdf0, 0x00000202b45fb9b0,
0x00000202b45fd300, 0x00000202b45fbec0, 0x00000202b45fc8e0, 0x00000202b45fc3d0,
0x00000202b45fb4a0, 0x00000202b363ace0, 0x00000202b363cb40, 0x00000202b3639390,
0x00000202b363a2c0, 0x00000202b363b1f0, 0x00000202b363c120, 0x00000202b363d560,
0x00000202b3639db0, 0x00000202b3640800, 0x00000202b363d050
}

Java Threads: ( => current thread )
  0x00000202ae7a4280 JavaThread "Reference Handler" daemon [_thread_blocked, id=19128, stack(0x0000001d80600000,0x0000001d80700000)]
  0x00000202ae7a5010 JavaThread "Finalizer" daemon [_thread_blocked, id=13112, stack(0x0000001d80700000,0x0000001d80800000)]
  0x00000202ae7d6670 JavaThread "Signal Dispatcher" daemon [_thread_blocked, id=24308, stack(0x0000001d80800000,0x0000001d80900000)]
  0x00000202ae7d9310 JavaThread "Attach Listener" daemon [_thread_blocked, id=18152, stack(0x0000001d80900000,0x0000001d80a00000)]
  0x00000202ae7dabf0 JavaThread "Service Thread" daemon [_thread_blocked, id=25960, stack(0x0000001d80a00000,0x0000001d80b00000)]
  0x00000202ae7db4c0 JavaThread "Monitor Deflation Thread" daemon [_thread_blocked, id=23460, stack(0x0000001d80b00000,0x0000001d80c00000)]
  0x00000202ae7e0560 JavaThread "C1 CompilerThread0" daemon [_thread_blocked, id=15988, stack(0x0000001d80c00000,0x0000001d80d00000)]
  0x00000202ae7ebbd0 JavaThread "Sweeper thread" daemon [_thread_blocked, id=16304, stack(0x0000001d80d00000,0x0000001d80e00000)]
  0x00000202ae9e8470 JavaThread "Notification Thread" daemon [_thread_blocked, id=18032, stack(0x0000001d81000000,0x0000001d81100000)]
  0x00000202ae9f7c40 JavaThread "Common-Cleaner" daemon [_thread_blocked, id=12856, stack(0x0000001d81200000,0x0000001d81300000)]
  0x00000202b4424be0 JavaThread "boundedElastic-evictor-1" daemon [_thread_blocked, id=1944, stack(0x0000001d82300000,0x0000001d82400000)]
  0x00000202b4475010 JavaThread "pool-12-thread-1" [_thread_blocked, id=15068, stack(0x0000001d82400000,0x0000001d82500000)]
  0x00000202b45b8670 JavaThread "LanguageServerApp-lifecycle" [_thread_blocked, id=17844, stack(0x0000001d82500000,0x0000001d82600000)]
  0x00000202a2e227e0 JavaThread "DestroyJavaVM" [_thread_blocked, id=8396, stack(0x0000001dfff00000,0x0000001e00000000)]
  0x00000202b460e180 JavaThread "pool-13-thread-1" [_thread_in_native, id=15764, stack(0x0000001d82600000,0x0000001d82700000)]
  0x00000202b4645f00 JavaThread "Simple-Language-Server main thread" daemon [_thread_blocked, id=18004, stack(0x0000001d82700000,0x0000001d82800000)]
  0x00000202b464a7e0 JavaThread "parallel-1" daemon [_thread_blocked, id=25352, stack(0x0000001d82800000,0x0000001d82900000)]
  0x00000202b46594c0 JavaThread "pool-6-thread-1" [_thread_blocked, id=5452, stack(0x0000001d82900000,0x0000001d82a00000)]
  0x00000202b45fcdf0 JavaThread "parallel-2" daemon [_thread_blocked, id=6664, stack(0x0000001d82a00000,0x0000001d82b00000)]
  0x00000202b45fb9b0 JavaThread "pool-8-thread-1" [_thread_blocked, id=2116, stack(0x0000001d80e00000,0x0000001d80f00000)]
  0x00000202b45fd300 JavaThread "parallel-3" daemon [_thread_blocked, id=1784, stack(0x0000001d80f00000,0x0000001d81000000)]
  0x00000202b45fbec0 JavaThread "Reconciler-1" daemon [_thread_blocked, id=25848, stack(0x0000001d82e00000,0x0000001d82f00000)]
  0x00000202b45fc8e0 JavaThread "parallel-4" daemon [_thread_blocked, id=25004, stack(0x0000001d82f00000,0x0000001d83000000)]
  0x00000202b45fc3d0 JavaThread "parallel-5" daemon [_thread_blocked, id=27512, stack(0x0000001d83100000,0x0000001d83200000)]
  0x00000202b45fb4a0 JavaThread "parallel-6" daemon [_thread_blocked, id=15816, stack(0x0000001d83000000,0x0000001d83100000)]
  0x00000202b363ace0 JavaThread "parallel-7" daemon [_thread_blocked, id=7248, stack(0x0000001d83200000,0x0000001d83300000)]
  0x00000202b363cb40 JavaThread "parallel-8" daemon [_thread_blocked, id=26276, stack(0x0000001d83300000,0x0000001d83400000)]
  0x00000202b3639390 JavaThread "parallel-9" daemon [_thread_blocked, id=27600, stack(0x0000001d83400000,0x0000001d83500000)]
  0x00000202b363a2c0 JavaThread "parallel-10" daemon [_thread_blocked, id=19616, stack(0x0000001d83500000,0x0000001d83600000)]
  0x00000202b363b1f0 JavaThread "parallel-11" daemon [_thread_blocked, id=10700, stack(0x0000001d83600000,0x0000001d83700000)]
  0x00000202b363c120 JavaThread "parallel-12" daemon [_thread_blocked, id=25224, stack(0x0000001d83700000,0x0000001d83800000)]
  0x00000202b363d560 JavaThread "parallel-13" daemon [_thread_blocked, id=23716, stack(0x0000001d82c00000,0x0000001d82d00000)]
  0x00000202b3639db0 JavaThread "parallel-14" daemon [_thread_blocked, id=25564, stack(0x0000001d83800000,0x0000001d83900000)]
  0x00000202b3640800 JavaThread "parallel-15" daemon [_thread_blocked, id=25532, stack(0x0000001d83900000,0x0000001d83a00000)]
  0x00000202b363d050 JavaThread "parallel-16" daemon [_thread_blocked, id=1344, stack(0x0000001d83a00000,0x0000001d83b00000)]

Other Threads:
=>0x00000202ae7461d0 VMThread "VM Thread" [stack: 0x0000001d80500000,0x0000001d80600000] [id=24684]
  0x00000202ae9f6990 WatcherThread [stack: 0x0000001d81100000,0x0000001d81200000] [id=26448]
  0x00000202a2e60b90 GCTaskThread "GC Thread#0" [stack: 0x0000001d80000000,0x0000001d80100000] [id=10876]
  0x00000202b398f210 GCTaskThread "GC Thread#1" [stack: 0x0000001d81400000,0x0000001d81500000] [id=8096]
  0x00000202b398f4d0 GCTaskThread "GC Thread#2" [stack: 0x0000001d81500000,0x0000001d81600000] [id=24328]
  0x00000202b398fda0 GCTaskThread "GC Thread#3" [stack: 0x0000001d81600000,0x0000001d81700000] [id=26584]
  0x00000202b37b74f0 GCTaskThread "GC Thread#4" [stack: 0x0000001d81700000,0x0000001d81800000] [id=25364]
  0x00000202b37b61b0 GCTaskThread "GC Thread#5" [stack: 0x0000001d81800000,0x0000001d81900000] [id=2152]
  0x00000202b37b6470 GCTaskThread "GC Thread#6" [stack: 0x0000001d81a00000,0x0000001d81b00000] [id=24400]
  0x00000202b37b5ef0 GCTaskThread "GC Thread#7" [stack: 0x0000001d81b00000,0x0000001d81c00000] [id=8968]
  0x00000202b37b5c30 GCTaskThread "GC Thread#8" [stack: 0x0000001d81c00000,0x0000001d81d00000] [id=8840]
  0x00000202b37b77b0 GCTaskThread "GC Thread#9" [stack: 0x0000001d81d00000,0x0000001d81e00000] [id=20260]
  0x00000202b37b69f0 GCTaskThread "GC Thread#10" [stack: 0x0000001d81e00000,0x0000001d81f00000] [id=4780]
  0x00000202b37b6cb0 GCTaskThread "GC Thread#11" [stack: 0x0000001d81f00000,0x0000001d82000000] [id=23620]
  0x00000202b3f49200 GCTaskThread "GC Thread#12" [stack: 0x0000001d81900000,0x0000001d81a00000] [id=2548]
  0x00000202a2e699f0 ConcurrentGCThread "G1 Main Marker" [stack: 0x0000001d80100000,0x0000001d80200000] [id=25472]
  0x00000202a2e6a320 ConcurrentGCThread "G1 Conc#0" [stack: 0x0000001d80200000,0x0000001d80300000] [id=17744]
  0x00000202b37b6f70 ConcurrentGCThread "G1 Conc#1" [stack: 0x0000001d82000000,0x0000001d82100000] [id=10424]
  0x00000202b3f48c80 ConcurrentGCThread "G1 Conc#2" [stack: 0x0000001d82100000,0x0000001d82200000] [id=26380]
  0x00000202a2ece660 ConcurrentGCThread "G1 Refine#0" [stack: 0x0000001d80300000,0x0000001d80400000] [id=10208]
  0x00000202ae5df5d0 ConcurrentGCThread "G1 Service" [stack: 0x0000001d80400000,0x0000001d80500000] [id=4716]

Threads with active compile tasks:

VM state: at safepoint (normal execution)

VM Mutex/Monitor currently owned by a thread:  ([mutex/lock_event])
[0x00000202a0aec4c0] Threads_lock - owner thread: 0x00000202ae7461d0
[0x00000202a2e205b0] Heap_lock - owner thread: 0x00000202b4475010

Heap address: 0x00000000c0000000, size: 1024 MB, Compressed Oops mode: 32-bit

CDS archive(s) not mapped
Compressed class space mapped at: 0x0000000100000000-0x0000000140000000, reserved size: 1073741824
Narrow klass base: 0x0000000000000000, Narrow klass shift: 3, Narrow klass range: 0x140000000

GC Precious Log:
 CPUs: 16 total, 16 available
 Memory: 15791M
 Large Page Support: Disabled
 NUMA Support: Disabled
 Compressed Oops: Enabled (32-bit)
 Heap Region Size: 1M
 Heap Min Capacity: 8M
 Heap Initial Capacity: 248M
 Heap Max Capacity: 1G
 Pre-touch: Disabled
 Parallel Workers: 13
 Concurrent Workers: 3
 Concurrent Refinement Workers: 13
 Periodic GC: Disabled

Heap:
 garbage-first heap   total 86016K, used 31305K [0x00000000c0000000, 0x0000000100000000)
  region size 1024K, 1 young (1024K), 0 survivors (0K)
 Metaspace       used 58982K, committed 59392K, reserved 1114112K
  class space    used 7309K, committed 7488K, reserved 1048576K

Heap Regions: E=young(eden), S=young(survivor), O=old, HS=humongous(starts), HC=humongous(continues), CS=collection set, F=free, OA=open archive, CA=closed archive, TAMS=top-at-mark-start (previous, next)
|   0|0x00000000c0000000, 0x00000000c0100000, 0x00000000c0100000|100%|HS|  |TAMS 0x00000000c0100000, 0x00000000c0000000| Untracked 
|   1|0x00000000c0100000, 0x00000000c0200000, 0x00000000c0200000|100%|HC|  |TAMS 0x00000000c0200000, 0x00000000c0100000| Untracked 
|   2|0x00000000c0200000, 0x00000000c0300000, 0x00000000c0300000|100%|HC|  |TAMS 0x00000000c0300000, 0x00000000c0200000| Untracked 
|   3|0x00000000c0300000, 0x00000000c0400000, 0x00000000c0400000|100%|HC|  |TAMS 0x00000000c0400000, 0x00000000c0300000| Untracked 
|   4|0x00000000c0400000, 0x00000000c04ffff8, 0x00000000c0500000| 99%| O|  |TAMS 0x00000000c04ffff8, 0x00000000c0400000| Untracked 
|   5|0x00000000c0500000, 0x00000000c0600000, 0x00000000c0600000|100%| O|  |TAMS 0x00000000c0600000, 0x00000000c0500000| Untracked 
|   6|0x00000000c0600000, 0x00000000c0700000, 0x00000000c0700000|100%| O|  |TAMS 0x00000000c0700000, 0x00000000c0600000| Untracked 
|   7|0x00000000c0700000, 0x00000000c0800000, 0x00000000c0800000|100%| O|  |TAMS 0x00000000c0800000, 0x00000000c0700000| Untracked 
|   8|0x00000000c0800000, 0x00000000c08fffd8, 0x00000000c0900000| 99%| O|  |TAMS 0x00000000c08fffd8, 0x00000000c0800000| Untracked 
|   9|0x00000000c0900000, 0x00000000c0a00000, 0x00000000c0a00000|100%| O|  |TAMS 0x00000000c0a00000, 0x00000000c0900000| Untracked 
|  10|0x00000000c0a00000, 0x00000000c0b00000, 0x00000000c0b00000|100%| O|  |TAMS 0x00000000c0b00000, 0x00000000c0a00000| Untracked 
|  11|0x00000000c0b00000, 0x00000000c0c00000, 0x00000000c0c00000|100%| O|  |TAMS 0x00000000c0c00000, 0x00000000c0b00000| Untracked 
|  12|0x00000000c0c00000, 0x00000000c0cfe2e8, 0x00000000c0d00000| 99%| O|  |TAMS 0x00000000c0cfe2e8, 0x00000000c0c00000| Untracked 
|  13|0x00000000c0d00000, 0x00000000c0e00000, 0x00000000c0e00000|100%| O|  |TAMS 0x00000000c0e00000, 0x00000000c0d00000| Untracked 
|  14|0x00000000c0e00000, 0x00000000c0f00000, 0x00000000c0f00000|100%| O|  |TAMS 0x00000000c0f00000, 0x00000000c0e00000| Untracked 
|  15|0x00000000c0f00000, 0x00000000c0fffff0, 0x00000000c1000000| 99%| O|  |TAMS 0x00000000c0fffff0, 0x00000000c0f00000| Untracked 
|  16|0x00000000c1000000, 0x00000000c10ff1b0, 0x00000000c1100000| 99%| O|  |TAMS 0x00000000c10ff1b0, 0x00000000c1000000| Untracked 
|  17|0x00000000c1100000, 0x00000000c11fffe8, 0x00000000c1200000| 99%| O|  |TAMS 0x00000000c11fffe8, 0x00000000c1100000| Untracked 
|  18|0x00000000c1200000, 0x00000000c12ffff0, 0x00000000c1300000| 99%| O|  |TAMS 0x00000000c12ffff0, 0x00000000c1200000| Untracked 
|  19|0x00000000c1300000, 0x00000000c13ffff8, 0x00000000c1400000| 99%| O|  |TAMS 0x00000000c13ffff8, 0x00000000c1300000| Untracked 
|  20|0x00000000c1400000, 0x00000000c14fffe8, 0x00000000c1500000| 99%| O|  |TAMS 0x00000000c14fffe8, 0x00000000c1400000| Untracked 
|  21|0x00000000c1500000, 0x00000000c15fe3b8, 0x00000000c1600000| 99%| O|  |TAMS 0x00000000c15fe3b8, 0x00000000c1500000| Untracked 
|  22|0x00000000c1600000, 0x00000000c1700000, 0x00000000c1700000|100%| O|  |TAMS 0x00000000c1700000, 0x00000000c1600000| Untracked 
|  23|0x00000000c1700000, 0x00000000c1800000, 0x00000000c1800000|100%| O|  |TAMS 0x00000000c1800000, 0x00000000c1700000| Untracked 
|  24|0x00000000c1800000, 0x00000000c18f3e30, 0x00000000c1900000| 95%| O|  |TAMS 0x00000000c18f3e30, 0x00000000c1800000| Untracked 
|  25|0x00000000c1900000, 0x00000000c19fffc8, 0x00000000c1a00000| 99%| O|  |TAMS 0x00000000c19fffc8, 0x00000000c1900000| Untracked 
|  26|0x00000000c1a00000, 0x00000000c1ac4128, 0x00000000c1b00000| 76%| O|  |TAMS 0x00000000c1a00000, 0x00000000c1a00000| Untracked 
|  27|0x00000000c1b00000, 0x00000000c1bfff90, 0x00000000c1c00000| 99%| O|  |TAMS 0x00000000c1bfff90, 0x00000000c1b00000| Untracked 
|  28|0x00000000c1c00000, 0x00000000c1d00000, 0x00000000c1d00000|100%| O|  |TAMS 0x00000000c1d00000, 0x00000000c1c00000| Untracked 
|  29|0x00000000c1d00000, 0x00000000c1ddedb0, 0x00000000c1e00000| 87%| O|  |TAMS 0x00000000c1d00000, 0x00000000c1d00000| Untracked 
|  30|0x00000000c1e00000, 0x00000000c1e00000, 0x00000000c1f00000|  0%| F|  |TAMS 0x00000000c1e00000, 0x00000000c1e00000| Untracked 
|  31|0x00000000c1f00000, 0x00000000c1f00000, 0x00000000c2000000|  0%| F|  |TAMS 0x00000000c1f00000, 0x00000000c1f00000| Untracked 
|  32|0x00000000c2000000, 0x00000000c2000000, 0x00000000c2100000|  0%| F|  |TAMS 0x00000000c2000000, 0x00000000c2000000| Untracked 
|  33|0x00000000c2100000, 0x00000000c2100000, 0x00000000c2200000|  0%| F|  |TAMS 0x00000000c2100000, 0x00000000c2100000| Untracked 
|  34|0x00000000c2200000, 0x00000000c2200000, 0x00000000c2300000|  0%| F|  |TAMS 0x00000000c2200000, 0x00000000c2200000| Untracked 
|  35|0x00000000c2300000, 0x00000000c2300000, 0x00000000c2400000|  0%| F|  |TAMS 0x00000000c2300000, 0x00000000c2300000| Untracked 
|  36|0x00000000c2400000, 0x00000000c2400000, 0x00000000c2500000|  0%| F|  |TAMS 0x00000000c2400000, 0x00000000c2400000| Untracked 
|  37|0x00000000c2500000, 0x00000000c2500000, 0x00000000c2600000|  0%| F|  |TAMS 0x00000000c2500000, 0x00000000c2500000| Untracked 
|  38|0x00000000c2600000, 0x00000000c2600000, 0x00000000c2700000|  0%| F|  |TAMS 0x00000000c2600000, 0x00000000c2600000| Untracked 
|  39|0x00000000c2700000, 0x00000000c2700000, 0x00000000c2800000|  0%| F|  |TAMS 0x00000000c2700000, 0x00000000c2700000| Untracked 
|  40|0x00000000c2800000, 0x00000000c2800000, 0x00000000c2900000|  0%| F|  |TAMS 0x00000000c2800000, 0x00000000c2800000| Untracked 
|  41|0x00000000c2900000, 0x00000000c2900000, 0x00000000c2a00000|  0%| F|  |TAMS 0x00000000c2900000, 0x00000000c2900000| Untracked 
|  42|0x00000000c2a00000, 0x00000000c2a00000, 0x00000000c2b00000|  0%| F|  |TAMS 0x00000000c2a00000, 0x00000000c2a00000| Untracked 
|  43|0x00000000c2b00000, 0x00000000c2b00000, 0x00000000c2c00000|  0%| F|  |TAMS 0x00000000c2b00000, 0x00000000c2b00000| Untracked 
|  44|0x00000000c2c00000, 0x00000000c2c00000, 0x00000000c2d00000|  0%| F|  |TAMS 0x00000000c2c00000, 0x00000000c2c00000| Untracked 
|  45|0x00000000c2d00000, 0x00000000c2d00000, 0x00000000c2e00000|  0%| F|  |TAMS 0x00000000c2d00000, 0x00000000c2d00000| Untracked 
|  46|0x00000000c2e00000, 0x00000000c2e00000, 0x00000000c2f00000|  0%| F|  |TAMS 0x00000000c2e00000, 0x00000000c2e00000| Untracked 
|  47|0x00000000c2f00000, 0x00000000c2f00000, 0x00000000c3000000|  0%| F|  |TAMS 0x00000000c2f00000, 0x00000000c2f00000| Untracked 
|  48|0x00000000c3000000, 0x00000000c3000000, 0x00000000c3100000|  0%| F|  |TAMS 0x00000000c3000000, 0x00000000c3000000| Untracked 
|  49|0x00000000c3100000, 0x00000000c3100000, 0x00000000c3200000|  0%| F|  |TAMS 0x00000000c3100000, 0x00000000c3100000| Untracked 
|  50|0x00000000c3200000, 0x00000000c3200000, 0x00000000c3300000|  0%| F|  |TAMS 0x00000000c3200000, 0x00000000c3200000| Untracked 
|  51|0x00000000c3300000, 0x00000000c3300000, 0x00000000c3400000|  0%| F|  |TAMS 0x00000000c3300000, 0x00000000c3300000| Untracked 
|  52|0x00000000c3400000, 0x00000000c3400000, 0x00000000c3500000|  0%| F|  |TAMS 0x00000000c3400000, 0x00000000c3400000| Untracked 
|  53|0x00000000c3500000, 0x00000000c3500000, 0x00000000c3600000|  0%| F|  |TAMS 0x00000000c3500000, 0x00000000c3500000| Untracked 
|  54|0x00000000c3600000, 0x00000000c3600000, 0x00000000c3700000|  0%| F|  |TAMS 0x00000000c3600000, 0x00000000c3600000| Untracked 
|  55|0x00000000c3700000, 0x00000000c3700000, 0x00000000c3800000|  0%| F|  |TAMS 0x00000000c3700000, 0x00000000c3700000| Untracked 
|  56|0x00000000c3800000, 0x00000000c3800000, 0x00000000c3900000|  0%| F|  |TAMS 0x00000000c3800000, 0x00000000c3800000| Untracked 
|  57|0x00000000c3900000, 0x00000000c3900000, 0x00000000c3a00000|  0%| F|  |TAMS 0x00000000c3900000, 0x00000000c3900000| Untracked 
|  58|0x00000000c3a00000, 0x00000000c3a00000, 0x00000000c3b00000|  0%| F|  |TAMS 0x00000000c3a00000, 0x00000000c3a00000| Untracked 
|  59|0x00000000c3b00000, 0x00000000c3b00000, 0x00000000c3c00000|  0%| F|  |TAMS 0x00000000c3b00000, 0x00000000c3b00000| Untracked 
|  60|0x00000000c3c00000, 0x00000000c3c00000, 0x00000000c3d00000|  0%| F|  |TAMS 0x00000000c3c00000, 0x00000000c3c00000| Untracked 
|  61|0x00000000c3d00000, 0x00000000c3d00000, 0x00000000c3e00000|  0%| F|  |TAMS 0x00000000c3d00000, 0x00000000c3d00000| Untracked 
|  62|0x00000000c3e00000, 0x00000000c3e00000, 0x00000000c3f00000|  0%| F|  |TAMS 0x00000000c3e00000, 0x00000000c3e00000| Untracked 
|  63|0x00000000c3f00000, 0x00000000c3f00000, 0x00000000c4000000|  0%| F|  |TAMS 0x00000000c3f00000, 0x00000000c3f00000| Untracked 
|  64|0x00000000c4000000, 0x00000000c4000000, 0x00000000c4100000|  0%| F|  |TAMS 0x00000000c4000000, 0x00000000c4000000| Untracked 
|  65|0x00000000c4100000, 0x00000000c4100000, 0x00000000c4200000|  0%| F|  |TAMS 0x00000000c4100000, 0x00000000c4100000| Untracked 
|  66|0x00000000c4200000, 0x00000000c4200000, 0x00000000c4300000|  0%| F|  |TAMS 0x00000000c4200000, 0x00000000c4200000| Untracked 
|  67|0x00000000c4300000, 0x00000000c4300000, 0x00000000c4400000|  0%| F|  |TAMS 0x00000000c4300000, 0x00000000c4300000| Untracked 
|  68|0x00000000c4400000, 0x00000000c4400000, 0x00000000c4500000|  0%| F|  |TAMS 0x00000000c4400000, 0x00000000c4400000| Untracked 
|  69|0x00000000c4500000, 0x00000000c4500000, 0x00000000c4600000|  0%| F|  |TAMS 0x00000000c4500000, 0x00000000c4500000| Untracked 
|  70|0x00000000c4600000, 0x00000000c4600000, 0x00000000c4700000|  0%| F|  |TAMS 0x00000000c4600000, 0x00000000c4600000| Untracked 
|  71|0x00000000c4700000, 0x00000000c4700000, 0x00000000c4800000|  0%| F|  |TAMS 0x00000000c4700000, 0x00000000c4700000| Untracked 
|  72|0x00000000c4800000, 0x00000000c4800000, 0x00000000c4900000|  0%| F|  |TAMS 0x00000000c4800000, 0x00000000c4800000| Untracked 
|  73|0x00000000c4900000, 0x00000000c4900000, 0x00000000c4a00000|  0%| F|  |TAMS 0x00000000c4900000, 0x00000000c4900000| Untracked 
|  74|0x00000000c4a00000, 0x00000000c4a00000, 0x00000000c4b00000|  0%| F|  |TAMS 0x00000000c4a00000, 0x00000000c4a00000| Untracked 
|  75|0x00000000c4b00000, 0x00000000c4b00000, 0x00000000c4c00000|  0%| F|  |TAMS 0x00000000c4b00000, 0x00000000c4b00000| Untracked 
|  76|0x00000000c4c00000, 0x00000000c4d00000, 0x00000000c4d00000|100%| O|  |TAMS 0x00000000c4d00000, 0x00000000c4c00000| Untracked 
| 211|0x00000000cd300000, 0x00000000cd300000, 0x00000000cd400000|  0%| F|  |TAMS 0x00000000cd300000, 0x00000000cd300000| Untracked 
| 212|0x00000000cd400000, 0x00000000cd400000, 0x00000000cd500000|  0%| F|  |TAMS 0x00000000cd400000, 0x00000000cd400000| Untracked 
| 213|0x00000000cd500000, 0x00000000cd500000, 0x00000000cd600000|  0%| F|  |TAMS 0x00000000cd500000, 0x00000000cd500000| Untracked 
| 214|0x00000000cd600000, 0x00000000cd600000, 0x00000000cd700000|  0%| F|  |TAMS 0x00000000cd600000, 0x00000000cd600000| Untracked 
| 215|0x00000000cd700000, 0x00000000cd700000, 0x00000000cd800000|  0%| F|  |TAMS 0x00000000cd700000, 0x00000000cd700000| Untracked 
| 246|0x00000000cf600000, 0x00000000cf600000, 0x00000000cf700000|  0%| F|  |TAMS 0x00000000cf600000, 0x00000000cf600000| Untracked 
| 247|0x00000000cf700000, 0x00000000cf710dd8, 0x00000000cf800000|  6%| E|  |TAMS 0x00000000cf700000, 0x00000000cf700000| Complete 

Card table byte_map: [0x00000202a9310000,0x00000202a9510000] _byte_map_base: 0x00000202a8d10000

Marking Bits (Prev, Next): (CMBitMap*) 0x00000202a2e610c0, (CMBitMap*) 0x00000202a2e61100
 Prev Bits: [0x00000202a9710000, 0x00000202aa710000)
 Next Bits: [0x00000202aa710000, 0x00000202ab710000)

Polling page: 0x00000202a0e00000

Metaspace:

Usage:
  Non-class:     50.46 MB used.
      Class:      7.14 MB used.
       Both:     57.60 MB used.

Virtual space:
  Non-class space:       64.00 MB reserved,      50.69 MB ( 79%) committed,  1 nodes.
      Class space:        1.00 GB reserved,       7.31 MB ( <1%) committed,  1 nodes.
             Both:        1.06 GB reserved,      58.00 MB (  5%) committed. 

Chunk freelists:
   Non-Class:  12.50 MB
       Class:  8.64 MB
        Both:  21.15 MB

MaxMetaspaceSize: unlimited
CompressedClassSpaceSize: 1.00 GB
Initial GC threshold: 21.00 MB
Current GC threshold: 96.50 MB
CDS: off
MetaspaceReclaimPolicy: balanced
 - commit_granule_bytes: 65536.
 - commit_granule_words: 8192.
 - virtual_space_node_default_size: 8388608.
 - enlarge_chunks_in_place: 1.
 - new_chunks_are_fully_committed: 0.
 - uncommit_free_chunks: 1.
 - use_allocation_guard: 0.
 - handle_deallocations: 1.


Internal statistics:

num_allocs_failed_limit: 6.
num_arena_births: 726.
num_arena_deaths: 278.
num_vsnodes_births: 2.
num_vsnodes_deaths: 0.
num_space_committed: 928.
num_space_uncommitted: 0.
num_chunks_returned_to_freelist: 341.
num_chunks_taken_from_freelist: 2650.
num_chunk_merges: 87.
num_chunk_splits: 1757.
num_chunks_enlarged: 1352.
num_inconsistent_stats: 0.

CodeCache: size=49152Kb used=11372Kb max_used=12649Kb free=37779Kb
 bounds [0x00000202a5ab0000, 0x00000202a6740000, 0x00000202a8ab0000]
 total_blobs=6914 nmethods=6241 adapters=598
 compilation: enabled
              stopped_count=0, restarted_count=0
 full_count=0

Compilation events (20 events):
Event: 23533.236 Thread 0x00000202ae7e0560 6232       1       org.eclipse.jdt.internal.compiler.util.Util::getInputStreamAsByteArray (5 bytes)
Event: 23533.238 Thread 0x00000202ae7e0560 nmethod 6232 0x00000202a6675110 code [0x00000202a66752a0, 0x00000202a6675368]
Event: 23533.238 Thread 0x00000202ae7e0560 6233       1       org.eclipse.jdt.internal.compiler.classfmt.AnnotationMethodInfo::<init> (95 bytes)
Event: 23533.241 Thread 0x00000202ae7e0560 nmethod 6233 0x00000202a6674a90 code [0x00000202a6674c40, 0x00000202a6675018]
Event: 23533.241 Thread 0x00000202ae7e0560 6234       1       org.eclipse.jdt.internal.compiler.lookup.CompilationUnitScope::recordQualifiedReference (103 bytes)
Event: 23533.242 Thread 0x00000202ae7e0560 nmethod 6234 0x00000202a6673f90 code [0x00000202a66741c0, 0x00000202a6674778]
Event: 23533.243 Thread 0x00000202ae7e0560 6235       1       org.eclipse.jdt.internal.compiler.lookup.MethodBinding::isStatic (14 bytes)
Event: 23533.243 Thread 0x00000202ae7e0560 nmethod 6235 0x00000202a6673c90 code [0x00000202a6673e20, 0x00000202a6673f18]
Event: 23533.245 Thread 0x00000202ae7e0560 6236       1       org.eclipse.jdt.internal.compiler.lookup.ReferenceBinding::constantPoolName (27 bytes)
Event: 23533.245 Thread 0x00000202ae7e0560 nmethod 6236 0x00000202a6673910 code [0x00000202a6673ac0, 0x00000202a6673c28]
Event: 23533.249 Thread 0x00000202ae7e0560 6237       1       org.eclipse.jdt.internal.compiler.parser.Scanner::resetTo (11 bytes)
Event: 23533.249 Thread 0x00000202ae7e0560 nmethod 6237 0x00000202a6673510 code [0x00000202a66736c0, 0x00000202a66737f8]
Event: 23533.249 Thread 0x00000202ae7e0560 6238       1       org.eclipse.jdt.internal.compiler.parser.Scanner::resetTo (9 bytes)
Event: 23533.250 Thread 0x00000202ae7e0560 nmethod 6238 0x00000202a6673210 code [0x00000202a66733a0, 0x00000202a6673488]
Event: 23533.250 Thread 0x00000202ae7e0560 6239       1       org.eclipse.jdt.internal.compiler.parser.Scanner::getScanContext (65 bytes)
Event: 23533.250 Thread 0x00000202ae7e0560 nmethod 6239 0x00000202a6672c10 code [0x00000202a6672de0, 0x00000202a6673098]
Event: 23533.250 Thread 0x00000202ae7e0560 6240       1       java.util.concurrent.SynchronousQueue$TransferStack::casHead (26 bytes)
Event: 23533.255 Thread 0x00000202ae7e0560 nmethod 6240 0x00000202a6672390 code [0x00000202a6672580, 0x00000202a6672a18]
Event: 23533.255 Thread 0x00000202ae7e0560 6241       1       java.util.concurrent.CompletableFuture::postComplete (94 bytes)
Event: 23533.259 Thread 0x00000202ae7e0560 nmethod 6241 0x00000202a6670890 code [0x00000202a6670bc0, 0x00000202a6671c38]

GC Heap History (20 events):
Event: 25573.768 GC heap before
{Heap before GC invocations=2336 (full 2322):
 garbage-first heap   total 86016K, used 31305K [0x00000000c0000000, 0x0000000100000000)
  region size 1024K, 1 young (1024K), 0 survivors (0K)
 Metaspace       used 58982K, committed 59392K, reserved 1114112K
  class space    used 7309K, committed 7488K, reserved 1048576K
}
Event: 25573.794 GC heap after
{Heap after GC invocations=2337 (full 2323):
 garbage-first heap   total 86016K, used 31305K [0x00000000c0000000, 0x0000000100000000)
  region size 1024K, 0 young (0K), 0 survivors (0K)
 Metaspace       used 58982K, committed 59392K, reserved 1114112K
  class space    used 7309K, committed 7488K, reserved 1048576K
}
Event: 25584.097 GC heap before
{Heap before GC invocations=2337 (full 2323):
 garbage-first heap   total 86016K, used 31305K [0x00000000c0000000, 0x0000000100000000)
  region size 1024K, 1 young (1024K), 0 survivors (0K)
 Metaspace       used 58982K, committed 59392K, reserved 1114112K
  class space    used 7309K, committed 7488K, reserved 1048576K
}
Event: 25584.132 GC heap after
{Heap after GC invocations=2338 (full 2324):
 garbage-first heap   total 86016K, used 31305K [0x00000000c0000000, 0x0000000100000000)
  region size 1024K, 0 young (0K), 0 survivors (0K)
 Metaspace       used 58982K, committed 59392K, reserved 1114112K
  class space    used 7309K, committed 7488K, reserved 1048576K
}
Event: 25594.435 GC heap before
{Heap before GC invocations=2338 (full 2324):
 garbage-first heap   total 86016K, used 31305K [0x00000000c0000000, 0x0000000100000000)
  region size 1024K, 1 young (1024K), 0 survivors (0K)
 Metaspace       used 58982K, committed 59392K, reserved 1114112K
  class space    used 7309K, committed 7488K, reserved 1048576K
}
Event: 25594.465 GC heap after
{Heap after GC invocations=2339 (full 2325):
 garbage-first heap   total 86016K, used 31305K [0x00000000c0000000, 0x0000000100000000)
  region size 1024K, 0 young (0K), 0 survivors (0K)
 Metaspace       used 58982K, committed 59392K, reserved 1114112K
  class space    used 7309K, committed 7488K, reserved 1048576K
}
Event: 25604.700 GC heap before
{Heap before GC invocations=2339 (full 2325):
 garbage-first heap   total 86016K, used 31305K [0x00000000c0000000, 0x0000000100000000)
  region size 1024K, 1 young (1024K), 0 survivors (0K)
 Metaspace       used 58982K, committed 59392K, reserved 1114112K
  class space    used 7309K, committed 7488K, reserved 1048576K
}
Event: 25604.740 GC heap after
{Heap after GC invocations=2340 (full 2326):
 garbage-first heap   total 86016K, used 31305K [0x00000000c0000000, 0x0000000100000000)
  region size 1024K, 0 young (0K), 0 survivors (0K)
 Metaspace       used 58982K, committed 59392K, reserved 1114112K
  class space    used 7309K, committed 7488K, reserved 1048576K
}
Event: 25615.272 GC heap before
{Heap before GC invocations=2340 (full 2326):
 garbage-first heap   total 86016K, used 31305K [0x00000000c0000000, 0x0000000100000000)
  region size 1024K, 1 young (1024K), 0 survivors (0K)
 Metaspace       used 58982K, committed 59392K, reserved 1114112K
  class space    used 7309K, committed 7488K, reserved 1048576K
}
Event: 25615.309 GC heap after
{Heap after GC invocations=2341 (full 2327):
 garbage-first heap   total 86016K, used 31305K [0x00000000c0000000, 0x0000000100000000)
  region size 1024K, 0 young (0K), 0 survivors (0K)
 Metaspace       used 58982K, committed 59392K, reserved 1114112K
  class space    used 7309K, committed 7488K, reserved 1048576K
}
Event: 25625.575 GC heap before
{Heap before GC invocations=2341 (full 2327):
 garbage-first heap   total 86016K, used 31305K [0x00000000c0000000, 0x0000000100000000)
  region size 1024K, 1 young (1024K), 0 survivors (0K)
 Metaspace       used 58982K, committed 59392K, reserved 1114112K
  class space    used 7309K, committed 7488K, reserved 1048576K
}
Event: 25625.603 GC heap after
{Heap after GC invocations=2342 (full 2328):
 garbage-first heap   total 86016K, used 31305K [0x00000000c0000000, 0x0000000100000000)
  region size 1024K, 0 young (0K), 0 survivors (0K)
 Metaspace       used 58982K, committed 59392K, reserved 1114112K
  class space    used 7309K, committed 7488K, reserved 1048576K
}
Event: 25635.851 GC heap before
{Heap before GC invocations=2342 (full 2328):
 garbage-first heap   total 86016K, used 31305K [0x00000000c0000000, 0x0000000100000000)
  region size 1024K, 1 young (1024K), 0 survivors (0K)
 Metaspace       used 58982K, committed 59392K, reserved 1114112K
  class space    used 7309K, committed 7488K, reserved 1048576K
}
Event: 25635.888 GC heap after
{Heap after GC invocations=2343 (full 2329):
 garbage-first heap   total 86016K, used 31305K [0x00000000c0000000, 0x0000000100000000)
  region size 1024K, 0 young (0K), 0 survivors (0K)
 Metaspace       used 58982K, committed 59392K, reserved 1114112K
  class space    used 7309K, committed 7488K, reserved 1048576K
}
Event: 25646.077 GC heap before
{Heap before GC invocations=2343 (full 2329):
 garbage-first heap   total 86016K, used 31305K [0x00000000c0000000, 0x0000000100000000)
  region size 1024K, 1 young (1024K), 0 survivors (0K)
 Metaspace       used 58982K, committed 59392K, reserved 1114112K
  class space    used 7309K, committed 7488K, reserved 1048576K
}
Event: 25646.099 GC heap after
{Heap after GC invocations=2344 (full 2330):
 garbage-first heap   total 86016K, used 31305K [0x00000000c0000000, 0x0000000100000000)
  region size 1024K, 0 young (0K), 0 survivors (0K)
 Metaspace       used 58982K, committed 59392K, reserved 1114112K
  class space    used 7309K, committed 7488K, reserved 1048576K
}
Event: 25656.323 GC heap before
{Heap before GC invocations=2344 (full 2330):
 garbage-first heap   total 86016K, used 31305K [0x00000000c0000000, 0x0000000100000000)
  region size 1024K, 1 young (1024K), 0 survivors (0K)
 Metaspace       used 58982K, committed 59392K, reserved 1114112K
  class space    used 7309K, committed 7488K, reserved 1048576K
}
Event: 25656.348 GC heap after
{Heap after GC invocations=2345 (full 2331):
 garbage-first heap   total 86016K, used 31305K [0x00000000c0000000, 0x0000000100000000)
  region size 1024K, 0 young (0K), 0 survivors (0K)
 Metaspace       used 58982K, committed 59392K, reserved 1114112K
  class space    used 7309K, committed 7488K, reserved 1048576K
}
Event: 25666.619 GC heap before
{Heap before GC invocations=2345 (full 2331):
 garbage-first heap   total 86016K, used 31305K [0x00000000c0000000, 0x0000000100000000)
  region size 1024K, 1 young (1024K), 0 survivors (0K)
 Metaspace       used 58982K, committed 59392K, reserved 1114112K
  class space    used 7309K, committed 7488K, reserved 1048576K
}
Event: 25666.646 GC heap after
{Heap after GC invocations=2346 (full 2332):
 garbage-first heap   total 86016K, used 31305K [0x00000000c0000000, 0x0000000100000000)
  region size 1024K, 0 young (0K), 0 survivors (0K)
 Metaspace       used 58982K, committed 59392K, reserved 1114112K
  class space    used 7309K, committed 7488K, reserved 1048576K
}

Dll operation events (9 events):
Event: 0.011 Loaded shared library c:\Users\User\.vscode\extensions\redhat.java-1.25.1-win32-x64\jre\17.0.9-win32-x86_64\bin\java.dll
Event: 0.226 Loaded shared library C:\Users\User\.vscode\extensions\redhat.java-1.25.1-win32-x64\jre\17.0.9-win32-x86_64\bin\net.dll
Event: 0.228 Loaded shared library C:\Users\User\.vscode\extensions\redhat.java-1.25.1-win32-x64\jre\17.0.9-win32-x86_64\bin\nio.dll
Event: 0.235 Loaded shared library C:\Users\User\.vscode\extensions\redhat.java-1.25.1-win32-x64\jre\17.0.9-win32-x86_64\bin\zip.dll
Event: 0.511 Loaded shared library C:\Users\User\.vscode\extensions\redhat.java-1.25.1-win32-x64\jre\17.0.9-win32-x86_64\bin\jimage.dll
Event: 2.598 Loaded shared library c:\Users\User\.vscode\extensions\redhat.java-1.25.1-win32-x64\jre\17.0.9-win32-x86_64\bin\verify.dll
Event: 2.997 Loaded shared library C:\Users\User\.vscode\extensions\redhat.java-1.25.1-win32-x64\jre\17.0.9-win32-x86_64\bin\management.dll
Event: 3.000 Loaded shared library C:\Users\User\.vscode\extensions\redhat.java-1.25.1-win32-x64\jre\17.0.9-win32-x86_64\bin\management_ext.dll
Event: 4.038 Loaded shared library C:\Users\User\.vscode\extensions\redhat.java-1.25.1-win32-x64\jre\17.0.9-win32-x86_64\bin\sunmscapi.dll

Deoptimization events (16 events):
Event: 1.694 Thread 0x00000202a2e227e0 DEOPT PACKING pc=0x00000202a60cc719 sp=0x0000001dffffd250
Event: 1.694 Thread 0x00000202a2e227e0 DEOPT UNPACKING pc=0x00000202a5b07143 sp=0x0000001dffffc730 mode 3
Event: 1.976 Thread 0x00000202a2e227e0 DEOPT PACKING pc=0x00000202a61432d5 sp=0x0000001dffffe890
Event: 1.976 Thread 0x00000202a2e227e0 DEOPT UNPACKING pc=0x00000202a5b07143 sp=0x0000001dffffdd38 mode 3
Event: 3.228 Thread 0x00000202b4645f00 DEOPT PACKING pc=0x00000202a635e935 sp=0x0000001d827fe250
Event: 3.228 Thread 0x00000202b4645f00 DEOPT UNPACKING pc=0x00000202a5b07143 sp=0x0000001d827fd768 mode 3
Event: 3.358 Thread 0x00000202b460e180 DEOPT PACKING pc=0x00000202a607c601 sp=0x0000001d826fdd50
Event: 3.358 Thread 0x00000202b460e180 DEOPT UNPACKING pc=0x00000202a5b07143 sp=0x0000001d826fd1e0 mode 3
Event: 3.385 Thread 0x00000202b4645f00 DEOPT PACKING pc=0x00000202a6060097 sp=0x0000001d827ff260
Event: 3.385 Thread 0x00000202b4645f00 DEOPT UNPACKING pc=0x00000202a5b07143 sp=0x0000001d827fe6b8 mode 3
Event: 4.108 Thread 0x00000202b45fb9b0 DEOPT PACKING pc=0x00000202a5d2a78c sp=0x0000001d82cfadd0
Event: 4.108 Thread 0x00000202b45fb9b0 DEOPT UNPACKING pc=0x00000202a5b07143 sp=0x0000001d82cfa298 mode 0
Event: 2654.022 Thread 0x00000202b460e180 DEOPT PACKING pc=0x00000202a614e1d4 sp=0x0000001d826ff250
Event: 2654.022 Thread 0x00000202b460e180 DEOPT UNPACKING pc=0x00000202a5b07143 sp=0x0000001d826fe6f8 mode 0
Event: 5920.247 Thread 0x00000202b45fa060 DEOPT PACKING pc=0x00000202a65686ee sp=0x0000001d82cfd690
Event: 5920.247 Thread 0x00000202b45fa060 DEOPT UNPACKING pc=0x00000202a5b07143 sp=0x0000001d82cfcb88 mode 3

Classes unloaded (20 events):
Event: 5981.923 Thread 0x00000202ae7461d0 Unloading class 0x0000000100226800 'java/lang/invoke/LambdaForm$MH+0x0000000100226800'
Event: 5981.923 Thread 0x00000202ae7461d0 Unloading class 0x0000000100318400 'java/lang/invoke/LambdaForm$MH+0x0000000100318400'
Event: 5981.923 Thread 0x00000202ae7461d0 Unloading class 0x000000010039cc00 'java/lang/invoke/LambdaForm$MH+0x000000010039cc00'
Event: 5981.923 Thread 0x00000202ae7461d0 Unloading class 0x000000010039d400 'java/lang/invoke/LambdaForm$MH+0x000000010039d400'
Event: 5981.923 Thread 0x00000202ae7461d0 Unloading class 0x00000001003a1c00 'java/lang/invoke/LambdaForm$MH+0x00000001003a1c00'
Event: 5981.923 Thread 0x00000202ae7461d0 Unloading class 0x00000001003a2c00 'java/lang/invoke/LambdaForm$MH+0x00000001003a2c00'
Event: 5981.923 Thread 0x00000202ae7461d0 Unloading class 0x00000001003a8400 'java/lang/invoke/LambdaForm$MH+0x00000001003a8400'
Event: 5981.923 Thread 0x00000202ae7461d0 Unloading class 0x00000001003a8800 'java/lang/invoke/LambdaForm$MH+0x00000001003a8800'
Event: 5981.923 Thread 0x00000202ae7461d0 Unloading class 0x0000000100746400 'java/lang/invoke/LambdaForm$MH+0x0000000100746400'
Event: 5981.923 Thread 0x00000202ae7461d0 Unloading class 0x0000000100748000 'java/lang/invoke/LambdaForm$MH+0x0000000100748000'
Event: 5981.923 Thread 0x00000202ae7461d0 Unloading class 0x000000010008e800 'java/lang/invoke/LambdaForm$MH+0x000000010008e800'
Event: 5981.923 Thread 0x00000202ae7461d0 Unloading class 0x000000010053d000 'java/lang/invoke/LambdaForm$MH+0x000000010053d000'
Event: 5981.923 Thread 0x00000202ae7461d0 Unloading class 0x000000010008bc00 'java/lang/invoke/LambdaForm$MH+0x000000010008bc00'
Event: 5981.923 Thread 0x00000202ae7461d0 Unloading class 0x0000000100704000 'java/lang/invoke/LambdaForm$MH+0x0000000100704000'
Event: 5981.923 Thread 0x00000202ae7461d0 Unloading class 0x000000010053d800 'java/lang/invoke/LambdaForm$MH+0x000000010053d800'
Event: 5981.923 Thread 0x00000202ae7461d0 Unloading class 0x000000010008d400 'java/lang/invoke/LambdaForm$MH+0x000000010008d400'
Event: 5981.923 Thread 0x00000202ae7461d0 Unloading class 0x0000000100605000 'java/lang/invoke/LambdaForm$MH+0x0000000100605000'
Event: 6054.178 Thread 0x00000202ae7461d0 Unloading class 0x000000010039d400 'java/lang/invoke/LambdaForm$MH+0x000000010039d400'
Event: 6054.178 Thread 0x00000202ae7461d0 Unloading class 0x000000010039cc00 'java/lang/invoke/LambdaForm$MH+0x000000010039cc00'
Event: 6054.178 Thread 0x00000202ae7461d0 Unloading class 0x0000000100318400 'java/lang/invoke/LambdaForm$MH+0x0000000100318400'

Classes redefined (0 events):
No events

Internal exceptions (20 events):
Event: 4.416 Thread 0x00000202b46594c0 Exception <a 'sun/nio/fs/WindowsException'{0x00000000c3f27e68}> (0x00000000c3f27e68) 
thrown [s\src\hotspot\share\prims\jni.cpp, line 516]
Event: 4.416 Thread 0x00000202b46594c0 Exception <a 'sun/nio/fs/WindowsException'{0x00000000c3f28a88}> (0x00000000c3f28a88) 
thrown [s\src\hotspot\share\prims\jni.cpp, line 516]
Event: 4.416 Thread 0x00000202b46594c0 Exception <a 'sun/nio/fs/WindowsException'{0x00000000c3f296f8}> (0x00000000c3f296f8) 
thrown [s\src\hotspot\share\prims\jni.cpp, line 516]
Event: 4.416 Thread 0x00000202b46594c0 Exception <a 'sun/nio/fs/WindowsException'{0x00000000c3f2a438}> (0x00000000c3f2a438) 
thrown [s\src\hotspot\share\prims\jni.cpp, line 516]
Event: 4.416 Thread 0x00000202b46594c0 Exception <a 'sun/nio/fs/WindowsException'{0x00000000c3f2b1e0}> (0x00000000c3f2b1e0) 
thrown [s\src\hotspot\share\prims\jni.cpp, line 516]
Event: 4.417 Thread 0x00000202b46594c0 Exception <a 'sun/nio/fs/WindowsException'{0x00000000c3f32560}> (0x00000000c3f32560) 
thrown [s\src\hotspot\share\prims\jni.cpp, line 516]
Event: 4.417 Thread 0x00000202b46594c0 Exception <a 'sun/nio/fs/WindowsException'{0x00000000c3f331d0}> (0x00000000c3f331d0) 
thrown [s\src\hotspot\share\prims\jni.cpp, line 516]
Event: 4.417 Thread 0x00000202b46594c0 Exception <a 'sun/nio/fs/WindowsException'{0x00000000c3f33df0}> (0x00000000c3f33df0) 
thrown [s\src\hotspot\share\prims\jni.cpp, line 516]
Event: 4.417 Thread 0x00000202b46594c0 Exception <a 'sun/nio/fs/WindowsException'{0x00000000c3f34a60}> (0x00000000c3f34a60) 
thrown [s\src\hotspot\share\prims\jni.cpp, line 516]
Event: 4.417 Thread 0x00000202b46594c0 Exception <a 'sun/nio/fs/WindowsException'{0x00000000c3f357a0}> (0x00000000c3f357a0) 
thrown [s\src\hotspot\share\prims\jni.cpp, line 516]
Event: 4.417 Thread 0x00000202b46594c0 Exception <a 'sun/nio/fs/WindowsException'{0x00000000c3f36548}> (0x00000000c3f36548) 
thrown [s\src\hotspot\share\prims\jni.cpp, line 516]
Event: 43.135 Thread 0x00000202b4475010 Exception <a 'java/lang/NoSuchMethodError'{0x00000000cd602c90}: 'void java.lang.invoke.DirectMethodHandle$Holder.invokeStatic(java.lang.Object, long)'> (0x00000000cd602c90) 
thrown [s\src\hotspot\share\interpreter\linkResolver.cpp, line 759]
Event: 43.136 Thread 0x00000202b4475010 Exception <a 'java/lang/NoSuchMethodError'{0x00000000cd608038}: 'java.lang.Object java.lang.invoke.DirectMethodHandle$Holder.newInvokeSpecial(java.lang.Object, long)'> (0x00000000cd608038) 
thrown [s\src\hotspot\share\interpreter\linkResolver.cpp, line 759]
Event: 305.035 Thread 0x00000202b45fbec0 Exception <a 'java/io/IOException'{0x00000000cf792348}> (0x00000000cf792348) 
thrown [s\src\hotspot\share\prims\jni.cpp, line 516]
Event: 305.226 Thread 0x00000202b45faa80 Exception <a 'java/io/IOException'{0x00000000cf780760}> (0x00000000cf780760) 
thrown [s\src\hotspot\share\prims\jni.cpp, line 516]
Event: 305.620 Thread 0x00000202b45fa570 Exception <a 'java/io/IOException'{0x00000000cf78b588}> (0x00000000cf78b588) 
thrown [s\src\hotspot\share\prims\jni.cpp, line 516]
Event: 5920.049 Thread 0x00000202b460e180 Exception <a 'java/lang/NoSuchMethodError'{0x00000000cf7f18a0}: 'java.lang.Object java.lang.invoke.DirectMethodHandle$Holder.invokeStatic(java.lang.Object, java.lang.Object, java.lang.Object, int, java.lang.Object, java.lang.Object)'> (0x00000000cf7f18a0) 
thrown [s\src\hotspot\share\interpreter\linkResolver.cpp, line 759]
Event: 5920.247 Thread 0x00000202b45fa060 Implicit null exception at 0x00000202a65684c4 to 0x00000202a65686e9
Event: 5920.573 Thread 0x00000202b45fbec0 Exception <a 'java/lang/NoSuchMethodError'{0x00000000c4024f10}: 'java.lang.Object java.lang.invoke.DirectMethodHandle$Holder.newInvokeSpecial(java.lang.Object, java.lang.Object, java.lang.Object, java.lang.Object, java.lang.Object, long)'> (0x00000000c4024f10) 
thrown [s\src\hotspot\share\interpreter\linkResolver.cpp, line 759]
Event: 5920.573 Thread 0x00000202b45fbec0 Exception <a 'java/lang/NoSuchMethodError'{0x00000000c4029580}: 'java.lang.Object java.lang.invoke.DirectMethodHandle$Holder.invokeSpecial(java.lang.Object, java.lang.Object, java.lang.Object, java.lang.Object, java.lang.Object, java.lang.Object, long)'> (0x00000000c4029580) 
thrown [s\src\hotspot\share\interpreter\linkResolver.cpp, line 759]

VM Operations (20 events):
Event: 25573.794 Executing VM operation: G1CollectFull done
Event: 25584.097 Executing VM operation: G1CollectFull
Event: 25584.132 Executing VM operation: G1CollectFull done
Event: 25594.435 Executing VM operation: G1CollectFull
Event: 25594.465 Executing VM operation: G1CollectFull done
Event: 25604.700 Executing VM operation: G1CollectFull
Event: 25604.740 Executing VM operation: G1CollectFull done
Event: 25615.272 Executing VM operation: G1CollectFull
Event: 25615.309 Executing VM operation: G1CollectFull done
Event: 25625.575 Executing VM operation: G1CollectFull
Event: 25625.603 Executing VM operation: G1CollectFull done
Event: 25635.851 Executing VM operation: G1CollectFull
Event: 25635.888 Executing VM operation: G1CollectFull done
Event: 25646.077 Executing VM operation: G1CollectFull
Event: 25646.099 Executing VM operation: G1CollectFull done
Event: 25656.323 Executing VM operation: G1CollectFull
Event: 25656.349 Executing VM operation: G1CollectFull done
Event: 25666.619 Executing VM operation: G1CollectFull
Event: 25666.646 Executing VM operation: G1CollectFull done
Event: 25676.668 Executing VM operation: G1CollectFull

Events (20 events):
Event: 6006.685 Thread 0x00000202b363a7d0 Thread added: 0x00000202b363a7d0
Event: 6011.563 Thread 0x00000202b5026560 Thread exited: 0x00000202b5026560
Event: 6016.565 Thread 0x00000202b5026040 Thread exited: 0x00000202b5026040
Event: 6045.998 Thread 0x00000202b45faf90 Thread exited: 0x00000202b45faf90
Event: 6066.695 Thread 0x00000202b363a7d0 Thread exited: 0x00000202b363a7d0
Event: 6070.750 Thread 0x00000202b45fa570 Thread exited: 0x00000202b45fa570
Event: 6070.844 Thread 0x00000202b45fa060 Thread exited: 0x00000202b45fa060
Event: 6071.576 Thread 0x00000202b45fd810 Thread exited: 0x00000202b45fd810
Event: 6107.571 Thread 0x00000202b363eeb0 Thread added: 0x00000202b363eeb0
Event: 6107.572 Thread 0x00000202b363f3c0 Thread added: 0x00000202b363f3c0
Event: 6167.592 Thread 0x00000202b363eeb0 Thread exited: 0x00000202b363eeb0
Event: 6167.592 Thread 0x00000202b363f3c0 Thread exited: 0x00000202b363f3c0
Event: 6188.037 Thread 0x00000202b363a7d0 Thread added: 0x00000202b363a7d0
Event: 6188.041 Thread 0x00000202b363eeb0 Thread added: 0x00000202b363eeb0
Event: 6248.051 Thread 0x00000202b363a7d0 Thread exited: 0x00000202b363a7d0
Event: 6248.051 Thread 0x00000202b363eeb0 Thread exited: 0x00000202b363eeb0
Event: 23533.165 Thread 0x00000202b363b700 Thread added: 0x00000202b363b700
Event: 23533.185 Thread 0x00000202b363fde0 Thread added: 0x00000202b363fde0
Event: 23593.259 Thread 0x00000202b363b700 Thread exited: 0x00000202b363b700
Event: 23593.259 Thread 0x00000202b363fde0 Thread exited: 0x00000202b363fde0


Dynamic libraries:
0x00007ff6cfeb0000 - 0x00007ff6cfebe000 	c:\Users\User\.vscode\extensions\redhat.java-1.25.1-win32-x64\jre\17.0.9-win32-x86_64\bin\java.exe
0x00007fffe61b0000 - 0x00007fffe63c7000 	C:\WINDOWS\SYSTEM32\ntdll.dll
0x00007fffe4800000 - 0x00007fffe48c4000 	C:\WINDOWS\System32\KERNEL32.DLL
0x00007fffe3520000 - 0x00007fffe38c6000 	C:\WINDOWS\System32\KERNELBASE.dll
0x00007fffe3de0000 - 0x00007fffe3ef1000 	C:\WINDOWS\System32\ucrtbase.dll
0x00007fffd3b40000 - 0x00007fffd3b57000 	c:\Users\User\.vscode\extensions\redhat.java-1.25.1-win32-x64\jre\17.0.9-win32-x86_64\bin\jli.dll
0x00007fffd3b20000 - 0x00007fffd3b3b000 	c:\Users\User\.vscode\extensions\redhat.java-1.25.1-win32-x64\jre\17.0.9-win32-x86_64\bin\VCRUNTIME140.dll
0x00007fffe4a90000 - 0x00007fffe4c3e000 	C:\WINDOWS\System32\USER32.dll
0x00007fffe3db0000 - 0x00007fffe3dd6000 	C:\WINDOWS\System32\win32u.dll
0x00007fffd0630000 - 0x00007fffd08c3000 	C:\WINDOWS\WinSxS\amd64_microsoft.windows.common-controls_6595b64144ccf1df_6.0.22621.2506_none_270c5ae97388e100\COMCTL32.dll
0x00007fffe6140000 - 0x00007fffe6169000 	C:\WINDOWS\System32\GDI32.dll
0x00007fffe55e0000 - 0x00007fffe5687000 	C:\WINDOWS\System32\msvcrt.dll
0x00007fffe3940000 - 0x00007fffe3a58000 	C:\WINDOWS\System32\gdi32full.dll
0x00007fffe3bd0000 - 0x00007fffe3c6a000 	C:\WINDOWS\System32\msvcp_win.dll
0x00007fffe47a0000 - 0x00007fffe47d1000 	C:\WINDOWS\System32\IMM32.DLL
0x00007fffd4f30000 - 0x00007fffd4f3c000 	c:\Users\User\.vscode\extensions\redhat.java-1.25.1-win32-x64\jre\17.0.9-win32-x86_64\bin\vcruntime140_1.dll
0x00007fffbcc50000 - 0x00007fffbccdd000 	c:\Users\User\.vscode\extensions\redhat.java-1.25.1-win32-x64\jre\17.0.9-win32-x86_64\bin\msvcp140.dll
0x00007fff95c60000 - 0x00007fff968c1000 	c:\Users\User\.vscode\extensions\redhat.java-1.25.1-win32-x64\jre\17.0.9-win32-x86_64\bin\server\jvm.dll
0x00007fffe4060000 - 0x00007fffe4111000 	C:\WINDOWS\System32\ADVAPI32.dll
0x00007fffe4cd0000 - 0x00007fffe4d75000 	C:\WINDOWS\System32\sechost.dll
0x00007fffe4970000 - 0x00007fffe4a87000 	C:\WINDOWS\System32\RPCRT4.dll
0x00007fffdab00000 - 0x00007fffdab34000 	C:\WINDOWS\SYSTEM32\WINMM.dll
0x00007fffd4a20000 - 0x00007fffd4a29000 	C:\WINDOWS\SYSTEM32\WSOCK32.dll
0x00007fffe33f0000 - 0x00007fffe343d000 	C:\WINDOWS\SYSTEM32\POWRPROF.dll
0x00007fffd9b70000 - 0x00007fffd9b7a000 	C:\WINDOWS\SYSTEM32\VERSION.dll
0x00007fffe4c40000 - 0x00007fffe4cb1000 	C:\WINDOWS\System32\WS2_32.dll
0x00007fffe33d0000 - 0x00007fffe33e3000 	C:\WINDOWS\SYSTEM32\UMPDC.dll
0x00007fffe2520000 - 0x00007fffe2538000 	C:\WINDOWS\SYSTEM32\kernel.appcore.dll
0x00007fffd3a80000 - 0x00007fffd3a8a000 	c:\Users\User\.vscode\extensions\redhat.java-1.25.1-win32-x64\jre\17.0.9-win32-x86_64\bin\jimage.dll
0x00007fffe0a10000 - 0x00007fffe0c43000 	C:\WINDOWS\SYSTEM32\DBGHELP.DLL
0x00007fffe5db0000 - 0x00007fffe6139000 	C:\WINDOWS\System32\combase.dll
0x00007fffe43f0000 - 0x00007fffe44c7000 	C:\WINDOWS\System32\OLEAUT32.dll
0x00007fffd71d0000 - 0x00007fffd7202000 	C:\WINDOWS\SYSTEM32\dbgcore.DLL
0x00007fffe3c70000 - 0x00007fffe3cea000 	C:\WINDOWS\System32\bcryptPrimitives.dll
0x00007fffd3a40000 - 0x00007fffd3a65000 	c:\Users\User\.vscode\extensions\redhat.java-1.25.1-win32-x64\jre\17.0.9-win32-x86_64\bin\java.dll
0x00007fffd3a20000 - 0x00007fffd3a38000 	c:\Users\User\.vscode\extensions\redhat.java-1.25.1-win32-x64\jre\17.0.9-win32-x86_64\bin\zip.dll
0x00007fffe4d80000 - 0x00007fffe55da000 	C:\WINDOWS\System32\SHELL32.dll
0x00007fffe1440000 - 0x00007fffe1d36000 	C:\WINDOWS\SYSTEM32\windows.storage.dll
0x00007fffe1300000 - 0x00007fffe143e000 	C:\WINDOWS\SYSTEM32\wintypes.dll
0x00007fffe44d0000 - 0x00007fffe45c3000 	C:\WINDOWS\System32\SHCORE.dll
0x00007fffe3f00000 - 0x00007fffe3f5e000 	C:\WINDOWS\System32\shlwapi.dll
0x00007fffe3450000 - 0x00007fffe3476000 	C:\WINDOWS\SYSTEM32\profapi.dll
0x00007fffd1920000 - 0x00007fffd1939000 	C:\Users\User\.vscode\extensions\redhat.java-1.25.1-win32-x64\jre\17.0.9-win32-x86_64\bin\net.dll
0x00007fffdd140000 - 0x00007fffdd277000 	C:\WINDOWS\SYSTEM32\WINHTTP.dll
0x00007fffe29a0000 - 0x00007fffe2a09000 	C:\WINDOWS\system32\mswsock.dll
0x00007fffd0c20000 - 0x00007fffd0c36000 	C:\Users\User\.vscode\extensions\redhat.java-1.25.1-win32-x64\jre\17.0.9-win32-x86_64\bin\nio.dll
0x00007fffe2bf0000 - 0x00007fffe2c0b000 	C:\WINDOWS\SYSTEM32\CRYPTSP.dll
0x00007fffe2480000 - 0x00007fffe24b5000 	C:\WINDOWS\system32\rsaenh.dll
0x00007fffe2a90000 - 0x00007fffe2abc000 	C:\WINDOWS\SYSTEM32\USERENV.dll
0x00007fffe2de0000 - 0x00007fffe2e08000 	C:\WINDOWS\SYSTEM32\bcrypt.dll
0x00007fffe2c10000 - 0x00007fffe2c1c000 	C:\WINDOWS\SYSTEM32\CRYPTBASE.dll
0x00007fffe1fa0000 - 0x00007fffe1fcd000 	C:\WINDOWS\SYSTEM32\IPHLPAPI.DLL
0x00007fffe4cc0000 - 0x00007fffe4cc9000 	C:\WINDOWS\System32\NSI.dll
0x00007fffdaae0000 - 0x00007fffdaaf9000 	C:\WINDOWS\SYSTEM32\dhcpcsvc6.DLL
0x00007fffda3d0000 - 0x00007fffda3ef000 	C:\WINDOWS\SYSTEM32\dhcpcsvc.DLL
0x00007fffe2010000 - 0x00007fffe2109000 	C:\WINDOWS\SYSTEM32\DNSAPI.dll
0x00007fffd1640000 - 0x00007fffd1650000 	c:\Users\User\.vscode\extensions\redhat.java-1.25.1-win32-x64\jre\17.0.9-win32-x86_64\bin\verify.dll
0x00007fffd67c0000 - 0x00007fffd67c9000 	C:\Users\User\.vscode\extensions\redhat.java-1.25.1-win32-x64\jre\17.0.9-win32-x86_64\bin\management.dll
0x00007fffd67b0000 - 0x00007fffd67bb000 	C:\Users\User\.vscode\extensions\redhat.java-1.25.1-win32-x64\jre\17.0.9-win32-x86_64\bin\management_ext.dll
0x00007fffe45d0000 - 0x00007fffe45d8000 	C:\WINDOWS\System32\PSAPI.DLL
0x00007fffd6800000 - 0x00007fffd680e000 	C:\Users\User\.vscode\extensions\redhat.java-1.25.1-win32-x64\jre\17.0.9-win32-x86_64\bin\sunmscapi.dll
0x00007fffe3a60000 - 0x00007fffe3bc6000 	C:\WINDOWS\System32\CRYPT32.dll
0x00007fffe2db0000 - 0x00007fffe2ddd000 	C:\WINDOWS\SYSTEM32\ncrypt.dll
0x00007fffe2d70000 - 0x00007fffe2da7000 	C:\WINDOWS\SYSTEM32\NTASN1.dll
0x00007fffc70a0000 - 0x00007fffc70eb000 	C:\Program Files (x86)\Sangfor\SSL\ClientComponent3\SangforNspX64.dll
0x00007fffe4190000 - 0x00007fffe4330000 	C:\WINDOWS\System32\ole32.dll
0x0000000074d00000 - 0x0000000074d26000 	C:\Program Files\Bonjour\mdnsNSP.dll
0x00007fffda3c0000 - 0x00007fffda3ca000 	C:\Windows\System32\rasadhlp.dll
0x00007fffd9fa0000 - 0x00007fffda023000 	C:\WINDOWS\System32\fwpuclnt.dll

dbghelp: loaded successfully - version: 4.0.5 - missing functions: none
symbol engine: initialized successfully - sym options: 0x614 - pdb path: .;c:\Users\User\.vscode\extensions\redhat.java-1.25.1-win32-x64\jre\17.0.9-win32-x86_64\bin;C:\WINDOWS\SYSTEM32;C:\WINDOWS\WinSxS\amd64_microsoft.windows.common-controls_6595b64144ccf1df_6.0.22621.2506_none_270c5ae97388e100;c:\Users\User\.vscode\extensions\redhat.java-1.25.1-win32-x64\jre\17.0.9-win32-x86_64\bin\server;C:\Program Files (x86)\Sangfor\SSL\ClientComponent3;C:\Program Files\Bonjour

VM Arguments:
jvm_args: -XX:+HeapDumpOnOutOfMemoryError -Xmx1024m -Dsts.lsp.client=vscode -Dsts.log.file=/dev/null -XX:TieredStopAtLevel=1 -Xlog:jni+resolve=off -Dspring.config.location=file:c:\Users\User\.vscode\extensions\vmware.vscode-spring-boot-1.51.0\language-server\BOOT-INF\classes\application.properties 
java_command: org.springframework.ide.vscode.boot.app.BootLanguageServerBootApp
java_class_path (initial): c:\Users\User\.vscode\extensions\vmware.vscode-spring-boot-1.51.0\language-server\BOOT-INF\classes;c:\Users\User\.vscode\extensions\vmware.vscode-spring-boot-1.51.0\language-server\BOOT-INF\lib\annotations-24.1.0.jar;c:\Users\User\.vscode\extensions\vmware.vscode-spring-boot-1.51.0\language-server\BOOT-INF\lib\antlr-runtime-3.5.3.jar;c:\Users\User\.vscode\extensions\vmware.vscode-spring-boot-1.51.0\language-server\BOOT-INF\lib\antlr4-4.11.1.jar;c:\Users\User\.vscode\extensions\vmware.vscode-spring-boot-1.51.0\language-server\BOOT-INF\lib\antlr4-runtime-4.11.1.jar;c:\Users\User\.vscode\extensions\vmware.vscode-spring-boot-1.51.0\language-server\BOOT-INF\lib\asm-9.6.jar;c:\Users\User\.vscode\extensions\vmware.vscode-spring-boot-1.51.0\language-server\BOOT-INF\lib\asm-analysis-9.6.jar;c:\Users\User\.vscode\extensions\vmware.vscode-spring-boot-1.51.0\language-server\BOOT-INF\lib\asm-tree-9.6.jar;c:\Users\User\.vscode\extensions\vmware.vscode-spring-boot-1.51.0\language-server\BOOT-INF\lib\asm-util-9.6.jar;c:\Users\User\.vscode\extensions\vmware.vscode-spring-boot-1.51.0\language-server\BOOT-INF\lib\bosh-language-server-1.51.0-SNAPSHOT.jar;c:\Users\User\.vscode\extensions\vmware.vscode-spring-boot-1.51.0\language-server\BOOT-INF\lib\caffeine-3.1.8.jar;c:\Users\User\.vscode\extensions\vmware.vscode-spring-boot-1.51.0\language-server\BOOT-INF\lib\checker-qual-3.12.0.jar;c:\Users\User\.vscode\extensions\vmware.vscode-spring-boot-1.51.0\language-server\BOOT-INF\lib\classgraph-4.8.149.jar;c:\Users\User\.vscode\extensions\vmware.vscode-spring-boot-1.51.0\language-server\BOOT-INF\lib\commons-codec-1.15.jar;c:\Users\User\.vscode\extensions\vmware.vscode-spring-boot-1.51.0\language-server\BOOT-INF\lib\commons-compress-1.25.0.jar;c:\Users\User\.vscode\extensions\vmware.vscode-spring-boot-1.51.0\language-server\BOOT-INF\lib\commons-io-2.4.jar;c:\Users\User\.vscode\extensions\vmware.vscode-spring-boot-1.51.0\language-server\BOOT-INF\lib\commons-java-1.51
Launcher Type: SUN_STANDARD

[Global flags]
     intx CICompilerCount                          = 12                                        {product} {ergonomic}
     uint ConcGCThreads                            = 3                                         {product} {ergonomic}
     uint G1ConcRefinementThreads                  = 13                                        {product} {ergonomic}
   size_t G1HeapRegionSize                         = 1048576                                   {product} {ergonomic}
    uintx GCDrainStackTargetSize                   = 64                                        {product} {ergonomic}
     bool HeapDumpOnOutOfMemoryError               = true                                   {manageable} {command line}
   size_t InitialHeapSize                          = 260046848                                 {product} {ergonomic}
   size_t MarkStackSize                            = 4194304                                   {product} {ergonomic}
   size_t MaxHeapSize                              = 1073741824                                {product} {command line}
   size_t MaxNewSize                               = 643825664                                 {product} {ergonomic}
   size_t MinHeapDeltaBytes                        = 1048576                                   {product} {ergonomic}
   size_t MinHeapSize                              = 8388608                                   {product} {ergonomic}
    uintx NonProfiledCodeHeapSize                  = 0                                      {pd product} {ergonomic}
     bool ProfileInterpreter                       = false                                  {pd product} {command line}
    uintx ProfiledCodeHeapSize                     = 0                                      {pd product} {ergonomic}
   size_t SoftMaxHeapSize                          = 1073741824                             {manageable} {ergonomic}
     intx TieredStopAtLevel                        = 1                                         {product} {command line}
     bool UseCompressedClassPointers               = true                           {product lp64_product} {ergonomic}
     bool UseCompressedOops                        = true                           {product lp64_product} {ergonomic}
     bool UseG1GC                                  = true                                      {product} {ergonomic}
     bool UseLargePagesIndividualAllocation        = false                                  {pd product} {ergonomic}

Logging:
Log output configuration:
 #0: stdout all=warning,jni+resolve=off uptime,level,tags
 #1: stderr all=off uptime,level,tags

Environment Variables:
JAVA_HOME=C:\Program Files\Java\jdk-21
PATH=C:\Program Files\platform-tools;C:\src\flutter\bin;C:\Program Files\NVIDIA Corporation\NVIDIA NvDLISR;C:\Program Files\Maven\apache-maven-3.5.4\bin;C:\Program Files\Microsoft VS Code\bin;C:\Program Files\Java\jdk-21\bin;C:\Program Files\dotnet\;C:\Program Files\Java\jdk-21\bin;C:\Program Files\Git\cmd;C:\Windows\System32;C:\Windows\System32\WindowsPowerShell\v1.0;C:\src\flutter\bin;C:\Users\User\Music\software course year 3 sem 1\SECJ3303-03 INTERNET PROGRAMMING\Software installation\apache-maven-3.5.4;C:\Program Files\Java\jdk1.8.0_181\bin;C:\Program Files\Maven\apache-maven-3.9.6\bin;
USERNAME=User
OS=Windows_NT
PROCESSOR_IDENTIFIER=AMD64 Family 25 Model 80 Stepping 0, AuthenticAMD
TMP=C:\Users\User\AppData\Local\Temp
TEMP=C:\Users\User\AppData\Local\Temp



Periodic native trim disabled


---------------  S Y S T E M  ---------------

OS:
 Windows 11 , 64 bit Build 22621 (10.0.22621.2506)
OS uptime: 0 days 7:23 hours

CPU: total 16 (initial active 16) (16 cores per cpu, 2 threads per core) family 25 model 80 stepping 0 microcode 0x0, cx8, cmov, fxsr, ht, mmx, 3dnowpref, sse, sse2, sse3, ssse3, sse4a, sse4.1, sse4.2, popcnt, lzcnt, tsc, tscinvbit, avx, avx2, aes, erms, clmul, bmi1, bmi2, adx, sha, fma, vzeroupper, clflush, clflushopt
Processor Information for all 16 processors :
  Max Mhz: 3301, Current Mhz: 3301, Mhz Limit: 3301

Memory: 4k page, system-wide physical 15791M (5423M free)
TotalPageFile size 64943M (AvailPageFile size 6M)
current process WorkingSet (physical memory assigned to process): 83M, peak: 215M
current process commit charge ("private bytes"): 263M, peak: 371M

vm_info: OpenJDK 64-Bit Server VM (17.0.9+9) for windows-amd64 JRE (17.0.9+9), built on Oct 26 2023 14:01:42 by "admin" with MS VC++ 16.10 / 16.11 (VS2019)

END.
