#
# There is insufficient memory for the Java Runtime Environment to continue.
# Native memory allocation (mmap) failed to map 98566144 bytes for G1 virtual space
# Possible reasons:
#   The system is out of physical RAM or swap space
#   The process is running with CompressedOops enabled, and the Java Heap may be blocking the growth of the native heap
# Possible solutions:
#   Reduce memory load on the system
#   Increase physical memory or swap space
#   Check if swap backing store is full
#   Decrease Java heap size (-Xmx/-Xms)
#   Decrease number of Java threads
#   Decrease Java thread stack sizes (-Xss)
#   Set larger code cache with -XX:ReservedCodeCacheSize=
#   JVM is running with Zero Based Compressed Oops mode in which the Java heap is
#     placed in the first 32GB address space. The Java Heap base address is the
#     maximum limit for the native heap growth. Please use -XX:HeapBaseMinAddress
#     to set the Java Heap base and to place the Java Heap above 32GB virtual address.
# This output file may be truncated or incomplete.
#
#  Out of Memory Error (os_windows.cpp:3600), pid=6964, tid=7628
#
# JRE version: Java(TM) SE Runtime Environment (21.0.1+12) (build 21.0.1+12-LTS-29)
# Java VM: Java HotSpot(TM) 64-Bit Server VM (21.0.1+12-LTS-29, mixed mode, sharing, tiered, compressed oops, compressed class ptrs, g1 gc, windows-amd64)
# No core dump will be written. Minidumps are not enabled by default on client versions of Windows
#

---------------  S U M M A R Y ------------

Command Line: -XX:+ShowCodeDetailsInExceptionMessages com.utm.ip.zebb.ZebbApplication

Host: AMD Ryzen 9 5900HX with Radeon Graphics        , 16 cores, 15G,  Windows 11 , 64 bit Build 22621 (10.0.22621.2506)
Time: Fri Dec 22 22:22:53 2023 Malay Peninsula Standard Time elapsed time: 1080.739927 seconds (0d 0h 18m 0s)

---------------  T H R E A D  ---------------

Current thread (0x000001c57f038fd0):  VMThread "VM Thread"          [id=7628, stack(0x000000bd10d00000,0x000000bd10e00000) (1024K)]

Stack: [0x000000bd10d00000,0x000000bd10e00000]
Native frames: (J=compiled Java code, j=interpreted, Vv=VM code, C=native code)
V  [jvm.dll+0x6c9029]
V  [jvm.dll+0x854b81]
V  [jvm.dll+0x856e5e]
V  [jvm.dll+0x857543]
V  [jvm.dll+0x280c06]
V  [jvm.dll+0x6c5715]
V  [jvm.dll+0x6ba10a]
V  [jvm.dll+0x3557ea]
V  [jvm.dll+0x35d436]
V  [jvm.dll+0x3ae1be]
V  [jvm.dll+0x3ae468]
V  [jvm.dll+0x3291fc]
V  [jvm.dll+0x329287]
V  [jvm.dll+0x36db3c]
V  [jvm.dll+0x36c33d]
V  [jvm.dll+0x328971]
V  [jvm.dll+0x36ba4a]
V  [jvm.dll+0x85d048]
V  [jvm.dll+0x85e144]
V  [jvm.dll+0x85e680]
V  [jvm.dll+0x85e923]
V  [jvm.dll+0x7fd728]
V  [jvm.dll+0x6c777d]
C  [ucrtbase.dll+0x29363]
C  [KERNEL32.DLL+0x1257d]
C  [ntdll.dll+0x5aa58]

VM_Operation (0x000000bd12ffdbf0): G1CollectForAllocation, mode: safepoint, requested by thread 0x000001c562f2ded0


---------------  P R O C E S S  ---------------

Threads class SMR info:
_java_thread_list=0x000001c5612df240, length=28, elements={
0x000001c57f05c030, 0x000001c57f05cbf0, 0x000001c57f05fdc0, 0x000001c57f060950,
0x000001c57f0613b0, 0x000001c57f062210, 0x000001c57f071a80, 0x000001c57f075520,
0x000001c51b3e1a00, 0x000001c51b3e2090, 0x000001c562f30cc0, 0x000001c562f32700,
0x000001c562f33420, 0x000001c562f2ffa0, 0x000001c562f34140, 0x000001c562f2ded0,
0x000001c562f31350, 0x000001c562f32070, 0x000001c562f354f0, 0x000001c562f2e560,
0x000001c562f2ebf0, 0x000001c562f2f280, 0x000001c562f30630, 0x000001c562f319e0,
0x000001c51b3e47f0, 0x000001c51b3e1370, 0x000001c51b3e3440, 0x000001c51b3e3ad0
}

Java Threads: ( => current thread )
  0x000001c57f05c030 JavaThread "Reference Handler"          daemon [_thread_blocked, id=28824, stack(0x000000bd10e00000,0x000000bd10f00000) (1024K)]
  0x000001c57f05cbf0 JavaThread "Finalizer"                  daemon [_thread_blocked, id=33444, stack(0x000000bd10f00000,0x000000bd11000000) (1024K)]
  0x000001c57f05fdc0 JavaThread "Signal Dispatcher"          daemon [_thread_blocked, id=26248, stack(0x000000bd11000000,0x000000bd11100000) (1024K)]
  0x000001c57f060950 JavaThread "Attach Listener"            daemon [_thread_blocked, id=7324, stack(0x000000bd11100000,0x000000bd11200000) (1024K)]
  0x000001c57f0613b0 JavaThread "Service Thread"             daemon [_thread_blocked, id=32800, stack(0x000000bd11200000,0x000000bd11300000) (1024K)]
  0x000001c57f062210 JavaThread "Monitor Deflation Thread"   daemon [_thread_blocked, id=27364, stack(0x000000bd11300000,0x000000bd11400000) (1024K)]
  0x000001c57f071a80 JavaThread "C2 CompilerThread0"         daemon [_thread_blocked, id=34220, stack(0x000000bd11400000,0x000000bd11500000) (1024K)]
  0x000001c57f075520 JavaThread "C1 CompilerThread0"         daemon [_thread_blocked, id=7980, stack(0x000000bd11500000,0x000000bd11600000) (1024K)]
  0x000001c51b3e1a00 JavaThread "Notification Thread"        daemon [_thread_blocked, id=29448, stack(0x000000bd11700000,0x000000bd11800000) (1024K)]
  0x000001c51b3e2090 JavaThread "Common-Cleaner"             daemon [_thread_blocked, id=32016, stack(0x000000bd11800000,0x000000bd11900000) (1024K)]
  0x000001c562f30cc0 JavaThread "Live Reload Server"         daemon [_thread_in_native, id=27492, stack(0x000000bd13300000,0x000000bd13400000) (1024K)]
  0x000001c562f32700 JavaThread "DestroyJavaVM"                     [_thread_blocked, id=29116, stack(0x000000bd10600000,0x000000bd10700000) (1024K)]
  0x000001c562f33420 JavaThread "Catalina-utility-1"                [_thread_blocked, id=30316, stack(0x000000bd11d00000,0x000000bd11e00000) (1024K)]
  0x000001c562f2ffa0 JavaThread "Catalina-utility-2"                [_thread_blocked, id=1880, stack(0x000000bd11e00000,0x000000bd11f00000) (1024K)]
  0x000001c562f34140 JavaThread "container-0"                       [_thread_blocked, id=28728, stack(0x000000bd12400000,0x000000bd12500000) (1024K)]
  0x000001c562f2ded0 JavaThread "File Watcher"               daemon [_thread_blocked, id=25012, stack(0x000000bd12f00000,0x000000bd13000000) (1024K)]
  0x000001c562f31350 JavaThread "http-nio-8080-exec-1"       daemon [_thread_blocked, id=7484, stack(0x000000bd13000000,0x000000bd13100000) (1024K)]
  0x000001c562f32070 JavaThread "http-nio-8080-exec-2"       daemon [_thread_blocked, id=20484, stack(0x000000bd13100000,0x000000bd13200000) (1024K)]
  0x000001c562f354f0 JavaThread "http-nio-8080-exec-3"       daemon [_thread_blocked, id=22192, stack(0x000000bd13200000,0x000000bd13300000) (1024K)]
  0x000001c562f2e560 JavaThread "http-nio-8080-exec-4"       daemon [_thread_blocked, id=20500, stack(0x000000bd13400000,0x000000bd13500000) (1024K)]
  0x000001c562f2ebf0 JavaThread "http-nio-8080-exec-5"       daemon [_thread_blocked, id=16300, stack(0x000000bd13500000,0x000000bd13600000) (1024K)]
  0x000001c562f2f280 JavaThread "http-nio-8080-exec-6"       daemon [_thread_blocked, id=20728, stack(0x000000bd13600000,0x000000bd13700000) (1024K)]
  0x000001c562f30630 JavaThread "http-nio-8080-exec-7"       daemon [_thread_blocked, id=20092, stack(0x000000bd13700000,0x000000bd13800000) (1024K)]
  0x000001c562f319e0 JavaThread "http-nio-8080-exec-8"       daemon [_thread_blocked, id=19880, stack(0x000000bd13800000,0x000000bd13900000) (1024K)]
  0x000001c51b3e47f0 JavaThread "http-nio-8080-exec-9"       daemon [_thread_blocked, id=19860, stack(0x000000bd13900000,0x000000bd13a00000) (1024K)]
  0x000001c51b3e1370 JavaThread "http-nio-8080-exec-10"      daemon [_thread_blocked, id=3308, stack(0x000000bd13a00000,0x000000bd13b00000) (1024K)]
  0x000001c51b3e3440 JavaThread "http-nio-8080-Poller"       daemon [_thread_in_native, id=11280, stack(0x000000bd13b00000,0x000000bd13c00000) (1024K)]
  0x000001c51b3e3ad0 JavaThread "http-nio-8080-Acceptor"     daemon [_thread_in_native, id=24380, stack(0x000000bd13c00000,0x000000bd13d00000) (1024K)]
Total: 28

Other Threads:
=>0x000001c57f038fd0 VMThread "VM Thread"                           [id=7628, stack(0x000000bd10d00000,0x000000bd10e00000) (1024K)]
  0x000001c57f022000 WatcherThread "VM Periodic Task Thread"        [id=11288, stack(0x000000bd10c00000,0x000000bd10d00000) (1024K)]
  0x000001c57b401460 WorkerThread "GC Thread#0"                     [id=33732, stack(0x000000bd10700000,0x000000bd10800000) (1024K)]
  0x000001c57f039710 WorkerThread "GC Thread#1"                     [id=34060, stack(0x000000bd11f00000,0x000000bd12000000) (1024K)]
  0x000001c57f03a1f0 WorkerThread "GC Thread#2"                     [id=25804, stack(0x000000bd12000000,0x000000bd12100000) (1024K)]
  0x000001c57f03a590 WorkerThread "GC Thread#3"                     [id=32812, stack(0x000000bd12100000,0x000000bd12200000) (1024K)]
  0x000001c57f039ab0 WorkerThread "GC Thread#4"                     [id=14544, stack(0x000000bd12200000,0x000000bd12300000) (1024K)]
  0x000001c57f039e50 WorkerThread "GC Thread#5"                     [id=33840, stack(0x000000bd12300000,0x000000bd12400000) (1024K)]
  0x000001c57f039370 WorkerThread "GC Thread#6"                     [id=2764, stack(0x000000bd12500000,0x000000bd12600000) (1024K)]
  0x000001c5615071b0 WorkerThread "GC Thread#7"                     [id=23860, stack(0x000000bd12600000,0x000000bd12700000) (1024K)]
  0x000001c561508770 WorkerThread "GC Thread#8"                     [id=21388, stack(0x000000bd12700000,0x000000bd12800000) (1024K)]
  0x000001c5615078f0 WorkerThread "GC Thread#9"                     [id=1752, stack(0x000000bd12800000,0x000000bd12900000) (1024K)]
  0x000001c561508eb0 WorkerThread "GC Thread#10"                    [id=27072, stack(0x000000bd12900000,0x000000bd12a00000) (1024K)]
  0x000001c561507c90 WorkerThread "GC Thread#11"                    [id=13700, stack(0x000000bd12a00000,0x000000bd12b00000) (1024K)]
  0x000001c561508030 WorkerThread "GC Thread#12"                    [id=28028, stack(0x000000bd12b00000,0x000000bd12c00000) (1024K)]
  0x000001c57b4124c0 ConcurrentGCThread "G1 Main Marker"            [id=29984, stack(0x000000bd10800000,0x000000bd10900000) (1024K)]
  0x000001c57b413fe0 WorkerThread "G1 Conc#0"                       [id=30000, stack(0x000000bd10900000,0x000000bd10a00000) (1024K)]
  0x000001c561509990 WorkerThread "G1 Conc#1"                       [id=32464, stack(0x000000bd12c00000,0x000000bd12d00000) (1024K)]
  0x000001c561506330 WorkerThread "G1 Conc#2"                       [id=29656, stack(0x000000bd12d00000,0x000000bd12e00000) (1024K)]
  0x000001c57eef63e0 ConcurrentGCThread "G1 Refine#0"               [id=26260, stack(0x000000bd10a00000,0x000000bd10b00000) (1024K)]
  0x000001c57eef9330 ConcurrentGCThread "G1 Service"                [id=9952, stack(0x000000bd10b00000,0x000000bd10c00000) (1024K)]
Total: 21

Threads with active compile tasks:
Total: 0

VM state: at safepoint (normal execution)

VM Mutex/Monitor currently owned by a thread:  ([mutex/lock_event])
[0x00007ffaa272a5f8] Threads_lock - owner thread: 0x000001c57f038fd0
[0x00007ffaa272a6f8] Heap_lock - owner thread: 0x000001c562f2ded0

Heap address: 0x0000000709400000, size: 3948 MB, Compressed Oops mode: Zero based, Oop shift amount: 3

CDS archive(s) mapped at: [0x000001c51c000000-0x000001c51cc90000-0x000001c51cc90000), size 13172736, SharedBaseAddress: 0x000001c51c000000, ArchiveRelocationMode: 1.
Compressed class space mapped at: 0x000001c51d000000-0x000001c55d000000, reserved size: 1073741824
Narrow klass base: 0x000001c51c000000, Narrow klass shift: 0, Narrow klass range: 0x100000000

GC Precious Log:
 CardTable entry size: 512
 Card Set container configuration: InlinePtr #cards 4 size 8 Array Of Cards #cards 16 size 48 Howl #buckets 8 coarsen threshold 3686 Howl Bitmap #cards 512 size 80 coarsen threshold 460 Card regions per heap region 1 cards per card region 4096
 CPUs: 16 total, 16 available
 Memory: 15791M
 Large Page Support: Disabled
 NUMA Support: Disabled
 Compressed Oops: Enabled (Zero based)
 Heap Region Size: 2M
 Heap Min Capacity: 8M
 Heap Initial Capacity: 248M
 Heap Max Capacity: 3948M
 Pre-touch: Disabled
 Parallel Workers: 13
 Concurrent Workers: 3
 Concurrent Refinement Workers: 13
 Periodic GC: Disabled

Heap:
 garbage-first heap   total 61440K, used 18373K [0x0000000709400000, 0x0000000800000000)
  region size 2048K, 2 young (4096K), 2 survivors (4096K)
 Metaspace       used 44007K, committed 44672K, reserved 1114112K
  class space    used 4934K, committed 5248K, reserved 1048576K

Heap Regions: E=young(eden), S=young(survivor), O=old, HS=humongous(starts), HC=humongous(continues), CS=collection set, F=free, TAMS=top-at-mark-start, PB=parsable bottom
|   0|0x0000000709400000, 0x0000000709600000, 0x0000000709600000|100%| O|  |TAMS 0x0000000709400000| PB 0x0000000709400000| Untracked 
|   1|0x0000000709600000, 0x00000007097ffff8, 0x0000000709800000| 99%| O|  |TAMS 0x0000000709600000| PB 0x0000000709600000| Untracked 
|   2|0x0000000709800000, 0x00000007099ffff8, 0x0000000709a00000| 99%| O|  |TAMS 0x0000000709800000| PB 0x0000000709800000| Untracked 
|   3|0x0000000709a00000, 0x0000000709c00000, 0x0000000709c00000|100%| O|  |TAMS 0x0000000709a00000| PB 0x0000000709a00000| Untracked 
|   4|0x0000000709c00000, 0x0000000709dffff0, 0x0000000709e00000| 99%| O|  |TAMS 0x0000000709c00000| PB 0x0000000709c00000| Untracked 
|   5|0x0000000709e00000, 0x0000000709fffff8, 0x000000070a000000| 99%| O|  |TAMS 0x0000000709e00000| PB 0x0000000709e00000| Untracked 
|   6|0x000000070a000000, 0x000000070a1ffff8, 0x000000070a200000| 99%| O|  |TAMS 0x000000070a000000| PB 0x000000070a000000| Untracked 
|   7|0x000000070a200000, 0x000000070a360d00, 0x000000070a400000| 68%| O|  |TAMS 0x000000070a200000| PB 0x000000070a200000| Untracked 
|   8|0x000000070a400000, 0x000000070a435900, 0x000000070a600000| 10%| O|  |TAMS 0x000000070a400000| PB 0x000000070a400000| Untracked 
|   9|0x000000070a600000, 0x000000070a600000, 0x000000070a800000|  0%| F|  |TAMS 0x000000070a600000| PB 0x000000070a600000| Untracked 
|  10|0x000000070a800000, 0x000000070a800000, 0x000000070aa00000|  0%| F|  |TAMS 0x000000070a800000| PB 0x000000070a800000| Untracked 
|  11|0x000000070aa00000, 0x000000070aa00000, 0x000000070ac00000|  0%| F|  |TAMS 0x000000070aa00000| PB 0x000000070aa00000| Untracked 
|  12|0x000000070ac00000, 0x000000070ac5b060, 0x000000070ae00000| 17%| S|CS|TAMS 0x000000070ac00000| PB 0x000000070ac00000| Complete 
|  13|0x000000070ae00000, 0x000000070b000000, 0x000000070b000000|100%| S|CS|TAMS 0x000000070ae00000| PB 0x000000070ae00000| Complete 
|  14|0x000000070b000000, 0x000000070b000000, 0x000000070b200000|  0%| F|  |TAMS 0x000000070b000000| PB 0x000000070b000000| Untracked 
|  15|0x000000070b200000, 0x000000070b200000, 0x000000070b400000|  0%| F|  |TAMS 0x000000070b200000| PB 0x000000070b200000| Untracked 
|  16|0x000000070b400000, 0x000000070b400000, 0x000000070b600000|  0%| F|  |TAMS 0x000000070b400000| PB 0x000000070b400000| Untracked 
|  17|0x000000070b600000, 0x000000070b600000, 0x000000070b800000|  0%| F|  |TAMS 0x000000070b600000| PB 0x000000070b600000| Untracked 
|  18|0x000000070b800000, 0x000000070b800000, 0x000000070ba00000|  0%| F|  |TAMS 0x000000070b800000| PB 0x000000070b800000| Untracked 
|  19|0x000000070ba00000, 0x000000070ba00000, 0x000000070bc00000|  0%| F|  |TAMS 0x000000070ba00000| PB 0x000000070ba00000| Untracked 
|  20|0x000000070bc00000, 0x000000070bc00000, 0x000000070be00000|  0%| F|  |TAMS 0x000000070bc00000| PB 0x000000070bc00000| Untracked 
|  21|0x000000070be00000, 0x000000070be00000, 0x000000070c000000|  0%| F|  |TAMS 0x000000070be00000| PB 0x000000070be00000| Untracked 
|  22|0x000000070c000000, 0x000000070c000000, 0x000000070c200000|  0%| F|  |TAMS 0x000000070c000000| PB 0x000000070c000000| Untracked 
|  23|0x000000070c200000, 0x000000070c200000, 0x000000070c400000|  0%| F|  |TAMS 0x000000070c200000| PB 0x000000070c200000| Untracked 
|  24|0x000000070c400000, 0x000000070c400000, 0x000000070c600000|  0%| F|  |TAMS 0x000000070c400000| PB 0x000000070c400000| Untracked 
|  97|0x0000000715600000, 0x0000000715600000, 0x0000000715800000|  0%| F|  |TAMS 0x0000000715600000| PB 0x0000000715600000| Untracked 
|  98|0x0000000715800000, 0x0000000715800000, 0x0000000715a00000|  0%| F|  |TAMS 0x0000000715800000| PB 0x0000000715800000| Untracked 
|  99|0x0000000715a00000, 0x0000000715a00000, 0x0000000715c00000|  0%| F|  |TAMS 0x0000000715a00000| PB 0x0000000715a00000| Untracked 
| 100|0x0000000715c00000, 0x0000000715c00000, 0x0000000715e00000|  0%| F|  |TAMS 0x0000000715c00000| PB 0x0000000715c00000| Untracked 
| 123|0x0000000718a00000, 0x0000000718a00000, 0x0000000718c00000|  0%| F|  |TAMS 0x0000000718a00000| PB 0x0000000718a00000| Untracked 

Card table byte_map: [0x000001c57c4a0000,0x000001c57cc60000] _byte_map_base: 0x000001c578c56000

Marking Bits: (CMBitMap*) 0x000001c57b402370
 Bits: [0x000001c517390000, 0x000001c51b140000)

Polling page: 0x000001c5792e0000

Metaspace:

Usage:
  Non-class:     38.16 MB used.
      Class:      4.82 MB used.
       Both:     42.98 MB used.

Virtual space:
  Non-class space:       64.00 MB reserved,      38.50 MB ( 60%) committed,  1 nodes.
      Class space:        1.00 GB reserved,       5.12 MB ( <1%) committed,  1 nodes.
             Both:        1.06 GB reserved,      43.62 MB (  4%) committed. 

Chunk freelists:
   Non-Class:  9.39 MB
       Class:  10.87 MB
        Both:  20.26 MB

MaxMetaspaceSize: unlimited
CompressedClassSpaceSize: 1.00 GB
Initial GC threshold: 21.00 MB
Current GC threshold: 72.19 MB
CDS: on
 - commit_granule_bytes: 65536.
 - commit_granule_words: 8192.
 - virtual_space_node_default_size: 8388608.
 - enlarge_chunks_in_place: 1.
 - use_allocation_guard: 0.


Internal statistics:

num_allocs_failed_limit: 6.
num_arena_births: 836.
num_arena_deaths: 10.
num_vsnodes_births: 2.
num_vsnodes_deaths: 0.
num_space_committed: 698.
num_space_uncommitted: 0.
num_chunks_returned_to_freelist: 18.
num_chunks_taken_from_freelist: 2368.
num_chunk_merges: 8.
num_chunk_splits: 1606.
num_chunks_enlarged: 1132.
num_inconsistent_stats: 0.

CodeHeap 'non-profiled nmethods': size=119168Kb used=3533Kb max_used=3533Kb free=115634Kb
 bounds [0x000001c50ff30000, 0x000001c5102b0000, 0x000001c517390000]
CodeHeap 'profiled nmethods': size=119104Kb used=12201Kb max_used=12290Kb free=106902Kb
 bounds [0x000001c508390000, 0x000001c508fa0000, 0x000001c50f7e0000]
CodeHeap 'non-nmethods': size=7488Kb used=1565Kb max_used=3321Kb free=5922Kb
 bounds [0x000001c50f7e0000, 0x000001c50fb30000, 0x000001c50ff30000]
 total_blobs=5902 nmethods=5276 adapters=530
 compilation: enabled
              stopped_count=0, restarted_count=0
 full_count=0

Compilation events (20 events):
Event: 956.550 Thread 0x000001c57f0740b0 6605       4       sun.reflect.annotation.AnnotationParser::parseMemberValue (230 bytes)
Event: 956.551 Thread 0x000001c57f0739e0 nmethod 6664 0x000001c510288290 code [0x000001c510288500, 0x000001c510289320]
Event: 956.561 Thread 0x000001c57f074780 nmethod 6634 0x000001c510289e10 code [0x000001c51028a240, 0x000001c51028d0e8]
Event: 956.561 Thread 0x000001c57f071a80 nmethod 6633 0x000001c51028e910 code [0x000001c51028ed40, 0x000001c510292008]
Event: 956.565 Thread 0x000001c57f0740b0 nmethod 6605 0x000001c510293a10 code [0x000001c510293d80, 0x000001c510295240]
Event: 956.585 Thread 0x000001c57f072c40 nmethod 6430% 0x000001c510296310 code [0x000001c510296de0, 0x000001c51029e9e8]
Event: 962.633 Thread 0x000001c57f075520 6670       3       org.springframework.boot.devtools.filewatch.FileSnapshot::equals (110 bytes)
Event: 962.634 Thread 0x000001c57f075520 nmethod 6670 0x000001c508f9a610 code [0x000001c508f9a840, 0x000001c508f9b350]
Event: 984.934 Thread 0x000001c57f075520 6671       3       java.util.AbstractCollection::containsAll (38 bytes)
Event: 984.934 Thread 0x000001c57f075520 nmethod 6671 0x000001c5084d2f90 code [0x000001c5084d3180, 0x000001c5084d36d0]
Event: 1007.542 Thread 0x000001c57f075520 6672       3       java.lang.Thread::interrupted (7 bytes)
Event: 1007.542 Thread 0x000001c57f075520 nmethod 6672 0x000001c50889e710 code [0x000001c50889e8c0, 0x000001c50889eb30]
Event: 1014.540 Thread 0x000001c57f075520 6673       3       java.util.concurrent.ThreadPoolExecutor::runStateAtLeast (11 bytes)
Event: 1014.541 Thread 0x000001c57f075520 nmethod 6673 0x000001c508722610 code [0x000001c5087227a0, 0x000001c5087228e8]
Event: 1026.498 Thread 0x000001c57f071a80 6674       4       java.util.concurrent.ThreadPoolExecutor::beforeExecute (1 bytes)
Event: 1026.498 Thread 0x000001c57f071a80 nmethod 6674 0x000001c5102a2a10 code [0x000001c5102a2ba0, 0x000001c5102a2c28]
Event: 1039.607 Thread 0x000001c57f071a80 6675       4       java.util.HashSet::size (8 bytes)
Event: 1039.607 Thread 0x000001c57f071a80 nmethod 6675 0x000001c5102a2d10 code [0x000001c5102a2ea0, 0x000001c5102a2f40]
Event: 1047.311 Thread 0x000001c57f071a80 6676       4       java.util.HashMap$HashIterator::<init> (79 bytes)
Event: 1047.314 Thread 0x000001c57f071a80 nmethod 6676 0x000001c5102a3010 code [0x000001c5102a31c0, 0x000001c5102a35a0]

GC Heap History (19 events):
Event: 0.400 GC heap before
{Heap before GC invocations=0 (full 0):
 garbage-first heap   total 253952K, used 22528K [0x0000000709400000, 0x0000000800000000)
  region size 2048K, 11 young (22528K), 0 survivors (0K)
 Metaspace       used 5668K, committed 5952K, reserved 1114112K
  class space    used 650K, committed 768K, reserved 1048576K
}
Event: 0.403 GC heap after
{Heap after GC invocations=1 (full 0):
 garbage-first heap   total 253952K, used 4096K [0x0000000709400000, 0x0000000800000000)
  region size 2048K, 2 young (4096K), 2 survivors (4096K)
 Metaspace       used 5668K, committed 5952K, reserved 1114112K
  class space    used 650K, committed 768K, reserved 1048576K
}
Event: 0.709 GC heap before
{Heap before GC invocations=1 (full 0):
 garbage-first heap   total 253952K, used 32768K [0x0000000709400000, 0x0000000800000000)
  region size 2048K, 17 young (34816K), 2 survivors (4096K)
 Metaspace       used 13635K, committed 13888K, reserved 1114112K
  class space    used 1624K, committed 1728K, reserved 1048576K
}
Event: 0.713 GC heap after
{Heap after GC invocations=2 (full 0):
 garbage-first heap   total 253952K, used 6709K [0x0000000709400000, 0x0000000800000000)
  region size 2048K, 2 young (4096K), 2 survivors (4096K)
 Metaspace       used 13635K, committed 13888K, reserved 1114112K
  class space    used 1624K, committed 1728K, reserved 1048576K
}
Event: 1.223 GC heap before
{Heap before GC invocations=2 (full 0):
 garbage-first heap   total 253952K, used 47669K [0x0000000709400000, 0x0000000800000000)
  region size 2048K, 23 young (47104K), 2 survivors (4096K)
 Metaspace       used 21118K, committed 21504K, reserved 1114112K
  class space    used 2581K, committed 2752K, reserved 1048576K
}
Event: 1.228 GC heap after
{Heap after GC invocations=3 (full 0):
 garbage-first heap   total 253952K, used 10294K [0x0000000709400000, 0x0000000800000000)
  region size 2048K, 4 young (8192K), 4 survivors (8192K)
 Metaspace       used 21118K, committed 21504K, reserved 1114112K
  class space    used 2581K, committed 2752K, reserved 1048576K
}
Event: 1.734 GC heap before
{Heap before GC invocations=4 (full 0):
 garbage-first heap   total 49152K, used 47158K [0x0000000709400000, 0x0000000800000000)
  region size 2048K, 22 young (45056K), 4 survivors (8192K)
 Metaspace       used 29092K, committed 29696K, reserved 1114112K
  class space    used 3545K, committed 3840K, reserved 1048576K
}
Event: 1.741 GC heap after
{Heap after GC invocations=5 (full 0):
 garbage-first heap   total 61440K, used 14588K [0x0000000709400000, 0x0000000800000000)
  region size 2048K, 6 young (12288K), 6 survivors (12288K)
 Metaspace       used 29092K, committed 29696K, reserved 1114112K
  class space    used 3545K, committed 3840K, reserved 1048576K
}
Event: 8.146 GC heap before
{Heap before GC invocations=5 (full 0):
 garbage-first heap   total 61440K, used 37116K [0x0000000709400000, 0x0000000800000000)
  region size 2048K, 18 young (36864K), 6 survivors (12288K)
 Metaspace       used 33551K, committed 34112K, reserved 1114112K
  class space    used 4094K, committed 4352K, reserved 1048576K
}
Event: 8.152 GC heap after
{Heap after GC invocations=6 (full 0):
 garbage-first heap   total 61440K, used 16777K [0x0000000709400000, 0x0000000800000000)
  region size 2048K, 2 young (4096K), 2 survivors (4096K)
 Metaspace       used 33551K, committed 34112K, reserved 1114112K
  class space    used 4094K, committed 4352K, reserved 1048576K
}
Event: 8.237 GC heap before
{Heap before GC invocations=6 (full 0):
 garbage-first heap   total 61440K, used 22921K [0x0000000709400000, 0x0000000800000000)
  region size 2048K, 6 young (12288K), 2 survivors (4096K)
 Metaspace       used 35393K, committed 35968K, reserved 1114112K
  class space    used 4234K, committed 4480K, reserved 1048576K
}
Event: 8.239 GC heap after
{Heap after GC invocations=7 (full 0):
 garbage-first heap   total 61440K, used 16722K [0x0000000709400000, 0x0000000800000000)
  region size 2048K, 2 young (4096K), 2 survivors (4096K)
 Metaspace       used 35393K, committed 35968K, reserved 1114112K
  class space    used 4234K, committed 4480K, reserved 1048576K
}
Event: 8.730 GC heap before
{Heap before GC invocations=8 (full 0):
 garbage-first heap   total 61440K, used 47442K [0x0000000709400000, 0x0000000800000000)
  region size 2048K, 18 young (36864K), 2 survivors (4096K)
 Metaspace       used 42526K, committed 43136K, reserved 1114112K
  class space    used 4857K, committed 5120K, reserved 1048576K
}
Event: 8.732 GC heap after
{Heap after GC invocations=9 (full 0):
 garbage-first heap   total 61440K, used 18038K [0x0000000709400000, 0x0000000800000000)
  region size 2048K, 3 young (6144K), 3 survivors (6144K)
 Metaspace       used 42526K, committed 43136K, reserved 1114112K
  class space    used 4857K, committed 5120K, reserved 1048576K
}
Event: 954.511 GC heap before
{Heap before GC invocations=9 (full 0):
 garbage-first heap   total 61440K, used 38518K [0x0000000709400000, 0x0000000800000000)
  region size 2048K, 14 young (28672K), 3 survivors (6144K)
 Metaspace       used 43120K, committed 43776K, reserved 1114112K
  class space    used 4912K, committed 5184K, reserved 1048576K
}
Event: 954.543 GC heap after
{Heap after GC invocations=10 (full 1):
 garbage-first heap   total 61440K, used 16014K [0x0000000709400000, 0x0000000800000000)
  region size 2048K, 0 young (0K), 0 survivors (0K)
 Metaspace       used 43100K, committed 43776K, reserved 1114112K
  class space    used 4910K, committed 5184K, reserved 1048576K
}
Event: 956.297 GC heap before
{Heap before GC invocations=10 (full 1):
 garbage-first heap   total 61440K, used 42638K [0x0000000709400000, 0x0000000800000000)
  region size 2048K, 15 young (30720K), 0 survivors (0K)
 Metaspace       used 43695K, committed 44352K, reserved 1114112K
  class space    used 4931K, committed 5248K, reserved 1048576K
}
Event: 956.328 GC heap after
{Heap after GC invocations=11 (full 2):
 garbage-first heap   total 61440K, used 15961K [0x0000000709400000, 0x0000000800000000)
  region size 2048K, 0 young (0K), 0 survivors (0K)
 Metaspace       used 43692K, committed 44352K, reserved 1114112K
  class space    used 4931K, committed 5248K, reserved 1048576K
}
Event: 1080.732 GC heap before
{Heap before GC invocations=11 (full 2):
 garbage-first heap   total 61440K, used 48729K [0x0000000709400000, 0x0000000800000000)
  region size 2048K, 16 young (32768K), 0 survivors (0K)
 Metaspace       used 44007K, committed 44672K, reserved 1114112K
  class space    used 4934K, committed 5248K, reserved 1048576K
}

Dll operation events (10 events):
Event: 0.007 Loaded shared library C:\Program Files\Java\jdk-21\bin\java.dll
Event: 0.030 Loaded shared library C:\Program Files\Java\jdk-21\bin\jsvml.dll
Event: 0.062 Loaded shared library C:\Program Files\Java\jdk-21\bin\net.dll
Event: 0.063 Loaded shared library C:\Program Files\Java\jdk-21\bin\nio.dll
Event: 0.066 Loaded shared library C:\Program Files\Java\jdk-21\bin\zip.dll
Event: 0.114 Loaded shared library C:\Program Files\Java\jdk-21\bin\jimage.dll
Event: 0.299 Loaded shared library C:\Program Files\Java\jdk-21\bin\management.dll
Event: 0.301 Loaded shared library C:\Program Files\Java\jdk-21\bin\management_ext.dll
Event: 0.797 Loaded shared library C:\Program Files\Java\jdk-21\bin\sunmscapi.dll
Event: 1.913 Loaded shared library C:\Program Files\Java\jdk-21\bin\extnet.dll

Deoptimization events (20 events):
Event: 956.491 Thread 0x000001c562f2f910 DEOPT PACKING pc=0x000001c50ffc18d8 sp=0x000000bd105fc650
Event: 956.491 Thread 0x000001c562f2f910 DEOPT UNPACKING pc=0x000001c50f8346a2 sp=0x000000bd105fc5f0 mode 2
Event: 956.491 Thread 0x000001c562f2f910 Uncommon trap: trap_request=0xffffffbe fr.pc=0x000001c50ffc18d8 relative=0x0000000000000298
Event: 956.491 Thread 0x000001c562f2f910 Uncommon trap: reason=profile_predicate action=maybe_recompile pc=0x000001c50ffc18d8 method=java.util.HashMap.keysToArray([Ljava/lang/Object;)[Ljava/lang/Object; @ 36 c2
Event: 956.491 Thread 0x000001c562f2f910 DEOPT PACKING pc=0x000001c50ffc18d8 sp=0x000000bd105fc820
Event: 956.491 Thread 0x000001c562f2f910 DEOPT UNPACKING pc=0x000001c50f8346a2 sp=0x000000bd105fc7c0 mode 2
Event: 956.505 Thread 0x000001c562f2f910 Uncommon trap: trap_request=0xffffff76 fr.pc=0x000001c50ff751f0 relative=0x0000000000000230
Event: 956.505 Thread 0x000001c562f2f910 Uncommon trap: reason=predicate action=maybe_recompile pc=0x000001c50ff751f0 method=java.util.HashMap.keysToArray([Ljava/lang/Object;)[Ljava/lang/Object; @ 48 c2
Event: 956.505 Thread 0x000001c562f2f910 DEOPT PACKING pc=0x000001c50ff751f0 sp=0x000000bd105fcf80
Event: 956.505 Thread 0x000001c562f2f910 DEOPT UNPACKING pc=0x000001c50f8346a2 sp=0x000000bd105fcf18 mode 2
Event: 956.536 Thread 0x000001c562f2f910 DEOPT PACKING pc=0x000001c508ce8985 sp=0x000000bd105fe860
Event: 956.536 Thread 0x000001c562f2f910 DEOPT UNPACKING pc=0x000001c50f834e42 sp=0x000000bd105fdd28 mode 0
Event: 956.536 Thread 0x000001c562f2f910 DEOPT PACKING pc=0x000001c508ce8985 sp=0x000000bd105fe860
Event: 956.536 Thread 0x000001c562f2f910 DEOPT UNPACKING pc=0x000001c50f834e42 sp=0x000000bd105fdd28 mode 0
Event: 956.536 Thread 0x000001c562f2f910 DEOPT PACKING pc=0x000001c508ce8985 sp=0x000000bd105fe860
Event: 956.536 Thread 0x000001c562f2f910 DEOPT UNPACKING pc=0x000001c50f834e42 sp=0x000000bd105fdd28 mode 0
Event: 956.536 Thread 0x000001c562f2f910 DEOPT PACKING pc=0x000001c508ce8985 sp=0x000000bd105fe860
Event: 956.536 Thread 0x000001c562f2f910 DEOPT UNPACKING pc=0x000001c50f834e42 sp=0x000000bd105fdd28 mode 0
Event: 956.537 Thread 0x000001c562f2f910 DEOPT PACKING pc=0x000001c508ce8985 sp=0x000000bd105fe860
Event: 956.537 Thread 0x000001c562f2f910 DEOPT UNPACKING pc=0x000001c50f834e42 sp=0x000000bd105fdd28 mode 0

Classes loaded (20 events):
Event: 954.771 Loading class java/io/ObjectInputStream$HandleTable
Event: 954.771 Loading class java/io/ObjectInputStream$HandleTable done
Event: 954.772 Loading class java/io/ObjectInputStream$HandleTable$HandleList
Event: 954.772 Loading class java/io/ObjectInputStream$HandleTable$HandleList done
Event: 954.772 Loading class java/io/ObjectInputStream$ValidationList
Event: 954.772 Loading class java/io/ObjectInputStream$ValidationList done
Event: 954.772 Loading class java/io/ObjectInputFilter$Config
Event: 954.772 Loading class java/io/ObjectInputFilter$Config done
Event: 954.772 Loading class java/io/ObjectInputFilter
Event: 954.772 Loading class java/io/ObjectInputFilter done
Event: 954.772 Loading class java/io/ObjectInputFilter$Config$BuiltinFilterFactory
Event: 954.772 Loading class java/io/ObjectInputFilter$Config$BuiltinFilterFactory done
Event: 954.773 Loading class jdk/internal/access/JavaObjectInputFilterAccess
Event: 954.773 Loading class jdk/internal/access/JavaObjectInputFilterAccess done
Event: 954.773 Loading class jdk/internal/event/DeserializationEvent
Event: 954.773 Loading class jdk/internal/event/DeserializationEvent done
Event: 954.774 Loading class java/io/ObjectInputStream$FieldValues
Event: 954.774 Loading class java/io/ObjectInputStream$GetField
Event: 954.774 Loading class java/io/ObjectInputStream$GetField done
Event: 954.774 Loading class java/io/ObjectInputStream$FieldValues done

Classes unloaded (5 events):
Event: 954.520 Thread 0x000001c57f038fd0 Unloading class 0x000001c51d500400 'java/lang/invoke/LambdaForm$DMH+0x000001c51d500400'
Event: 954.520 Thread 0x000001c57f038fd0 Unloading class 0x000001c51d500800 'java/lang/invoke/LambdaForm$DMH+0x000001c51d500800'
Event: 954.520 Thread 0x000001c57f038fd0 Unloading class 0x000001c51d4f4800 'org/apache/jsp/WEB_002dINF/views/header_jsp'
Event: 954.520 Thread 0x000001c57f038fd0 Unloading class 0x000001c51d4f4000 'org/apache/jsp/WEB_002dINF/views/certificate_jsp'
Event: 956.306 Thread 0x000001c57f038fd0 Unloading class 0x000001c51d51a800 'org/apache/catalina/loader/JdbcLeakPrevention'

Classes redefined (0 events):
No events

Internal exceptions (20 events):
Event: 8.033 Thread 0x000001c562f319e0 Exception <a 'java/lang/NoSuchMethodError'{0x000000070b372c88}: 'java.lang.Object java.lang.invoke.DirectMethodHandle$Holder.invokeSpecial(java.lang.Object, java.lang.Object, java.lang.Object, java.lang.Object, java.lang.Object, long)'> (0x000000070b372c88) 
thrown [s\open\src\hotspot\share\interpreter\linkResolver.cpp, line 773]
Event: 8.033 Thread 0x000001c562f319e0 Exception <a 'java/lang/NoSuchMethodError'{0x000000070b376448}: 'java.lang.Object java.lang.invoke.Invokers$Holder.linkToTargetMethod(java.lang.Object, java.lang.Object, java.lang.Object, long, java.lang.Object)'> (0x000000070b376448) 
thrown [s\open\src\hotspot\share\interpreter\linkResolver.cpp, line 773]
Event: 8.644 Thread 0x000001c562f2e560 Exception <a 'java/lang/NoSuchMethodError'{0x000000070aee9d70}: 'java.lang.Object java.lang.invoke.DirectMethodHandle$Holder.invokeStatic(java.lang.Object, int, int)'> (0x000000070aee9d70) 
thrown [s\open\src\hotspot\share\interpreter\linkResolver.cpp, line 773]
Event: 8.644 Thread 0x000001c562f2ffa0 Exception <a 'java/lang/NoSuchMethodError'{0x000000070aec3ea8}: 'java.lang.Object java.lang.invoke.DirectMethodHandle$Holder.invokeStatic(java.lang.Object, int, int)'> (0x000000070aec3ea8) 
thrown [s\open\src\hotspot\share\interpreter\linkResolver.cpp, line 773]
Event: 8.644 Thread 0x000001c562f2f910 Exception <a 'java/lang/NoSuchMethodError'{0x000000070aef17e0}: 'java.lang.Object java.lang.invoke.DirectMethodHandle$Holder.invokeStatic(java.lang.Object, int, int)'> (0x000000070aef17e0) 
thrown [s\open\src\hotspot\share\interpreter\linkResolver.cpp, line 773]
Event: 954.489 Thread 0x000001c562f32d90 Exception <a 'java/lang/NoSuchMethodError'{0x000000070bded970}: 'java.lang.Object java.lang.invoke.DirectMethodHandle$Holder.newInvokeSpecial(java.lang.Object, java.lang.Object, int, java.lang.Object)'> (0x000000070bded970) 
thrown [s\open\src\hotspot\share\interpreter\linkResolver.cpp, line 773]
Event: 954.489 Thread 0x000001c562f32d90 Exception <a 'java/lang/NoSuchMethodError'{0x000000070bdf1020}: 'java.lang.Object java.lang.invoke.Invokers$Holder.linkToTargetMethod(java.lang.Object, int, java.lang.Object, java.lang.Object)'> (0x000000070bdf1020) 
thrown [s\open\src\hotspot\share\interpreter\linkResolver.cpp, line 773]
Event: 954.498 Thread 0x000001c562f32d90 Exception <a 'java/lang/NoSuchMethodError'{0x000000070ba79df0}: 'void java.lang.invoke.DirectMethodHandle$Holder.invokeInterface(java.lang.Object, java.lang.Object)'> (0x000000070ba79df0) 
thrown [s\open\src\hotspot\share\interpreter\linkResolver.cpp, line 773]
Event: 954.502 Thread 0x000001c562f32d90 Exception <a 'java/lang/NoSuchMethodError'{0x000000070ba8bd78}: 'long java.lang.invoke.Invokers$Holder.invokeExact_MT(java.lang.Object, java.lang.Object)'> (0x000000070ba8bd78) 
thrown [s\open\src\hotspot\share\interpreter\linkResolver.cpp, line 773]
Event: 954.511 Thread 0x000001c562f2ebf0 Exception <a 'java/lang/InterruptedException'{0x000000070bad2d40}: sleep interrupted> (0x000000070bad2d40) 
thrown [s\open\src\hotspot\share\prims\jvm.cpp, line 3074]
Event: 954.551 Thread 0x000001c562f34e60 Exception <a 'sun/nio/fs/WindowsException'{0x0000000718a6ff68}> (0x0000000718a6ff68) 
thrown [s\open\src\hotspot\share\prims\jni.cpp, line 520]
Event: 954.687 Thread 0x000001c562f34e60 Exception <a 'java/lang/NoClassDefFoundError'{0x000000070c0927e8}: org/flywaydb/core/Flyway> (0x000000070c0927e8) 
thrown [s\open\src\hotspot\share\oops\constantPool.cpp, line 871]
Event: 954.687 Thread 0x000001c562f34e60 Exception <a 'java/lang/NoClassDefFoundError'{0x000000070c092e48}: liquibase/integration/spring/SpringLiquibase> (0x000000070c092e48) 
thrown [s\open\src\hotspot\share\oops\constantPool.cpp, line 871]
Event: 954.725 Thread 0x000001c562f34e60 Exception <a 'java/io/FileNotFoundException'{0x000000070bce3318}> (0x000000070bce3318) 
thrown [s\open\src\hotspot\share\prims\jni.cpp, line 520]
Event: 956.297 Thread 0x000001c562f2f280 Exception <a 'java/lang/InterruptedException'{0x000000070b3aed00}: sleep interrupted> (0x000000070b3aed00) 
thrown [s\open\src\hotspot\share\prims\jvm.cpp, line 3074]
Event: 956.333 Thread 0x000001c562f2f910 Exception <a 'sun/nio/fs/WindowsException'{0x0000000718a68250}> (0x0000000718a68250) 
thrown [s\open\src\hotspot\share\prims\jni.cpp, line 520]
Event: 956.429 Thread 0x000001c562f2f910 Exception <a 'java/lang/NoClassDefFoundError'{0x000000070c0f10b0}: org/flywaydb/core/Flyway> (0x000000070c0f10b0) 
thrown [s\open\src\hotspot\share\oops\constantPool.cpp, line 871]
Event: 956.429 Thread 0x000001c562f2f910 Exception <a 'java/lang/NoClassDefFoundError'{0x000000070c0f1710}: liquibase/integration/spring/SpringLiquibase> (0x000000070c0f1710) 
thrown [s\open\src\hotspot\share\oops\constantPool.cpp, line 871]
Event: 956.431 Thread 0x000001c562f2f910 Implicit null exception at 0x000001c5100520bc to 0x000001c510054adc
Event: 956.455 Thread 0x000001c562f2f910 Exception <a 'java/io/FileNotFoundException'{0x000000070bd3e428}> (0x000000070bd3e428) 
thrown [s\open\src\hotspot\share\prims\jni.cpp, line 520]

ZGC Phase Switch (0 events):
No events

VM Operations (20 events):
Event: 954.543 Executing VM operation: G1CollectFull (System.gc()) done
Event: 954.647 Executing VM operation: ICBufferFull
Event: 954.647 Executing VM operation: ICBufferFull done
Event: 954.844 Executing VM operation: ICBufferFull
Event: 954.844 Executing VM operation: ICBufferFull done
Event: 955.852 Executing VM operation: Cleanup
Event: 955.852 Executing VM operation: Cleanup done
Event: 956.297 Executing VM operation: G1CollectFull (System.gc())
Event: 956.328 Executing VM operation: G1CollectFull (System.gc()) done
Event: 956.493 Executing VM operation: ICBufferFull
Event: 956.493 Executing VM operation: ICBufferFull done
Event: 957.497 Executing VM operation: Cleanup
Event: 957.497 Executing VM operation: Cleanup done
Event: 961.958 Executing VM operation: HandshakeAllThreads (HandshakeForDeflation)
Event: 961.958 Executing VM operation: HandshakeAllThreads (HandshakeForDeflation) done
Event: 961.958 Executing VM operation: RendezvousGCThreads
Event: 961.958 Executing VM operation: RendezvousGCThreads done
Event: 986.139 Executing VM operation: Cleanup
Event: 986.139 Executing VM operation: Cleanup done
Event: 1080.732 Executing VM operation: G1CollectForAllocation (G1 Evacuation Pause)

Events (20 events):
Event: 956.531 Thread 0x000001c562f31350 Thread added: 0x000001c562f31350
Event: 956.531 Thread 0x000001c562f32070 Thread added: 0x000001c562f32070
Event: 956.531 Thread 0x000001c562f354f0 Thread added: 0x000001c562f354f0
Event: 956.531 Thread 0x000001c562f2e560 Thread added: 0x000001c562f2e560
Event: 956.531 Thread 0x000001c562f2ebf0 Thread added: 0x000001c562f2ebf0
Event: 956.531 Thread 0x000001c562f2f280 Thread added: 0x000001c562f2f280
Event: 956.531 Thread 0x000001c562f30630 Thread added: 0x000001c562f30630
Event: 956.531 Thread 0x000001c562f319e0 Thread added: 0x000001c562f319e0
Event: 956.532 Thread 0x000001c51b3e47f0 Thread added: 0x000001c51b3e47f0
Event: 956.532 Thread 0x000001c51b3e1370 Thread added: 0x000001c51b3e1370
Event: 956.533 Thread 0x000001c51b3e3440 Thread added: 0x000001c51b3e3440
Event: 956.533 Thread 0x000001c51b3e3ad0 Thread added: 0x000001c51b3e3ad0
Event: 956.539 Thread 0x000001c562f2f910 Thread exited: 0x000001c562f2f910
Event: 956.539 Thread 0x000001c562f32d90 Thread exited: 0x000001c562f32d90
Event: 961.539 Thread 0x000001c57f074780 Thread exited: 0x000001c57f074780
Event: 961.539 Thread 0x000001c57f073310 Thread exited: 0x000001c57f073310
Event: 961.539 Thread 0x000001c57f075bf0 Thread exited: 0x000001c57f075bf0
Event: 962.633 Thread 0x000001c57f0740b0 Thread exited: 0x000001c57f0740b0
Event: 967.638 Thread 0x000001c57f0739e0 Thread exited: 0x000001c57f0739e0
Event: 972.639 Thread 0x000001c57f072c40 Thread exited: 0x000001c57f072c40


Dynamic libraries:
0x00007ff7de2d0000 - 0x00007ff7de2e0000 	C:\Program Files\Java\jdk-21\bin\java.exe
0x00007ffae3110000 - 0x00007ffae3327000 	C:\WINDOWS\SYSTEM32\ntdll.dll
0x00007ffae1630000 - 0x00007ffae16f4000 	C:\WINDOWS\System32\KERNEL32.DLL
0x00007ffae0710000 - 0x00007ffae0ab6000 	C:\WINDOWS\System32\KERNELBASE.dll
0x00007ffae0b60000 - 0x00007ffae0c71000 	C:\WINDOWS\System32\ucrtbase.dll
0x00007ffadcaf0000 - 0x00007ffadcb0b000 	C:\Program Files\Java\jdk-21\bin\VCRUNTIME140.dll
0x00007ffadca20000 - 0x00007ffadca39000 	C:\Program Files\Java\jdk-21\bin\jli.dll
0x00007ffae3010000 - 0x00007ffae30c1000 	C:\WINDOWS\System32\ADVAPI32.dll
0x00007ffae1f60000 - 0x00007ffae2007000 	C:\WINDOWS\System32\msvcrt.dll
0x00007ffae10a0000 - 0x00007ffae1145000 	C:\WINDOWS\System32\sechost.dll
0x00007ffae0e80000 - 0x00007ffae0f97000 	C:\WINDOWS\System32\RPCRT4.dll
0x00007ffae1350000 - 0x00007ffae14fe000 	C:\WINDOWS\System32\USER32.dll
0x00007ffae0480000 - 0x00007ffae04a6000 	C:\WINDOWS\System32\win32u.dll
0x00007ffae1550000 - 0x00007ffae1579000 	C:\WINDOWS\System32\GDI32.dll
0x00007ffacc0f0000 - 0x00007ffacc383000 	C:\WINDOWS\WinSxS\amd64_microsoft.windows.common-controls_6595b64144ccf1df_6.0.22621.2506_none_270c5ae97388e100\COMCTL32.dll
0x00007ffae0c80000 - 0x00007ffae0d98000 	C:\WINDOWS\System32\gdi32full.dll
0x00007ffae0ac0000 - 0x00007ffae0b5a000 	C:\WINDOWS\System32\msvcp_win.dll
0x00007ffad5b30000 - 0x00007ffad5b3a000 	C:\WINDOWS\SYSTEM32\VERSION.dll
0x00007ffae1170000 - 0x00007ffae11a1000 	C:\WINDOWS\System32\IMM32.DLL
0x00007ffadcae0000 - 0x00007ffadcaec000 	C:\Program Files\Java\jdk-21\bin\vcruntime140_1.dll
0x00007ffacf650000 - 0x00007ffacf6de000 	C:\Program Files\Java\jdk-21\bin\msvcp140.dll
0x00007ffaa1af0000 - 0x00007ffaa2805000 	C:\Program Files\Java\jdk-21\bin\server\jvm.dll
0x00007ffae2a70000 - 0x00007ffae2ae1000 	C:\WINDOWS\System32\WS2_32.dll
0x00007ffae0350000 - 0x00007ffae039d000 	C:\WINDOWS\SYSTEM32\POWRPROF.dll
0x00007ffad72b0000 - 0x00007ffad72e4000 	C:\WINDOWS\SYSTEM32\WINMM.dll
0x00007ffae0330000 - 0x00007ffae0343000 	C:\WINDOWS\SYSTEM32\UMPDC.dll
0x00007ffadf480000 - 0x00007ffadf498000 	C:\WINDOWS\SYSTEM32\kernel.appcore.dll
0x00007ffadc1c0000 - 0x00007ffadc1ca000 	C:\Program Files\Java\jdk-21\bin\jimage.dll
0x00007ffadda60000 - 0x00007ffaddc93000 	C:\WINDOWS\SYSTEM32\DBGHELP.DLL
0x00007ffae1700000 - 0x00007ffae1a89000 	C:\WINDOWS\System32\combase.dll
0x00007ffae1b10000 - 0x00007ffae1be7000 	C:\WINDOWS\System32\OLEAUT32.dll
0x00007ffad2fb0000 - 0x00007ffad2fe2000 	C:\WINDOWS\SYSTEM32\dbgcore.DLL
0x00007ffae0520000 - 0x00007ffae059a000 	C:\WINDOWS\System32\bcryptPrimitives.dll
0x00007ffad3090000 - 0x00007ffad30af000 	C:\Program Files\Java\jdk-21\bin\java.dll
0x00007ffae2110000 - 0x00007ffae296a000 	C:\WINDOWS\System32\SHELL32.dll
0x00007ffade3a0000 - 0x00007ffadec96000 	C:\WINDOWS\SYSTEM32\windows.storage.dll
0x00007ffade260000 - 0x00007ffade39e000 	C:\WINDOWS\SYSTEM32\wintypes.dll
0x00007ffae0fa0000 - 0x00007ffae1093000 	C:\WINDOWS\System32\SHCORE.dll
0x00007ffae2010000 - 0x00007ffae206e000 	C:\WINDOWS\System32\shlwapi.dll
0x00007ffae03b0000 - 0x00007ffae03d6000 	C:\WINDOWS\SYSTEM32\profapi.dll
0x00007ffacf3a0000 - 0x00007ffacf477000 	C:\Program Files\Java\jdk-21\bin\jsvml.dll
0x00007ffadc1b0000 - 0x00007ffadc1c0000 	C:\Program Files\Java\jdk-21\bin\net.dll
0x00007ffad9ae0000 - 0x00007ffad9c17000 	C:\WINDOWS\SYSTEM32\WINHTTP.dll
0x00007ffadf900000 - 0x00007ffadf969000 	C:\WINDOWS\system32\mswsock.dll
0x00007ffacf380000 - 0x00007ffacf396000 	C:\Program Files\Java\jdk-21\bin\nio.dll
0x00007ffacf360000 - 0x00007ffacf378000 	C:\Program Files\Java\jdk-21\bin\zip.dll
0x00007ffad81b0000 - 0x00007ffad81ba000 	C:\Program Files\Java\jdk-21\bin\management.dll
0x00007ffad3080000 - 0x00007ffad308b000 	C:\Program Files\Java\jdk-21\bin\management_ext.dll
0x00007ffae2af0000 - 0x00007ffae2af8000 	C:\WINDOWS\System32\PSAPI.DLL
0x00007ffadb2f0000 - 0x00007ffadb2fe000 	C:\Program Files\Java\jdk-21\bin\sunmscapi.dll
0x00007ffae05a0000 - 0x00007ffae0706000 	C:\WINDOWS\System32\CRYPT32.dll
0x00007ffadfd10000 - 0x00007ffadfd3d000 	C:\WINDOWS\SYSTEM32\ncrypt.dll
0x00007ffadfcd0000 - 0x00007ffadfd07000 	C:\WINDOWS\SYSTEM32\NTASN1.dll
0x00007ffadfb50000 - 0x00007ffadfb6b000 	C:\WINDOWS\SYSTEM32\CRYPTSP.dll
0x00007ffadf3e0000 - 0x00007ffadf415000 	C:\WINDOWS\system32\rsaenh.dll
0x00007ffadf9f0000 - 0x00007ffadfa1c000 	C:\WINDOWS\SYSTEM32\USERENV.dll
0x00007ffadfd40000 - 0x00007ffadfd68000 	C:\WINDOWS\SYSTEM32\bcrypt.dll
0x00007ffadfb70000 - 0x00007ffadfb7c000 	C:\WINDOWS\SYSTEM32\CRYPTBASE.dll
0x00007ffadef00000 - 0x00007ffadef2d000 	C:\WINDOWS\SYSTEM32\IPHLPAPI.DLL
0x00007ffae1160000 - 0x00007ffae1169000 	C:\WINDOWS\System32\NSI.dll
0x00007ffad2610000 - 0x00007ffad2617000 	C:\Program Files\Java\jdk-21\bin\extnet.dll
0x00007ffabdb70000 - 0x00007ffabdb78000 	C:\WINDOWS\system32\wshunix.dll

dbghelp: loaded successfully - version: 4.0.5 - missing functions: none
symbol engine: initialized successfully - sym options: 0x614 - pdb path: .;C:\Program Files\Java\jdk-21\bin;C:\WINDOWS\SYSTEM32;C:\WINDOWS\WinSxS\amd64_microsoft.windows.common-controls_6595b64144ccf1df_6.0.22621.2506_none_270c5ae97388e100;C:\Program Files\Java\jdk-21\bin\server

VM Arguments:
jvm_args: -XX:+ShowCodeDetailsInExceptionMessages 
java_command: com.utm.ip.zebb.ZebbApplication
java_class_path (initial): D:\Music\software course year 3 sem 1\SECJ3303-03 INTERNET PROGRAMMING\Project\zebb_mbip\target\classes;C:\Users\User\.m2\repository\org\apache\tomcat\embed\tomcat-embed-jasper\10.1.16\tomcat-embed-jasper-10.1.16.jar;C:\Users\User\.m2\repository\org\apache\tomcat\embed\tomcat-embed-core\10.1.16\tomcat-embed-core-10.1.16.jar;C:\Users\User\.m2\repository\org\apache\tomcat\tomcat-annotations-api\10.1.16\tomcat-annotations-api-10.1.16.jar;C:\Users\User\.m2\repository\org\apache\tomcat\embed\tomcat-embed-el\10.1.16\tomcat-embed-el-10.1.16.jar;C:\Users\User\.m2\repository\org\eclipse\jdt\ecj\3.33.0\ecj-3.33.0.jar;C:\Users\User\.m2\repository\org\springframework\boot\spring-boot-starter-web\3.2.0\spring-boot-starter-web-3.2.0.jar;C:\Users\User\.m2\repository\org\springframework\boot\spring-boot-starter\3.2.0\spring-boot-starter-3.2.0.jar;C:\Users\User\.m2\repository\org\springframework\boot\spring-boot-starter-logging\3.2.0\spring-boot-starter-logging-3.2.0.jar;C:\Users\User\.m2\repository\ch\qos\logback\logback-classic\1.4.11\logback-classic-1.4.11.jar;C:\Users\User\.m2\repository\ch\qos\logback\logback-core\1.4.11\logback-core-1.4.11.jar;C:\Users\User\.m2\repository\org\apache\logging\log4j\log4j-to-slf4j\2.21.1\log4j-to-slf4j-2.21.1.jar;C:\Users\User\.m2\repository\org\apache\logging\log4j\log4j-api\2.21.1\log4j-api-2.21.1.jar;C:\Users\User\.m2\repository\org\slf4j\jul-to-slf4j\2.0.9\jul-to-slf4j-2.0.9.jar;C:\Users\User\.m2\repository\jakarta\annotation\jakarta.annotation-api\2.1.1\jakarta.annotation-api-2.1.1.jar;C:\Users\User\.m2\repository\org\yaml\snakeyaml\2.2\snakeyaml-2.2.jar;C:\Users\User\.m2\repository\org\springframework\boot\spring-boot-starter-json\3.2.0\spring-boot-starter-json-3.2.0.jar;C:\Users\User\.m2\repository\com\fasterxml\jackson\core\jackson-databind\2.15.3\jackson-databind-2.15.3.jar;C:\Users\User\.m2\repository\com\fasterxml\jackson\core\jackson-annotations\2.15.3\jackson-annotations-2.15.3.jar;C:\Users\User\.m2\repository\com\fasterxml\jackson\core\jackson-core\2.15.3\jackson-core-2.15.3.jar;C:\Users\User\.m2\repository\com\fasterxml\jackson\datatype\jackson-datatype-jdk8\2.15.3\jackson-datatype-jdk8-2.15.3.jar;C:\Users\User\.m2\repository\com\fasterxml\jackson\datatype\jackson-datatype-jsr310\2.15.3\jackson-datatype-jsr310-2.15.3.jar;C:\Users\User\.m2\repository\com\fasterxml\jackson\module\jackson-module-parameter-names\2.15.3\jackson-module-parameter-names-2.15.3.jar;C:\Users\User\.m2\repository\org\springframework\boot\spring-boot-starter-tomcat\3.2.0\spring-boot-starter-tomcat-3.2.0.jar;C:\Users\User\.m2\repository\org\apache\tomcat\embed\tomcat-embed-websocket\10.1.16\tomcat-embed-websocket-10.1.16.jar;C:\Users\User\.m2\repository\org\springframework\spring-web\6.1.1\spring-web-6.1.1.jar;C:\Users\User\.m2\repository\org\springframework\spring-beans\6.1.1\spring-beans-6.1.1.jar;C:\Users\User\.m2\repository\io\micrometer\micrometer-observation\1.12.0\micrometer-observation-1.12.0.jar;C:\Users\User\.m2\repository\io\micrometer\micrometer-commons\1.12.0\micrometer-commons-1.12.0.jar;C:\Users\User\.m2\repository\org\springframework\spring-webmvc\6.1.1\spring-webmvc-6.1.1.jar;C:\Users\User\.m2\repository\org\springframework\spring-aop\6.1.1\spring-aop-6.1.1.jar;C:\Users\User\.m2\repository\org\springframework\spring-context\6.1.1\spring-context-6.1.1.jar;C:\Users\User\.m2\repository\org\springframework\spring-expression\6.1.1\spring-expression-6.1.1.jar;C:\Users\User\.m2\repository\org\springframework\boot\spring-boot-devtools\3.2.0\spring-boot-devtools-3.2.0.jar;C:\Users\User\.m2\repository\org\springframework\boot\spring-boot\3.2.0\spring-boot-3.2.0.jar;C:\Users\User\.m2\repository\org\springframework\boot\spring-boot-autoconfigure\3.2.0\spring-boot-autoconfigure-3.2.0.jar;C:\Users\User\.m2\repository\org\slf4j\slf4j-api\2.0.9\slf4j-api-2.0.9.jar;C:\Users\User\.m2\repository\org\springframework\spring-core\6.1.1\spring-core-6.1.1.jar;C:\Users\User\.m2\repository\org\springframework\spring-jcl\6.1.1\spring-jcl-6.1.1.jar
Launcher Type: SUN_STANDARD

[Global flags]
     intx CICompilerCount                          = 12                                        {product} {ergonomic}
     uint ConcGCThreads                            = 3                                         {product} {ergonomic}
     uint G1ConcRefinementThreads                  = 13                                        {product} {ergonomic}
   size_t G1HeapRegionSize                         = 2097152                                   {product} {ergonomic}
    uintx GCDrainStackTargetSize                   = 64                                        {product} {ergonomic}
   size_t InitialHeapSize                          = 260046848                                 {product} {ergonomic}
   size_t MarkStackSize                            = 4194304                                   {product} {ergonomic}
   size_t MaxHeapSize                              = 4139778048                                {product} {ergonomic}
   size_t MaxNewSize                               = 2483027968                                {product} {ergonomic}
   size_t MinHeapDeltaBytes                        = 2097152                                   {product} {ergonomic}
   size_t MinHeapSize                              = 8388608                                   {product} {ergonomic}
    uintx NonNMethodCodeHeapSize                   = 7602480                                {pd product} {ergonomic}
    uintx NonProfiledCodeHeapSize                  = 122027880                              {pd product} {ergonomic}
    uintx ProfiledCodeHeapSize                     = 122027880                              {pd product} {ergonomic}
    uintx ReservedCodeCacheSize                    = 251658240                              {pd product} {ergonomic}
     bool SegmentedCodeCache                       = true                                      {product} {ergonomic}
     bool ShowCodeDetailsInExceptionMessages       = true                                   {manageable} {command line}
   size_t SoftMaxHeapSize                          = 4139778048                             {manageable} {ergonomic}
     bool UseCompressedOops                        = true                           {product lp64_product} {ergonomic}
     bool UseG1GC                                  = true                                      {product} {ergonomic}
     bool UseLargePagesIndividualAllocation        = false                                  {pd product} {ergonomic}

Logging:
Log output configuration:
 #0: stdout all=warning uptime,level,tags foldmultilines=false
 #1: stderr all=off uptime,level,tags foldmultilines=false

Environment Variables:
JAVA_HOME=C:\Program Files\Java\jdk-21
PATH=C:\src\flutter\bin\cache\dart-sdk\bin\;C:\Program Files\platform-tools;C:\src\flutter\bin;C:\Program Files\NVIDIA Corporation\NVIDIA NvDLISR;C:\Program Files\Maven\apache-maven-3.5.4\bin;C:\Program Files\Microsoft VS Code\bin;C:\Program Files\Java\jdk-21\bin;C:\Program Files\dotnet\;C:\Program Files\Java\jdk-21\bin;C:\Program Files\Git\cmd;C:\Windows\System32;C:\Windows\System32\WindowsPowerShell\v1.0;C:\src\flutter\bin;C:\Users\User\Music\software course year 3 sem 1\SECJ3303-03 INTERNET PROGRAMMING\Software installation\apache-maven-3.5.4;C:\Program Files\Java\jdk1.8.0_181\bin;C:\Program Files\Maven\apache-maven-3.9.6\bin;
USERNAME=User
LANG=en_US.UTF-8
OS=Windows_NT
PROCESSOR_IDENTIFIER=AMD64 Family 25 Model 80 Stepping 0, AuthenticAMD
TMP=C:\Users\User\AppData\Local\Temp
TEMP=C:\Users\User\AppData\Local\Temp




Periodic native trim disabled

---------------  S Y S T E M  ---------------

OS:
 Windows 11 , 64 bit Build 22621 (10.0.22621.2506)
OS uptime: 0 days 7:21 hours

CPU: total 16 (initial active 16) (16 cores per cpu, 2 threads per core) family 25 model 80 stepping 0 microcode 0x0, cx8, cmov, fxsr, ht, mmx, 3dnowpref, sse, sse2, sse3, ssse3, sse4a, sse4.1, sse4.2, popcnt, lzcnt, tsc, tscinvbit, avx, avx2, aes, erms, clmul, bmi1, bmi2, adx, sha, fma, vzeroupper, clflush, clflushopt, rdtscp, rdpid, fsrm, f16c, pku, cet_ss
Processor Information for all 16 processors :
  Max Mhz: 3301, Current Mhz: 3301, Mhz Limit: 3301

Memory: 4k page, system-wide physical 15791M (5929M free)
TotalPageFile size 64943M (AvailPageFile size 81M)
current process WorkingSet (physical memory assigned to process): 188M, peak: 280M
current process commit charge ("private bytes"): 243M, peak: 414M

vm_info: Java HotSpot(TM) 64-Bit Server VM (21.0.1+12-LTS-29) for windows-amd64 JRE (21.0.1+12-LTS-29), built on 2023-10-05T13:27:09Z by "mach5one" with MS VC++ 17.1 (VS2022)

END.
