#
# There is insufficient memory for the Java Runtime Environment to continue.
# Native memory allocation (malloc) failed to allocate 1048576 bytes for AllocateHeap
# Possible reasons:
#   The system is out of physical RAM or swap space
#   The process is running with CompressedOops enabled, and the Java Heap may be blocking the growth of the native heap
# Possible solutions:
#   Reduce memory load on the system
#   Increase physical memory or swap space
#   Check if swap backing store is full
#   Decrease Java heap size (-Xmx/-Xms)
#   Decrease number of Java threads
#   Decrease Java thread stack sizes (-Xss)
#   Set larger code cache with -XX:ReservedCodeCacheSize=
#   JVM is running with Unscaled Compressed Oops mode in which the Java heap is
#     placed in the first 4GB address space. The Java Heap base address is the
#     maximum limit for the native heap growth. Please use -XX:HeapBaseMinAddress
#     to set the Java Heap base and to place the Java Heap above 4GB virtual address.
# This output file may be truncated or incomplete.
#
#  Out of Memory Error (allocation.cpp:44), pid=25536, tid=9220
#
# JRE version: OpenJDK Runtime Environment Temurin-17.0.9+9 (17.0.9+9) (build 17.0.9+9)
# Java VM: OpenJDK 64-Bit Server VM Temurin-17.0.9+9 (17.0.9+9, mixed mode, emulated-client, tiered, compressed oops, compressed class ptrs, g1 gc, windows-amd64)
# No core dump will be written. Minidumps are not enabled by default on client versions of Windows
#

---------------  S U M M A R Y ------------

Command Line: -XX:+HeapDumpOnOutOfMemoryError -Xmx1024m -Dsts.lsp.client=vscode -Dsts.log.file=/dev/null -XX:TieredStopAtLevel=1 -Xlog:jni+resolve=off -Dspring.config.location=file:c:\Users\User\.vscode\extensions\vmware.vscode-spring-boot-1.51.0\language-server\BOOT-INF\classes\application.properties org.springframework.ide.vscode.boot.app.BootLanguageServerBootApp

Host: AMD Ryzen 9 5900HX with Radeon Graphics        , 16 cores, 15G,  Windows 11 , 64 bit Build 22621 (10.0.22621.2506)
Time: Mon Dec 25 21:52:33 2023 Malay Peninsula Standard Time elapsed time: 24366.772221 seconds (0d 6h 46m 6s)

---------------  T H R E A D  ---------------

Current thread (0x0000025ee84f1f60):  VMThread "VM Thread" [stack: 0x000000ac7ba00000,0x000000ac7bb00000] [id=9220]

Stack: [0x000000ac7ba00000,0x000000ac7bb00000]
Native frames: (J=compiled Java code, j=interpreted, Vv=VM code, C=native code)
V  [jvm.dll+0x67cf49]
V  [jvm.dll+0x83478a]
V  [jvm.dll+0x83624e]
V  [jvm.dll+0x8368b3]
V  [jvm.dll+0x247f1f]
V  [jvm.dll+0xa6b4b]
V  [jvm.dll+0x2f8e73]
V  [jvm.dll+0x2f4af0]
V  [jvm.dll+0x2dd0d7]
V  [jvm.dll+0x320357]
V  [jvm.dll+0x83adab]
V  [jvm.dll+0x83baf1]
V  [jvm.dll+0x83c00d]
V  [jvm.dll+0x83c3e4]
V  [jvm.dll+0x83c4b0]
V  [jvm.dll+0x7e3c3a]
V  [jvm.dll+0x67be35]
C  [ucrtbase.dll+0x29363]
C  [KERNEL32.DLL+0x1257d]
C  [ntdll.dll+0x5aa58]

VM_Operation (0x000000ac7d9fee00): G1CollectFull, mode: safepoint, requested by thread 0x0000025eee5c8d40


---------------  P R O C E S S  ---------------

Threads class SMR info:
_java_thread_list=0x0000025eed79a480, length=35, elements={
0x0000025ee8506020, 0x0000025ee8507550, 0x0000025ee8549410, 0x0000025ee854c0b0,
0x0000025ee854e130, 0x0000025ee85511b0, 0x0000025ee8551a80, 0x0000025ee8552390,
0x0000025ee87514b0, 0x0000025ee8759c70, 0x0000025eee4b2220, 0x0000025eee5c8d40,
0x0000025eee5ce260, 0x0000025edcb92ec0, 0x0000025eee1ab2f0, 0x0000025eee635c60,
0x0000025eee6330e0, 0x0000025eee631ca0, 0x0000025eee634a30, 0x0000025ee85e6fb0,
0x0000025ee85e2de0, 0x0000025ee85e3800, 0x0000025ee85e79d0, 0x0000025ee85e19a0,
0x0000025ee85e1490, 0x0000025ee85e5b70, 0x0000025ee85e4c40, 0x0000025ee85e1eb0,
0x0000025ee85e0560, 0x0000025ee85e23c0, 0x0000025ee85e5150, 0x0000025ee85e28d0,
0x0000025ee85e5660, 0x0000025ee85e32f0, 0x0000025eee6321b0
}

Java Threads: ( => current thread )
  0x0000025ee8506020 JavaThread "Reference Handler" daemon [_thread_blocked, id=228, stack(0x000000ac7bb00000,0x000000ac7bc00000)]
  0x0000025ee8507550 JavaThread "Finalizer" daemon [_thread_blocked, id=1900, stack(0x000000ac7bc00000,0x000000ac7bd00000)]
  0x0000025ee8549410 JavaThread "Signal Dispatcher" daemon [_thread_blocked, id=4020, stack(0x000000ac7bd00000,0x000000ac7be00000)]
  0x0000025ee854c0b0 JavaThread "Attach Listener" daemon [_thread_blocked, id=17620, stack(0x000000ac7be00000,0x000000ac7bf00000)]
  0x0000025ee854e130 JavaThread "Service Thread" daemon [_thread_blocked, id=27104, stack(0x000000ac7bf00000,0x000000ac7c000000)]
  0x0000025ee85511b0 JavaThread "Monitor Deflation Thread" daemon [_thread_blocked, id=11372, stack(0x000000ac7c000000,0x000000ac7c100000)]
  0x0000025ee8551a80 JavaThread "C1 CompilerThread0" daemon [_thread_blocked, id=14776, stack(0x000000ac7c100000,0x000000ac7c200000)]
  0x0000025ee8552390 JavaThread "Sweeper thread" daemon [_thread_blocked, id=28936, stack(0x000000ac7c200000,0x000000ac7c300000)]
  0x0000025ee87514b0 JavaThread "Notification Thread" daemon [_thread_blocked, id=26492, stack(0x000000ac7c400000,0x000000ac7c500000)]
  0x0000025ee8759c70 JavaThread "Common-Cleaner" daemon [_thread_blocked, id=30628, stack(0x000000ac7c600000,0x000000ac7c700000)]
  0x0000025eee4b2220 JavaThread "boundedElastic-evictor-1" daemon [_thread_blocked, id=30104, stack(0x000000ac7d800000,0x000000ac7d900000)]
  0x0000025eee5c8d40 JavaThread "pool-12-thread-1" [_thread_blocked, id=24220, stack(0x000000ac7d900000,0x000000ac7da00000)]
  0x0000025eee5ce260 JavaThread "LanguageServerApp-lifecycle" [_thread_blocked, id=22368, stack(0x000000ac7da00000,0x000000ac7db00000)]
  0x0000025edcb92ec0 JavaThread "DestroyJavaVM" [_thread_blocked, id=30020, stack(0x000000ac7b400000,0x000000ac7b500000)]
  0x0000025eee1ab2f0 JavaThread "pool-13-thread-1" [_thread_in_native, id=25824, stack(0x000000ac7db00000,0x000000ac7dc00000)]
  0x0000025eee635c60 JavaThread "Simple-Language-Server main thread" daemon [_thread_blocked, id=28040, stack(0x000000ac7dc00000,0x000000ac7dd00000)]
  0x0000025eee6330e0 JavaThread "parallel-1" daemon [_thread_blocked, id=24176, stack(0x000000ac7e100000,0x000000ac7e200000)]
  0x0000025eee631ca0 JavaThread "pool-6-thread-1" [_thread_blocked, id=4492, stack(0x000000ac7e200000,0x000000ac7e300000)]
  0x0000025eee634a30 JavaThread "parallel-2" daemon [_thread_blocked, id=5908, stack(0x000000ac7e300000,0x000000ac7e400000)]
  0x0000025ee85e6fb0 JavaThread "pool-8-thread-1" [_thread_blocked, id=3364, stack(0x000000ac7b300000,0x000000ac7b400000)]
  0x0000025ee85e2de0 JavaThread "parallel-3" daemon [_thread_blocked, id=1916, stack(0x000000ac7c300000,0x000000ac7c400000)]
  0x0000025ee85e3800 JavaThread "Reconciler-1" daemon [_thread_blocked, id=10804, stack(0x000000ac7e000000,0x000000ac7e100000)]
  0x0000025ee85e79d0 JavaThread "parallel-4" daemon [_thread_blocked, id=10232, stack(0x000000ac7e500000,0x000000ac7e600000)]
  0x0000025ee85e19a0 JavaThread "parallel-5" daemon [_thread_blocked, id=20548, stack(0x000000ac7e800000,0x000000ac7e900000)]
  0x0000025ee85e1490 JavaThread "parallel-6" daemon [_thread_blocked, id=30108, stack(0x000000ac7e900000,0x000000ac7ea00000)]
  0x0000025ee85e5b70 JavaThread "parallel-7" daemon [_thread_blocked, id=28276, stack(0x000000ac7eb00000,0x000000ac7ec00000)]
  0x0000025ee85e4c40 JavaThread "parallel-8" daemon [_thread_blocked, id=8044, stack(0x000000ac7ee00000,0x000000ac7ef00000)]
  0x0000025ee85e1eb0 JavaThread "parallel-9" daemon [_thread_blocked, id=22480, stack(0x000000ac7ef00000,0x000000ac7f000000)]
  0x0000025ee85e0560 JavaThread "parallel-10" daemon [_thread_blocked, id=20976, stack(0x000000ac7f000000,0x000000ac7f100000)]
  0x0000025ee85e23c0 JavaThread "parallel-11" daemon [_thread_blocked, id=13176, stack(0x000000ac7f100000,0x000000ac7f200000)]
  0x0000025ee85e5150 JavaThread "parallel-12" daemon [_thread_blocked, id=11572, stack(0x000000ac7f200000,0x000000ac7f300000)]
  0x0000025ee85e28d0 JavaThread "parallel-13" daemon [_thread_blocked, id=5796, stack(0x000000ac7f300000,0x000000ac7f400000)]
  0x0000025ee85e5660 JavaThread "parallel-14" daemon [_thread_blocked, id=29628, stack(0x000000ac7ed00000,0x000000ac7ee00000)]
  0x0000025ee85e32f0 JavaThread "parallel-15" daemon [_thread_blocked, id=29308, stack(0x000000ac7f400000,0x000000ac7f500000)]
  0x0000025eee6321b0 JavaThread "parallel-16" daemon [_thread_blocked, id=13128, stack(0x000000ac7e600000,0x000000ac7e700000)]

Other Threads:
=>0x0000025ee84f1f60 VMThread "VM Thread" [stack: 0x000000ac7ba00000,0x000000ac7bb00000] [id=9220]
  0x0000025ee87529a0 WatcherThread [stack: 0x000000ac7c500000,0x000000ac7c600000] [id=21276]
  0x0000025edcbd2180 GCTaskThread "GC Thread#0" [stack: 0x000000ac7b500000,0x000000ac7b600000] [id=28548]
  0x0000025eed9ba030 GCTaskThread "GC Thread#1" [stack: 0x000000ac7c900000,0x000000ac7ca00000] [id=22684]
  0x0000025eed9b8cb0 GCTaskThread "GC Thread#2" [stack: 0x000000ac7ca00000,0x000000ac7cb00000] [id=23632]
  0x0000025eed9b8f70 GCTaskThread "GC Thread#3" [stack: 0x000000ac7cb00000,0x000000ac7cc00000] [id=7788]
  0x0000025eed9b9230 GCTaskThread "GC Thread#4" [stack: 0x000000ac7cc00000,0x000000ac7cd00000] [id=11992]
  0x0000025eeda834d0 GCTaskThread "GC Thread#5" [stack: 0x000000ac7cd00000,0x000000ac7ce00000] [id=27396]
  0x0000025eedf1fcb0 GCTaskThread "GC Thread#6" [stack: 0x000000ac7cf00000,0x000000ac7d000000] [id=7484]
  0x0000025eededb450 GCTaskThread "GC Thread#7" [stack: 0x000000ac7d000000,0x000000ac7d100000] [id=19788]
  0x0000025eedf3f370 GCTaskThread "GC Thread#8" [stack: 0x000000ac7d100000,0x000000ac7d200000] [id=8132]
  0x0000025eedf41740 GCTaskThread "GC Thread#9" [stack: 0x000000ac7d200000,0x000000ac7d300000] [id=12400]
  0x0000025eedf41480 GCTaskThread "GC Thread#10" [stack: 0x000000ac7d300000,0x000000ac7d400000] [id=29872]
  0x0000025eedf41a00 GCTaskThread "GC Thread#11" [stack: 0x000000ac7d400000,0x000000ac7d500000] [id=972]
  0x0000025eedf41cc0 GCTaskThread "GC Thread#12" [stack: 0x000000ac7ce00000,0x000000ac7cf00000] [id=21376]
  0x0000025edcbdafe0 ConcurrentGCThread "G1 Main Marker" [stack: 0x000000ac7b600000,0x000000ac7b700000] [id=27748]
  0x0000025edcbdb910 ConcurrentGCThread "G1 Conc#0" [stack: 0x000000ac7b700000,0x000000ac7b800000] [id=6496]
  0x0000025eedf42240 ConcurrentGCThread "G1 Conc#1" [stack: 0x000000ac7d500000,0x000000ac7d600000] [id=30508]
  0x0000025eedf40c40 ConcurrentGCThread "G1 Conc#2" [stack: 0x000000ac7d600000,0x000000ac7d700000] [id=2520]
  0x0000025edcc3e8f0 ConcurrentGCThread "G1 Refine#0" [stack: 0x000000ac7b800000,0x000000ac7b900000] [id=22688]
  0x0000025ee8350440 ConcurrentGCThread "G1 Service" [stack: 0x000000ac7b900000,0x000000ac7ba00000] [id=8032]

Threads with active compile tasks:

VM state: at safepoint (normal execution)

VM Mutex/Monitor currently owned by a thread:  ([mutex/lock_event])
[0x0000025eda99e440] Threads_lock - owner thread: 0x0000025ee84f1f60
[0x0000025edcb91470] Heap_lock - owner thread: 0x0000025eee5c8d40

Heap address: 0x00000000c0000000, size: 1024 MB, Compressed Oops mode: 32-bit

CDS archive(s) not mapped
Compressed class space mapped at: 0x0000000100000000-0x0000000140000000, reserved size: 1073741824
Narrow klass base: 0x0000000000000000, Narrow klass shift: 3, Narrow klass range: 0x140000000

GC Precious Log:
 CPUs: 16 total, 16 available
 Memory: 15791M
 Large Page Support: Disabled
 NUMA Support: Disabled
 Compressed Oops: Enabled (32-bit)
 Heap Region Size: 1M
 Heap Min Capacity: 8M
 Heap Initial Capacity: 248M
 Heap Max Capacity: 1G
 Pre-touch: Disabled
 Parallel Workers: 13
 Concurrent Workers: 3
 Concurrent Refinement Workers: 13
 Periodic GC: Disabled

Heap:
 garbage-first heap   total 89088K, used 32744K [0x00000000c0000000, 0x0000000100000000)
  region size 1024K, 1 young (1024K), 0 survivors (0K)
 Metaspace       used 59249K, committed 59648K, reserved 1114112K
  class space    used 7382K, committed 7552K, reserved 1048576K

Heap Regions: E=young(eden), S=young(survivor), O=old, HS=humongous(starts), HC=humongous(continues), CS=collection set, F=free, OA=open archive, CA=closed archive, TAMS=top-at-mark-start (previous, next)
|   0|0x00000000c0000000, 0x00000000c0100000, 0x00000000c0100000|100%|HS|  |TAMS 0x00000000c0100000, 0x00000000c0000000| Untracked 
|   1|0x00000000c0100000, 0x00000000c0200000, 0x00000000c0200000|100%|HC|  |TAMS 0x00000000c0200000, 0x00000000c0100000| Untracked 
|   2|0x00000000c0200000, 0x00000000c0300000, 0x00000000c0300000|100%|HC|  |TAMS 0x00000000c0300000, 0x00000000c0200000| Untracked 
|   3|0x00000000c0300000, 0x00000000c0400000, 0x00000000c0400000|100%|HC|  |TAMS 0x00000000c0400000, 0x00000000c0300000| Untracked 
|   4|0x00000000c0400000, 0x00000000c0500000, 0x00000000c0500000|100%| O|  |TAMS 0x00000000c0500000, 0x00000000c0400000| Untracked 
|   5|0x00000000c0500000, 0x00000000c05fffe0, 0x00000000c0600000| 99%| O|  |TAMS 0x00000000c05fffe0, 0x00000000c0500000| Untracked 
|   6|0x00000000c0600000, 0x00000000c0700000, 0x00000000c0700000|100%| O|  |TAMS 0x00000000c0700000, 0x00000000c0600000| Untracked 
|   7|0x00000000c0700000, 0x00000000c0800000, 0x00000000c0800000|100%| O|  |TAMS 0x00000000c0800000, 0x00000000c0700000| Untracked 
|   8|0x00000000c0800000, 0x00000000c0900000, 0x00000000c0900000|100%| O|  |TAMS 0x00000000c0900000, 0x00000000c0800000| Untracked 
|   9|0x00000000c0900000, 0x00000000c0a00000, 0x00000000c0a00000|100%| O|  |TAMS 0x00000000c0a00000, 0x00000000c0900000| Untracked 
|  10|0x00000000c0a00000, 0x00000000c0afffe0, 0x00000000c0b00000| 99%| O|  |TAMS 0x00000000c0afffe0, 0x00000000c0a00000| Untracked 
|  11|0x00000000c0b00000, 0x00000000c0bfb5f8, 0x00000000c0c00000| 98%| O|  |TAMS 0x00000000c0bfb5f8, 0x00000000c0b00000| Untracked 
|  12|0x00000000c0c00000, 0x00000000c0d00000, 0x00000000c0d00000|100%| O|  |TAMS 0x00000000c0d00000, 0x00000000c0c00000| Untracked 
|  13|0x00000000c0d00000, 0x00000000c0dfffe8, 0x00000000c0e00000| 99%| O|  |TAMS 0x00000000c0dfffe8, 0x00000000c0d00000| Untracked 
|  14|0x00000000c0e00000, 0x00000000c0f00000, 0x00000000c0f00000|100%| O|  |TAMS 0x00000000c0f00000, 0x00000000c0e00000| Untracked 
|  15|0x00000000c0f00000, 0x00000000c1000000, 0x00000000c1000000|100%| O|  |TAMS 0x00000000c1000000, 0x00000000c0f00000| Untracked 
|  16|0x00000000c1000000, 0x00000000c10ffff8, 0x00000000c1100000| 99%| O|  |TAMS 0x00000000c10ffff8, 0x00000000c1000000| Untracked 
|  17|0x00000000c1100000, 0x00000000c11fcd48, 0x00000000c1200000| 98%| O|  |TAMS 0x00000000c11fcd48, 0x00000000c1100000| Untracked 
|  18|0x00000000c1200000, 0x00000000c12fffe0, 0x00000000c1300000| 99%| O|  |TAMS 0x00000000c12fffe0, 0x00000000c1200000| Untracked 
|  19|0x00000000c1300000, 0x00000000c13ffae0, 0x00000000c1400000| 99%| O|  |TAMS 0x00000000c13ffae0, 0x00000000c1300000| Untracked 
|  20|0x00000000c1400000, 0x00000000c14fffc0, 0x00000000c1500000| 99%| O|  |TAMS 0x00000000c14fffc0, 0x00000000c1400000| Untracked 
|  21|0x00000000c1500000, 0x00000000c15fffe0, 0x00000000c1600000| 99%| O|  |TAMS 0x00000000c15fffe0, 0x00000000c1500000| Untracked 
|  22|0x00000000c1600000, 0x00000000c16ffff8, 0x00000000c1700000| 99%| O|  |TAMS 0x00000000c16ffff8, 0x00000000c1600000| Untracked 
|  23|0x00000000c1700000, 0x00000000c1800000, 0x00000000c1800000|100%| O|  |TAMS 0x00000000c1800000, 0x00000000c1700000| Untracked 
|  24|0x00000000c1800000, 0x00000000c1900000, 0x00000000c1900000|100%| O|  |TAMS 0x00000000c1900000, 0x00000000c1800000| Untracked 
|  25|0x00000000c1900000, 0x00000000c1a00000, 0x00000000c1a00000|100%| O|  |TAMS 0x00000000c1a00000, 0x00000000c1900000| Untracked 
|  26|0x00000000c1a00000, 0x00000000c1affff8, 0x00000000c1b00000| 99%| O|  |TAMS 0x00000000c1affff8, 0x00000000c1a00000| Untracked 
|  27|0x00000000c1b00000, 0x00000000c1bff6a8, 0x00000000c1c00000| 99%| O|  |TAMS 0x00000000c1bff6a8, 0x00000000c1b00000| Untracked 
|  28|0x00000000c1c00000, 0x00000000c1cfff60, 0x00000000c1d00000| 99%| O|  |TAMS 0x00000000c1cfff60, 0x00000000c1c00000| Untracked 
|  29|0x00000000c1d00000, 0x00000000c1dff828, 0x00000000c1e00000| 99%| O|  |TAMS 0x00000000c1dff828, 0x00000000c1d00000| Untracked 
|  30|0x00000000c1e00000, 0x00000000c1effff8, 0x00000000c1f00000| 99%| O|  |TAMS 0x00000000c1effff8, 0x00000000c1e00000| Untracked 
|  31|0x00000000c1f00000, 0x00000000c1fd8f78, 0x00000000c2000000| 84%| O|  |TAMS 0x00000000c1f00000, 0x00000000c1f00000| Untracked 
|  32|0x00000000c2000000, 0x00000000c202a5c0, 0x00000000c2100000| 16%| O|  |TAMS 0x00000000c2000000, 0x00000000c2000000| Untracked 
|  33|0x00000000c2100000, 0x00000000c2100000, 0x00000000c2200000|  0%| F|  |TAMS 0x00000000c2100000, 0x00000000c2100000| Untracked 
|  34|0x00000000c2200000, 0x00000000c2200000, 0x00000000c2300000|  0%| F|  |TAMS 0x00000000c2200000, 0x00000000c2200000| Untracked 
|  35|0x00000000c2300000, 0x00000000c2300000, 0x00000000c2400000|  0%| F|  |TAMS 0x00000000c2300000, 0x00000000c2300000| Untracked 
|  36|0x00000000c2400000, 0x00000000c2400000, 0x00000000c2500000|  0%| F|  |TAMS 0x00000000c2400000, 0x00000000c2400000| Untracked 
|  37|0x00000000c2500000, 0x00000000c2500000, 0x00000000c2600000|  0%| F|  |TAMS 0x00000000c2500000, 0x00000000c2500000| Untracked 
|  38|0x00000000c2600000, 0x00000000c2600000, 0x00000000c2700000|  0%| F|  |TAMS 0x00000000c2600000, 0x00000000c2600000| Untracked 
|  39|0x00000000c2700000, 0x00000000c2700000, 0x00000000c2800000|  0%| F|  |TAMS 0x00000000c2700000, 0x00000000c2700000| Untracked 
|  40|0x00000000c2800000, 0x00000000c2800000, 0x00000000c2900000|  0%| F|  |TAMS 0x00000000c2800000, 0x00000000c2800000| Untracked 
|  41|0x00000000c2900000, 0x00000000c2900000, 0x00000000c2a00000|  0%| F|  |TAMS 0x00000000c2900000, 0x00000000c2900000| Untracked 
|  42|0x00000000c2a00000, 0x00000000c2a00000, 0x00000000c2b00000|  0%| F|  |TAMS 0x00000000c2a00000, 0x00000000c2a00000| Untracked 
|  43|0x00000000c2b00000, 0x00000000c2b00000, 0x00000000c2c00000|  0%| F|  |TAMS 0x00000000c2b00000, 0x00000000c2b00000| Untracked 
|  44|0x00000000c2c00000, 0x00000000c2c00000, 0x00000000c2d00000|  0%| F|  |TAMS 0x00000000c2c00000, 0x00000000c2c00000| Untracked 
|  45|0x00000000c2d00000, 0x00000000c2d00000, 0x00000000c2e00000|  0%| F|  |TAMS 0x00000000c2d00000, 0x00000000c2d00000| Untracked 
|  46|0x00000000c2e00000, 0x00000000c2e00000, 0x00000000c2f00000|  0%| F|  |TAMS 0x00000000c2e00000, 0x00000000c2e00000| Untracked 
|  47|0x00000000c2f00000, 0x00000000c2f00000, 0x00000000c3000000|  0%| F|  |TAMS 0x00000000c2f00000, 0x00000000c2f00000| Untracked 
|  48|0x00000000c3000000, 0x00000000c3000000, 0x00000000c3100000|  0%| F|  |TAMS 0x00000000c3000000, 0x00000000c3000000| Untracked 
|  49|0x00000000c3100000, 0x00000000c3100000, 0x00000000c3200000|  0%| F|  |TAMS 0x00000000c3100000, 0x00000000c3100000| Untracked 
|  50|0x00000000c3200000, 0x00000000c3200000, 0x00000000c3300000|  0%| F|  |TAMS 0x00000000c3200000, 0x00000000c3200000| Untracked 
|  51|0x00000000c3300000, 0x00000000c3300000, 0x00000000c3400000|  0%| F|  |TAMS 0x00000000c3300000, 0x00000000c3300000| Untracked 
|  52|0x00000000c3400000, 0x00000000c3400000, 0x00000000c3500000|  0%| F|  |TAMS 0x00000000c3400000, 0x00000000c3400000| Untracked 
|  53|0x00000000c3500000, 0x00000000c3500000, 0x00000000c3600000|  0%| F|  |TAMS 0x00000000c3500000, 0x00000000c3500000| Untracked 
|  54|0x00000000c3600000, 0x00000000c3600000, 0x00000000c3700000|  0%| F|  |TAMS 0x00000000c3600000, 0x00000000c3600000| Untracked 
|  55|0x00000000c3700000, 0x00000000c3700000, 0x00000000c3800000|  0%| F|  |TAMS 0x00000000c3700000, 0x00000000c3700000| Untracked 
|  56|0x00000000c3800000, 0x00000000c3800000, 0x00000000c3900000|  0%| F|  |TAMS 0x00000000c3800000, 0x00000000c3800000| Untracked 
|  57|0x00000000c3900000, 0x00000000c3900000, 0x00000000c3a00000|  0%| F|  |TAMS 0x00000000c3900000, 0x00000000c3900000| Untracked 
|  58|0x00000000c3a00000, 0x00000000c3a00000, 0x00000000c3b00000|  0%| F|  |TAMS 0x00000000c3a00000, 0x00000000c3a00000| Untracked 
|  59|0x00000000c3b00000, 0x00000000c3b00000, 0x00000000c3c00000|  0%| F|  |TAMS 0x00000000c3b00000, 0x00000000c3b00000| Untracked 
|  60|0x00000000c3c00000, 0x00000000c3c00000, 0x00000000c3d00000|  0%| F|  |TAMS 0x00000000c3c00000, 0x00000000c3c00000| Untracked 
|  61|0x00000000c3d00000, 0x00000000c3d00000, 0x00000000c3e00000|  0%| F|  |TAMS 0x00000000c3d00000, 0x00000000c3d00000| Untracked 
|  62|0x00000000c3e00000, 0x00000000c3e00000, 0x00000000c3f00000|  0%| F|  |TAMS 0x00000000c3e00000, 0x00000000c3e00000| Untracked 
|  63|0x00000000c3f00000, 0x00000000c3f00000, 0x00000000c4000000|  0%| F|  |TAMS 0x00000000c3f00000, 0x00000000c3f00000| Untracked 
|  64|0x00000000c4000000, 0x00000000c4000000, 0x00000000c4100000|  0%| F|  |TAMS 0x00000000c4000000, 0x00000000c4000000| Untracked 
|  65|0x00000000c4100000, 0x00000000c4100000, 0x00000000c4200000|  0%| F|  |TAMS 0x00000000c4100000, 0x00000000c4100000| Untracked 
|  66|0x00000000c4200000, 0x00000000c4200000, 0x00000000c4300000|  0%| F|  |TAMS 0x00000000c4200000, 0x00000000c4200000| Untracked 
|  67|0x00000000c4300000, 0x00000000c4300000, 0x00000000c4400000|  0%| F|  |TAMS 0x00000000c4300000, 0x00000000c4300000| Untracked 
|  68|0x00000000c4400000, 0x00000000c4400000, 0x00000000c4500000|  0%| F|  |TAMS 0x00000000c4400000, 0x00000000c4400000| Untracked 
|  69|0x00000000c4500000, 0x00000000c4500000, 0x00000000c4600000|  0%| F|  |TAMS 0x00000000c4500000, 0x00000000c4500000| Untracked 
|  70|0x00000000c4600000, 0x00000000c4600000, 0x00000000c4700000|  0%| F|  |TAMS 0x00000000c4600000, 0x00000000c4600000| Untracked 
|  71|0x00000000c4700000, 0x00000000c4700000, 0x00000000c4800000|  0%| F|  |TAMS 0x00000000c4700000, 0x00000000c4700000| Untracked 
|  72|0x00000000c4800000, 0x00000000c4800000, 0x00000000c4900000|  0%| F|  |TAMS 0x00000000c4800000, 0x00000000c4800000| Untracked 
|  73|0x00000000c4900000, 0x00000000c4900000, 0x00000000c4a00000|  0%| F|  |TAMS 0x00000000c4900000, 0x00000000c4900000| Untracked 
|  74|0x00000000c4a00000, 0x00000000c4a00000, 0x00000000c4b00000|  0%| F|  |TAMS 0x00000000c4a00000, 0x00000000c4a00000| Untracked 
|  75|0x00000000c4b00000, 0x00000000c4b00000, 0x00000000c4c00000|  0%| F|  |TAMS 0x00000000c4b00000, 0x00000000c4b00000| Untracked 
|  76|0x00000000c4c00000, 0x00000000c4c00000, 0x00000000c4d00000|  0%| F|  |TAMS 0x00000000c4c00000, 0x00000000c4c00000| Untracked 
|  77|0x00000000c4d00000, 0x00000000c4d00000, 0x00000000c4e00000|  0%| F|  |TAMS 0x00000000c4d00000, 0x00000000c4d00000| Untracked 
|  78|0x00000000c4e00000, 0x00000000c4e00000, 0x00000000c4f00000|  0%| F|  |TAMS 0x00000000c4e00000, 0x00000000c4e00000| Untracked 
|  79|0x00000000c4f00000, 0x00000000c4f00000, 0x00000000c5000000|  0%| F|  |TAMS 0x00000000c4f00000, 0x00000000c4f00000| Untracked 
|  80|0x00000000c5000000, 0x00000000c5000000, 0x00000000c5100000|  0%| F|  |TAMS 0x00000000c5000000, 0x00000000c5000000| Untracked 
|  81|0x00000000c5100000, 0x00000000c5100000, 0x00000000c5200000|  0%| F|  |TAMS 0x00000000c5100000, 0x00000000c5100000| Untracked 
|  82|0x00000000c5200000, 0x00000000c5200000, 0x00000000c5300000|  0%| F|  |TAMS 0x00000000c5200000, 0x00000000c5200000| Untracked 
|  83|0x00000000c5300000, 0x00000000c5300000, 0x00000000c5400000|  0%| F|  |TAMS 0x00000000c5300000, 0x00000000c5300000| Untracked 
| 110|0x00000000c6e00000, 0x00000000c6e00000, 0x00000000c6f00000|  0%| F|  |TAMS 0x00000000c6e00000, 0x00000000c6e00000| Untracked 
| 111|0x00000000c6f00000, 0x00000000c6f00000, 0x00000000c7000000|  0%| F|  |TAMS 0x00000000c6f00000, 0x00000000c6f00000| Untracked 
| 112|0x00000000c7000000, 0x00000000c700bb60, 0x00000000c7100000|  4%| E|  |TAMS 0x00000000c7000000, 0x00000000c7000000| Complete 

Card table byte_map: [0x0000025ee3080000,0x0000025ee3280000] _byte_map_base: 0x0000025ee2a80000

Marking Bits (Prev, Next): (CMBitMap*) 0x0000025edcbd26f0, (CMBitMap*) 0x0000025edcbd26b0
 Prev Bits: [0x0000025ee4480000, 0x0000025ee5480000)
 Next Bits: [0x0000025ee3480000, 0x0000025ee4480000)

Polling page: 0x0000025edab70000

Metaspace:

Usage:
  Non-class:     50.65 MB used.
      Class:      7.21 MB used.
       Both:     57.86 MB used.

Virtual space:
  Non-class space:       64.00 MB reserved,      50.88 MB ( 79%) committed,  1 nodes.
      Class space:        1.00 GB reserved,       7.38 MB ( <1%) committed,  1 nodes.
             Both:        1.06 GB reserved,      58.25 MB (  5%) committed. 

Chunk freelists:
   Non-Class:  12.53 MB
       Class:  8.58 MB
        Both:  21.12 MB

MaxMetaspaceSize: unlimited
CompressedClassSpaceSize: 1.00 GB
Initial GC threshold: 21.00 MB
Current GC threshold: 97.12 MB
CDS: off
MetaspaceReclaimPolicy: balanced
 - commit_granule_bytes: 65536.
 - commit_granule_words: 8192.
 - virtual_space_node_default_size: 8388608.
 - enlarge_chunks_in_place: 1.
 - new_chunks_are_fully_committed: 0.
 - uncommit_free_chunks: 1.
 - use_allocation_guard: 0.
 - handle_deallocations: 1.


Internal statistics:

num_allocs_failed_limit: 8.
num_arena_births: 796.
num_arena_deaths: 322.
num_vsnodes_births: 2.
num_vsnodes_deaths: 0.
num_space_committed: 932.
num_space_uncommitted: 0.
num_chunks_returned_to_freelist: 407.
num_chunks_taken_from_freelist: 2811.
num_chunk_merges: 111.
num_chunk_splits: 1824.
num_chunks_enlarged: 1347.
num_inconsistent_stats: 0.

CodeCache: size=49152Kb used=12403Kb max_used=13200Kb free=36748Kb
 bounds [0x0000025edf820000, 0x0000025ee0540000, 0x0000025ee2820000]
 total_blobs=7537 nmethods=6866 adapters=596
 compilation: enabled
              stopped_count=0, restarted_count=0
 full_count=0

Compilation events (20 events):
Event: 21920.139 Thread 0x0000025ee8551a80 6858       1       java.util.concurrent.ForkJoinPool::scan (235 bytes)
Event: 21920.140 Thread 0x0000025ee8551a80 nmethod 6858 0x0000025ee045df90 code [0x0000025ee045e220, 0x0000025ee045ed38]
Event: 21920.141 Thread 0x0000025ee8551a80 6859       1       com.google.common.cache.LocalCache::usesKeyReferences (16 bytes)
Event: 21920.141 Thread 0x0000025ee8551a80 nmethod 6859 0x0000025ee045dc90 code [0x0000025ee045de20, 0x0000025ee045df18]
Event: 21920.141 Thread 0x0000025ee8551a80 6860       1       com.google.common.cache.LocalCache::usesValueReferences (16 bytes)
Event: 21920.141 Thread 0x0000025ee8551a80 nmethod 6860 0x0000025ee045d990 code [0x0000025ee045db20, 0x0000025ee045dc18]
Event: 21920.143 Thread 0x0000025ee8551a80 6861       1       org.eclipse.jdt.internal.compiler.classfmt.ClassFileStruct::i4At (69 bytes)
Event: 21920.143 Thread 0x0000025ee8551a80 nmethod 6861 0x0000025ee045d590 code [0x0000025ee045d720, 0x0000025ee045d878]
Event: 21920.146 Thread 0x0000025ee8551a80 6862       1       org.eclipse.jdt.internal.compiler.env.ITypeAnnotationWalker$1::toWildcardBound (2 bytes)
Event: 21920.146 Thread 0x0000025ee8551a80 nmethod 6862 0x0000025ee045d290 code [0x0000025ee045d420, 0x0000025ee045d4f8]
Event: 21920.146 Thread 0x0000025ee8551a80 6863       1       org.eclipse.jdt.internal.compiler.lookup.ModuleBinding$UnNamedModule::getAllRequiredModules (4 bytes)
Event: 21920.146 Thread 0x0000025ee8551a80 nmethod 6863 0x0000025ee045cf90 code [0x0000025ee045d120, 0x0000025ee045d1f8]
Event: 21920.146 Thread 0x0000025ee8551a80 6864       1       org.eclipse.jdt.internal.compiler.classfmt.AnnotationInfo::readRetentionPolicy (302 bytes)
Event: 21920.147 Thread 0x0000025ee8551a80 nmethod 6864 0x0000025ee045c310 code [0x0000025ee045c520, 0x0000025ee045cb08]
Event: 21920.147 Thread 0x0000025ee8551a80 6866       1       org.eclipse.jdt.internal.compiler.lookup.BinaryTypeBinding::scanTypeForContainerAnnotation (144 bytes)
Event: 21920.147 Thread 0x0000025ee8551a80 nmethod 6866 0x0000025ee045b810 code [0x0000025ee045ba00, 0x0000025ee045bf98]
Event: 21920.147 Thread 0x0000025ee8551a80 6865       1       org.eclipse.jdt.internal.compiler.ast.Annotation::getRetentionPolicy (92 bytes)
Event: 21920.148 Thread 0x0000025ee8551a80 nmethod 6865 0x0000025ee045b290 code [0x0000025ee045b460, 0x0000025ee045b6c8]
Event: 21920.398 Thread 0x0000025ee8551a80 6867       1       org.springframework.ide.vscode.commons.java.ClasspathData::getClasspathEntries (5 bytes)
Event: 21920.398 Thread 0x0000025ee8551a80 nmethod 6867 0x0000025ee045af90 code [0x0000025ee045b120, 0x0000025ee045b1f8]

GC Heap History (20 events):
Event: 24164.645 GC heap before
{Heap before GC invocations=911 (full 895):
 garbage-first heap   total 89088K, used 32744K [0x00000000c0000000, 0x0000000100000000)
  region size 1024K, 1 young (1024K), 0 survivors (0K)
 Metaspace       used 59249K, committed 59648K, reserved 1114112K
  class space    used 7382K, committed 7552K, reserved 1048576K
}
Event: 24164.667 GC heap after
{Heap after GC invocations=912 (full 896):
 garbage-first heap   total 89088K, used 32744K [0x00000000c0000000, 0x0000000100000000)
  region size 1024K, 0 young (0K), 0 survivors (0K)
 Metaspace       used 59249K, committed 59648K, reserved 1114112K
  class space    used 7382K, committed 7552K, reserved 1048576K
}
Event: 24204.830 GC heap before
{Heap before GC invocations=912 (full 896):
 garbage-first heap   total 89088K, used 32744K [0x00000000c0000000, 0x0000000100000000)
  region size 1024K, 1 young (1024K), 0 survivors (0K)
 Metaspace       used 59249K, committed 59648K, reserved 1114112K
  class space    used 7382K, committed 7552K, reserved 1048576K
}
Event: 24204.850 GC heap after
{Heap after GC invocations=913 (full 897):
 garbage-first heap   total 89088K, used 32744K [0x00000000c0000000, 0x0000000100000000)
  region size 1024K, 0 young (0K), 0 survivors (0K)
 Metaspace       used 59249K, committed 59648K, reserved 1114112K
  class space    used 7382K, committed 7552K, reserved 1048576K
}
Event: 24215.026 GC heap before
{Heap before GC invocations=913 (full 897):
 garbage-first heap   total 89088K, used 32744K [0x00000000c0000000, 0x0000000100000000)
  region size 1024K, 1 young (1024K), 0 survivors (0K)
 Metaspace       used 59249K, committed 59648K, reserved 1114112K
  class space    used 7382K, committed 7552K, reserved 1048576K
}
Event: 24215.046 GC heap after
{Heap after GC invocations=914 (full 898):
 garbage-first heap   total 89088K, used 32744K [0x00000000c0000000, 0x0000000100000000)
  region size 1024K, 0 young (0K), 0 survivors (0K)
 Metaspace       used 59249K, committed 59648K, reserved 1114112K
  class space    used 7382K, committed 7552K, reserved 1048576K
}
Event: 24225.210 GC heap before
{Heap before GC invocations=914 (full 898):
 garbage-first heap   total 89088K, used 32744K [0x00000000c0000000, 0x0000000100000000)
  region size 1024K, 1 young (1024K), 0 survivors (0K)
 Metaspace       used 59249K, committed 59648K, reserved 1114112K
  class space    used 7382K, committed 7552K, reserved 1048576K
}
Event: 24225.235 GC heap after
{Heap after GC invocations=915 (full 899):
 garbage-first heap   total 89088K, used 32744K [0x00000000c0000000, 0x0000000100000000)
  region size 1024K, 0 young (0K), 0 survivors (0K)
 Metaspace       used 59249K, committed 59648K, reserved 1114112K
  class space    used 7382K, committed 7552K, reserved 1048576K
}
Event: 24235.399 GC heap before
{Heap before GC invocations=915 (full 899):
 garbage-first heap   total 89088K, used 32744K [0x00000000c0000000, 0x0000000100000000)
  region size 1024K, 1 young (1024K), 0 survivors (0K)
 Metaspace       used 59249K, committed 59648K, reserved 1114112K
  class space    used 7382K, committed 7552K, reserved 1048576K
}
Event: 24235.420 GC heap after
{Heap after GC invocations=916 (full 900):
 garbage-first heap   total 89088K, used 32744K [0x00000000c0000000, 0x0000000100000000)
  region size 1024K, 0 young (0K), 0 survivors (0K)
 Metaspace       used 59249K, committed 59648K, reserved 1114112K
  class space    used 7382K, committed 7552K, reserved 1048576K
}
Event: 24315.831 GC heap before
{Heap before GC invocations=916 (full 900):
 garbage-first heap   total 89088K, used 32744K [0x00000000c0000000, 0x0000000100000000)
  region size 1024K, 1 young (1024K), 0 survivors (0K)
 Metaspace       used 59249K, committed 59648K, reserved 1114112K
  class space    used 7382K, committed 7552K, reserved 1048576K
}
Event: 24315.854 GC heap after
{Heap after GC invocations=917 (full 901):
 garbage-first heap   total 89088K, used 32744K [0x00000000c0000000, 0x0000000100000000)
  region size 1024K, 0 young (0K), 0 survivors (0K)
 Metaspace       used 59249K, committed 59648K, reserved 1114112K
  class space    used 7382K, committed 7552K, reserved 1048576K
}
Event: 24326.074 GC heap before
{Heap before GC invocations=917 (full 901):
 garbage-first heap   total 89088K, used 32744K [0x00000000c0000000, 0x0000000100000000)
  region size 1024K, 1 young (1024K), 0 survivors (0K)
 Metaspace       used 59249K, committed 59648K, reserved 1114112K
  class space    used 7382K, committed 7552K, reserved 1048576K
}
Event: 24326.101 GC heap after
{Heap after GC invocations=918 (full 902):
 garbage-first heap   total 89088K, used 32744K [0x00000000c0000000, 0x0000000100000000)
  region size 1024K, 0 young (0K), 0 survivors (0K)
 Metaspace       used 59249K, committed 59648K, reserved 1114112K
  class space    used 7382K, committed 7552K, reserved 1048576K
}
Event: 24336.241 GC heap before
{Heap before GC invocations=918 (full 902):
 garbage-first heap   total 89088K, used 32744K [0x00000000c0000000, 0x0000000100000000)
  region size 1024K, 1 young (1024K), 0 survivors (0K)
 Metaspace       used 59249K, committed 59648K, reserved 1114112K
  class space    used 7382K, committed 7552K, reserved 1048576K
}
Event: 24336.262 GC heap after
{Heap after GC invocations=919 (full 903):
 garbage-first heap   total 89088K, used 32744K [0x00000000c0000000, 0x0000000100000000)
  region size 1024K, 0 young (0K), 0 survivors (0K)
 Metaspace       used 59249K, committed 59648K, reserved 1114112K
  class space    used 7382K, committed 7552K, reserved 1048576K
}
Event: 24346.464 GC heap before
{Heap before GC invocations=919 (full 903):
 garbage-first heap   total 89088K, used 32744K [0x00000000c0000000, 0x0000000100000000)
  region size 1024K, 1 young (1024K), 0 survivors (0K)
 Metaspace       used 59249K, committed 59648K, reserved 1114112K
  class space    used 7382K, committed 7552K, reserved 1048576K
}
Event: 24346.486 GC heap after
{Heap after GC invocations=920 (full 904):
 garbage-first heap   total 89088K, used 32744K [0x00000000c0000000, 0x0000000100000000)
  region size 1024K, 0 young (0K), 0 survivors (0K)
 Metaspace       used 59249K, committed 59648K, reserved 1114112K
  class space    used 7382K, committed 7552K, reserved 1048576K
}
Event: 24356.704 GC heap before
{Heap before GC invocations=920 (full 904):
 garbage-first heap   total 89088K, used 32744K [0x00000000c0000000, 0x0000000100000000)
  region size 1024K, 1 young (1024K), 0 survivors (0K)
 Metaspace       used 59249K, committed 59648K, reserved 1114112K
  class space    used 7382K, committed 7552K, reserved 1048576K
}
Event: 24356.724 GC heap after
{Heap after GC invocations=921 (full 905):
 garbage-first heap   total 89088K, used 32744K [0x00000000c0000000, 0x0000000100000000)
  region size 1024K, 0 young (0K), 0 survivors (0K)
 Metaspace       used 59249K, committed 59648K, reserved 1114112K
  class space    used 7382K, committed 7552K, reserved 1048576K
}

Dll operation events (9 events):
Event: 0.017 Loaded shared library c:\Users\User\.vscode\extensions\redhat.java-1.25.1-win32-x64\jre\17.0.9-win32-x86_64\bin\java.dll
Event: 0.430 Loaded shared library C:\Users\User\.vscode\extensions\redhat.java-1.25.1-win32-x64\jre\17.0.9-win32-x86_64\bin\net.dll
Event: 0.433 Loaded shared library C:\Users\User\.vscode\extensions\redhat.java-1.25.1-win32-x64\jre\17.0.9-win32-x86_64\bin\nio.dll
Event: 0.441 Loaded shared library C:\Users\User\.vscode\extensions\redhat.java-1.25.1-win32-x64\jre\17.0.9-win32-x86_64\bin\zip.dll
Event: 0.844 Loaded shared library C:\Users\User\.vscode\extensions\redhat.java-1.25.1-win32-x64\jre\17.0.9-win32-x86_64\bin\jimage.dll
Event: 3.491 Loaded shared library c:\Users\User\.vscode\extensions\redhat.java-1.25.1-win32-x64\jre\17.0.9-win32-x86_64\bin\verify.dll
Event: 3.979 Loaded shared library C:\Users\User\.vscode\extensions\redhat.java-1.25.1-win32-x64\jre\17.0.9-win32-x86_64\bin\management.dll
Event: 3.986 Loaded shared library C:\Users\User\.vscode\extensions\redhat.java-1.25.1-win32-x64\jre\17.0.9-win32-x86_64\bin\management_ext.dll
Event: 5.068 Loaded shared library C:\Users\User\.vscode\extensions\redhat.java-1.25.1-win32-x64\jre\17.0.9-win32-x86_64\bin\sunmscapi.dll

Deoptimization events (20 events):
Event: 309.186 Thread 0x0000025ee85e74c0 DEOPT PACKING pc=0x0000025edfb2836e sp=0x000000ac7defd4c0
Event: 309.186 Thread 0x0000025ee85e74c0 DEOPT UNPACKING pc=0x0000025edf877143 sp=0x000000ac7defc9b8 mode 3
Event: 312.382 Thread 0x0000025eee631ca0 DEOPT PACKING pc=0x0000025ee01ad08c sp=0x000000ac7e2fe1e0
Event: 312.382 Thread 0x0000025eee631ca0 DEOPT UNPACKING pc=0x0000025edf877143 sp=0x000000ac7e2fd748 mode 0
Event: 312.382 Thread 0x0000025eee631ca0 DEOPT PACKING pc=0x0000025ee02b984c sp=0x000000ac7e2fe310
Event: 312.382 Thread 0x0000025eee631ca0 DEOPT UNPACKING pc=0x0000025edf877143 sp=0x000000ac7e2fd7f0 mode 0
Event: 312.382 Thread 0x0000025eee631ca0 DEOPT PACKING pc=0x0000025ee01ad08c sp=0x000000ac7e2fe440
Event: 312.382 Thread 0x0000025eee631ca0 DEOPT UNPACKING pc=0x0000025edf877143 sp=0x000000ac7e2fd9a8 mode 0
Event: 312.382 Thread 0x0000025eee631ca0 DEOPT PACKING pc=0x0000025ee02b984c sp=0x000000ac7e2fe570
Event: 312.382 Thread 0x0000025eee631ca0 DEOPT UNPACKING pc=0x0000025edf877143 sp=0x000000ac7e2fda68 mode 0
Event: 312.383 Thread 0x0000025eee631ca0 DEOPT PACKING pc=0x0000025ee01ad08c sp=0x000000ac7e2fe8e0
Event: 312.383 Thread 0x0000025eee631ca0 DEOPT UNPACKING pc=0x0000025edf877143 sp=0x000000ac7e2fde48 mode 0
Event: 312.383 Thread 0x0000025eee631ca0 DEOPT PACKING pc=0x0000025ee02b984c sp=0x000000ac7e2fea10
Event: 312.383 Thread 0x0000025eee631ca0 DEOPT UNPACKING pc=0x0000025edf877143 sp=0x000000ac7e2fdf08 mode 0
Event: 6673.838 Thread 0x0000025ee85e3800 DEOPT PACKING pc=0x0000025ee029f1fd sp=0x000000ac7e0fd400
Event: 6673.838 Thread 0x0000025ee85e3800 DEOPT UNPACKING pc=0x0000025edf877143 sp=0x000000ac7e0fc968 mode 3
Event: 10873.563 Thread 0x0000025eee634520 DEOPT PACKING pc=0x0000025ee03934a0 sp=0x000000ac7c7fd0a0
Event: 10873.563 Thread 0x0000025eee634520 DEOPT UNPACKING pc=0x0000025edf877143 sp=0x000000ac7c7fc520 mode 3
Event: 21100.642 Thread 0x0000025eee634f40 DEOPT PACKING pc=0x0000025ee046b036 sp=0x000000ac7c8fce00
Event: 21100.642 Thread 0x0000025eee634f40 DEOPT UNPACKING pc=0x0000025edf877143 sp=0x000000ac7c8fc2f8 mode 3

Classes unloaded (20 events):
Event: 451.959 Thread 0x0000025ee84f1f60 Unloading class 0x00000001003a1c00 'jdk/internal/reflect/GeneratedMethodAccessor15'
Event: 451.959 Thread 0x0000025ee84f1f60 Unloading class 0x0000000100096000 'jdk/internal/reflect/GeneratedMethodAccessor14'
Event: 451.959 Thread 0x0000025ee84f1f60 Unloading class 0x0000000100746c00 'jdk/internal/reflect/GeneratedMethodAccessor13'
Event: 6806.983 Thread 0x0000025ee84f1f60 Unloading class 0x0000000100747400 'java/lang/invoke/LambdaForm$MH+0x0000000100747400'
Event: 6806.983 Thread 0x0000025ee84f1f60 Unloading class 0x0000000100747000 'java/lang/invoke/LambdaForm$MH+0x0000000100747000'
Event: 6806.983 Thread 0x0000025ee84f1f60 Unloading class 0x000000010070c000 'java/lang/invoke/LambdaForm$MH+0x000000010070c000'
Event: 6806.983 Thread 0x0000025ee84f1f60 Unloading class 0x000000010070c800 'java/lang/invoke/LambdaForm$MH+0x000000010070c800'
Event: 6806.983 Thread 0x0000025ee84f1f60 Unloading class 0x000000010070d800 'java/lang/invoke/LambdaForm$MH+0x000000010070d800'
Event: 6806.983 Thread 0x0000025ee84f1f60 Unloading class 0x00000001005a0c00 'java/lang/invoke/LambdaForm$MH+0x00000001005a0c00'
Event: 6806.983 Thread 0x0000025ee84f1f60 Unloading class 0x0000000100579000 'java/lang/invoke/LambdaForm$MH+0x0000000100579000'
Event: 6806.983 Thread 0x0000025ee84f1f60 Unloading class 0x0000000100578800 'java/lang/invoke/LambdaForm$MH+0x0000000100578800'
Event: 6806.983 Thread 0x0000025ee84f1f60 Unloading class 0x000000010074d000 'java/lang/invoke/LambdaForm$MH+0x000000010074d000'
Event: 6806.983 Thread 0x0000025ee84f1f60 Unloading class 0x0000000100758000 'java/lang/invoke/LambdaForm$MH+0x0000000100758000'
Event: 6806.983 Thread 0x0000025ee84f1f60 Unloading class 0x0000000100096000 'java/lang/invoke/LambdaForm$MH+0x0000000100096000'
Event: 6806.983 Thread 0x0000025ee84f1f60 Unloading class 0x00000001003a1c00 'java/lang/invoke/LambdaForm$MH+0x00000001003a1c00'
Event: 6806.983 Thread 0x0000025ee84f1f60 Unloading class 0x00000001003a2c00 'java/lang/invoke/LambdaForm$MH+0x00000001003a2c00'
Event: 6806.983 Thread 0x0000025ee84f1f60 Unloading class 0x00000001003b1000 'java/lang/invoke/LambdaForm$MH+0x00000001003b1000'
Event: 6806.983 Thread 0x0000025ee84f1f60 Unloading class 0x0000000100508400 'java/lang/invoke/LambdaForm$MH+0x0000000100508400'
Event: 6806.983 Thread 0x0000025ee84f1f60 Unloading class 0x0000000100530000 'java/lang/invoke/LambdaForm$MH+0x0000000100530000'
Event: 11793.748 Thread 0x0000025ee84f1f60 Unloading class 0x00000001005a0c00 'jdk/internal/reflect/GeneratedConstructorAccessor56'

Classes redefined (0 events):
No events

Internal exceptions (20 events):
Event: 6673.812 Thread 0x0000025ee85e3800 Exception <a 'sun/nio/fs/WindowsException'{0x00000000c6f3a0b8}> (0x00000000c6f3a0b8) 
thrown [s\src\hotspot\share\prims\jni.cpp, line 516]
Event: 6673.812 Thread 0x0000025ee85e3800 Exception <a 'sun/nio/fs/WindowsException'{0x00000000c6f3b130}> (0x00000000c6f3b130) 
thrown [s\src\hotspot\share\prims\jni.cpp, line 516]
Event: 6673.812 Thread 0x0000025ee85e3800 Exception <a 'sun/nio/fs/WindowsException'{0x00000000c6f3b638}> (0x00000000c6f3b638) 
thrown [s\src\hotspot\share\prims\jni.cpp, line 516]
Event: 6673.812 Thread 0x0000025ee85e3800 Exception <a 'sun/nio/fs/WindowsException'{0x00000000c6f3c468}> (0x00000000c6f3c468) 
thrown [s\src\hotspot\share\prims\jni.cpp, line 516]
Event: 6673.812 Thread 0x0000025ee85e3800 Exception <a 'sun/nio/fs/WindowsException'{0x00000000c6f3cdd8}> (0x00000000c6f3cdd8) 
thrown [s\src\hotspot\share\prims\jni.cpp, line 516]
Event: 6673.812 Thread 0x0000025ee85e3800 Exception <a 'sun/nio/fs/WindowsException'{0x00000000c6f3d2a0}> (0x00000000c6f3d2a0) 
thrown [s\src\hotspot\share\prims\jni.cpp, line 516]
Event: 6673.812 Thread 0x0000025ee85e3800 Exception <a 'sun/nio/fs/WindowsException'{0x00000000c6f3e318}> (0x00000000c6f3e318) 
thrown [s\src\hotspot\share\prims\jni.cpp, line 516]
Event: 6673.812 Thread 0x0000025ee85e3800 Exception <a 'sun/nio/fs/WindowsException'{0x00000000c6f3e820}> (0x00000000c6f3e820) 
thrown [s\src\hotspot\share\prims\jni.cpp, line 516]
Event: 6673.893 Thread 0x0000025ee85e3800 Exception <a 'sun/nio/fs/WindowsException'{0x00000000c4ddb430}> (0x00000000c4ddb430) 
thrown [s\src\hotspot\share\prims\jni.cpp, line 516]
Event: 6673.893 Thread 0x0000025ee85e3800 Exception <a 'sun/nio/fs/WindowsException'{0x00000000c4ddbd60}> (0x00000000c4ddbd60) 
thrown [s\src\hotspot\share\prims\jni.cpp, line 516]
Event: 6673.893 Thread 0x0000025ee85e3800 Exception <a 'sun/nio/fs/WindowsException'{0x00000000c4ddc208}> (0x00000000c4ddc208) 
thrown [s\src\hotspot\share\prims\jni.cpp, line 516]
Event: 6673.893 Thread 0x0000025ee85e3800 Exception <a 'sun/nio/fs/WindowsException'{0x00000000c4ddd258}> (0x00000000c4ddd258) 
thrown [s\src\hotspot\share\prims\jni.cpp, line 516]
Event: 6673.893 Thread 0x0000025ee85e3800 Exception <a 'sun/nio/fs/WindowsException'{0x00000000c4ddd768}> (0x00000000c4ddd768) 
thrown [s\src\hotspot\share\prims\jni.cpp, line 516]
Event: 6673.893 Thread 0x0000025ee85e3800 Exception <a 'sun/nio/fs/WindowsException'{0x00000000c4dde570}> (0x00000000c4dde570) 
thrown [s\src\hotspot\share\prims\jni.cpp, line 516]
Event: 6673.893 Thread 0x0000025ee85e3800 Exception <a 'sun/nio/fs/WindowsException'{0x00000000c4ddeee0}> (0x00000000c4ddeee0) 
thrown [s\src\hotspot\share\prims\jni.cpp, line 516]
Event: 6673.893 Thread 0x0000025ee85e3800 Exception <a 'sun/nio/fs/WindowsException'{0x00000000c4ddf3a8}> (0x00000000c4ddf3a8) 
thrown [s\src\hotspot\share\prims\jni.cpp, line 516]
Event: 6673.893 Thread 0x0000025ee85e3800 Exception <a 'sun/nio/fs/WindowsException'{0x00000000c4de0420}> (0x00000000c4de0420) 
thrown [s\src\hotspot\share\prims\jni.cpp, line 516]
Event: 6673.893 Thread 0x0000025ee85e3800 Exception <a 'sun/nio/fs/WindowsException'{0x00000000c4de0928}> (0x00000000c4de0928) 
thrown [s\src\hotspot\share\prims\jni.cpp, line 516]
Event: 10873.562 Thread 0x0000025eee634520 Implicit null exception at 0x0000025ee039325a to 0x0000025ee039349b
Event: 21100.642 Thread 0x0000025eee634f40 Implicit null exception at 0x0000025ee046a4e2 to 0x0000025ee046b031

VM Operations (20 events):
Event: 24164.667 Executing VM operation: G1CollectFull done
Event: 24204.830 Executing VM operation: G1CollectFull
Event: 24204.850 Executing VM operation: G1CollectFull done
Event: 24215.026 Executing VM operation: G1CollectFull
Event: 24215.046 Executing VM operation: G1CollectFull done
Event: 24225.210 Executing VM operation: G1CollectFull
Event: 24225.235 Executing VM operation: G1CollectFull done
Event: 24235.399 Executing VM operation: G1CollectFull
Event: 24235.421 Executing VM operation: G1CollectFull done
Event: 24315.831 Executing VM operation: G1CollectFull
Event: 24315.854 Executing VM operation: G1CollectFull done
Event: 24326.073 Executing VM operation: G1CollectFull
Event: 24326.101 Executing VM operation: G1CollectFull done
Event: 24336.241 Executing VM operation: G1CollectFull
Event: 24336.262 Executing VM operation: G1CollectFull done
Event: 24346.463 Executing VM operation: G1CollectFull
Event: 24346.486 Executing VM operation: G1CollectFull done
Event: 24356.704 Executing VM operation: G1CollectFull
Event: 24356.724 Executing VM operation: G1CollectFull done
Event: 24366.766 Executing VM operation: G1CollectFull

Events (20 events):
Event: 22369.404 Thread 0x0000025eee634520 Thread added: 0x0000025eee634520
Event: 22715.793 Thread 0x0000025eee634520 Thread exited: 0x0000025eee634520
Event: 22765.232 Thread 0x0000025eee633b00 Thread added: 0x0000025eee633b00
Event: 22914.358 Thread 0x0000025eee633b00 Thread exited: 0x0000025eee633b00
Event: 22963.848 Thread 0x0000025eee634f40 Thread added: 0x0000025eee634f40
Event: 23074.132 Thread 0x0000025eee634f40 Thread exited: 0x0000025eee634f40
Event: 23262.357 Thread 0x0000025eee632bd0 Thread added: 0x0000025eee632bd0
Event: 23322.369 Thread 0x0000025eee632bd0 Thread exited: 0x0000025eee632bd0
Event: 23324.460 Thread 0x0000025eee6335f0 Thread added: 0x0000025eee6335f0
Event: 23464.181 Thread 0x0000025eee6335f0 Thread exited: 0x0000025eee6335f0
Event: 23540.776 Thread 0x0000025eee632bd0 Thread added: 0x0000025eee632bd0
Event: 23635.237 Thread 0x0000025eee632bd0 Thread exited: 0x0000025eee632bd0
Event: 23678.287 Thread 0x0000025eee633b00 Thread added: 0x0000025eee633b00
Event: 23762.868 Thread 0x0000025eee633b00 Thread exited: 0x0000025eee633b00
Event: 23810.430 Thread 0x0000025eee632bd0 Thread added: 0x0000025eee632bd0
Event: 24083.911 Thread 0x0000025eee632bd0 Thread exited: 0x0000025eee632bd0
Event: 24172.769 Thread 0x0000025eee6335f0 Thread added: 0x0000025eee6335f0
Event: 24232.780 Thread 0x0000025eee6335f0 Thread exited: 0x0000025eee6335f0
Event: 24243.725 Thread 0x0000025eee632bd0 Thread added: 0x0000025eee632bd0
Event: 24335.650 Thread 0x0000025eee632bd0 Thread exited: 0x0000025eee632bd0


Dynamic libraries:
0x00007ff6fdde0000 - 0x00007ff6fddee000 	c:\Users\User\.vscode\extensions\redhat.java-1.25.1-win32-x64\jre\17.0.9-win32-x86_64\bin\java.exe
0x00007fff170d0000 - 0x00007fff172e7000 	C:\WINDOWS\SYSTEM32\ntdll.dll
0x00007fff15130000 - 0x00007fff151f4000 	C:\WINDOWS\System32\KERNEL32.DLL
0x00007fff14760000 - 0x00007fff14b06000 	C:\WINDOWS\System32\KERNELBASE.dll
0x00007fff14d00000 - 0x00007fff14e11000 	C:\WINDOWS\System32\ucrtbase.dll
0x00007fff045f0000 - 0x00007fff0460b000 	c:\Users\User\.vscode\extensions\redhat.java-1.25.1-win32-x64\jre\17.0.9-win32-x86_64\bin\VCRUNTIME140.dll
0x00007fff046c0000 - 0x00007fff046d7000 	c:\Users\User\.vscode\extensions\redhat.java-1.25.1-win32-x64\jre\17.0.9-win32-x86_64\bin\jli.dll
0x00007fff14e20000 - 0x00007fff14fce000 	C:\WINDOWS\System32\USER32.dll
0x00007fff14bb0000 - 0x00007fff14bd6000 	C:\WINDOWS\System32\win32u.dll
0x00007fff167b0000 - 0x00007fff167d9000 	C:\WINDOWS\System32\GDI32.dll
0x00007fff00a50000 - 0x00007fff00ce3000 	C:\WINDOWS\WinSxS\amd64_microsoft.windows.common-controls_6595b64144ccf1df_6.0.22621.2506_none_270c5ae97388e100\COMCTL32.dll
0x00007fff14be0000 - 0x00007fff14cf8000 	C:\WINDOWS\System32\gdi32full.dll
0x00007fff16870000 - 0x00007fff16917000 	C:\WINDOWS\System32\msvcrt.dll
0x00007fff14b10000 - 0x00007fff14baa000 	C:\WINDOWS\System32\msvcp_win.dll
0x00007fff164e0000 - 0x00007fff16511000 	C:\WINDOWS\System32\IMM32.DLL
0x00007fff0f520000 - 0x00007fff0f52c000 	c:\Users\User\.vscode\extensions\redhat.java-1.25.1-win32-x64\jre\17.0.9-win32-x86_64\bin\vcruntime140_1.dll
0x00007ffecd770000 - 0x00007ffecd7fd000 	c:\Users\User\.vscode\extensions\redhat.java-1.25.1-win32-x64\jre\17.0.9-win32-x86_64\bin\msvcp140.dll
0x00007ffe67a40000 - 0x00007ffe686a1000 	c:\Users\User\.vscode\extensions\redhat.java-1.25.1-win32-x64\jre\17.0.9-win32-x86_64\bin\server\jvm.dll
0x00007fff16320000 - 0x00007fff163d1000 	C:\WINDOWS\System32\ADVAPI32.dll
0x00007fff16f00000 - 0x00007fff16fa5000 	C:\WINDOWS\System32\sechost.dll
0x00007fff15e60000 - 0x00007fff15f77000 	C:\WINDOWS\System32\RPCRT4.dll
0x00007fff0f4f0000 - 0x00007fff0f4f9000 	C:\WINDOWS\SYSTEM32\WSOCK32.dll
0x00007fff13cb0000 - 0x00007fff13cfd000 	C:\WINDOWS\SYSTEM32\POWRPROF.dll
0x00007fff0bd90000 - 0x00007fff0bdc4000 	C:\WINDOWS\SYSTEM32\WINMM.dll
0x00007fff0ad60000 - 0x00007fff0ad6a000 	C:\WINDOWS\SYSTEM32\VERSION.dll
0x00007fff169a0000 - 0x00007fff16a11000 	C:\WINDOWS\System32\WS2_32.dll
0x00007fff13c90000 - 0x00007fff13ca3000 	C:\WINDOWS\SYSTEM32\UMPDC.dll
0x00007fff13440000 - 0x00007fff13458000 	C:\WINDOWS\SYSTEM32\kernel.appcore.dll
0x00007fff0f3e0000 - 0x00007fff0f3ea000 	c:\Users\User\.vscode\extensions\redhat.java-1.25.1-win32-x64\jre\17.0.9-win32-x86_64\bin\jimage.dll
0x00007fff11bf0000 - 0x00007fff11e23000 	C:\WINDOWS\SYSTEM32\DBGHELP.DLL
0x00007fff15f80000 - 0x00007fff16309000 	C:\WINDOWS\System32\combase.dll
0x00007fff15c20000 - 0x00007fff15cf7000 	C:\WINDOWS\System32\OLEAUT32.dll
0x00007fff07e90000 - 0x00007fff07ec2000 	C:\WINDOWS\SYSTEM32\dbgcore.DLL
0x00007fff14620000 - 0x00007fff1469a000 	C:\WINDOWS\System32\bcryptPrimitives.dll
0x00007ffece7e0000 - 0x00007ffece805000 	c:\Users\User\.vscode\extensions\redhat.java-1.25.1-win32-x64\jre\17.0.9-win32-x86_64\bin\java.dll
0x00007fff005f0000 - 0x00007fff00608000 	c:\Users\User\.vscode\extensions\redhat.java-1.25.1-win32-x64\jre\17.0.9-win32-x86_64\bin\zip.dll
0x00007fff15200000 - 0x00007fff15a5a000 	C:\WINDOWS\System32\SHELL32.dll
0x00007fff12360000 - 0x00007fff12c56000 	C:\WINDOWS\SYSTEM32\windows.storage.dll
0x00007fff12220000 - 0x00007fff1235e000 	C:\WINDOWS\SYSTEM32\wintypes.dll
0x00007fff163e0000 - 0x00007fff164d3000 	C:\WINDOWS\System32\SHCORE.dll
0x00007fff16a20000 - 0x00007fff16a7e000 	C:\WINDOWS\System32\shlwapi.dll
0x00007fff14370000 - 0x00007fff14396000 	C:\WINDOWS\SYSTEM32\profapi.dll
0x00007ffed5fb0000 - 0x00007ffed5fc9000 	C:\Users\User\.vscode\extensions\redhat.java-1.25.1-win32-x64\jre\17.0.9-win32-x86_64\bin\net.dll
0x00007fff0e4c0000 - 0x00007fff0e5f7000 	C:\WINDOWS\SYSTEM32\WINHTTP.dll
0x00007fff13930000 - 0x00007fff13999000 	C:\WINDOWS\system32\mswsock.dll
0x00007ffece710000 - 0x00007ffece726000 	C:\Users\User\.vscode\extensions\redhat.java-1.25.1-win32-x64\jre\17.0.9-win32-x86_64\bin\nio.dll
0x00007fff13b80000 - 0x00007fff13b9b000 	C:\WINDOWS\SYSTEM32\CRYPTSP.dll
0x00007fff133a0000 - 0x00007fff133d5000 	C:\WINDOWS\system32\rsaenh.dll
0x00007fff13a20000 - 0x00007fff13a4c000 	C:\WINDOWS\SYSTEM32\USERENV.dll
0x00007fff13df0000 - 0x00007fff13e18000 	C:\WINDOWS\SYSTEM32\bcrypt.dll
0x00007fff13ba0000 - 0x00007fff13bac000 	C:\WINDOWS\SYSTEM32\CRYPTBASE.dll
0x00007fff12ec0000 - 0x00007fff12eed000 	C:\WINDOWS\SYSTEM32\IPHLPAPI.DLL
0x00007fff16310000 - 0x00007fff16319000 	C:\WINDOWS\System32\NSI.dll
0x00007fff0cb40000 - 0x00007fff0cb59000 	C:\WINDOWS\SYSTEM32\dhcpcsvc6.DLL
0x00007fff0c0f0000 - 0x00007fff0c10f000 	C:\WINDOWS\SYSTEM32\dhcpcsvc.DLL
0x00007fff12f30000 - 0x00007fff13029000 	C:\WINDOWS\SYSTEM32\DNSAPI.dll
0x00007ffef7740000 - 0x00007ffef7750000 	c:\Users\User\.vscode\extensions\redhat.java-1.25.1-win32-x64\jre\17.0.9-win32-x86_64\bin\verify.dll
0x00007ffef76d0000 - 0x00007ffef76d9000 	C:\Users\User\.vscode\extensions\redhat.java-1.25.1-win32-x64\jre\17.0.9-win32-x86_64\bin\management.dll
0x00007ffef7640000 - 0x00007ffef764b000 	C:\Users\User\.vscode\extensions\redhat.java-1.25.1-win32-x64\jre\17.0.9-win32-x86_64\bin\management_ext.dll
0x00007fff16fb0000 - 0x00007fff16fb8000 	C:\WINDOWS\System32\PSAPI.DLL
0x00007ffef72f0000 - 0x00007ffef72fe000 	C:\Users\User\.vscode\extensions\redhat.java-1.25.1-win32-x64\jre\17.0.9-win32-x86_64\bin\sunmscapi.dll
0x00007fff144b0000 - 0x00007fff14616000 	C:\WINDOWS\System32\CRYPT32.dll
0x00007fff13dc0000 - 0x00007fff13ded000 	C:\WINDOWS\SYSTEM32\ncrypt.dll
0x00007fff13d80000 - 0x00007fff13db7000 	C:\WINDOWS\SYSTEM32\NTASN1.dll
0x00007ffef68e0000 - 0x00007ffef692b000 	C:\Program Files (x86)\Sangfor\SSL\ClientComponent3\SangforNspX64.dll
0x00007fff15a80000 - 0x00007fff15c20000 	C:\WINDOWS\System32\ole32.dll
0x0000000062d30000 - 0x0000000062d56000 	C:\Program Files\Bonjour\mdnsNSP.dll
0x00007fff0d070000 - 0x00007fff0d07a000 	C:\Windows\System32\rasadhlp.dll
0x00007fff0b920000 - 0x00007fff0b9a3000 	C:\WINDOWS\System32\fwpuclnt.dll

dbghelp: loaded successfully - version: 4.0.5 - missing functions: none
symbol engine: initialized successfully - sym options: 0x614 - pdb path: .;c:\Users\User\.vscode\extensions\redhat.java-1.25.1-win32-x64\jre\17.0.9-win32-x86_64\bin;C:\WINDOWS\SYSTEM32;C:\WINDOWS\WinSxS\amd64_microsoft.windows.common-controls_6595b64144ccf1df_6.0.22621.2506_none_270c5ae97388e100;c:\Users\User\.vscode\extensions\redhat.java-1.25.1-win32-x64\jre\17.0.9-win32-x86_64\bin\server;C:\Program Files (x86)\Sangfor\SSL\ClientComponent3;C:\Program Files\Bonjour

VM Arguments:
jvm_args: -XX:+HeapDumpOnOutOfMemoryError -Xmx1024m -Dsts.lsp.client=vscode -Dsts.log.file=/dev/null -XX:TieredStopAtLevel=1 -Xlog:jni+resolve=off -Dspring.config.location=file:c:\Users\User\.vscode\extensions\vmware.vscode-spring-boot-1.51.0\language-server\BOOT-INF\classes\application.properties 
java_command: org.springframework.ide.vscode.boot.app.BootLanguageServerBootApp
java_class_path (initial): c:\Users\User\.vscode\extensions\vmware.vscode-spring-boot-1.51.0\language-server\BOOT-INF\classes;c:\Users\User\.vscode\extensions\vmware.vscode-spring-boot-1.51.0\language-server\BOOT-INF\lib\annotations-24.1.0.jar;c:\Users\User\.vscode\extensions\vmware.vscode-spring-boot-1.51.0\language-server\BOOT-INF\lib\antlr-runtime-3.5.3.jar;c:\Users\User\.vscode\extensions\vmware.vscode-spring-boot-1.51.0\language-server\BOOT-INF\lib\antlr4-4.11.1.jar;c:\Users\User\.vscode\extensions\vmware.vscode-spring-boot-1.51.0\language-server\BOOT-INF\lib\antlr4-runtime-4.11.1.jar;c:\Users\User\.vscode\extensions\vmware.vscode-spring-boot-1.51.0\language-server\BOOT-INF\lib\asm-9.6.jar;c:\Users\User\.vscode\extensions\vmware.vscode-spring-boot-1.51.0\language-server\BOOT-INF\lib\asm-analysis-9.6.jar;c:\Users\User\.vscode\extensions\vmware.vscode-spring-boot-1.51.0\language-server\BOOT-INF\lib\asm-tree-9.6.jar;c:\Users\User\.vscode\extensions\vmware.vscode-spring-boot-1.51.0\language-server\BOOT-INF\lib\asm-util-9.6.jar;c:\Users\User\.vscode\extensions\vmware.vscode-spring-boot-1.51.0\language-server\BOOT-INF\lib\bosh-language-server-1.51.0-SNAPSHOT.jar;c:\Users\User\.vscode\extensions\vmware.vscode-spring-boot-1.51.0\language-server\BOOT-INF\lib\caffeine-3.1.8.jar;c:\Users\User\.vscode\extensions\vmware.vscode-spring-boot-1.51.0\language-server\BOOT-INF\lib\checker-qual-3.12.0.jar;c:\Users\User\.vscode\extensions\vmware.vscode-spring-boot-1.51.0\language-server\BOOT-INF\lib\classgraph-4.8.149.jar;c:\Users\User\.vscode\extensions\vmware.vscode-spring-boot-1.51.0\language-server\BOOT-INF\lib\commons-codec-1.15.jar;c:\Users\User\.vscode\extensions\vmware.vscode-spring-boot-1.51.0\language-server\BOOT-INF\lib\commons-compress-1.25.0.jar;c:\Users\User\.vscode\extensions\vmware.vscode-spring-boot-1.51.0\language-server\BOOT-INF\lib\commons-io-2.4.jar;c:\Users\User\.vscode\extensions\vmware.vscode-spring-boot-1.51.0\language-server\BOOT-INF\lib\commons-java-1.51
Launcher Type: SUN_STANDARD

[Global flags]
     intx CICompilerCount                          = 12                                        {product} {ergonomic}
     uint ConcGCThreads                            = 3                                         {product} {ergonomic}
     uint G1ConcRefinementThreads                  = 13                                        {product} {ergonomic}
   size_t G1HeapRegionSize                         = 1048576                                   {product} {ergonomic}
    uintx GCDrainStackTargetSize                   = 64                                        {product} {ergonomic}
     bool HeapDumpOnOutOfMemoryError               = true                                   {manageable} {command line}
   size_t InitialHeapSize                          = 260046848                                 {product} {ergonomic}
   size_t MarkStackSize                            = 4194304                                   {product} {ergonomic}
   size_t MaxHeapSize                              = 1073741824                                {product} {command line}
   size_t MaxNewSize                               = 643825664                                 {product} {ergonomic}
   size_t MinHeapDeltaBytes                        = 1048576                                   {product} {ergonomic}
   size_t MinHeapSize                              = 8388608                                   {product} {ergonomic}
    uintx NonProfiledCodeHeapSize                  = 0                                      {pd product} {ergonomic}
     bool ProfileInterpreter                       = false                                  {pd product} {command line}
    uintx ProfiledCodeHeapSize                     = 0                                      {pd product} {ergonomic}
   size_t SoftMaxHeapSize                          = 1073741824                             {manageable} {ergonomic}
     intx TieredStopAtLevel                        = 1                                         {product} {command line}
     bool UseCompressedClassPointers               = true                           {product lp64_product} {ergonomic}
     bool UseCompressedOops                        = true                           {product lp64_product} {ergonomic}
     bool UseG1GC                                  = true                                      {product} {ergonomic}
     bool UseLargePagesIndividualAllocation        = false                                  {pd product} {ergonomic}

Logging:
Log output configuration:
 #0: stdout all=warning,jni+resolve=off uptime,level,tags
 #1: stderr all=off uptime,level,tags

Environment Variables:
JAVA_HOME=C:\Program Files\Java\jdk-21
PATH=C:\Program Files\platform-tools;C:\src\flutter\bin;C:\Program Files\NVIDIA Corporation\NVIDIA NvDLISR;C:\Program Files\Maven\apache-maven-3.5.4\bin;C:\Program Files\Microsoft VS Code\bin;C:\Program Files\Java\jdk-21\bin;C:\Program Files\dotnet\;C:\Program Files\Java\jdk-21\bin;C:\Program Files\Git\cmd;C:\Windows\System32;C:\Windows\System32\WindowsPowerShell\v1.0;C:\src\flutter\bin;C:\Users\User\Music\software course year 3 sem 1\SECJ3303-03 INTERNET PROGRAMMING\Software installation\apache-maven-3.5.4;C:\Program Files\Java\jdk1.8.0_181\bin;C:\Program Files\Maven\apache-maven-3.9.6\bin;
USERNAME=User
OS=Windows_NT
PROCESSOR_IDENTIFIER=AMD64 Family 25 Model 80 Stepping 0, AuthenticAMD
TMP=C:\Users\User\AppData\Local\Temp
TEMP=C:\Users\User\AppData\Local\Temp



Periodic native trim disabled


---------------  S Y S T E M  ---------------

OS:
 Windows 11 , 64 bit Build 22621 (10.0.22621.2506)
OS uptime: 0 days 9:55 hours

CPU: total 16 (initial active 16) (16 cores per cpu, 2 threads per core) family 25 model 80 stepping 0 microcode 0x0, cx8, cmov, fxsr, ht, mmx, 3dnowpref, sse, sse2, sse3, ssse3, sse4a, sse4.1, sse4.2, popcnt, lzcnt, tsc, tscinvbit, avx, avx2, aes, erms, clmul, bmi1, bmi2, adx, sha, fma, vzeroupper, clflush, clflushopt
Processor Information for all 16 processors :
  Max Mhz: 3301, Current Mhz: 3301, Mhz Limit: 3301

Memory: 4k page, system-wide physical 15791M (7000M free)
TotalPageFile size 64943M (AvailPageFile size 5M)
current process WorkingSet (physical memory assigned to process): 101M, peak: 224M
current process commit charge ("private bytes"): 269M, peak: 370M

vm_info: OpenJDK 64-Bit Server VM (17.0.9+9) for windows-amd64 JRE (17.0.9+9), built on Oct 26 2023 14:01:42 by "admin" with MS VC++ 16.10 / 16.11 (VS2019)

END.
