#
# There is insufficient memory for the Java Runtime Environment to continue.
# Native memory allocation (malloc) failed to allocate 1048576 bytes for AllocateHeap
# Possible reasons:
#   The system is out of physical RAM or swap space
#   The process is running with CompressedOops enabled, and the Java Heap may be blocking the growth of the native heap
# Possible solutions:
#   Reduce memory load on the system
#   Increase physical memory or swap space
#   Check if swap backing store is full
#   Decrease Java heap size (-Xmx/-Xms)
#   Decrease number of Java threads
#   Decrease Java thread stack sizes (-Xss)
#   Set larger code cache with -XX:ReservedCodeCacheSize=
#   JVM is running with Unscaled Compressed Oops mode in which the Java heap is
#     placed in the first 4GB address space. The Java Heap base address is the
#     maximum limit for the native heap growth. Please use -XX:HeapBaseMinAddress
#     to set the Java Heap base and to place the Java Heap above 4GB virtual address.
# This output file may be truncated or incomplete.
#
#  Out of Memory Error (allocation.cpp:44), pid=16896, tid=11424
#
# JRE version: OpenJDK Runtime Environment Temurin-17.0.9+9 (17.0.9+9) (build 17.0.9+9)
# Java VM: OpenJDK 64-Bit Server VM Temurin-17.0.9+9 (17.0.9+9, mixed mode, emulated-client, tiered, compressed oops, compressed class ptrs, g1 gc, windows-amd64)
# No core dump will be written. Minidumps are not enabled by default on client versions of Windows
#

---------------  S U M M A R Y ------------

Command Line: -XX:+HeapDumpOnOutOfMemoryError -Xmx1024m -Dsts.lsp.client=vscode -Dsts.log.file=/dev/null -XX:TieredStopAtLevel=1 -Xlog:jni+resolve=off -Dspring.config.location=file:c:\Users\User\.vscode\extensions\vmware.vscode-spring-boot-1.51.0\language-server\BOOT-INF\classes\application.properties org.springframework.ide.vscode.boot.app.BootLanguageServerBootApp

Host: AMD Ryzen 9 5900HX with Radeon Graphics        , 16 cores, 15G,  Windows 11 , 64 bit Build 22621 (10.0.22621.2506)
Time: Fri Dec 22 22:20:21 2023 Malay Peninsula Standard Time elapsed time: 26018.909825 seconds (0d 7h 13m 38s)

---------------  T H R E A D  ---------------

Current thread (0x000002569c183680):  VMThread "VM Thread" [stack: 0x0000006eda300000,0x0000006eda400000] [id=11424]

Stack: [0x0000006eda300000,0x0000006eda400000]
Native frames: (J=compiled Java code, j=interpreted, Vv=VM code, C=native code)
V  [jvm.dll+0x67cf49]
V  [jvm.dll+0x83478a]
V  [jvm.dll+0x83624e]
V  [jvm.dll+0x8368b3]
V  [jvm.dll+0x247f1f]
V  [jvm.dll+0xa6b4b]
V  [jvm.dll+0x2f8e73]
V  [jvm.dll+0x2f4af0]
V  [jvm.dll+0x2dd0d7]
V  [jvm.dll+0x320357]
V  [jvm.dll+0x83adab]
V  [jvm.dll+0x83baf1]
V  [jvm.dll+0x83c00d]
V  [jvm.dll+0x83c3e4]
V  [jvm.dll+0x83c4b0]
V  [jvm.dll+0x7e3c3a]
V  [jvm.dll+0x67be35]
C  [ucrtbase.dll+0x29363]
C  [KERNEL32.DLL+0x1257d]
C  [ntdll.dll+0x5aa58]

VM_Operation (0x0000006edc3fe9a0): G1CollectFull, mode: safepoint, requested by thread 0x00000256a1c40e20


---------------  P R O C E S S  ---------------

Threads class SMR info:
_java_thread_list=0x00000256a1015560, length=22, elements={
0x000002569c197380, 0x000002569c199120, 0x000002569c1d7130, 0x000002569c1da1d0,
0x000002569c1dbab0, 0x000002569c1dc380, 0x000002569c1dcd00, 0x000002569c1df620,
0x000002569c3e3600, 0x000002569c3e8f60, 0x00000256a1d22450, 0x00000256a1c40e20,
0x00000256a1ba4810, 0x0000025690821e60, 0x00000256a1a261b0, 0x00000256a1ea2370,
0x00000256a1eacbc0, 0x00000256a1ead0d0, 0x00000256a1eac6b0, 0x00000256a2680220,
0x00000256a267ca70, 0x00000256a267ede0
}

Java Threads: ( => current thread )
  0x000002569c197380 JavaThread "Reference Handler" daemon [_thread_blocked, id=10980, stack(0x0000006eda400000,0x0000006eda500000)]
  0x000002569c199120 JavaThread "Finalizer" daemon [_thread_blocked, id=7156, stack(0x0000006eda500000,0x0000006eda600000)]
  0x000002569c1d7130 JavaThread "Signal Dispatcher" daemon [_thread_blocked, id=22652, stack(0x0000006eda600000,0x0000006eda700000)]
  0x000002569c1da1d0 JavaThread "Attach Listener" daemon [_thread_blocked, id=5808, stack(0x0000006eda700000,0x0000006eda800000)]
  0x000002569c1dbab0 JavaThread "Service Thread" daemon [_thread_blocked, id=7824, stack(0x0000006eda800000,0x0000006eda900000)]
  0x000002569c1dc380 JavaThread "Monitor Deflation Thread" daemon [_thread_blocked, id=22172, stack(0x0000006eda900000,0x0000006edaa00000)]
  0x000002569c1dcd00 JavaThread "C1 CompilerThread0" daemon [_thread_blocked, id=22344, stack(0x0000006edaa00000,0x0000006edab00000)]
  0x000002569c1df620 JavaThread "Sweeper thread" daemon [_thread_blocked, id=12464, stack(0x0000006edab00000,0x0000006edac00000)]
  0x000002569c3e3600 JavaThread "Notification Thread" daemon [_thread_blocked, id=22852, stack(0x0000006edae00000,0x0000006edaf00000)]
  0x000002569c3e8f60 JavaThread "Common-Cleaner" daemon [_thread_blocked, id=6536, stack(0x0000006edb000000,0x0000006edb100000)]
  0x00000256a1d22450 JavaThread "boundedElastic-evictor-1" daemon [_thread_blocked, id=15564, stack(0x0000006edc200000,0x0000006edc300000)]
  0x00000256a1c40e20 JavaThread "pool-12-thread-1" [_thread_blocked, id=8916, stack(0x0000006edc300000,0x0000006edc400000)]
  0x00000256a1ba4810 JavaThread "LanguageServerApp-lifecycle" [_thread_blocked, id=6604, stack(0x0000006edc400000,0x0000006edc500000)]
  0x0000025690821e60 JavaThread "DestroyJavaVM" [_thread_blocked, id=7700, stack(0x0000006ed9d00000,0x0000006ed9e00000)]
  0x00000256a1a261b0 JavaThread "pool-13-thread-1" [_thread_in_native, id=7536, stack(0x0000006edc500000,0x0000006edc600000)]
  0x00000256a1ea2370 JavaThread "Simple-Language-Server main thread" daemon [_thread_blocked, id=14380, stack(0x0000006edc600000,0x0000006edc700000)]
  0x00000256a1eacbc0 JavaThread "parallel-1" daemon [_thread_blocked, id=18184, stack(0x0000006edcb00000,0x0000006edcc00000)]
  0x00000256a1ead0d0 JavaThread "pool-6-thread-1" [_thread_blocked, id=22208, stack(0x0000006edcc00000,0x0000006edcd00000)]
  0x00000256a1eac6b0 JavaThread "parallel-2" daemon [_thread_blocked, id=22772, stack(0x0000006edcd00000,0x0000006edce00000)]
  0x00000256a2680220 JavaThread "pool-8-thread-1" [_thread_blocked, id=14368, stack(0x0000006edc700000,0x0000006edc800000)]
  0x00000256a267ca70 JavaThread "parallel-3" daemon [_thread_blocked, id=20188, stack(0x0000006edc800000,0x0000006edc900000)]
  0x00000256a267ede0 JavaThread "Reconciler-1" daemon [_thread_blocked, id=13344, stack(0x0000006edd400000,0x0000006edd500000)]

Other Threads:
=>0x000002569c183680 VMThread "VM Thread" [stack: 0x0000006eda300000,0x0000006eda400000] [id=11424]
  0x000002569c3e6b00 WatcherThread [stack: 0x0000006edaf00000,0x0000006edb000000] [id=11952]
  0x0000025690861220 GCTaskThread "GC Thread#0" [stack: 0x0000006ed9e00000,0x0000006ed9f00000] [id=13972]
  0x000002569cd61430 GCTaskThread "GC Thread#1" [stack: 0x0000006edb200000,0x0000006edb300000] [id=8556]
  0x000002569cd60bf0 GCTaskThread "GC Thread#2" [stack: 0x0000006edb300000,0x0000006edb400000] [id=15044]
  0x000002569cd603b0 GCTaskThread "GC Thread#3" [stack: 0x0000006edb400000,0x0000006edb500000] [id=21688]
  0x000002569cd60eb0 GCTaskThread "GC Thread#4" [stack: 0x0000006edb500000,0x0000006edb600000] [id=2120]
  0x000002569cd61170 GCTaskThread "GC Thread#5" [stack: 0x0000006edb600000,0x0000006edb700000] [id=4732]
  0x000002569cd5fe30 GCTaskThread "GC Thread#6" [stack: 0x0000006edba00000,0x0000006edbb00000] [id=2416]
  0x000002569cd60930 GCTaskThread "GC Thread#7" [stack: 0x0000006edbb00000,0x0000006edbc00000] [id=852]
  0x000002569cd600f0 GCTaskThread "GC Thread#8" [stack: 0x0000006edbc00000,0x0000006edbd00000] [id=10520]
  0x000002569cd60670 GCTaskThread "GC Thread#9" [stack: 0x0000006edbd00000,0x0000006edbe00000] [id=22028]
  0x00000256a16e69c0 GCTaskThread "GC Thread#10" [stack: 0x0000006edbe00000,0x0000006edbf00000] [id=22836]
  0x00000256a16e6700 GCTaskThread "GC Thread#11" [stack: 0x0000006edbf00000,0x0000006edc000000] [id=21820]
  0x00000256a16e4b80 GCTaskThread "GC Thread#12" [stack: 0x0000006edb700000,0x0000006edb800000] [id=13960]
  0x000002569086a080 ConcurrentGCThread "G1 Main Marker" [stack: 0x0000006ed9f00000,0x0000006eda000000] [id=5588]
  0x000002569086b150 ConcurrentGCThread "G1 Conc#0" [stack: 0x0000006eda000000,0x0000006eda100000] [id=15576]
  0x00000256a16e4e40 ConcurrentGCThread "G1 Conc#1" [stack: 0x0000006edc000000,0x0000006edc100000] [id=5744]
  0x00000256a16e4340 ConcurrentGCThread "G1 Conc#2" [stack: 0x0000006edc100000,0x0000006edc200000] [id=3252]
  0x00000256908cd9f0 ConcurrentGCThread "G1 Refine#0" [stack: 0x0000006eda100000,0x0000006eda200000] [id=22424]
  0x00000256908ce330 ConcurrentGCThread "G1 Service" [stack: 0x0000006eda200000,0x0000006eda300000] [id=23512]

Threads with active compile tasks:

VM state: at safepoint (normal execution)

VM Mutex/Monitor currently owned by a thread:  ([mutex/lock_event])
[0x000002568e64c720] Threads_lock - owner thread: 0x000002569c183680
[0x0000025690820260] Heap_lock - owner thread: 0x00000256a1c40e20

Heap address: 0x00000000c0000000, size: 1024 MB, Compressed Oops mode: 32-bit

CDS archive(s) not mapped
Compressed class space mapped at: 0x0000000100000000-0x0000000140000000, reserved size: 1073741824
Narrow klass base: 0x0000000000000000, Narrow klass shift: 3, Narrow klass range: 0x140000000

GC Precious Log:
 CPUs: 16 total, 16 available
 Memory: 15791M
 Large Page Support: Disabled
 NUMA Support: Disabled
 Compressed Oops: Enabled (32-bit)
 Heap Region Size: 1M
 Heap Min Capacity: 8M
 Heap Initial Capacity: 248M
 Heap Max Capacity: 1G
 Pre-touch: Disabled
 Parallel Workers: 13
 Concurrent Workers: 3
 Concurrent Refinement Workers: 13
 Periodic GC: Disabled

Heap:
 garbage-first heap   total 86016K, used 31084K [0x00000000c0000000, 0x0000000100000000)
  region size 1024K, 1 young (1024K), 0 survivors (0K)
 Metaspace       used 58235K, committed 58688K, reserved 1114112K
  class space    used 7224K, committed 7424K, reserved 1048576K

Heap Regions: E=young(eden), S=young(survivor), O=old, HS=humongous(starts), HC=humongous(continues), CS=collection set, F=free, OA=open archive, CA=closed archive, TAMS=top-at-mark-start (previous, next)
|   0|0x00000000c0000000, 0x00000000c0100000, 0x00000000c0100000|100%|HS|  |TAMS 0x00000000c0100000, 0x00000000c0000000| Untracked 
|   1|0x00000000c0100000, 0x00000000c0200000, 0x00000000c0200000|100%|HC|  |TAMS 0x00000000c0200000, 0x00000000c0100000| Untracked 
|   2|0x00000000c0200000, 0x00000000c0300000, 0x00000000c0300000|100%|HC|  |TAMS 0x00000000c0300000, 0x00000000c0200000| Untracked 
|   3|0x00000000c0300000, 0x00000000c0400000, 0x00000000c0400000|100%|HC|  |TAMS 0x00000000c0400000, 0x00000000c0300000| Untracked 
|   4|0x00000000c0400000, 0x00000000c0500000, 0x00000000c0500000|100%| O|  |TAMS 0x00000000c0500000, 0x00000000c0400000| Untracked 
|   5|0x00000000c0500000, 0x00000000c0600000, 0x00000000c0600000|100%| O|  |TAMS 0x00000000c0600000, 0x00000000c0500000| Untracked 
|   6|0x00000000c0600000, 0x00000000c06fff58, 0x00000000c0700000| 99%| O|  |TAMS 0x00000000c06fff58, 0x00000000c0600000| Untracked 
|   7|0x00000000c0700000, 0x00000000c0800000, 0x00000000c0800000|100%| O|  |TAMS 0x00000000c0800000, 0x00000000c0700000| Untracked 
|   8|0x00000000c0800000, 0x00000000c0900000, 0x00000000c0900000|100%| O|  |TAMS 0x00000000c0900000, 0x00000000c0800000| Untracked 
|   9|0x00000000c0900000, 0x00000000c09fffe0, 0x00000000c0a00000| 99%| O|  |TAMS 0x00000000c09fffe0, 0x00000000c0900000| Untracked 
|  10|0x00000000c0a00000, 0x00000000c0afffe8, 0x00000000c0b00000| 99%| O|  |TAMS 0x00000000c0afffe8, 0x00000000c0a00000| Untracked 
|  11|0x00000000c0b00000, 0x00000000c0c00000, 0x00000000c0c00000|100%| O|  |TAMS 0x00000000c0c00000, 0x00000000c0b00000| Untracked 
|  12|0x00000000c0c00000, 0x00000000c0cffff8, 0x00000000c0d00000| 99%| O|  |TAMS 0x00000000c0cffff8, 0x00000000c0c00000| Untracked 
|  13|0x00000000c0d00000, 0x00000000c0e00000, 0x00000000c0e00000|100%| O|  |TAMS 0x00000000c0e00000, 0x00000000c0d00000| Untracked 
|  14|0x00000000c0e00000, 0x00000000c0f00000, 0x00000000c0f00000|100%| O|  |TAMS 0x00000000c0f00000, 0x00000000c0e00000| Untracked 
|  15|0x00000000c0f00000, 0x00000000c1000000, 0x00000000c1000000|100%| O|  |TAMS 0x00000000c1000000, 0x00000000c0f00000| Untracked 
|  16|0x00000000c1000000, 0x00000000c10ffff8, 0x00000000c1100000| 99%| O|  |TAMS 0x00000000c10ffff8, 0x00000000c1000000| Untracked 
|  17|0x00000000c1100000, 0x00000000c11ffff8, 0x00000000c1200000| 99%| O|  |TAMS 0x00000000c11ffff8, 0x00000000c1100000| Untracked 
|  18|0x00000000c1200000, 0x00000000c12fffe0, 0x00000000c1300000| 99%| O|  |TAMS 0x00000000c12fffe0, 0x00000000c1200000| Untracked 
|  19|0x00000000c1300000, 0x00000000c13ffff8, 0x00000000c1400000| 99%| O|  |TAMS 0x00000000c13ffff8, 0x00000000c1300000| Untracked 
|  20|0x00000000c1400000, 0x00000000c14fffc0, 0x00000000c1500000| 99%| O|  |TAMS 0x00000000c14fffc0, 0x00000000c1400000| Untracked 
|  21|0x00000000c1500000, 0x00000000c15fd708, 0x00000000c1600000| 98%| O|  |TAMS 0x00000000c15fd708, 0x00000000c1500000| Untracked 
|  22|0x00000000c1600000, 0x00000000c16ffff0, 0x00000000c1700000| 99%| O|  |TAMS 0x00000000c16ffff0, 0x00000000c1600000| Untracked 
|  23|0x00000000c1700000, 0x00000000c1800000, 0x00000000c1800000|100%| O|  |TAMS 0x00000000c1800000, 0x00000000c1700000| Untracked 
|  24|0x00000000c1800000, 0x00000000c18fffd0, 0x00000000c1900000| 99%| O|  |TAMS 0x00000000c18fffd0, 0x00000000c1800000| Untracked 
|  25|0x00000000c1900000, 0x00000000c19ff560, 0x00000000c1a00000| 99%| O|  |TAMS 0x00000000c19ff560, 0x00000000c1900000| Untracked 
|  26|0x00000000c1a00000, 0x00000000c1afffc0, 0x00000000c1b00000| 99%| O|  |TAMS 0x00000000c1afffc0, 0x00000000c1a00000| Untracked 
|  27|0x00000000c1b00000, 0x00000000c1bffc80, 0x00000000c1c00000| 99%| O|  |TAMS 0x00000000c1bffc80, 0x00000000c1b00000| Untracked 
|  28|0x00000000c1c00000, 0x00000000c1d00000, 0x00000000c1d00000|100%| O|  |TAMS 0x00000000c1d00000, 0x00000000c1c00000| Untracked 
|  29|0x00000000c1d00000, 0x00000000c1e00000, 0x00000000c1e00000|100%| O|  |TAMS 0x00000000c1e00000, 0x00000000c1d00000| Untracked 
|  30|0x00000000c1e00000, 0x00000000c1e5ea30, 0x00000000c1f00000| 36%| O|  |TAMS 0x00000000c1e00000, 0x00000000c1e00000| Untracked 
|  31|0x00000000c1f00000, 0x00000000c1f00068, 0x00000000c2000000|  0%| O|  |TAMS 0x00000000c1f00000, 0x00000000c1f00000| Untracked 
|  32|0x00000000c2000000, 0x00000000c2000000, 0x00000000c2100000|  0%| F|  |TAMS 0x00000000c2000000, 0x00000000c2000000| Untracked 
|  33|0x00000000c2100000, 0x00000000c2100000, 0x00000000c2200000|  0%| F|  |TAMS 0x00000000c2100000, 0x00000000c2100000| Untracked 
|  34|0x00000000c2200000, 0x00000000c2200000, 0x00000000c2300000|  0%| F|  |TAMS 0x00000000c2200000, 0x00000000c2200000| Untracked 
|  35|0x00000000c2300000, 0x00000000c2300000, 0x00000000c2400000|  0%| F|  |TAMS 0x00000000c2300000, 0x00000000c2300000| Untracked 
|  36|0x00000000c2400000, 0x00000000c2400000, 0x00000000c2500000|  0%| F|  |TAMS 0x00000000c2400000, 0x00000000c2400000| Untracked 
|  37|0x00000000c2500000, 0x00000000c2500000, 0x00000000c2600000|  0%| F|  |TAMS 0x00000000c2500000, 0x00000000c2500000| Untracked 
|  38|0x00000000c2600000, 0x00000000c2600000, 0x00000000c2700000|  0%| F|  |TAMS 0x00000000c2600000, 0x00000000c2600000| Untracked 
|  39|0x00000000c2700000, 0x00000000c2700000, 0x00000000c2800000|  0%| F|  |TAMS 0x00000000c2700000, 0x00000000c2700000| Untracked 
|  40|0x00000000c2800000, 0x00000000c2800000, 0x00000000c2900000|  0%| F|  |TAMS 0x00000000c2800000, 0x00000000c2800000| Untracked 
|  41|0x00000000c2900000, 0x00000000c2900000, 0x00000000c2a00000|  0%| F|  |TAMS 0x00000000c2900000, 0x00000000c2900000| Untracked 
|  42|0x00000000c2a00000, 0x00000000c2a00000, 0x00000000c2b00000|  0%| F|  |TAMS 0x00000000c2a00000, 0x00000000c2a00000| Untracked 
|  43|0x00000000c2b00000, 0x00000000c2b00000, 0x00000000c2c00000|  0%| F|  |TAMS 0x00000000c2b00000, 0x00000000c2b00000| Untracked 
|  44|0x00000000c2c00000, 0x00000000c2c00000, 0x00000000c2d00000|  0%| F|  |TAMS 0x00000000c2c00000, 0x00000000c2c00000| Untracked 
|  45|0x00000000c2d00000, 0x00000000c2d00000, 0x00000000c2e00000|  0%| F|  |TAMS 0x00000000c2d00000, 0x00000000c2d00000| Untracked 
|  46|0x00000000c2e00000, 0x00000000c2e00000, 0x00000000c2f00000|  0%| F|  |TAMS 0x00000000c2e00000, 0x00000000c2e00000| Untracked 
|  47|0x00000000c2f00000, 0x00000000c2f00000, 0x00000000c3000000|  0%| F|  |TAMS 0x00000000c2f00000, 0x00000000c2f00000| Untracked 
|  48|0x00000000c3000000, 0x00000000c3000000, 0x00000000c3100000|  0%| F|  |TAMS 0x00000000c3000000, 0x00000000c3000000| Untracked 
|  49|0x00000000c3100000, 0x00000000c3100000, 0x00000000c3200000|  0%| F|  |TAMS 0x00000000c3100000, 0x00000000c3100000| Untracked 
|  50|0x00000000c3200000, 0x00000000c3200000, 0x00000000c3300000|  0%| F|  |TAMS 0x00000000c3200000, 0x00000000c3200000| Untracked 
|  51|0x00000000c3300000, 0x00000000c3300000, 0x00000000c3400000|  0%| F|  |TAMS 0x00000000c3300000, 0x00000000c3300000| Untracked 
|  52|0x00000000c3400000, 0x00000000c3400000, 0x00000000c3500000|  0%| F|  |TAMS 0x00000000c3400000, 0x00000000c3400000| Untracked 
|  53|0x00000000c3500000, 0x00000000c3500000, 0x00000000c3600000|  0%| F|  |TAMS 0x00000000c3500000, 0x00000000c3500000| Untracked 
|  54|0x00000000c3600000, 0x00000000c3600000, 0x00000000c3700000|  0%| F|  |TAMS 0x00000000c3600000, 0x00000000c3600000| Untracked 
|  55|0x00000000c3700000, 0x00000000c3700000, 0x00000000c3800000|  0%| F|  |TAMS 0x00000000c3700000, 0x00000000c3700000| Untracked 
|  56|0x00000000c3800000, 0x00000000c3800000, 0x00000000c3900000|  0%| F|  |TAMS 0x00000000c3800000, 0x00000000c3800000| Untracked 
|  57|0x00000000c3900000, 0x00000000c3900000, 0x00000000c3a00000|  0%| F|  |TAMS 0x00000000c3900000, 0x00000000c3900000| Untracked 
|  58|0x00000000c3a00000, 0x00000000c3a00000, 0x00000000c3b00000|  0%| F|  |TAMS 0x00000000c3a00000, 0x00000000c3a00000| Untracked 
|  59|0x00000000c3b00000, 0x00000000c3b00000, 0x00000000c3c00000|  0%| F|  |TAMS 0x00000000c3b00000, 0x00000000c3b00000| Untracked 
|  60|0x00000000c3c00000, 0x00000000c3c00000, 0x00000000c3d00000|  0%| F|  |TAMS 0x00000000c3c00000, 0x00000000c3c00000| Untracked 
|  61|0x00000000c3d00000, 0x00000000c3d00000, 0x00000000c3e00000|  0%| F|  |TAMS 0x00000000c3d00000, 0x00000000c3d00000| Untracked 
|  62|0x00000000c3e00000, 0x00000000c3e00000, 0x00000000c3f00000|  0%| F|  |TAMS 0x00000000c3e00000, 0x00000000c3e00000| Untracked 
|  63|0x00000000c3f00000, 0x00000000c3f00000, 0x00000000c4000000|  0%| F|  |TAMS 0x00000000c3f00000, 0x00000000c3f00000| Untracked 
|  64|0x00000000c4000000, 0x00000000c4000000, 0x00000000c4100000|  0%| F|  |TAMS 0x00000000c4000000, 0x00000000c4000000| Untracked 
|  65|0x00000000c4100000, 0x00000000c4100000, 0x00000000c4200000|  0%| F|  |TAMS 0x00000000c4100000, 0x00000000c4100000| Untracked 
|  66|0x00000000c4200000, 0x00000000c4200000, 0x00000000c4300000|  0%| F|  |TAMS 0x00000000c4200000, 0x00000000c4200000| Untracked 
|  67|0x00000000c4300000, 0x00000000c4300000, 0x00000000c4400000|  0%| F|  |TAMS 0x00000000c4300000, 0x00000000c4300000| Untracked 
|  68|0x00000000c4400000, 0x00000000c4400000, 0x00000000c4500000|  0%| F|  |TAMS 0x00000000c4400000, 0x00000000c4400000| Untracked 
|  69|0x00000000c4500000, 0x00000000c4500000, 0x00000000c4600000|  0%| F|  |TAMS 0x00000000c4500000, 0x00000000c4500000| Untracked 
|  70|0x00000000c4600000, 0x00000000c4600000, 0x00000000c4700000|  0%| F|  |TAMS 0x00000000c4600000, 0x00000000c4600000| Untracked 
|  71|0x00000000c4700000, 0x00000000c4700000, 0x00000000c4800000|  0%| F|  |TAMS 0x00000000c4700000, 0x00000000c4700000| Untracked 
|  72|0x00000000c4800000, 0x00000000c4800000, 0x00000000c4900000|  0%| F|  |TAMS 0x00000000c4800000, 0x00000000c4800000| Untracked 
|  73|0x00000000c4900000, 0x00000000c4900000, 0x00000000c4a00000|  0%| F|  |TAMS 0x00000000c4900000, 0x00000000c4900000| Untracked 
|  74|0x00000000c4a00000, 0x00000000c4a00000, 0x00000000c4b00000|  0%| F|  |TAMS 0x00000000c4a00000, 0x00000000c4a00000| Untracked 
|  75|0x00000000c4b00000, 0x00000000c4b00000, 0x00000000c4c00000|  0%| F|  |TAMS 0x00000000c4b00000, 0x00000000c4b00000| Untracked 
|  76|0x00000000c4c00000, 0x00000000c4c00000, 0x00000000c4d00000|  0%| F|  |TAMS 0x00000000c4c00000, 0x00000000c4c00000| Untracked 
| 211|0x00000000cd300000, 0x00000000cd300000, 0x00000000cd400000|  0%| F|  |TAMS 0x00000000cd300000, 0x00000000cd300000| Untracked 
| 212|0x00000000cd400000, 0x00000000cd400000, 0x00000000cd500000|  0%| F|  |TAMS 0x00000000cd400000, 0x00000000cd400000| Untracked 
| 213|0x00000000cd500000, 0x00000000cd500000, 0x00000000cd600000|  0%| F|  |TAMS 0x00000000cd500000, 0x00000000cd500000| Untracked 
| 214|0x00000000cd600000, 0x00000000cd600000, 0x00000000cd700000|  0%| F|  |TAMS 0x00000000cd600000, 0x00000000cd600000| Untracked 
| 215|0x00000000cd700000, 0x00000000cd700000, 0x00000000cd800000|  0%| F|  |TAMS 0x00000000cd700000, 0x00000000cd700000| Untracked 
| 246|0x00000000cf600000, 0x00000000cf600000, 0x00000000cf700000|  0%| F|  |TAMS 0x00000000cf600000, 0x00000000cf600000| Untracked 
| 247|0x00000000cf700000, 0x00000000cf70d230, 0x00000000cf800000|  5%| E|  |TAMS 0x00000000cf700000, 0x00000000cf700000| Complete 

Card table byte_map: [0x0000025696d20000,0x0000025696f20000] _byte_map_base: 0x0000025696720000

Marking Bits (Prev, Next): (CMBitMap*) 0x0000025690861790, (CMBitMap*) 0x0000025690861750
 Prev Bits: [0x0000025698120000, 0x0000025699120000)
 Next Bits: [0x0000025697120000, 0x0000025698120000)

Polling page: 0x000002568ffd0000

Metaspace:

Usage:
  Non-class:     49.82 MB used.
      Class:      7.06 MB used.
       Both:     56.87 MB used.

Virtual space:
  Non-class space:       64.00 MB reserved,      50.06 MB ( 78%) committed,  1 nodes.
      Class space:        1.00 GB reserved,       7.25 MB ( <1%) committed,  1 nodes.
             Both:        1.06 GB reserved,      57.31 MB (  5%) committed. 

Chunk freelists:
   Non-Class:  13.99 MB
       Class:  8.74 MB
        Both:  22.72 MB

MaxMetaspaceSize: unlimited
CompressedClassSpaceSize: 1.00 GB
Initial GC threshold: 21.00 MB
Current GC threshold: 95.56 MB
CDS: off
MetaspaceReclaimPolicy: balanced
 - commit_granule_bytes: 65536.
 - commit_granule_words: 8192.
 - virtual_space_node_default_size: 8388608.
 - enlarge_chunks_in_place: 1.
 - new_chunks_are_fully_committed: 0.
 - uncommit_free_chunks: 1.
 - use_allocation_guard: 0.
 - handle_deallocations: 1.


Internal statistics:

num_allocs_failed_limit: 6.
num_arena_births: 714.
num_arena_deaths: 270.
num_vsnodes_births: 2.
num_vsnodes_deaths: 0.
num_space_committed: 917.
num_space_uncommitted: 0.
num_chunks_returned_to_freelist: 317.
num_chunks_taken_from_freelist: 2616.
num_chunk_merges: 91.
num_chunk_splits: 1750.
num_chunks_enlarged: 1345.
num_inconsistent_stats: 0.

CodeCache: size=49152Kb used=11434Kb max_used=13027Kb free=37717Kb
 bounds [0x00000256934b0000, 0x00000256941a0000, 0x00000256964b0000]
 total_blobs=6945 nmethods=6278 adapters=592
 compilation: enabled
              stopped_count=0, restarted_count=0
 full_count=0

Compilation events (20 events):
Event: 25049.746 Thread 0x000002569c1dcd00 6270       1       org.eclipse.jdt.internal.compiler.lookup.SignatureWrapper::peekFullType (53 bytes)
Event: 25049.746 Thread 0x000002569c1dcd00 nmethod 6270 0x000002569366d310 code [0x000002569366d4c0, 0x000002569366d628]
Event: 25049.746 Thread 0x000002569c1dcd00 6271       1       org.eclipse.jdt.internal.compiler.lookup.BinaryTypeBinding::createTypeVariables (359 bytes)
Event: 25049.747 Thread 0x000002569c1dcd00 nmethod 6271 0x000002569366be90 code [0x000002569366c100, 0x000002569366cc08]
Event: 25049.747 Thread 0x000002569c1dcd00 6272       1       org.eclipse.jdt.internal.compiler.util.SimpleLookupTable::rehash (86 bytes)
Event: 25049.748 Thread 0x000002569c1dcd00 nmethod 6272 0x000002569366b810 code [0x000002569366b9c0, 0x000002569366bc98]
Event: 25049.748 Thread 0x000002569c1dcd00 6273       1       sun.nio.fs.WindowsFileAttributes::isSymbolicLink (16 bytes)
Event: 25049.748 Thread 0x000002569c1dcd00 nmethod 6273 0x000002569366b510 code [0x000002569366b6a0, 0x000002569366b778]
Event: 25087.652 Thread 0x000002569c1dcd00 6274       1       com.google.gson.internal.bind.TypeAdapters$7::read (6 bytes)
Event: 25087.653 Thread 0x000002569c1dcd00 nmethod 6274 0x000002569366af90 code [0x000002569366b160, 0x000002569366b388]
Event: 25087.653 Thread 0x000002569c1dcd00 6275   !   1       com.google.gson.internal.bind.TypeAdapters$7::read (34 bytes)
Event: 25087.653 Thread 0x000002569c1dcd00 nmethod 6275 0x000002569366a910 code [0x000002569366ab00, 0x000002569366adf8]
Event: 25087.653 Thread 0x000002569c1dcd00 6276       1       org.springframework.ide.vscode.commons.java.SpringProjectUtil::getDependencyVersion (28 bytes)
Event: 25087.654 Thread 0x000002569c1dcd00 nmethod 6276 0x000002569366a210 code [0x000002569366a3e0, 0x000002569366a6b8]
Event: 25087.654 Thread 0x000002569c1dcd00 6277       1       org.springframework.ide.vscode.boot.java.Boot3JavaProblemType::getCategory (4 bytes)
Event: 25087.654 Thread 0x000002569c1dcd00 nmethod 6277 0x0000025693669f10 code [0x000002569366a0a0, 0x000002569366a178]
Event: 25087.654 Thread 0x000002569c1dcd00 6278   !   1       org.springframework.ide.vscode.boot.java.annotations.AnnotationHierarchies::getTransitiveSuperAnnotations (37 bytes)
Event: 25087.654 Thread 0x000002569c1dcd00 nmethod 6278 0x0000025693669690 code [0x0000025693669860, 0x0000025693669c68]
Event: 25109.756 Thread 0x000002569c1dcd00 6279       1       java.util.concurrent.SynchronousQueue$TransferStack$SNode::isCancelled (14 bytes)
Event: 25109.757 Thread 0x000002569c1dcd00 nmethod 6279 0x0000025693669390 code [0x0000025693669520, 0x00000256936695f8]

GC Heap History (20 events):
Event: 25916.966 GC heap before
{Heap before GC invocations=1077 (full 1065):
 garbage-first heap   total 86016K, used 31084K [0x00000000c0000000, 0x0000000100000000)
  region size 1024K, 1 young (1024K), 0 survivors (0K)
 Metaspace       used 58235K, committed 58688K, reserved 1114112K
  class space    used 7224K, committed 7424K, reserved 1048576K
}
Event: 25916.985 GC heap after
{Heap after GC invocations=1078 (full 1066):
 garbage-first heap   total 86016K, used 31084K [0x00000000c0000000, 0x0000000100000000)
  region size 1024K, 0 young (0K), 0 survivors (0K)
 Metaspace       used 58235K, committed 58688K, reserved 1114112K
  class space    used 7224K, committed 7424K, reserved 1048576K
}
Event: 25927.159 GC heap before
{Heap before GC invocations=1078 (full 1066):
 garbage-first heap   total 86016K, used 31084K [0x00000000c0000000, 0x0000000100000000)
  region size 1024K, 1 young (1024K), 0 survivors (0K)
 Metaspace       used 58235K, committed 58688K, reserved 1114112K
  class space    used 7224K, committed 7424K, reserved 1048576K
}
Event: 25927.177 GC heap after
{Heap after GC invocations=1079 (full 1067):
 garbage-first heap   total 86016K, used 31084K [0x00000000c0000000, 0x0000000100000000)
  region size 1024K, 0 young (0K), 0 survivors (0K)
 Metaspace       used 58235K, committed 58688K, reserved 1114112K
  class space    used 7224K, committed 7424K, reserved 1048576K
}
Event: 25937.335 GC heap before
{Heap before GC invocations=1079 (full 1067):
 garbage-first heap   total 86016K, used 31084K [0x00000000c0000000, 0x0000000100000000)
  region size 1024K, 1 young (1024K), 0 survivors (0K)
 Metaspace       used 58235K, committed 58688K, reserved 1114112K
  class space    used 7224K, committed 7424K, reserved 1048576K
}
Event: 25937.353 GC heap after
{Heap after GC invocations=1080 (full 1068):
 garbage-first heap   total 86016K, used 31084K [0x00000000c0000000, 0x0000000100000000)
  region size 1024K, 0 young (0K), 0 survivors (0K)
 Metaspace       used 58235K, committed 58688K, reserved 1114112K
  class space    used 7224K, committed 7424K, reserved 1048576K
}
Event: 25947.537 GC heap before
{Heap before GC invocations=1080 (full 1068):
 garbage-first heap   total 86016K, used 31084K [0x00000000c0000000, 0x0000000100000000)
  region size 1024K, 1 young (1024K), 0 survivors (0K)
 Metaspace       used 58235K, committed 58688K, reserved 1114112K
  class space    used 7224K, committed 7424K, reserved 1048576K
}
Event: 25947.555 GC heap after
{Heap after GC invocations=1081 (full 1069):
 garbage-first heap   total 86016K, used 31084K [0x00000000c0000000, 0x0000000100000000)
  region size 1024K, 0 young (0K), 0 survivors (0K)
 Metaspace       used 58235K, committed 58688K, reserved 1114112K
  class space    used 7224K, committed 7424K, reserved 1048576K
}
Event: 25957.746 GC heap before
{Heap before GC invocations=1081 (full 1069):
 garbage-first heap   total 86016K, used 31084K [0x00000000c0000000, 0x0000000100000000)
  region size 1024K, 1 young (1024K), 0 survivors (0K)
 Metaspace       used 58235K, committed 58688K, reserved 1114112K
  class space    used 7224K, committed 7424K, reserved 1048576K
}
Event: 25957.768 GC heap after
{Heap after GC invocations=1082 (full 1070):
 garbage-first heap   total 86016K, used 31084K [0x00000000c0000000, 0x0000000100000000)
  region size 1024K, 0 young (0K), 0 survivors (0K)
 Metaspace       used 58235K, committed 58688K, reserved 1114112K
  class space    used 7224K, committed 7424K, reserved 1048576K
}
Event: 25967.961 GC heap before
{Heap before GC invocations=1082 (full 1070):
 garbage-first heap   total 86016K, used 31084K [0x00000000c0000000, 0x0000000100000000)
  region size 1024K, 1 young (1024K), 0 survivors (0K)
 Metaspace       used 58235K, committed 58688K, reserved 1114112K
  class space    used 7224K, committed 7424K, reserved 1048576K
}
Event: 25967.979 GC heap after
{Heap after GC invocations=1083 (full 1071):
 garbage-first heap   total 86016K, used 31084K [0x00000000c0000000, 0x0000000100000000)
  region size 1024K, 0 young (0K), 0 survivors (0K)
 Metaspace       used 58235K, committed 58688K, reserved 1114112K
  class space    used 7224K, committed 7424K, reserved 1048576K
}
Event: 25978.152 GC heap before
{Heap before GC invocations=1083 (full 1071):
 garbage-first heap   total 86016K, used 31084K [0x00000000c0000000, 0x0000000100000000)
  region size 1024K, 1 young (1024K), 0 survivors (0K)
 Metaspace       used 58235K, committed 58688K, reserved 1114112K
  class space    used 7224K, committed 7424K, reserved 1048576K
}
Event: 25978.170 GC heap after
{Heap after GC invocations=1084 (full 1072):
 garbage-first heap   total 86016K, used 31084K [0x00000000c0000000, 0x0000000100000000)
  region size 1024K, 0 young (0K), 0 survivors (0K)
 Metaspace       used 58235K, committed 58688K, reserved 1114112K
  class space    used 7224K, committed 7424K, reserved 1048576K
}
Event: 25988.332 GC heap before
{Heap before GC invocations=1084 (full 1072):
 garbage-first heap   total 86016K, used 31084K [0x00000000c0000000, 0x0000000100000000)
  region size 1024K, 1 young (1024K), 0 survivors (0K)
 Metaspace       used 58235K, committed 58688K, reserved 1114112K
  class space    used 7224K, committed 7424K, reserved 1048576K
}
Event: 25988.350 GC heap after
{Heap after GC invocations=1085 (full 1073):
 garbage-first heap   total 86016K, used 31084K [0x00000000c0000000, 0x0000000100000000)
  region size 1024K, 0 young (0K), 0 survivors (0K)
 Metaspace       used 58235K, committed 58688K, reserved 1114112K
  class space    used 7224K, committed 7424K, reserved 1048576K
}
Event: 25998.520 GC heap before
{Heap before GC invocations=1085 (full 1073):
 garbage-first heap   total 86016K, used 31084K [0x00000000c0000000, 0x0000000100000000)
  region size 1024K, 1 young (1024K), 0 survivors (0K)
 Metaspace       used 58235K, committed 58688K, reserved 1114112K
  class space    used 7224K, committed 7424K, reserved 1048576K
}
Event: 25998.538 GC heap after
{Heap after GC invocations=1086 (full 1074):
 garbage-first heap   total 86016K, used 31084K [0x00000000c0000000, 0x0000000100000000)
  region size 1024K, 0 young (0K), 0 survivors (0K)
 Metaspace       used 58235K, committed 58688K, reserved 1114112K
  class space    used 7224K, committed 7424K, reserved 1048576K
}
Event: 26008.729 GC heap before
{Heap before GC invocations=1086 (full 1074):
 garbage-first heap   total 86016K, used 31084K [0x00000000c0000000, 0x0000000100000000)
  region size 1024K, 1 young (1024K), 0 survivors (0K)
 Metaspace       used 58235K, committed 58688K, reserved 1114112K
  class space    used 7224K, committed 7424K, reserved 1048576K
}
Event: 26008.748 GC heap after
{Heap after GC invocations=1087 (full 1075):
 garbage-first heap   total 86016K, used 31084K [0x00000000c0000000, 0x0000000100000000)
  region size 1024K, 0 young (0K), 0 survivors (0K)
 Metaspace       used 58235K, committed 58688K, reserved 1114112K
  class space    used 7224K, committed 7424K, reserved 1048576K
}

Dll operation events (9 events):
Event: 0.015 Loaded shared library c:\Users\User\.vscode\extensions\redhat.java-1.25.1-win32-x64\jre\17.0.9-win32-x86_64\bin\java.dll
Event: 0.244 Loaded shared library C:\Users\User\.vscode\extensions\redhat.java-1.25.1-win32-x64\jre\17.0.9-win32-x86_64\bin\net.dll
Event: 0.246 Loaded shared library C:\Users\User\.vscode\extensions\redhat.java-1.25.1-win32-x64\jre\17.0.9-win32-x86_64\bin\nio.dll
Event: 0.253 Loaded shared library C:\Users\User\.vscode\extensions\redhat.java-1.25.1-win32-x64\jre\17.0.9-win32-x86_64\bin\zip.dll
Event: 0.498 Loaded shared library C:\Users\User\.vscode\extensions\redhat.java-1.25.1-win32-x64\jre\17.0.9-win32-x86_64\bin\jimage.dll
Event: 2.339 Loaded shared library c:\Users\User\.vscode\extensions\redhat.java-1.25.1-win32-x64\jre\17.0.9-win32-x86_64\bin\verify.dll
Event: 2.617 Loaded shared library C:\Users\User\.vscode\extensions\redhat.java-1.25.1-win32-x64\jre\17.0.9-win32-x86_64\bin\management.dll
Event: 2.620 Loaded shared library C:\Users\User\.vscode\extensions\redhat.java-1.25.1-win32-x64\jre\17.0.9-win32-x86_64\bin\management_ext.dll
Event: 3.446 Loaded shared library C:\Users\User\.vscode\extensions\redhat.java-1.25.1-win32-x64\jre\17.0.9-win32-x86_64\bin\sunmscapi.dll

Deoptimization events (20 events):
Event: 1.550 Thread 0x0000025690821e60 DEOPT PACKING pc=0x0000025693be5719 sp=0x0000006ed9dfd700
Event: 1.550 Thread 0x0000025690821e60 DEOPT UNPACKING pc=0x0000025693507143 sp=0x0000006ed9dfcbe0 mode 3
Event: 1.772 Thread 0x0000025690821e60 DEOPT PACKING pc=0x0000025693c5b255 sp=0x0000006ed9dfed40
Event: 1.772 Thread 0x0000025690821e60 DEOPT UNPACKING pc=0x0000025693507143 sp=0x0000006ed9dfe1e8 mode 3
Event: 2.746 Thread 0x00000256a1ea2370 DEOPT PACKING pc=0x0000025693deb3b5 sp=0x0000006edc6fdfb0
Event: 2.746 Thread 0x00000256a1ea2370 DEOPT UNPACKING pc=0x0000025693507143 sp=0x0000006edc6fd4d8 mode 3
Event: 2.821 Thread 0x00000256a1a261b0 DEOPT PACKING pc=0x0000025693b95981 sp=0x0000006edc5fdb00
Event: 2.821 Thread 0x00000256a1a261b0 DEOPT UNPACKING pc=0x0000025693507143 sp=0x0000006edc5fcf90 mode 3
Event: 2.838 Thread 0x00000256a1ea2370 DEOPT PACKING pc=0x0000025693b78897 sp=0x0000006edc6fef80
Event: 2.838 Thread 0x00000256a1ea2370 DEOPT UNPACKING pc=0x0000025693507143 sp=0x0000006edc6fe3d8 mode 3
Event: 3.480 Thread 0x00000256a1ead5e0 DEOPT PACKING pc=0x000002569372858c sp=0x0000006edcefae40
Event: 3.480 Thread 0x00000256a1ead5e0 DEOPT UNPACKING pc=0x0000025693507143 sp=0x0000006edcefa308 mode 0
Event: 2609.546 Thread 0x00000256a1a261b0 DEOPT PACKING pc=0x0000025693c65d54 sp=0x0000006edc5ff000
Event: 2609.546 Thread 0x00000256a1a261b0 DEOPT UNPACKING pc=0x0000025693507143 sp=0x0000006edc5fe4a8 mode 0
Event: 3444.857 Thread 0x00000256a2680730 DEOPT PACKING pc=0x0000025693d334a4 sp=0x0000006edceff100
Event: 3444.857 Thread 0x00000256a267f2f0 DEOPT PACKING pc=0x0000025693d334a4 sp=0x0000006edd2ff040
Event: 3444.857 Thread 0x00000256a267f2f0 DEOPT UNPACKING pc=0x0000025693507143 sp=0x0000006edd2fe528 mode 0
Event: 3444.857 Thread 0x00000256a2680730 DEOPT UNPACKING pc=0x0000025693507143 sp=0x0000006edcefe5e8 mode 0
Event: 20282.686 Thread 0x00000256a267fd10 DEOPT PACKING pc=0x0000025693629dee sp=0x0000006edacfd4a0
Event: 20282.686 Thread 0x00000256a267fd10 DEOPT UNPACKING pc=0x0000025693507143 sp=0x0000006edacfc998 mode 3

Classes unloaded (20 events):
Event: 3513.396 Thread 0x000002569c183680 Unloading class 0x0000000100719c00 'java/lang/invoke/LambdaForm$MH+0x0000000100719c00'
Event: 3513.396 Thread 0x000002569c183680 Unloading class 0x0000000100719800 'java/lang/invoke/LambdaForm$MH+0x0000000100719800'
Event: 3513.396 Thread 0x000002569c183680 Unloading class 0x0000000100719400 'java/lang/invoke/LambdaForm$MH+0x0000000100719400'
Event: 3513.396 Thread 0x000002569c183680 Unloading class 0x0000000100719000 'java/lang/invoke/LambdaForm$MH+0x0000000100719000'
Event: 3513.396 Thread 0x000002569c183680 Unloading class 0x0000000100718c00 'java/lang/invoke/LambdaForm$MH+0x0000000100718c00'
Event: 3513.396 Thread 0x000002569c183680 Unloading class 0x0000000100718800 'java/lang/invoke/LambdaForm$MH+0x0000000100718800'
Event: 3513.396 Thread 0x000002569c183680 Unloading class 0x0000000100718400 'java/lang/invoke/LambdaForm$MH+0x0000000100718400'
Event: 3513.396 Thread 0x000002569c183680 Unloading class 0x0000000100718000 'java/lang/invoke/LambdaForm$MH+0x0000000100718000'
Event: 3513.396 Thread 0x000002569c183680 Unloading class 0x0000000100508400 'java/lang/invoke/LambdaForm$MH+0x0000000100508400'
Event: 3513.396 Thread 0x000002569c183680 Unloading class 0x0000000100530000 'java/lang/invoke/LambdaForm$MH+0x0000000100530000'
Event: 3513.396 Thread 0x000002569c183680 Unloading class 0x0000000100541000 'java/lang/invoke/LambdaForm$MH+0x0000000100541000'
Event: 3513.396 Thread 0x000002569c183680 Unloading class 0x0000000100541800 'java/lang/invoke/LambdaForm$MH+0x0000000100541800'
Event: 3513.396 Thread 0x000002569c183680 Unloading class 0x0000000100544000 'java/lang/invoke/LambdaForm$MH+0x0000000100544000'
Event: 3513.396 Thread 0x000002569c183680 Unloading class 0x0000000100544800 'java/lang/invoke/LambdaForm$MH+0x0000000100544800'
Event: 3513.396 Thread 0x000002569c183680 Unloading class 0x00000001005a0400 'java/lang/invoke/LambdaForm$MH+0x00000001005a0400'
Event: 3513.396 Thread 0x000002569c183680 Unloading class 0x0000000100622400 'java/lang/invoke/LambdaForm$MH+0x0000000100622400'
Event: 3513.396 Thread 0x000002569c183680 Unloading class 0x0000000100622800 'java/lang/invoke/LambdaForm$MH+0x0000000100622800'
Event: 3666.699 Thread 0x000002569c183680 Unloading class 0x00000001005a0400 'java/lang/invoke/LambdaForm$MH+0x00000001005a0400'
Event: 3666.699 Thread 0x000002569c183680 Unloading class 0x0000000100544800 'java/lang/invoke/LambdaForm$MH+0x0000000100544800'
Event: 3666.699 Thread 0x000002569c183680 Unloading class 0x0000000100544000 'java/lang/invoke/LambdaForm$MH+0x0000000100544000'

Classes redefined (0 events):
No events

Internal exceptions (20 events):
Event: 3.412 Thread 0x00000256a1ead5e0 Exception <a 'java/lang/NoSuchMethodError'{0x00000000c38435e0}: 'java.lang.Object java.lang.invoke.DirectMethodHandle$Holder.invokeStatic(java.lang.Object, java.lang.Object, int, java.lang.Object)'> (0x00000000c38435e0) 
thrown [s\src\hotspot\share\interpreter\linkResolver.cpp, line 759]
Event: 3.412 Thread 0x00000256a1ead5e0 Exception <a 'java/lang/NoSuchMethodError'{0x00000000c38499c0}: 'java.lang.Object java.lang.invoke.DirectMethodHandle$Holder.newInvokeSpecial(java.lang.Object, java.lang.Object, int)'> (0x00000000c38499c0) 
thrown [s\src\hotspot\share\interpreter\linkResolver.cpp, line 759]
Event: 3.477 Thread 0x00000256a1ead5e0 Exception <a 'sun/nio/fs/WindowsException'{0x00000000cf66bee8}> (0x00000000cf66bee8) 
thrown [s\src\hotspot\share\prims\jni.cpp, line 516]
Event: 42.727 Thread 0x00000256a1c40e20 Exception <a 'java/lang/NoSuchMethodError'{0x00000000c3ff2ff8}: 'void java.lang.invoke.DirectMethodHandle$Holder.invokeStatic(java.lang.Object, long)'> (0x00000000c3ff2ff8) 
thrown [s\src\hotspot\share\interpreter\linkResolver.cpp, line 759]
Event: 42.728 Thread 0x00000256a1c40e20 Exception <a 'java/lang/NoSuchMethodError'{0x00000000c3ff83a0}: 'java.lang.Object java.lang.invoke.DirectMethodHandle$Holder.newInvokeSpecial(java.lang.Object, long)'> (0x00000000c3ff83a0) 
thrown [s\src\hotspot\share\interpreter\linkResolver.cpp, line 759]
Event: 2738.311 Thread 0x00000256a267deb0 Exception <a 'java/io/IOException'{0x00000000cf600068}> (0x00000000cf600068) 
thrown [s\src\hotspot\share\prims\jni.cpp, line 516]
Event: 2738.311 Thread 0x00000256a1eab780 Exception <a 'java/io/IOException'{0x00000000cf600868}> (0x00000000cf600868) 
thrown [s\src\hotspot\share\prims\jni.cpp, line 516]
Event: 2738.311 Thread 0x00000256a1eae000 Exception <a 'java/io/IOException'{0x00000000cf601068}> (0x00000000cf601068) 
thrown [s\src\hotspot\share\prims\jni.cpp, line 516]
Event: 3443.441 Thread 0x00000256a1a261b0 Exception <a 'java/lang/NoSuchMethodError'{0x00000000cf7d93a0}: 'java.lang.Object java.lang.invoke.DirectMethodHandle$Holder.invokeStatic(java.lang.Object, java.lang.Object, java.lang.Object, int, java.lang.Object, java.lang.Object)'> (0x00000000cf7d93a0) 
thrown [s\src\hotspot\share\interpreter\linkResolver.cpp, line 759]
Event: 3443.903 Thread 0x00000256a2680c40 Exception <a 'java/lang/NoSuchMethodError'{0x00000000c3d27018}: 'java.lang.Object java.lang.invoke.Invokers$Holder.invoke_MT(java.lang.Object, java.lang.Object, java.lang.Object)'> (0x00000000c3d27018) 
thrown [s\src\hotspot\share\interpreter\linkResolver.cpp, line 759]
Event: 3443.988 Thread 0x00000256a267ede0 Exception <a 'java/lang/NoSuchMethodError'{0x00000000c38bf310}: 'java.lang.Object java.lang.invoke.DirectMethodHandle$Holder.newInvokeSpecial(java.lang.Object, java.lang.Object, java.lang.Object, java.lang.Object, java.lang.Object, long)'> (0x00000000c38bf310) 
thrown [s\src\hotspot\share\interpreter\linkResolver.cpp, line 759]
Event: 3443.988 Thread 0x00000256a267ede0 Exception <a 'java/lang/NoSuchMethodError'{0x00000000c38c3980}: 'java.lang.Object java.lang.invoke.DirectMethodHandle$Holder.invokeSpecial(java.lang.Object, java.lang.Object, java.lang.Object, java.lang.Object, java.lang.Object, java.lang.Object, long)'> (0x00000000c38c3980) 
thrown [s\src\hotspot\share\interpreter\linkResolver.cpp, line 759]
Event: 3444.406 Thread 0x00000256a2680c40 Exception <a 'java/lang/IncompatibleClassChangeError'{0x00000000c4974808}: Found class java.lang.Object, but interface was expected> (0x00000000c4974808) 
thrown [s\src\hotspot\share\interpreter\linkResolver.cpp, line 826]
Event: 3444.450 Thread 0x00000256a2680c40 Exception <a 'java/lang/NoSuchMethodError'{0x00000000c41366c8}: 'int java.lang.invoke.DirectMethodHandle$Holder.invokeSpecialIFC(java.lang.Object, java.lang.Object, java.lang.Object)'> (0x00000000c41366c8) 
thrown [s\src\hotspot\share\interpreter\linkResolver.cpp, line 759]
Event: 3444.654 Thread 0x00000256a267f2f0 Exception <a 'java/lang/NoSuchMethodError'{0x00000000c392a658}: 'int java.lang.invoke.DirectMethodHandle$Holder.invokeStatic(java.lang.Object, int, int, int, java.lang.Object)'> (0x00000000c392a658) 
thrown [s\src\hotspot\share\interpreter\linkResolver.cpp, line 759]
Event: 3444.758 Thread 0x00000256a2680730 Exception <a 'java/lang/NoSuchMethodError'{0x00000000cd7c3b90}: 'java.lang.Object java.lang.invoke.DirectMethodHandle$Holder.invokeStaticInit(java.lang.Object, java.lang.Object, java.lang.Object, java.lang.Object)'> (0x00000000cd7c3b90) 
thrown [s\src\hotspot\share\interpreter\linkResolver.cpp, line 759]
Event: 3444.762 Thread 0x00000256a2680730 Exception <a 'java/lang/IncompatibleClassChangeError'{0x00000000cd7dd8d0}: Found class java.lang.Object, but interface was expected> (0x00000000cd7dd8d0) 
thrown [s\src\hotspot\share\interpreter\linkResolver.cpp, line 826]
Event: 3444.765 Thread 0x00000256a2680730 Exception <a 'java/lang/IncompatibleClassChangeError'{0x00000000cd7f75a0}: Found class java.lang.Object, but interface was expected> (0x00000000cd7f75a0) 
thrown [s\src\hotspot\share\interpreter\linkResolver.cpp, line 826]
Event: 3444.773 Thread 0x00000256a2680730 Exception <a 'java/lang/IncompatibleClassChangeError'{0x00000000cd647fd0}: Found class java.lang.Object, but interface was expected> (0x00000000cd647fd0) 
thrown [s\src\hotspot\share\interpreter\linkResolver.cpp, line 826]
Event: 20282.685 Thread 0x00000256a267fd10 Implicit null exception at 0x0000025693629bc4 to 0x0000025693629de9

VM Operations (20 events):
Event: 25916.985 Executing VM operation: G1CollectFull done
Event: 25927.159 Executing VM operation: G1CollectFull
Event: 25927.177 Executing VM operation: G1CollectFull done
Event: 25937.335 Executing VM operation: G1CollectFull
Event: 25937.354 Executing VM operation: G1CollectFull done
Event: 25947.537 Executing VM operation: G1CollectFull
Event: 25947.555 Executing VM operation: G1CollectFull done
Event: 25957.746 Executing VM operation: G1CollectFull
Event: 25957.769 Executing VM operation: G1CollectFull done
Event: 25967.961 Executing VM operation: G1CollectFull
Event: 25967.979 Executing VM operation: G1CollectFull done
Event: 25978.152 Executing VM operation: G1CollectFull
Event: 25978.170 Executing VM operation: G1CollectFull done
Event: 25988.332 Executing VM operation: G1CollectFull
Event: 25988.350 Executing VM operation: G1CollectFull done
Event: 25998.520 Executing VM operation: G1CollectFull
Event: 25998.538 Executing VM operation: G1CollectFull done
Event: 26008.729 Executing VM operation: G1CollectFull
Event: 26008.748 Executing VM operation: G1CollectFull done
Event: 26018.903 Executing VM operation: G1CollectFull

Events (20 events):
Event: 24785.736 Thread 0x00000256a2681660 Thread exited: 0x00000256a2681660
Event: 24793.506 Thread 0x00000256a2681660 Thread added: 0x00000256a2681660
Event: 24852.541 Thread 0x00000256a267f800 Thread exited: 0x00000256a267f800
Event: 24853.523 Thread 0x00000256a2681660 Thread exited: 0x00000256a2681660
Event: 24867.079 Thread 0x00000256a2681150 Thread exited: 0x00000256a2681150
Event: 24867.488 Thread 0x00000256a267c560 Thread exited: 0x00000256a267c560
Event: 24929.454 Thread 0x00000256a267c560 Thread added: 0x00000256a267c560
Event: 24929.454 Thread 0x00000256a2680730 Thread added: 0x00000256a2680730
Event: 24929.456 Thread 0x00000256a2682fb0 Thread added: 0x00000256a2682fb0
Event: 24942.872 Thread 0x00000256a267f2f0 Thread added: 0x00000256a267f2f0
Event: 24989.466 Thread 0x00000256a267c560 Thread exited: 0x00000256a267c560
Event: 24989.466 Thread 0x00000256a2682fb0 Thread exited: 0x00000256a2682fb0
Event: 24989.886 Thread 0x00000256a2680730 Thread exited: 0x00000256a2680730
Event: 25049.735 Thread 0x00000256a2681660 Thread added: 0x00000256a2681660
Event: 25049.735 Thread 0x00000256a267c050 Thread added: 0x00000256a267c050
Event: 25049.737 Thread 0x00000256a26839d0 Thread added: 0x00000256a26839d0
Event: 25091.536 Thread 0x00000256a267f2f0 Thread exited: 0x00000256a267f2f0
Event: 25109.757 Thread 0x00000256a26839d0 Thread exited: 0x00000256a26839d0
Event: 25147.655 Thread 0x00000256a2681660 Thread exited: 0x00000256a2681660
Event: 25148.059 Thread 0x00000256a267c050 Thread exited: 0x00000256a267c050


Dynamic libraries:
0x00007ff747a40000 - 0x00007ff747a4e000 	c:\Users\User\.vscode\extensions\redhat.java-1.25.1-win32-x64\jre\17.0.9-win32-x86_64\bin\java.exe
0x00007ffae3110000 - 0x00007ffae3327000 	C:\WINDOWS\SYSTEM32\ntdll.dll
0x00007ffae1630000 - 0x00007ffae16f4000 	C:\WINDOWS\System32\KERNEL32.DLL
0x00007ffae0710000 - 0x00007ffae0ab6000 	C:\WINDOWS\System32\KERNELBASE.dll
0x00007ffae0b60000 - 0x00007ffae0c71000 	C:\WINDOWS\System32\ucrtbase.dll
0x00007ffa9c120000 - 0x00007ffa9c137000 	c:\Users\User\.vscode\extensions\redhat.java-1.25.1-win32-x64\jre\17.0.9-win32-x86_64\bin\jli.dll
0x00007ffae1350000 - 0x00007ffae14fe000 	C:\WINDOWS\System32\USER32.dll
0x00007ffae0480000 - 0x00007ffae04a6000 	C:\WINDOWS\System32\win32u.dll
0x00007ffae1550000 - 0x00007ffae1579000 	C:\WINDOWS\System32\GDI32.dll
0x00007ffae0c80000 - 0x00007ffae0d98000 	C:\WINDOWS\System32\gdi32full.dll
0x00007ffae0ac0000 - 0x00007ffae0b5a000 	C:\WINDOWS\System32\msvcp_win.dll
0x00007ffa6cd70000 - 0x00007ffa6cd8b000 	c:\Users\User\.vscode\extensions\redhat.java-1.25.1-win32-x64\jre\17.0.9-win32-x86_64\bin\VCRUNTIME140.dll
0x00007ffacc0f0000 - 0x00007ffacc383000 	C:\WINDOWS\WinSxS\amd64_microsoft.windows.common-controls_6595b64144ccf1df_6.0.22621.2506_none_270c5ae97388e100\COMCTL32.dll
0x00007ffae1f60000 - 0x00007ffae2007000 	C:\WINDOWS\System32\msvcrt.dll
0x00007ffae1170000 - 0x00007ffae11a1000 	C:\WINDOWS\System32\IMM32.DLL
0x00007fface0a0000 - 0x00007fface0ac000 	c:\Users\User\.vscode\extensions\redhat.java-1.25.1-win32-x64\jre\17.0.9-win32-x86_64\bin\vcruntime140_1.dll
0x00007ffa64d30000 - 0x00007ffa64dbd000 	c:\Users\User\.vscode\extensions\redhat.java-1.25.1-win32-x64\jre\17.0.9-win32-x86_64\bin\msvcp140.dll
0x00007ffa640c0000 - 0x00007ffa64d21000 	c:\Users\User\.vscode\extensions\redhat.java-1.25.1-win32-x64\jre\17.0.9-win32-x86_64\bin\server\jvm.dll
0x00007ffae3010000 - 0x00007ffae30c1000 	C:\WINDOWS\System32\ADVAPI32.dll
0x00007ffae10a0000 - 0x00007ffae1145000 	C:\WINDOWS\System32\sechost.dll
0x00007ffae0e80000 - 0x00007ffae0f97000 	C:\WINDOWS\System32\RPCRT4.dll
0x00007ffac2850000 - 0x00007ffac2859000 	C:\WINDOWS\SYSTEM32\WSOCK32.dll
0x00007ffae0350000 - 0x00007ffae039d000 	C:\WINDOWS\SYSTEM32\POWRPROF.dll
0x00007ffad72b0000 - 0x00007ffad72e4000 	C:\WINDOWS\SYSTEM32\WINMM.dll
0x00007ffad5b30000 - 0x00007ffad5b3a000 	C:\WINDOWS\SYSTEM32\VERSION.dll
0x00007ffae2a70000 - 0x00007ffae2ae1000 	C:\WINDOWS\System32\WS2_32.dll
0x00007ffae0330000 - 0x00007ffae0343000 	C:\WINDOWS\SYSTEM32\UMPDC.dll
0x00007ffadf480000 - 0x00007ffadf498000 	C:\WINDOWS\SYSTEM32\kernel.appcore.dll
0x00007ffac18b0000 - 0x00007ffac18ba000 	c:\Users\User\.vscode\extensions\redhat.java-1.25.1-win32-x64\jre\17.0.9-win32-x86_64\bin\jimage.dll
0x00007ffadda60000 - 0x00007ffaddc93000 	C:\WINDOWS\SYSTEM32\DBGHELP.DLL
0x00007ffae1700000 - 0x00007ffae1a89000 	C:\WINDOWS\System32\combase.dll
0x00007ffae1b10000 - 0x00007ffae1be7000 	C:\WINDOWS\System32\OLEAUT32.dll
0x00007ffad2fb0000 - 0x00007ffad2fe2000 	C:\WINDOWS\SYSTEM32\dbgcore.DLL
0x00007ffae0520000 - 0x00007ffae059a000 	C:\WINDOWS\System32\bcryptPrimitives.dll
0x00007ffa68fa0000 - 0x00007ffa68fc5000 	c:\Users\User\.vscode\extensions\redhat.java-1.25.1-win32-x64\jre\17.0.9-win32-x86_64\bin\java.dll
0x00007ffa69fb0000 - 0x00007ffa69fc8000 	c:\Users\User\.vscode\extensions\redhat.java-1.25.1-win32-x64\jre\17.0.9-win32-x86_64\bin\zip.dll
0x00007ffae2110000 - 0x00007ffae296a000 	C:\WINDOWS\System32\SHELL32.dll
0x00007ffade3a0000 - 0x00007ffadec96000 	C:\WINDOWS\SYSTEM32\windows.storage.dll
0x00007ffade260000 - 0x00007ffade39e000 	C:\WINDOWS\SYSTEM32\wintypes.dll
0x00007ffae0fa0000 - 0x00007ffae1093000 	C:\WINDOWS\System32\SHCORE.dll
0x00007ffae2010000 - 0x00007ffae206e000 	C:\WINDOWS\System32\shlwapi.dll
0x00007ffae03b0000 - 0x00007ffae03d6000 	C:\WINDOWS\SYSTEM32\profapi.dll
0x00007ffa9d200000 - 0x00007ffa9d219000 	C:\Users\User\.vscode\extensions\redhat.java-1.25.1-win32-x64\jre\17.0.9-win32-x86_64\bin\net.dll
0x00007ffad9ae0000 - 0x00007ffad9c17000 	C:\WINDOWS\SYSTEM32\WINHTTP.dll
0x00007ffadf900000 - 0x00007ffadf969000 	C:\WINDOWS\system32\mswsock.dll
0x00007ffa7e1e0000 - 0x00007ffa7e1f6000 	C:\Users\User\.vscode\extensions\redhat.java-1.25.1-win32-x64\jre\17.0.9-win32-x86_64\bin\nio.dll
0x00007ffadfb50000 - 0x00007ffadfb6b000 	C:\WINDOWS\SYSTEM32\CRYPTSP.dll
0x00007ffadf3e0000 - 0x00007ffadf415000 	C:\WINDOWS\system32\rsaenh.dll
0x00007ffadf9f0000 - 0x00007ffadfa1c000 	C:\WINDOWS\SYSTEM32\USERENV.dll
0x00007ffadfd40000 - 0x00007ffadfd68000 	C:\WINDOWS\SYSTEM32\bcrypt.dll
0x00007ffadfb70000 - 0x00007ffadfb7c000 	C:\WINDOWS\SYSTEM32\CRYPTBASE.dll
0x00007ffadef00000 - 0x00007ffadef2d000 	C:\WINDOWS\SYSTEM32\IPHLPAPI.DLL
0x00007ffae1160000 - 0x00007ffae1169000 	C:\WINDOWS\System32\NSI.dll
0x00007ffad6fd0000 - 0x00007ffad6fe9000 	C:\WINDOWS\SYSTEM32\dhcpcsvc6.DLL
0x00007ffad6fb0000 - 0x00007ffad6fcf000 	C:\WINDOWS\SYSTEM32\dhcpcsvc.DLL
0x00007ffadef70000 - 0x00007ffadf069000 	C:\WINDOWS\SYSTEM32\DNSAPI.dll
0x00007ffa9c8b0000 - 0x00007ffa9c8c0000 	c:\Users\User\.vscode\extensions\redhat.java-1.25.1-win32-x64\jre\17.0.9-win32-x86_64\bin\verify.dll
0x00007ffa68d60000 - 0x00007ffa68d69000 	C:\Users\User\.vscode\extensions\redhat.java-1.25.1-win32-x64\jre\17.0.9-win32-x86_64\bin\management.dll
0x00007ffa68d50000 - 0x00007ffa68d5b000 	C:\Users\User\.vscode\extensions\redhat.java-1.25.1-win32-x64\jre\17.0.9-win32-x86_64\bin\management_ext.dll
0x00007ffae2af0000 - 0x00007ffae2af8000 	C:\WINDOWS\System32\PSAPI.DLL
0x00007ffa68d40000 - 0x00007ffa68d4e000 	C:\Users\User\.vscode\extensions\redhat.java-1.25.1-win32-x64\jre\17.0.9-win32-x86_64\bin\sunmscapi.dll
0x00007ffae05a0000 - 0x00007ffae0706000 	C:\WINDOWS\System32\CRYPT32.dll
0x00007ffadfd10000 - 0x00007ffadfd3d000 	C:\WINDOWS\SYSTEM32\ncrypt.dll
0x00007ffadfcd0000 - 0x00007ffadfd07000 	C:\WINDOWS\SYSTEM32\NTASN1.dll
0x00007ffad36d0000 - 0x00007ffad371b000 	C:\Program Files (x86)\Sangfor\SSL\ClientComponent3\SangforNspX64.dll
0x00007ffae11b0000 - 0x00007ffae1350000 	C:\WINDOWS\System32\ole32.dll
0x0000000070480000 - 0x00000000704a6000 	C:\Program Files\Bonjour\mdnsNSP.dll
0x00007ffad6610000 - 0x00007ffad661a000 	C:\Windows\System32\rasadhlp.dll
0x00007ffad5d00000 - 0x00007ffad5d83000 	C:\WINDOWS\System32\fwpuclnt.dll

dbghelp: loaded successfully - version: 4.0.5 - missing functions: none
symbol engine: initialized successfully - sym options: 0x614 - pdb path: .;c:\Users\User\.vscode\extensions\redhat.java-1.25.1-win32-x64\jre\17.0.9-win32-x86_64\bin;C:\WINDOWS\SYSTEM32;C:\WINDOWS\WinSxS\amd64_microsoft.windows.common-controls_6595b64144ccf1df_6.0.22621.2506_none_270c5ae97388e100;c:\Users\User\.vscode\extensions\redhat.java-1.25.1-win32-x64\jre\17.0.9-win32-x86_64\bin\server;C:\Program Files (x86)\Sangfor\SSL\ClientComponent3;C:\Program Files\Bonjour

VM Arguments:
jvm_args: -XX:+HeapDumpOnOutOfMemoryError -Xmx1024m -Dsts.lsp.client=vscode -Dsts.log.file=/dev/null -XX:TieredStopAtLevel=1 -Xlog:jni+resolve=off -Dspring.config.location=file:c:\Users\User\.vscode\extensions\vmware.vscode-spring-boot-1.51.0\language-server\BOOT-INF\classes\application.properties 
java_command: org.springframework.ide.vscode.boot.app.BootLanguageServerBootApp
java_class_path (initial): c:\Users\User\.vscode\extensions\vmware.vscode-spring-boot-1.51.0\language-server\BOOT-INF\classes;c:\Users\User\.vscode\extensions\vmware.vscode-spring-boot-1.51.0\language-server\BOOT-INF\lib\annotations-24.1.0.jar;c:\Users\User\.vscode\extensions\vmware.vscode-spring-boot-1.51.0\language-server\BOOT-INF\lib\antlr-runtime-3.5.3.jar;c:\Users\User\.vscode\extensions\vmware.vscode-spring-boot-1.51.0\language-server\BOOT-INF\lib\antlr4-4.11.1.jar;c:\Users\User\.vscode\extensions\vmware.vscode-spring-boot-1.51.0\language-server\BOOT-INF\lib\antlr4-runtime-4.11.1.jar;c:\Users\User\.vscode\extensions\vmware.vscode-spring-boot-1.51.0\language-server\BOOT-INF\lib\asm-9.6.jar;c:\Users\User\.vscode\extensions\vmware.vscode-spring-boot-1.51.0\language-server\BOOT-INF\lib\asm-analysis-9.6.jar;c:\Users\User\.vscode\extensions\vmware.vscode-spring-boot-1.51.0\language-server\BOOT-INF\lib\asm-tree-9.6.jar;c:\Users\User\.vscode\extensions\vmware.vscode-spring-boot-1.51.0\language-server\BOOT-INF\lib\asm-util-9.6.jar;c:\Users\User\.vscode\extensions\vmware.vscode-spring-boot-1.51.0\language-server\BOOT-INF\lib\bosh-language-server-1.51.0-SNAPSHOT.jar;c:\Users\User\.vscode\extensions\vmware.vscode-spring-boot-1.51.0\language-server\BOOT-INF\lib\caffeine-3.1.8.jar;c:\Users\User\.vscode\extensions\vmware.vscode-spring-boot-1.51.0\language-server\BOOT-INF\lib\checker-qual-3.12.0.jar;c:\Users\User\.vscode\extensions\vmware.vscode-spring-boot-1.51.0\language-server\BOOT-INF\lib\classgraph-4.8.149.jar;c:\Users\User\.vscode\extensions\vmware.vscode-spring-boot-1.51.0\language-server\BOOT-INF\lib\commons-codec-1.15.jar;c:\Users\User\.vscode\extensions\vmware.vscode-spring-boot-1.51.0\language-server\BOOT-INF\lib\commons-compress-1.25.0.jar;c:\Users\User\.vscode\extensions\vmware.vscode-spring-boot-1.51.0\language-server\BOOT-INF\lib\commons-io-2.4.jar;c:\Users\User\.vscode\extensions\vmware.vscode-spring-boot-1.51.0\language-server\BOOT-INF\lib\commons-java-1.51
Launcher Type: SUN_STANDARD

[Global flags]
     intx CICompilerCount                          = 12                                        {product} {ergonomic}
     uint ConcGCThreads                            = 3                                         {product} {ergonomic}
     uint G1ConcRefinementThreads                  = 13                                        {product} {ergonomic}
   size_t G1HeapRegionSize                         = 1048576                                   {product} {ergonomic}
    uintx GCDrainStackTargetSize                   = 64                                        {product} {ergonomic}
     bool HeapDumpOnOutOfMemoryError               = true                                   {manageable} {command line}
   size_t InitialHeapSize                          = 260046848                                 {product} {ergonomic}
   size_t MarkStackSize                            = 4194304                                   {product} {ergonomic}
   size_t MaxHeapSize                              = 1073741824                                {product} {command line}
   size_t MaxNewSize                               = 643825664                                 {product} {ergonomic}
   size_t MinHeapDeltaBytes                        = 1048576                                   {product} {ergonomic}
   size_t MinHeapSize                              = 8388608                                   {product} {ergonomic}
    uintx NonProfiledCodeHeapSize                  = 0                                      {pd product} {ergonomic}
     bool ProfileInterpreter                       = false                                  {pd product} {command line}
    uintx ProfiledCodeHeapSize                     = 0                                      {pd product} {ergonomic}
   size_t SoftMaxHeapSize                          = 1073741824                             {manageable} {ergonomic}
     intx TieredStopAtLevel                        = 1                                         {product} {command line}
     bool UseCompressedClassPointers               = true                           {product lp64_product} {ergonomic}
     bool UseCompressedOops                        = true                           {product lp64_product} {ergonomic}
     bool UseG1GC                                  = true                                      {product} {ergonomic}
     bool UseLargePagesIndividualAllocation        = false                                  {pd product} {ergonomic}

Logging:
Log output configuration:
 #0: stdout all=warning,jni+resolve=off uptime,level,tags
 #1: stderr all=off uptime,level,tags

Environment Variables:
JAVA_HOME=C:\Program Files\Java\jdk-21
PATH=C:\Program Files\platform-tools;C:\src\flutter\bin;C:\Program Files\NVIDIA Corporation\NVIDIA NvDLISR;C:\Program Files\Maven\apache-maven-3.5.4\bin;C:\Program Files\Microsoft VS Code\bin;C:\Program Files\Java\jdk-21\bin;C:\Program Files\dotnet\;C:\Program Files\Java\jdk-21\bin;C:\Program Files\Git\cmd;C:\Windows\System32;C:\Windows\System32\WindowsPowerShell\v1.0;C:\src\flutter\bin;C:\Users\User\Music\software course year 3 sem 1\SECJ3303-03 INTERNET PROGRAMMING\Software installation\apache-maven-3.5.4;C:\Program Files\Java\jdk1.8.0_181\bin;C:\Program Files\Maven\apache-maven-3.9.6\bin;
USERNAME=User
OS=Windows_NT
PROCESSOR_IDENTIFIER=AMD64 Family 25 Model 80 Stepping 0, AuthenticAMD
TMP=C:\Users\User\AppData\Local\Temp
TEMP=C:\Users\User\AppData\Local\Temp



Periodic native trim disabled


---------------  S Y S T E M  ---------------

OS:
 Windows 11 , 64 bit Build 22621 (10.0.22621.2506)
OS uptime: 0 days 7:19 hours

CPU: total 16 (initial active 16) (16 cores per cpu, 2 threads per core) family 25 model 80 stepping 0 microcode 0x0, cx8, cmov, fxsr, ht, mmx, 3dnowpref, sse, sse2, sse3, ssse3, sse4a, sse4.1, sse4.2, popcnt, lzcnt, tsc, tscinvbit, avx, avx2, aes, erms, clmul, bmi1, bmi2, adx, sha, fma, vzeroupper, clflush, clflushopt
Processor Information for all 16 processors :
  Max Mhz: 3301, Current Mhz: 3301, Mhz Limit: 3301

Memory: 4k page, system-wide physical 15791M (5911M free)
TotalPageFile size 64943M (AvailPageFile size 4M)
current process WorkingSet (physical memory assigned to process): 111M, peak: 214M
current process commit charge ("private bytes"): 262M, peak: 372M

vm_info: OpenJDK 64-Bit Server VM (17.0.9+9) for windows-amd64 JRE (17.0.9+9), built on Oct 26 2023 14:01:42 by "admin" with MS VC++ 16.10 / 16.11 (VS2019)

END.
