#
# There is insufficient memory for the Java Runtime Environment to continue.
# Native memory allocation (mmap) failed to map 260046848 bytes for G1 virtual space
# Possible reasons:
#   The system is out of physical RAM or swap space
#   The process is running with CompressedOops enabled, and the Java Heap may be blocking the growth of the native heap
# Possible solutions:
#   Reduce memory load on the system
#   Increase physical memory or swap space
#   Check if swap backing store is full
#   Decrease Java heap size (-Xmx/-Xms)
#   Decrease number of Java threads
#   Decrease Java thread stack sizes (-Xss)
#   Set larger code cache with -XX:ReservedCodeCacheSize=
#   JVM is running with Unscaled Compressed Oops mode in which the Java heap is
#     placed in the first 4GB address space. The Java Heap base address is the
#     maximum limit for the native heap growth. Please use -XX:HeapBaseMinAddress
#     to set the Java Heap base and to place the Java Heap above 4GB virtual address.
# This output file may be truncated or incomplete.
#
#  Out of Memory Error (os_windows.cpp:3613), pid=26556, tid=8736
#
# JRE version:  (17.0.9+9) (build )
# Java VM: OpenJDK 64-Bit Server VM (17.0.9+9, mixed mode, emulated-client, sharing, tiered, compressed oops, compressed class ptrs, g1 gc, windows-amd64)
# No core dump will be written. Minidumps are not enabled by default on client versions of Windows
#

---------------  S U M M A R Y ------------

Command Line: -XX:+HeapDumpOnOutOfMemoryError -Xmx1024m -Dsts.lsp.client=vscode -Dsts.log.file=/dev/null -XX:TieredStopAtLevel=1 -Xlog:jni+resolve=off -Dspring.config.location=file:c:\Users\User\.vscode\extensions\vmware.vscode-spring-boot-1.51.0\language-server\BOOT-INF\classes\application.properties org.springframework.ide.vscode.boot.app.BootLanguageServerBootApp

Host: AMD Ryzen 9 5900HX with Radeon Graphics        , 16 cores, 15G,  Windows 11 , 64 bit Build 22621 (10.0.22621.2506)
Time: Thu Dec 21 15:31:40 2023 Malay Peninsula Standard Time elapsed time: 0.009939 seconds (0d 0h 0m 0s)

---------------  T H R E A D  ---------------

Current thread (0x00000210b2971640):  JavaThread "Unknown thread" [_thread_in_vm, id=8736, stack(0x00000098d3100000,0x00000098d3200000)]

Stack: [0x00000098d3100000,0x00000098d3200000]
Native frames: (J=compiled Java code, j=interpreted, Vv=VM code, C=native code)
V  [jvm.dll+0x67cf49]
V  [jvm.dll+0x83478a]
V  [jvm.dll+0x83624e]
V  [jvm.dll+0x8368b3]
V  [jvm.dll+0x247f1f]
V  [jvm.dll+0x679d69]
V  [jvm.dll+0x66e6ba]
V  [jvm.dll+0x307e5b]
V  [jvm.dll+0x30f306]
V  [jvm.dll+0x35f0ce]
V  [jvm.dll+0x35f2ff]
V  [jvm.dll+0x2dea58]
V  [jvm.dll+0x2df9c4]
V  [jvm.dll+0x806031]
V  [jvm.dll+0x36cf31]
V  [jvm.dll+0x7e4aac]
V  [jvm.dll+0x3f07af]
V  [jvm.dll+0x3f23e1]
C  [jli.dll+0x528f]
C  [ucrtbase.dll+0x29363]
C  [KERNEL32.DLL+0x1257d]
C  [ntdll.dll+0x5aa58]


---------------  P R O C E S S  ---------------

Threads class SMR info:
_java_thread_list=0x00007fff9678ee98, length=0, elements={
}

Java Threads: ( => current thread )

Other Threads:
  0x00000210b29b0a20 GCTaskThread "GC Thread#0" [stack: 0x00000098d3200000,0x00000098d3300000] [id=3396]
  0x00000210b29b9880 ConcurrentGCThread "G1 Main Marker" [stack: 0x00000098d3300000,0x00000098d3400000] [id=7148]
  0x00000210b29ba950 ConcurrentGCThread "G1 Conc#0" [stack: 0x00000098d3400000,0x00000098d3500000] [id=22992]

[error occurred during error reporting (printing all threads), id 0xc0000005, EXCEPTION_ACCESS_VIOLATION (0xc0000005) at pc=0x00007fff95f4f497]

VM state: not at safepoint (not fully initialized)

VM Mutex/Monitor currently owned by a thread:  ([mutex/lock_event])
[0x00000210b2970070] Heap_lock - owner thread: 0x00000210b2971640

Heap address: 0x00000000c0000000, size: 1024 MB, Compressed Oops mode: 32-bit

CDS archive(s) mapped at: [0x0000000000000000-0x0000000000000000-0x0000000000000000), size 0, SharedBaseAddress: 0x0000000800000000, ArchiveRelocationMode: 1.
Narrow klass base: 0x0000000000000000, Narrow klass shift: 0, Narrow klass range: 0x0

GC Precious Log:
<Empty>

Heap:
 garbage-first heap   total 0K, used 0K [0x00000000c0000000, 0x0000000100000000)
  region size 1024K, 0 young (0K), 0 survivors (0K)

[error occurred during error reporting (printing heap information), id 0xc0000005, EXCEPTION_ACCESS_VIOLATION (0xc0000005) at pc=0x00007fff96336c79]

GC Heap History (0 events):
No events

Dll operation events (1 events):
Event: 0.007 Loaded shared library c:\Users\User\.vscode\extensions\redhat.java-1.25.1-win32-x64\jre\17.0.9-win32-x86_64\bin\java.dll

Deoptimization events (0 events):
No events

Classes unloaded (0 events):
No events

Classes redefined (0 events):
No events

Internal exceptions (0 events):
No events

VM Operations (0 events):
No events

Events (0 events):
No events


Dynamic libraries:
0x00007ff6cfeb0000 - 0x00007ff6cfebe000 	c:\Users\User\.vscode\extensions\redhat.java-1.25.1-win32-x64\jre\17.0.9-win32-x86_64\bin\java.exe
0x00007fffe61b0000 - 0x00007fffe63c7000 	C:\WINDOWS\SYSTEM32\ntdll.dll
0x00007fffe4800000 - 0x00007fffe48c4000 	C:\WINDOWS\System32\KERNEL32.DLL
0x00007fffe3520000 - 0x00007fffe38c6000 	C:\WINDOWS\System32\KERNELBASE.dll
0x00007fffe3de0000 - 0x00007fffe3ef1000 	C:\WINDOWS\System32\ucrtbase.dll
0x00007fffd3b20000 - 0x00007fffd3b3b000 	c:\Users\User\.vscode\extensions\redhat.java-1.25.1-win32-x64\jre\17.0.9-win32-x86_64\bin\VCRUNTIME140.dll
0x00007fffd3b40000 - 0x00007fffd3b57000 	c:\Users\User\.vscode\extensions\redhat.java-1.25.1-win32-x64\jre\17.0.9-win32-x86_64\bin\jli.dll
0x00007fffe4a90000 - 0x00007fffe4c3e000 	C:\WINDOWS\System32\USER32.dll
0x00007fffe3db0000 - 0x00007fffe3dd6000 	C:\WINDOWS\System32\win32u.dll
0x00007fffe6140000 - 0x00007fffe6169000 	C:\WINDOWS\System32\GDI32.dll
0x00007fffd0630000 - 0x00007fffd08c3000 	C:\WINDOWS\WinSxS\amd64_microsoft.windows.common-controls_6595b64144ccf1df_6.0.22621.2506_none_270c5ae97388e100\COMCTL32.dll
0x00007fffe3940000 - 0x00007fffe3a58000 	C:\WINDOWS\System32\gdi32full.dll
0x00007fffe55e0000 - 0x00007fffe5687000 	C:\WINDOWS\System32\msvcrt.dll
0x00007fffe3bd0000 - 0x00007fffe3c6a000 	C:\WINDOWS\System32\msvcp_win.dll
0x00007fffe47a0000 - 0x00007fffe47d1000 	C:\WINDOWS\System32\IMM32.DLL
0x00007fffd4f30000 - 0x00007fffd4f3c000 	c:\Users\User\.vscode\extensions\redhat.java-1.25.1-win32-x64\jre\17.0.9-win32-x86_64\bin\vcruntime140_1.dll
0x00007fffbcc50000 - 0x00007fffbccdd000 	c:\Users\User\.vscode\extensions\redhat.java-1.25.1-win32-x64\jre\17.0.9-win32-x86_64\bin\msvcp140.dll
0x00007fff95c60000 - 0x00007fff968c1000 	c:\Users\User\.vscode\extensions\redhat.java-1.25.1-win32-x64\jre\17.0.9-win32-x86_64\bin\server\jvm.dll
0x00007fffe4060000 - 0x00007fffe4111000 	C:\WINDOWS\System32\ADVAPI32.dll
0x00007fffe4cd0000 - 0x00007fffe4d75000 	C:\WINDOWS\System32\sechost.dll
0x00007fffe4970000 - 0x00007fffe4a87000 	C:\WINDOWS\System32\RPCRT4.dll
0x00007fffd4a20000 - 0x00007fffd4a29000 	C:\WINDOWS\SYSTEM32\WSOCK32.dll
0x00007fffe33f0000 - 0x00007fffe343d000 	C:\WINDOWS\SYSTEM32\POWRPROF.dll
0x00007fffe4c40000 - 0x00007fffe4cb1000 	C:\WINDOWS\System32\WS2_32.dll
0x00007fffdab00000 - 0x00007fffdab34000 	C:\WINDOWS\SYSTEM32\WINMM.dll
0x00007fffd9b70000 - 0x00007fffd9b7a000 	C:\WINDOWS\SYSTEM32\VERSION.dll
0x00007fffe33d0000 - 0x00007fffe33e3000 	C:\WINDOWS\SYSTEM32\UMPDC.dll
0x00007fffe2520000 - 0x00007fffe2538000 	C:\WINDOWS\SYSTEM32\kernel.appcore.dll
0x00007fffd3a80000 - 0x00007fffd3a8a000 	c:\Users\User\.vscode\extensions\redhat.java-1.25.1-win32-x64\jre\17.0.9-win32-x86_64\bin\jimage.dll
0x00007fffe0a10000 - 0x00007fffe0c43000 	C:\WINDOWS\SYSTEM32\DBGHELP.DLL
0x00007fffe5db0000 - 0x00007fffe6139000 	C:\WINDOWS\System32\combase.dll
0x00007fffe43f0000 - 0x00007fffe44c7000 	C:\WINDOWS\System32\OLEAUT32.dll
0x00007fffd71d0000 - 0x00007fffd7202000 	C:\WINDOWS\SYSTEM32\dbgcore.DLL
0x00007fffe3c70000 - 0x00007fffe3cea000 	C:\WINDOWS\System32\bcryptPrimitives.dll
0x00007fffd3a40000 - 0x00007fffd3a65000 	c:\Users\User\.vscode\extensions\redhat.java-1.25.1-win32-x64\jre\17.0.9-win32-x86_64\bin\java.dll

dbghelp: loaded successfully - version: 4.0.5 - missing functions: none
symbol engine: initialized successfully - sym options: 0x614 - pdb path: .;c:\Users\User\.vscode\extensions\redhat.java-1.25.1-win32-x64\jre\17.0.9-win32-x86_64\bin;C:\WINDOWS\SYSTEM32;C:\WINDOWS\WinSxS\amd64_microsoft.windows.common-controls_6595b64144ccf1df_6.0.22621.2506_none_270c5ae97388e100;c:\Users\User\.vscode\extensions\redhat.java-1.25.1-win32-x64\jre\17.0.9-win32-x86_64\bin\server

VM Arguments:
jvm_args: -XX:+HeapDumpOnOutOfMemoryError -Xmx1024m -Dsts.lsp.client=vscode -Dsts.log.file=/dev/null -XX:TieredStopAtLevel=1 -Xlog:jni+resolve=off -Dspring.config.location=file:c:\Users\User\.vscode\extensions\vmware.vscode-spring-boot-1.51.0\language-server\BOOT-INF\classes\application.properties 
java_command: org.springframework.ide.vscode.boot.app.BootLanguageServerBootApp
java_class_path (initial): c:\Users\User\.vscode\extensions\vmware.vscode-spring-boot-1.51.0\language-server\BOOT-INF\classes;c:\Users\User\.vscode\extensions\vmware.vscode-spring-boot-1.51.0\language-server\BOOT-INF\lib\annotations-24.1.0.jar;c:\Users\User\.vscode\extensions\vmware.vscode-spring-boot-1.51.0\language-server\BOOT-INF\lib\antlr-runtime-3.5.3.jar;c:\Users\User\.vscode\extensions\vmware.vscode-spring-boot-1.51.0\language-server\BOOT-INF\lib\antlr4-4.11.1.jar;c:\Users\User\.vscode\extensions\vmware.vscode-spring-boot-1.51.0\language-server\BOOT-INF\lib\antlr4-runtime-4.11.1.jar;c:\Users\User\.vscode\extensions\vmware.vscode-spring-boot-1.51.0\language-server\BOOT-INF\lib\asm-9.6.jar;c:\Users\User\.vscode\extensions\vmware.vscode-spring-boot-1.51.0\language-server\BOOT-INF\lib\asm-analysis-9.6.jar;c:\Users\User\.vscode\extensions\vmware.vscode-spring-boot-1.51.0\language-server\BOOT-INF\lib\asm-tree-9.6.jar;c:\Users\User\.vscode\extensions\vmware.vscode-spring-boot-1.51.0\language-server\BOOT-INF\lib\asm-util-9.6.jar;c:\Users\User\.vscode\extensions\vmware.vscode-spring-boot-1.51.0\language-server\BOOT-INF\lib\bosh-language-server-1.51.0-SNAPSHOT.jar;c:\Users\User\.vscode\extensions\vmware.vscode-spring-boot-1.51.0\language-server\BOOT-INF\lib\caffeine-3.1.8.jar;c:\Users\User\.vscode\extensions\vmware.vscode-spring-boot-1.51.0\language-server\BOOT-INF\lib\checker-qual-3.12.0.jar;c:\Users\User\.vscode\extensions\vmware.vscode-spring-boot-1.51.0\language-server\BOOT-INF\lib\classgraph-4.8.149.jar;c:\Users\User\.vscode\extensions\vmware.vscode-spring-boot-1.51.0\language-server\BOOT-INF\lib\commons-codec-1.15.jar;c:\Users\User\.vscode\extensions\vmware.vscode-spring-boot-1.51.0\language-server\BOOT-INF\lib\commons-compress-1.25.0.jar;c:\Users\User\.vscode\extensions\vmware.vscode-spring-boot-1.51.0\language-server\BOOT-INF\lib\commons-io-2.4.jar;c:\Users\User\.vscode\extensions\vmware.vscode-spring-boot-1.51.0\language-server\BOOT-INF\lib\commons-java-1.51
Launcher Type: SUN_STANDARD

[Global flags]
     intx CICompilerCount                          = 12                                        {product} {ergonomic}
     uint ConcGCThreads                            = 3                                         {product} {ergonomic}
     uint G1ConcRefinementThreads                  = 13                                        {product} {ergonomic}
   size_t G1HeapRegionSize                         = 1048576                                   {product} {ergonomic}
    uintx GCDrainStackTargetSize                   = 64                                        {product} {ergonomic}
     bool HeapDumpOnOutOfMemoryError               = true                                   {manageable} {command line}
   size_t InitialHeapSize                          = 260046848                                 {product} {ergonomic}
   size_t MarkStackSize                            = 4194304                                   {product} {ergonomic}
   size_t MaxHeapSize                              = 1073741824                                {product} {command line}
   size_t MinHeapDeltaBytes                        = 1048576                                   {product} {ergonomic}
   size_t MinHeapSize                              = 8388608                                   {product} {ergonomic}
    uintx NonProfiledCodeHeapSize                  = 0                                      {pd product} {ergonomic}
     bool ProfileInterpreter                       = false                                  {pd product} {command line}
    uintx ProfiledCodeHeapSize                     = 0                                      {pd product} {ergonomic}
   size_t SoftMaxHeapSize                          = 1073741824                             {manageable} {ergonomic}
     intx TieredStopAtLevel                        = 1                                         {product} {command line}
     bool UseCompressedClassPointers               = true                           {product lp64_product} {ergonomic}
     bool UseCompressedOops                        = true                           {product lp64_product} {ergonomic}
     bool UseG1GC                                  = true                                      {product} {ergonomic}
     bool UseLargePagesIndividualAllocation        = false                                  {pd product} {ergonomic}

Logging:
Log output configuration:
 #0: stdout all=warning,jni+resolve=off uptime,level,tags (reconfigured)
 #1: stderr all=off uptime,level,tags

Environment Variables:
JAVA_HOME=C:\Program Files\Java\jdk-21
PATH=C:\Program Files\platform-tools;C:\src\flutter\bin;C:\Program Files\NVIDIA Corporation\NVIDIA NvDLISR;C:\Program Files\Maven\apache-maven-3.5.4\bin;C:\Program Files\Microsoft VS Code\bin;C:\Program Files\Java\jdk-21\bin;C:\Program Files\dotnet\;C:\Program Files\Java\jdk-21\bin;C:\Program Files\Git\cmd;C:\Windows\System32;C:\Windows\System32\WindowsPowerShell\v1.0;C:\src\flutter\bin;C:\Users\User\Music\software course year 3 sem 1\SECJ3303-03 INTERNET PROGRAMMING\Software installation\apache-maven-3.5.4;C:\Program Files\Java\jdk1.8.0_181\bin;C:\Program Files\Maven\apache-maven-3.9.6\bin;
USERNAME=User
OS=Windows_NT
PROCESSOR_IDENTIFIER=AMD64 Family 25 Model 80 Stepping 0, AuthenticAMD
TMP=C:\Users\User\AppData\Local\Temp
TEMP=C:\Users\User\AppData\Local\Temp



Periodic native trim disabled


---------------  S Y S T E M  ---------------

OS:
 Windows 11 , 64 bit Build 22621 (10.0.22621.2506)
OS uptime: 0 days 7:23 hours

CPU: total 16 (initial active 16) (16 cores per cpu, 2 threads per core) family 25 model 80 stepping 0 microcode 0x0, cx8, cmov, fxsr, ht, mmx, 3dnowpref, sse, sse2, sse3, ssse3, sse4a, sse4.1, sse4.2, popcnt, lzcnt, tsc, tscinvbit, avx, avx2, aes, erms, clmul, bmi1, bmi2, adx, sha, fma, vzeroupper, clflush, clflushopt
Processor Information for all 16 processors :
  Max Mhz: 3301, Current Mhz: 3301, Mhz Limit: 3301

Memory: 4k page, system-wide physical 15791M (5494M free)
TotalPageFile size 64943M (AvailPageFile size 196M)
current process WorkingSet (physical memory assigned to process): 11M, peak: 11M
current process commit charge ("private bytes"): 65M, peak: 313M

vm_info: OpenJDK 64-Bit Server VM (17.0.9+9) for windows-amd64 JRE (17.0.9+9), built on Oct 26 2023 14:01:42 by "admin" with MS VC++ 16.10 / 16.11 (VS2019)

END.
