#
# There is insufficient memory for the Java Runtime Environment to continue.
# Native memory allocation (malloc) failed to allocate 1048576 bytes for AllocateHeap
# Possible reasons:
#   The system is out of physical RAM or swap space
#   The process is running with CompressedOops enabled, and the Java Heap may be blocking the growth of the native heap
# Possible solutions:
#   Reduce memory load on the system
#   Increase physical memory or swap space
#   Check if swap backing store is full
#   Decrease Java heap size (-Xmx/-Xms)
#   Decrease number of Java threads
#   Decrease Java thread stack sizes (-Xss)
#   Set larger code cache with -XX:ReservedCodeCacheSize=
#   JVM is running with Unscaled Compressed Oops mode in which the Java heap is
#     placed in the first 4GB address space. The Java Heap base address is the
#     maximum limit for the native heap growth. Please use -XX:HeapBaseMinAddress
#     to set the Java Heap base and to place the Java Heap above 4GB virtual address.
# This output file may be truncated or incomplete.
#
#  Out of Memory Error (allocation.cpp:44), pid=25140, tid=18356
#
# JRE version: OpenJDK Runtime Environment Temurin-17.0.9+9 (17.0.9+9) (build 17.0.9+9)
# Java VM: OpenJDK 64-Bit Server VM Temurin-17.0.9+9 (17.0.9+9, mixed mode, emulated-client, tiered, compressed oops, compressed class ptrs, g1 gc, windows-amd64)
# No core dump will be written. Minidumps are not enabled by default on client versions of Windows
#

---------------  S U M M A R Y ------------

Command Line: -XX:+HeapDumpOnOutOfMemoryError -Xmx1024m -Dsts.lsp.client=vscode -Dsts.log.file=/dev/null -XX:TieredStopAtLevel=1 -Xlog:jni+resolve=off -Dspring.config.location=file:c:\Users\User\.vscode\extensions\vmware.vscode-spring-boot-1.51.0\language-server\BOOT-INF\classes\application.properties org.springframework.ide.vscode.boot.app.BootLanguageServerBootApp

Host: AMD Ryzen 9 5900HX with Radeon Graphics        , 16 cores, 15G,  Windows 11 , 64 bit Build 22621 (10.0.22621.2506)
Time: Fri Dec 22 14:27:52 2023 Malay Peninsula Standard Time elapsed time: 12386.159578 seconds (0d 3h 26m 26s)

---------------  T H R E A D  ---------------

Current thread (0x00000296ff961790):  VMThread "VM Thread" [stack: 0x000000fb1d900000,0x000000fb1da00000] [id=18356]

Stack: [0x000000fb1d900000,0x000000fb1da00000]
Native frames: (J=compiled Java code, j=interpreted, Vv=VM code, C=native code)
V  [jvm.dll+0x67cf49]
V  [jvm.dll+0x83478a]
V  [jvm.dll+0x83624e]
V  [jvm.dll+0x8368b3]
V  [jvm.dll+0x247f1f]
V  [jvm.dll+0xa6b4b]
V  [jvm.dll+0x2f8e73]
V  [jvm.dll+0x2f4af0]
V  [jvm.dll+0x2dd0d7]
V  [jvm.dll+0x320357]
V  [jvm.dll+0x83adab]
V  [jvm.dll+0x83baf1]
V  [jvm.dll+0x83c00d]
V  [jvm.dll+0x83c3e4]
V  [jvm.dll+0x83c4b0]
V  [jvm.dll+0x7e3c3a]
V  [jvm.dll+0x67be35]
C  [ucrtbase.dll+0x29363]
C  [KERNEL32.DLL+0x1257d]
C  [ntdll.dll+0x5aa58]

VM_Operation (0x000000fb1f8fee10): G1CollectFull, mode: safepoint, requested by thread 0x0000029685594430


---------------  P R O C E S S  ---------------

Threads class SMR info:
_java_thread_list=0x0000029684f4e950, length=35, elements={
0x00000296ff977380, 0x00000296ff978110, 0x00000296ff9b8010, 0x00000296ff9bb0b0,
0x00000296ff9bc990, 0x00000296ff9bd260, 0x00000296ff9bdbe0, 0x00000296ff9c0ca0,
0x00000296ffbd8010, 0x00000296ffbe07d0, 0x00000296853e4850, 0x0000029685594430,
0x00000296855c9010, 0x00000296f4011e40, 0x00000296851745e0, 0x0000029685641b40,
0x0000029685656240, 0x0000029685655d30, 0x0000029685655310, 0x0000029685655820,
0x0000029685657170, 0x0000029685656c60, 0x0000029685657b90, 0x000002968564aa20,
0x000002968564b440, 0x000002968564d7b0, 0x000002968564af30, 0x000002968564be60,
0x0000029685658ac0, 0x0000029685657680, 0x0000029685656750, 0x000002968564dcc0,
0x000002968564c370, 0x00000296856580a0, 0x00000296856585b0
}

Java Threads: ( => current thread )
  0x00000296ff977380 JavaThread "Reference Handler" daemon [_thread_blocked, id=30108, stack(0x000000fb1da00000,0x000000fb1db00000)]
  0x00000296ff978110 JavaThread "Finalizer" daemon [_thread_blocked, id=30696, stack(0x000000fb1db00000,0x000000fb1dc00000)]
  0x00000296ff9b8010 JavaThread "Signal Dispatcher" daemon [_thread_blocked, id=25716, stack(0x000000fb1dc00000,0x000000fb1dd00000)]
  0x00000296ff9bb0b0 JavaThread "Attach Listener" daemon [_thread_blocked, id=16440, stack(0x000000fb1dd00000,0x000000fb1de00000)]
  0x00000296ff9bc990 JavaThread "Service Thread" daemon [_thread_blocked, id=22576, stack(0x000000fb1de00000,0x000000fb1df00000)]
  0x00000296ff9bd260 JavaThread "Monitor Deflation Thread" daemon [_thread_blocked, id=28676, stack(0x000000fb1df00000,0x000000fb1e000000)]
  0x00000296ff9bdbe0 JavaThread "C1 CompilerThread0" daemon [_thread_blocked, id=4580, stack(0x000000fb1e000000,0x000000fb1e100000)]
  0x00000296ff9c0ca0 JavaThread "Sweeper thread" daemon [_thread_blocked, id=1512, stack(0x000000fb1e100000,0x000000fb1e200000)]
  0x00000296ffbd8010 JavaThread "Notification Thread" daemon [_thread_blocked, id=17876, stack(0x000000fb1e400000,0x000000fb1e500000)]
  0x00000296ffbe07d0 JavaThread "Common-Cleaner" daemon [_thread_blocked, id=22272, stack(0x000000fb1e600000,0x000000fb1e700000)]
  0x00000296853e4850 JavaThread "boundedElastic-evictor-1" daemon [_thread_blocked, id=26072, stack(0x000000fb1f700000,0x000000fb1f800000)]
  0x0000029685594430 JavaThread "pool-12-thread-1" [_thread_blocked, id=26756, stack(0x000000fb1f800000,0x000000fb1f900000)]
  0x00000296855c9010 JavaThread "LanguageServerApp-lifecycle" [_thread_blocked, id=21928, stack(0x000000fb1f900000,0x000000fb1fa00000)]
  0x00000296f4011e40 JavaThread "DestroyJavaVM" [_thread_blocked, id=24244, stack(0x000000fb1d300000,0x000000fb1d400000)]
  0x00000296851745e0 JavaThread "pool-13-thread-1" [_thread_in_native, id=16608, stack(0x000000fb1fa00000,0x000000fb1fb00000)]
  0x0000029685641b40 JavaThread "Simple-Language-Server main thread" daemon [_thread_blocked, id=23364, stack(0x000000fb1fb00000,0x000000fb1fc00000)]
  0x0000029685656240 JavaThread "pool-8-thread-1" [_thread_blocked, id=9440, stack(0x000000fb20000000,0x000000fb20100000)]
  0x0000029685655d30 JavaThread "parallel-1" daemon [_thread_blocked, id=6400, stack(0x000000fb20100000,0x000000fb20200000)]
  0x0000029685655310 JavaThread "pool-6-thread-1" [_thread_blocked, id=27312, stack(0x000000fb20200000,0x000000fb20300000)]
  0x0000029685655820 JavaThread "parallel-2" daemon [_thread_blocked, id=4380, stack(0x000000fb20300000,0x000000fb20400000)]
  0x0000029685657170 JavaThread "parallel-3" daemon [_thread_blocked, id=24052, stack(0x000000fb20400000,0x000000fb20500000)]
  0x0000029685656c60 JavaThread "parallel-4" daemon [_thread_blocked, id=29272, stack(0x000000fb20700000,0x000000fb20800000)]
  0x0000029685657b90 JavaThread "parallel-5" daemon [_thread_blocked, id=28452, stack(0x000000fb20800000,0x000000fb20900000)]
  0x000002968564aa20 JavaThread "Reconciler-1" daemon [_thread_blocked, id=10052, stack(0x000000fb20a00000,0x000000fb20b00000)]
  0x000002968564b440 JavaThread "parallel-6" daemon [_thread_blocked, id=12128, stack(0x000000fb1e700000,0x000000fb1e800000)]
  0x000002968564d7b0 JavaThread "parallel-7" daemon [_thread_blocked, id=23072, stack(0x000000fb1f600000,0x000000fb1f700000)]
  0x000002968564af30 JavaThread "parallel-8" daemon [_thread_blocked, id=22608, stack(0x000000fb1fc00000,0x000000fb1fd00000)]
  0x000002968564be60 JavaThread "parallel-9" daemon [_thread_blocked, id=10504, stack(0x000000fb1e300000,0x000000fb1e400000)]
  0x0000029685658ac0 JavaThread "parallel-10" daemon [_thread_blocked, id=2360, stack(0x000000fb1e200000,0x000000fb1e300000)]
  0x0000029685657680 JavaThread "parallel-11" daemon [_thread_blocked, id=22808, stack(0x000000fb20900000,0x000000fb20a00000)]
  0x0000029685656750 JavaThread "parallel-12" daemon [_thread_blocked, id=28584, stack(0x000000fb1d000000,0x000000fb1d100000)]
  0x000002968564dcc0 JavaThread "parallel-13" daemon [_thread_blocked, id=31056, stack(0x000000fb1fe00000,0x000000fb1ff00000)]
  0x000002968564c370 JavaThread "parallel-14" daemon [_thread_blocked, id=26616, stack(0x000000fb1ff00000,0x000000fb20000000)]
  0x00000296856580a0 JavaThread "parallel-15" daemon [_thread_blocked, id=31476, stack(0x000000fb20500000,0x000000fb20600000)]
  0x00000296856585b0 JavaThread "parallel-16" daemon [_thread_blocked, id=26764, stack(0x000000fb20600000,0x000000fb20700000)]

Other Threads:
=>0x00000296ff961790 VMThread "VM Thread" [stack: 0x000000fb1d900000,0x000000fb1da00000] [id=18356]
  0x00000296ffbda500 WatcherThread [stack: 0x000000fb1e500000,0x000000fb1e600000] [id=18344]
  0x00000296f4051200 GCTaskThread "GC Thread#0" [stack: 0x000000fb1d400000,0x000000fb1d500000] [id=14592]
  0x00000296848fda70 GCTaskThread "GC Thread#1" [stack: 0x000000fb1e800000,0x000000fb1e900000] [id=26752]
  0x00000296848e5b00 GCTaskThread "GC Thread#2" [stack: 0x000000fb1e900000,0x000000fb1ea00000] [id=24592]
  0x00000296848e5dc0 GCTaskThread "GC Thread#3" [stack: 0x000000fb1ea00000,0x000000fb1eb00000] [id=30016]
  0x00000296848e6080 GCTaskThread "GC Thread#4" [stack: 0x000000fb1eb00000,0x000000fb1ec00000] [id=18440]
  0x00000296849c8020 GCTaskThread "GC Thread#5" [stack: 0x000000fb1ec00000,0x000000fb1ed00000] [id=6404]
  0x0000029684d5d790 GCTaskThread "GC Thread#6" [stack: 0x000000fb1ee00000,0x000000fb1ef00000] [id=27080]
  0x0000029684e000f0 GCTaskThread "GC Thread#7" [stack: 0x000000fb1ef00000,0x000000fb1f000000] [id=27060]
  0x0000029684df9de0 GCTaskThread "GC Thread#8" [stack: 0x000000fb1f000000,0x000000fb1f100000] [id=22236]
  0x0000029684eb0640 GCTaskThread "GC Thread#9" [stack: 0x000000fb1f100000,0x000000fb1f200000] [id=23668]
  0x0000029684eb0900 GCTaskThread "GC Thread#10" [stack: 0x000000fb1f200000,0x000000fb1f300000] [id=24496]
  0x0000029684eb0dd0 GCTaskThread "GC Thread#11" [stack: 0x000000fb1f300000,0x000000fb1f400000] [id=23036]
  0x00000296851476d0 GCTaskThread "GC Thread#12" [stack: 0x000000fb1ed00000,0x000000fb1ee00000] [id=26448]
  0x00000296f405a060 ConcurrentGCThread "G1 Main Marker" [stack: 0x000000fb1d500000,0x000000fb1d600000] [id=29488]
  0x00000296f405a990 ConcurrentGCThread "G1 Conc#0" [stack: 0x000000fb1d600000,0x000000fb1d700000] [id=30076]
  0x0000029684d6f9a0 ConcurrentGCThread "G1 Conc#1" [stack: 0x000000fb1f400000,0x000000fb1f500000] [id=16936]
  0x0000029684db82b0 ConcurrentGCThread "G1 Conc#2" [stack: 0x000000fb1f500000,0x000000fb1f600000] [id=26496]
  0x00000296f40be970 ConcurrentGCThread "G1 Refine#0" [stack: 0x000000fb1d700000,0x000000fb1d800000] [id=27948]
  0x00000296ff7bf5c0 ConcurrentGCThread "G1 Service" [stack: 0x000000fb1d800000,0x000000fb1d900000] [id=7164]

Threads with active compile tasks:

VM state: at safepoint (normal execution)

VM Mutex/Monitor currently owned by a thread:  ([mutex/lock_event])
[0x00000296f1e8d1f0] Threads_lock - owner thread: 0x00000296ff961790
[0x00000296f400f9d0] Heap_lock - owner thread: 0x0000029685594430

Heap address: 0x00000000c0000000, size: 1024 MB, Compressed Oops mode: 32-bit

CDS archive(s) not mapped
Compressed class space mapped at: 0x0000000100000000-0x0000000140000000, reserved size: 1073741824
Narrow klass base: 0x0000000000000000, Narrow klass shift: 3, Narrow klass range: 0x140000000

GC Precious Log:
 CPUs: 16 total, 16 available
 Memory: 15791M
 Large Page Support: Disabled
 NUMA Support: Disabled
 Compressed Oops: Enabled (32-bit)
 Heap Region Size: 1M
 Heap Min Capacity: 8M
 Heap Initial Capacity: 248M
 Heap Max Capacity: 1G
 Pre-touch: Disabled
 Parallel Workers: 13
 Concurrent Workers: 3
 Concurrent Refinement Workers: 13
 Periodic GC: Disabled

Heap:
 garbage-first heap   total 86016K, used 31822K [0x00000000c0000000, 0x0000000100000000)
  region size 1024K, 1 young (1024K), 0 survivors (0K)
 Metaspace       used 59540K, committed 59968K, reserved 1114112K
  class space    used 7409K, committed 7616K, reserved 1048576K

Heap Regions: E=young(eden), S=young(survivor), O=old, HS=humongous(starts), HC=humongous(continues), CS=collection set, F=free, OA=open archive, CA=closed archive, TAMS=top-at-mark-start (previous, next)
|   0|0x00000000c0000000, 0x00000000c0100000, 0x00000000c0100000|100%|HS|  |TAMS 0x00000000c0100000, 0x00000000c0000000| Untracked 
|   1|0x00000000c0100000, 0x00000000c0200000, 0x00000000c0200000|100%|HC|  |TAMS 0x00000000c0200000, 0x00000000c0100000| Untracked 
|   2|0x00000000c0200000, 0x00000000c0300000, 0x00000000c0300000|100%|HC|  |TAMS 0x00000000c0300000, 0x00000000c0200000| Untracked 
|   3|0x00000000c0300000, 0x00000000c0400000, 0x00000000c0400000|100%|HC|  |TAMS 0x00000000c0400000, 0x00000000c0300000| Untracked 
|   4|0x00000000c0400000, 0x00000000c0500000, 0x00000000c0500000|100%| O|  |TAMS 0x00000000c0500000, 0x00000000c0400000| Untracked 
|   5|0x00000000c0500000, 0x00000000c0600000, 0x00000000c0600000|100%| O|  |TAMS 0x00000000c0600000, 0x00000000c0500000| Untracked 
|   6|0x00000000c0600000, 0x00000000c06fffc8, 0x00000000c0700000| 99%| O|  |TAMS 0x00000000c06fffc8, 0x00000000c0600000| Untracked 
|   7|0x00000000c0700000, 0x00000000c0800000, 0x00000000c0800000|100%| O|  |TAMS 0x00000000c0800000, 0x00000000c0700000| Untracked 
|   8|0x00000000c0800000, 0x00000000c08ffff8, 0x00000000c0900000| 99%| O|  |TAMS 0x00000000c08ffff8, 0x00000000c0800000| Untracked 
|   9|0x00000000c0900000, 0x00000000c0a00000, 0x00000000c0a00000|100%| O|  |TAMS 0x00000000c0a00000, 0x00000000c0900000| Untracked 
|  10|0x00000000c0a00000, 0x00000000c0afffd8, 0x00000000c0b00000| 99%| O|  |TAMS 0x00000000c0afffd8, 0x00000000c0a00000| Untracked 
|  11|0x00000000c0b00000, 0x00000000c0bfffb0, 0x00000000c0c00000| 99%| O|  |TAMS 0x00000000c0bfffb0, 0x00000000c0b00000| Untracked 
|  12|0x00000000c0c00000, 0x00000000c0d00000, 0x00000000c0d00000|100%| O|  |TAMS 0x00000000c0d00000, 0x00000000c0c00000| Untracked 
|  13|0x00000000c0d00000, 0x00000000c0dfffe8, 0x00000000c0e00000| 99%| O|  |TAMS 0x00000000c0dfffe8, 0x00000000c0d00000| Untracked 
|  14|0x00000000c0e00000, 0x00000000c0efffb0, 0x00000000c0f00000| 99%| O|  |TAMS 0x00000000c0efffb0, 0x00000000c0e00000| Untracked 
|  15|0x00000000c0f00000, 0x00000000c0fff180, 0x00000000c1000000| 99%| O|  |TAMS 0x00000000c0fff180, 0x00000000c0f00000| Untracked 
|  16|0x00000000c1000000, 0x00000000c10fff80, 0x00000000c1100000| 99%| O|  |TAMS 0x00000000c10fff80, 0x00000000c1000000| Untracked 
|  17|0x00000000c1100000, 0x00000000c11fffd0, 0x00000000c1200000| 99%| O|  |TAMS 0x00000000c11fffd0, 0x00000000c1100000| Untracked 
|  18|0x00000000c1200000, 0x00000000c1300000, 0x00000000c1300000|100%| O|  |TAMS 0x00000000c1300000, 0x00000000c1200000| Untracked 
|  19|0x00000000c1300000, 0x00000000c13fffc0, 0x00000000c1400000| 99%| O|  |TAMS 0x00000000c13fffc0, 0x00000000c1300000| Untracked 
|  20|0x00000000c1400000, 0x00000000c14fffc8, 0x00000000c1500000| 99%| O|  |TAMS 0x00000000c14fffc8, 0x00000000c1400000| Untracked 
|  21|0x00000000c1500000, 0x00000000c1600000, 0x00000000c1600000|100%| O|  |TAMS 0x00000000c1600000, 0x00000000c1500000| Untracked 
|  22|0x00000000c1600000, 0x00000000c16ffff0, 0x00000000c1700000| 99%| O|  |TAMS 0x00000000c16ffff0, 0x00000000c1600000| Untracked 
|  23|0x00000000c1700000, 0x00000000c17fffe0, 0x00000000c1800000| 99%| O|  |TAMS 0x00000000c17fffe0, 0x00000000c1700000| Untracked 
|  24|0x00000000c1800000, 0x00000000c18fffe8, 0x00000000c1900000| 99%| O|  |TAMS 0x00000000c18fffe8, 0x00000000c1800000| Untracked 
|  25|0x00000000c1900000, 0x00000000c19ffff0, 0x00000000c1a00000| 99%| O|  |TAMS 0x00000000c19ffff0, 0x00000000c1900000| Untracked 
|  26|0x00000000c1a00000, 0x00000000c1b00000, 0x00000000c1b00000|100%| O|  |TAMS 0x00000000c1b00000, 0x00000000c1a00000| Untracked 
|  27|0x00000000c1b00000, 0x00000000c1bfeae0, 0x00000000c1c00000| 99%| O|  |TAMS 0x00000000c1bfeae0, 0x00000000c1b00000| Untracked 
|  28|0x00000000c1c00000, 0x00000000c1cfdb90, 0x00000000c1d00000| 99%| O|  |TAMS 0x00000000c1cfdb90, 0x00000000c1c00000| Untracked 
|  29|0x00000000c1d00000, 0x00000000c1dbd428, 0x00000000c1e00000| 73%| O|  |TAMS 0x00000000c1d00000, 0x00000000c1d00000| Untracked 
|  30|0x00000000c1e00000, 0x00000000c1e5af08, 0x00000000c1f00000| 35%| O|  |TAMS 0x00000000c1e00000, 0x00000000c1e00000| Untracked 
|  31|0x00000000c1f00000, 0x00000000c1f00000, 0x00000000c2000000|  0%| F|  |TAMS 0x00000000c1f00000, 0x00000000c1f00000| Untracked 
|  32|0x00000000c2000000, 0x00000000c2000000, 0x00000000c2100000|  0%| F|  |TAMS 0x00000000c2000000, 0x00000000c2000000| Untracked 
|  33|0x00000000c2100000, 0x00000000c2100000, 0x00000000c2200000|  0%| F|  |TAMS 0x00000000c2100000, 0x00000000c2100000| Untracked 
|  34|0x00000000c2200000, 0x00000000c2200000, 0x00000000c2300000|  0%| F|  |TAMS 0x00000000c2200000, 0x00000000c2200000| Untracked 
|  35|0x00000000c2300000, 0x00000000c2300000, 0x00000000c2400000|  0%| F|  |TAMS 0x00000000c2300000, 0x00000000c2300000| Untracked 
|  36|0x00000000c2400000, 0x00000000c2400000, 0x00000000c2500000|  0%| F|  |TAMS 0x00000000c2400000, 0x00000000c2400000| Untracked 
|  37|0x00000000c2500000, 0x00000000c2500000, 0x00000000c2600000|  0%| F|  |TAMS 0x00000000c2500000, 0x00000000c2500000| Untracked 
|  38|0x00000000c2600000, 0x00000000c2600000, 0x00000000c2700000|  0%| F|  |TAMS 0x00000000c2600000, 0x00000000c2600000| Untracked 
|  39|0x00000000c2700000, 0x00000000c2700000, 0x00000000c2800000|  0%| F|  |TAMS 0x00000000c2700000, 0x00000000c2700000| Untracked 
|  40|0x00000000c2800000, 0x00000000c2800000, 0x00000000c2900000|  0%| F|  |TAMS 0x00000000c2800000, 0x00000000c2800000| Untracked 
|  41|0x00000000c2900000, 0x00000000c2900000, 0x00000000c2a00000|  0%| F|  |TAMS 0x00000000c2900000, 0x00000000c2900000| Untracked 
|  42|0x00000000c2a00000, 0x00000000c2a00000, 0x00000000c2b00000|  0%| F|  |TAMS 0x00000000c2a00000, 0x00000000c2a00000| Untracked 
|  43|0x00000000c2b00000, 0x00000000c2b00000, 0x00000000c2c00000|  0%| F|  |TAMS 0x00000000c2b00000, 0x00000000c2b00000| Untracked 
|  44|0x00000000c2c00000, 0x00000000c2c00000, 0x00000000c2d00000|  0%| F|  |TAMS 0x00000000c2c00000, 0x00000000c2c00000| Untracked 
|  45|0x00000000c2d00000, 0x00000000c2d00000, 0x00000000c2e00000|  0%| F|  |TAMS 0x00000000c2d00000, 0x00000000c2d00000| Untracked 
|  46|0x00000000c2e00000, 0x00000000c2f00000, 0x00000000c2f00000|100%| O|  |TAMS 0x00000000c2f00000, 0x00000000c2e00000| Untracked 
|  47|0x00000000c2f00000, 0x00000000c2f00000, 0x00000000c3000000|  0%| F|  |TAMS 0x00000000c2f00000, 0x00000000c2f00000| Untracked 
|  48|0x00000000c3000000, 0x00000000c3000000, 0x00000000c3100000|  0%| F|  |TAMS 0x00000000c3000000, 0x00000000c3000000| Untracked 
|  49|0x00000000c3100000, 0x00000000c3100000, 0x00000000c3200000|  0%| F|  |TAMS 0x00000000c3100000, 0x00000000c3100000| Untracked 
|  50|0x00000000c3200000, 0x00000000c3200000, 0x00000000c3300000|  0%| F|  |TAMS 0x00000000c3200000, 0x00000000c3200000| Untracked 
|  51|0x00000000c3300000, 0x00000000c3300000, 0x00000000c3400000|  0%| F|  |TAMS 0x00000000c3300000, 0x00000000c3300000| Untracked 
|  52|0x00000000c3400000, 0x00000000c3400000, 0x00000000c3500000|  0%| F|  |TAMS 0x00000000c3400000, 0x00000000c3400000| Untracked 
|  53|0x00000000c3500000, 0x00000000c3500000, 0x00000000c3600000|  0%| F|  |TAMS 0x00000000c3500000, 0x00000000c3500000| Untracked 
|  54|0x00000000c3600000, 0x00000000c3600000, 0x00000000c3700000|  0%| F|  |TAMS 0x00000000c3600000, 0x00000000c3600000| Untracked 
|  55|0x00000000c3700000, 0x00000000c3700000, 0x00000000c3800000|  0%| F|  |TAMS 0x00000000c3700000, 0x00000000c3700000| Untracked 
|  56|0x00000000c3800000, 0x00000000c3800000, 0x00000000c3900000|  0%| F|  |TAMS 0x00000000c3800000, 0x00000000c3800000| Untracked 
|  57|0x00000000c3900000, 0x00000000c3900000, 0x00000000c3a00000|  0%| F|  |TAMS 0x00000000c3900000, 0x00000000c3900000| Untracked 
|  58|0x00000000c3a00000, 0x00000000c3a00000, 0x00000000c3b00000|  0%| F|  |TAMS 0x00000000c3a00000, 0x00000000c3a00000| Untracked 
|  59|0x00000000c3b00000, 0x00000000c3b00000, 0x00000000c3c00000|  0%| F|  |TAMS 0x00000000c3b00000, 0x00000000c3b00000| Untracked 
|  60|0x00000000c3c00000, 0x00000000c3c00000, 0x00000000c3d00000|  0%| F|  |TAMS 0x00000000c3c00000, 0x00000000c3c00000| Untracked 
|  61|0x00000000c3d00000, 0x00000000c3d00000, 0x00000000c3e00000|  0%| F|  |TAMS 0x00000000c3d00000, 0x00000000c3d00000| Untracked 
|  62|0x00000000c3e00000, 0x00000000c3e00000, 0x00000000c3f00000|  0%| F|  |TAMS 0x00000000c3e00000, 0x00000000c3e00000| Untracked 
|  63|0x00000000c3f00000, 0x00000000c3f00000, 0x00000000c4000000|  0%| F|  |TAMS 0x00000000c3f00000, 0x00000000c3f00000| Untracked 
|  64|0x00000000c4000000, 0x00000000c4000000, 0x00000000c4100000|  0%| F|  |TAMS 0x00000000c4000000, 0x00000000c4000000| Untracked 
|  65|0x00000000c4100000, 0x00000000c4100000, 0x00000000c4200000|  0%| F|  |TAMS 0x00000000c4100000, 0x00000000c4100000| Untracked 
|  66|0x00000000c4200000, 0x00000000c4200000, 0x00000000c4300000|  0%| F|  |TAMS 0x00000000c4200000, 0x00000000c4200000| Untracked 
|  67|0x00000000c4300000, 0x00000000c4300000, 0x00000000c4400000|  0%| F|  |TAMS 0x00000000c4300000, 0x00000000c4300000| Untracked 
|  68|0x00000000c4400000, 0x00000000c4400000, 0x00000000c4500000|  0%| F|  |TAMS 0x00000000c4400000, 0x00000000c4400000| Untracked 
|  69|0x00000000c4500000, 0x00000000c4500000, 0x00000000c4600000|  0%| F|  |TAMS 0x00000000c4500000, 0x00000000c4500000| Untracked 
|  70|0x00000000c4600000, 0x00000000c4600000, 0x00000000c4700000|  0%| F|  |TAMS 0x00000000c4600000, 0x00000000c4600000| Untracked 
|  71|0x00000000c4700000, 0x00000000c4700000, 0x00000000c4800000|  0%| F|  |TAMS 0x00000000c4700000, 0x00000000c4700000| Untracked 
|  72|0x00000000c4800000, 0x00000000c4800000, 0x00000000c4900000|  0%| F|  |TAMS 0x00000000c4800000, 0x00000000c4800000| Untracked 
|  73|0x00000000c4900000, 0x00000000c4900000, 0x00000000c4a00000|  0%| F|  |TAMS 0x00000000c4900000, 0x00000000c4900000| Untracked 
|  74|0x00000000c4a00000, 0x00000000c4a00000, 0x00000000c4b00000|  0%| F|  |TAMS 0x00000000c4a00000, 0x00000000c4a00000| Untracked 
|  75|0x00000000c4b00000, 0x00000000c4b00000, 0x00000000c4c00000|  0%| F|  |TAMS 0x00000000c4b00000, 0x00000000c4b00000| Untracked 
|  76|0x00000000c4c00000, 0x00000000c4c00000, 0x00000000c4d00000|  0%| F|  |TAMS 0x00000000c4c00000, 0x00000000c4c00000| Untracked 
| 210|0x00000000cd200000, 0x00000000cd200000, 0x00000000cd300000|  0%| F|  |TAMS 0x00000000cd200000, 0x00000000cd200000| Untracked 
| 211|0x00000000cd300000, 0x00000000cd300000, 0x00000000cd400000|  0%| F|  |TAMS 0x00000000cd300000, 0x00000000cd300000| Untracked 
| 212|0x00000000cd400000, 0x00000000cd400000, 0x00000000cd500000|  0%| F|  |TAMS 0x00000000cd400000, 0x00000000cd400000| Untracked 
| 213|0x00000000cd500000, 0x00000000cd500000, 0x00000000cd600000|  0%| F|  |TAMS 0x00000000cd500000, 0x00000000cd500000| Untracked 
| 214|0x00000000cd600000, 0x00000000cd600000, 0x00000000cd700000|  0%| F|  |TAMS 0x00000000cd600000, 0x00000000cd600000| Untracked 
| 246|0x00000000cf600000, 0x00000000cf600000, 0x00000000cf700000|  0%| F|  |TAMS 0x00000000cf600000, 0x00000000cf600000| Untracked 
| 247|0x00000000cf700000, 0x00000000cf706350, 0x00000000cf800000|  2%| E|  |TAMS 0x00000000cf700000, 0x00000000cf700000| Complete 

Card table byte_map: [0x00000296fa500000,0x00000296fa700000] _byte_map_base: 0x00000296f9f00000

Marking Bits (Prev, Next): (CMBitMap*) 0x00000296f4051730, (CMBitMap*) 0x00000296f4051770
 Prev Bits: [0x00000296fa900000, 0x00000296fb900000)
 Next Bits: [0x00000296fb900000, 0x00000296fc900000)

Polling page: 0x00000296f37c0000

Metaspace:

Usage:
  Non-class:     50.91 MB used.
      Class:      7.24 MB used.
       Both:     58.14 MB used.

Virtual space:
  Non-class space:       64.00 MB reserved,      51.12 MB ( 80%) committed,  1 nodes.
      Class space:        1.00 GB reserved,       7.44 MB ( <1%) committed,  1 nodes.
             Both:        1.06 GB reserved,      58.56 MB (  5%) committed. 

Chunk freelists:
   Non-Class:  12.72 MB
       Class:  8.42 MB
        Both:  21.14 MB

MaxMetaspaceSize: unlimited
CompressedClassSpaceSize: 1.00 GB
Initial GC threshold: 21.00 MB
Current GC threshold: 97.62 MB
CDS: off
MetaspaceReclaimPolicy: balanced
 - commit_granule_bytes: 65536.
 - commit_granule_words: 8192.
 - virtual_space_node_default_size: 8388608.
 - enlarge_chunks_in_place: 1.
 - new_chunks_are_fully_committed: 0.
 - uncommit_free_chunks: 1.
 - use_allocation_guard: 0.
 - handle_deallocations: 1.


Internal statistics:

num_allocs_failed_limit: 8.
num_arena_births: 770.
num_arena_deaths: 286.
num_vsnodes_births: 2.
num_vsnodes_deaths: 0.
num_space_committed: 938.
num_space_uncommitted: 1.
num_chunks_returned_to_freelist: 347.
num_chunks_taken_from_freelist: 2738.
num_chunk_merges: 104.
num_chunk_splits: 1807.
num_chunks_enlarged: 1370.
num_inconsistent_stats: 0.

CodeCache: size=49152Kb used=13339Kb max_used=14795Kb free=35813Kb
 bounds [0x00000296f6ca0000, 0x00000296f7b20000, 0x00000296f9ca0000]
 total_blobs=8054 nmethods=7381 adapters=597
 compilation: enabled
              stopped_count=0, restarted_count=0
 full_count=0

Compilation events (20 events):
Event: 10032.179 Thread 0x00000296ff9bdbe0 7372       1       org.springframework.ide.vscode.commons.util.text.Region::<init> (15 bytes)
Event: 10032.179 Thread 0x00000296ff9bdbe0 nmethod 7372 0x00000296f799b290 code [0x00000296f799b420, 0x00000296f799b4f8]
Event: 10032.180 Thread 0x00000296ff9bdbe0 7373       1       java.nio.file.Path::of (119 bytes)
Event: 10032.181 Thread 0x00000296ff9bdbe0 nmethod 7373 0x00000296f799a490 code [0x00000296f799a740, 0x00000296f799ae58]
Event: 10032.181 Thread 0x00000296ff9bdbe0 7374       1       sun.nio.fs.WindowsFileSystemProvider::getPath (9 bytes)
Event: 10032.181 Thread 0x00000296ff9bdbe0 nmethod 7374 0x00000296f799a190 code [0x00000296f799a320, 0x00000296f799a408]
Event: 10032.181 Thread 0x00000296ff9bdbe0 7375       1       sun.nio.fs.WindowsUriSupport::fromUri (312 bytes)
Event: 10032.182 Thread 0x00000296ff9bdbe0 nmethod 7375 0x00000296f7998390 code [0x00000296f7998720, 0x00000296f79998e8]
Event: 10463.242 Thread 0x00000296ff9bdbe0 7376       1       jdk.internal.misc.Unsafe::weakCompareAndSetLong (11 bytes)
Event: 10463.242 Thread 0x00000296ff9bdbe0 nmethod 7376 0x00000296f7998090 code [0x00000296f7998220, 0x00000296f79982f8]
Event: 10463.243 Thread 0x00000296ff9bdbe0 7377       1       java.lang.ThreadGroup::getMaxPriority (5 bytes)
Event: 10463.243 Thread 0x00000296ff9bdbe0 nmethod 7377 0x00000296f7997d90 code [0x00000296f7997f20, 0x00000296f7997ff8]
Event: 10463.244 Thread 0x00000296ff9bdbe0 7378       1       org.eclipse.jdt.internal.compiler.parser.Scanner::maybeAtLambdaOrCast (118 bytes)
Event: 10463.244 Thread 0x00000296ff9bdbe0 nmethod 7378 0x00000296f7997810 code [0x00000296f79979c0, 0x00000296f7997bf8]
Event: 10463.247 Thread 0x00000296ff9bdbe0 7379       1       org.eclipse.jdt.core.dom.ASTConverter::setQualifiedNameNameAndSourceRanges (442 bytes)
Event: 10463.248 Thread 0x00000296ff9bdbe0 nmethod 7379 0x00000296f7994c10 code [0x00000296f7995020, 0x00000296f79969c8]
Event: 10463.249 Thread 0x00000296ff9bdbe0 7380       1       java.nio.file.Paths::get (5 bytes)
Event: 10463.249 Thread 0x00000296ff9bdbe0 nmethod 7380 0x00000296f7994910 code [0x00000296f7994aa0, 0x00000296f7994b68]
Event: 10474.102 Thread 0x00000296ff9bdbe0 7381       1       com.google.common.collect.RegularImmutableList::size (6 bytes)
Event: 10474.102 Thread 0x00000296ff9bdbe0 nmethod 7381 0x00000296f7994610 code [0x00000296f79947a0, 0x00000296f7994878]

GC Heap History (20 events):
Event: 12284.087 GC heap before
{Heap before GC invocations=659 (full 638):
 garbage-first heap   total 86016K, used 31822K [0x00000000c0000000, 0x0000000100000000)
  region size 1024K, 1 young (1024K), 0 survivors (0K)
 Metaspace       used 59540K, committed 59968K, reserved 1114112K
  class space    used 7409K, committed 7616K, reserved 1048576K
}
Event: 12284.110 GC heap after
{Heap after GC invocations=660 (full 639):
 garbage-first heap   total 86016K, used 31822K [0x00000000c0000000, 0x0000000100000000)
  region size 1024K, 0 young (0K), 0 survivors (0K)
 Metaspace       used 59540K, committed 59968K, reserved 1114112K
  class space    used 7409K, committed 7616K, reserved 1048576K
}
Event: 12294.321 GC heap before
{Heap before GC invocations=660 (full 639):
 garbage-first heap   total 86016K, used 31822K [0x00000000c0000000, 0x0000000100000000)
  region size 1024K, 1 young (1024K), 0 survivors (0K)
 Metaspace       used 59540K, committed 59968K, reserved 1114112K
  class space    used 7409K, committed 7616K, reserved 1048576K
}
Event: 12294.348 GC heap after
{Heap after GC invocations=661 (full 640):
 garbage-first heap   total 86016K, used 31822K [0x00000000c0000000, 0x0000000100000000)
  region size 1024K, 0 young (0K), 0 survivors (0K)
 Metaspace       used 59540K, committed 59968K, reserved 1114112K
  class space    used 7409K, committed 7616K, reserved 1048576K
}
Event: 12304.555 GC heap before
{Heap before GC invocations=661 (full 640):
 garbage-first heap   total 86016K, used 31822K [0x00000000c0000000, 0x0000000100000000)
  region size 1024K, 1 young (1024K), 0 survivors (0K)
 Metaspace       used 59540K, committed 59968K, reserved 1114112K
  class space    used 7409K, committed 7616K, reserved 1048576K
}
Event: 12304.578 GC heap after
{Heap after GC invocations=662 (full 641):
 garbage-first heap   total 86016K, used 31822K [0x00000000c0000000, 0x0000000100000000)
  region size 1024K, 0 young (0K), 0 survivors (0K)
 Metaspace       used 59540K, committed 59968K, reserved 1114112K
  class space    used 7409K, committed 7616K, reserved 1048576K
}
Event: 12314.747 GC heap before
{Heap before GC invocations=662 (full 641):
 garbage-first heap   total 86016K, used 31822K [0x00000000c0000000, 0x0000000100000000)
  region size 1024K, 1 young (1024K), 0 survivors (0K)
 Metaspace       used 59540K, committed 59968K, reserved 1114112K
  class space    used 7409K, committed 7616K, reserved 1048576K
}
Event: 12314.769 GC heap after
{Heap after GC invocations=663 (full 642):
 garbage-first heap   total 86016K, used 31822K [0x00000000c0000000, 0x0000000100000000)
  region size 1024K, 0 young (0K), 0 survivors (0K)
 Metaspace       used 59540K, committed 59968K, reserved 1114112K
  class space    used 7409K, committed 7616K, reserved 1048576K
}
Event: 12324.956 GC heap before
{Heap before GC invocations=663 (full 642):
 garbage-first heap   total 86016K, used 31822K [0x00000000c0000000, 0x0000000100000000)
  region size 1024K, 1 young (1024K), 0 survivors (0K)
 Metaspace       used 59540K, committed 59968K, reserved 1114112K
  class space    used 7409K, committed 7616K, reserved 1048576K
}
Event: 12324.977 GC heap after
{Heap after GC invocations=664 (full 643):
 garbage-first heap   total 86016K, used 31822K [0x00000000c0000000, 0x0000000100000000)
  region size 1024K, 0 young (0K), 0 survivors (0K)
 Metaspace       used 59540K, committed 59968K, reserved 1114112K
  class space    used 7409K, committed 7616K, reserved 1048576K
}
Event: 12335.153 GC heap before
{Heap before GC invocations=664 (full 643):
 garbage-first heap   total 86016K, used 31822K [0x00000000c0000000, 0x0000000100000000)
  region size 1024K, 1 young (1024K), 0 survivors (0K)
 Metaspace       used 59540K, committed 59968K, reserved 1114112K
  class space    used 7409K, committed 7616K, reserved 1048576K
}
Event: 12335.180 GC heap after
{Heap after GC invocations=665 (full 644):
 garbage-first heap   total 86016K, used 31822K [0x00000000c0000000, 0x0000000100000000)
  region size 1024K, 0 young (0K), 0 survivors (0K)
 Metaspace       used 59540K, committed 59968K, reserved 1114112K
  class space    used 7409K, committed 7616K, reserved 1048576K
}
Event: 12345.370 GC heap before
{Heap before GC invocations=665 (full 644):
 garbage-first heap   total 86016K, used 31822K [0x00000000c0000000, 0x0000000100000000)
  region size 1024K, 1 young (1024K), 0 survivors (0K)
 Metaspace       used 59540K, committed 59968K, reserved 1114112K
  class space    used 7409K, committed 7616K, reserved 1048576K
}
Event: 12345.391 GC heap after
{Heap after GC invocations=666 (full 645):
 garbage-first heap   total 86016K, used 31822K [0x00000000c0000000, 0x0000000100000000)
  region size 1024K, 0 young (0K), 0 survivors (0K)
 Metaspace       used 59540K, committed 59968K, reserved 1114112K
  class space    used 7409K, committed 7616K, reserved 1048576K
}
Event: 12355.565 GC heap before
{Heap before GC invocations=666 (full 645):
 garbage-first heap   total 86016K, used 31822K [0x00000000c0000000, 0x0000000100000000)
  region size 1024K, 1 young (1024K), 0 survivors (0K)
 Metaspace       used 59540K, committed 59968K, reserved 1114112K
  class space    used 7409K, committed 7616K, reserved 1048576K
}
Event: 12355.586 GC heap after
{Heap after GC invocations=667 (full 646):
 garbage-first heap   total 86016K, used 31822K [0x00000000c0000000, 0x0000000100000000)
  region size 1024K, 0 young (0K), 0 survivors (0K)
 Metaspace       used 59540K, committed 59968K, reserved 1114112K
  class space    used 7409K, committed 7616K, reserved 1048576K
}
Event: 12365.748 GC heap before
{Heap before GC invocations=667 (full 646):
 garbage-first heap   total 86016K, used 31822K [0x00000000c0000000, 0x0000000100000000)
  region size 1024K, 1 young (1024K), 0 survivors (0K)
 Metaspace       used 59540K, committed 59968K, reserved 1114112K
  class space    used 7409K, committed 7616K, reserved 1048576K
}
Event: 12365.770 GC heap after
{Heap after GC invocations=668 (full 647):
 garbage-first heap   total 86016K, used 31822K [0x00000000c0000000, 0x0000000100000000)
  region size 1024K, 0 young (0K), 0 survivors (0K)
 Metaspace       used 59540K, committed 59968K, reserved 1114112K
  class space    used 7409K, committed 7616K, reserved 1048576K
}
Event: 12376.070 GC heap before
{Heap before GC invocations=668 (full 647):
 garbage-first heap   total 86016K, used 31822K [0x00000000c0000000, 0x0000000100000000)
  region size 1024K, 1 young (1024K), 0 survivors (0K)
 Metaspace       used 59540K, committed 59968K, reserved 1114112K
  class space    used 7409K, committed 7616K, reserved 1048576K
}
Event: 12376.098 GC heap after
{Heap after GC invocations=669 (full 648):
 garbage-first heap   total 86016K, used 31822K [0x00000000c0000000, 0x0000000100000000)
  region size 1024K, 0 young (0K), 0 survivors (0K)
 Metaspace       used 59540K, committed 59968K, reserved 1114112K
  class space    used 7409K, committed 7616K, reserved 1048576K
}

Dll operation events (9 events):
Event: 0.024 Loaded shared library c:\Users\User\.vscode\extensions\redhat.java-1.25.1-win32-x64\jre\17.0.9-win32-x86_64\bin\java.dll
Event: 0.370 Loaded shared library C:\Users\User\.vscode\extensions\redhat.java-1.25.1-win32-x64\jre\17.0.9-win32-x86_64\bin\net.dll
Event: 0.373 Loaded shared library C:\Users\User\.vscode\extensions\redhat.java-1.25.1-win32-x64\jre\17.0.9-win32-x86_64\bin\nio.dll
Event: 0.384 Loaded shared library C:\Users\User\.vscode\extensions\redhat.java-1.25.1-win32-x64\jre\17.0.9-win32-x86_64\bin\zip.dll
Event: 0.759 Loaded shared library C:\Users\User\.vscode\extensions\redhat.java-1.25.1-win32-x64\jre\17.0.9-win32-x86_64\bin\jimage.dll
Event: 3.597 Loaded shared library c:\Users\User\.vscode\extensions\redhat.java-1.25.1-win32-x64\jre\17.0.9-win32-x86_64\bin\verify.dll
Event: 3.948 Loaded shared library C:\Users\User\.vscode\extensions\redhat.java-1.25.1-win32-x64\jre\17.0.9-win32-x86_64\bin\management.dll
Event: 3.951 Loaded shared library C:\Users\User\.vscode\extensions\redhat.java-1.25.1-win32-x64\jre\17.0.9-win32-x86_64\bin\management_ext.dll
Event: 4.949 Loaded shared library C:\Users\User\.vscode\extensions\redhat.java-1.25.1-win32-x64\jre\17.0.9-win32-x86_64\bin\sunmscapi.dll

Deoptimization events (20 events):
Event: 7397.476 Thread 0x000002968564c880 DEOPT PACKING pc=0x00000296f6e23cee sp=0x000000fb1d1fd6a0
Event: 7397.476 Thread 0x000002968564c880 DEOPT UNPACKING pc=0x00000296f6cf7143 sp=0x000000fb1d1fcb98 mode 3
Event: 8765.337 Thread 0x0000029685655310 DEOPT PACKING pc=0x00000296f76f950c sp=0x000000fb202fe0d0
Event: 8765.337 Thread 0x0000029685655310 DEOPT UNPACKING pc=0x00000296f6cf7143 sp=0x000000fb202fd638 mode 0
Event: 8765.337 Thread 0x0000029685655310 DEOPT PACKING pc=0x00000296f773e84c sp=0x000000fb202fe200
Event: 8765.337 Thread 0x0000029685655310 DEOPT UNPACKING pc=0x00000296f6cf7143 sp=0x000000fb202fd6e0 mode 0
Event: 8765.337 Thread 0x0000029685655310 DEOPT PACKING pc=0x00000296f76f950c sp=0x000000fb202fe330
Event: 8765.337 Thread 0x0000029685655310 DEOPT UNPACKING pc=0x00000296f6cf7143 sp=0x000000fb202fd898 mode 0
Event: 8765.337 Thread 0x0000029685655310 DEOPT PACKING pc=0x00000296f773e84c sp=0x000000fb202fe460
Event: 8765.337 Thread 0x0000029685655310 DEOPT UNPACKING pc=0x00000296f6cf7143 sp=0x000000fb202fd958 mode 0
Event: 8765.338 Thread 0x0000029685655310 DEOPT PACKING pc=0x00000296f76f950c sp=0x000000fb202fe7d0
Event: 8765.338 Thread 0x0000029685655310 DEOPT UNPACKING pc=0x00000296f6cf7143 sp=0x000000fb202fdd38 mode 0
Event: 8765.338 Thread 0x0000029685655310 DEOPT PACKING pc=0x00000296f773e84c sp=0x000000fb202fe900
Event: 8765.339 Thread 0x0000029685655310 DEOPT UNPACKING pc=0x00000296f6cf7143 sp=0x000000fb202fddf8 mode 0
Event: 8857.883 Thread 0x0000029685655310 DEOPT PACKING pc=0x00000296f77ca7a0 sp=0x000000fb202fdef0
Event: 8857.883 Thread 0x0000029685655310 DEOPT UNPACKING pc=0x00000296f6cf7143 sp=0x000000fb202fd370 mode 3
Event: 8861.359 Thread 0x000002968564c370 DEOPT PACKING pc=0x00000296f77ac636 sp=0x000000fb1d1fd560
Event: 8861.359 Thread 0x000002968564c370 DEOPT UNPACKING pc=0x00000296f6cf7143 sp=0x000000fb1d1fca58 mode 3
Event: 8998.800 Thread 0x000002968564aa20 DEOPT PACKING pc=0x00000296f700f47d sp=0x000000fb20afd4f0
Event: 8998.800 Thread 0x000002968564aa20 DEOPT UNPACKING pc=0x00000296f6cf7143 sp=0x000000fb20afca58 mode 3

Classes unloaded (20 events):
Event: 8953.097 Thread 0x00000296ff961790 Unloading class 0x0000000100211800 'jdk/internal/reflect/GeneratedConstructorAccessor49'
Event: 8953.097 Thread 0x00000296ff961790 Unloading class 0x000000010039b400 'jdk/internal/reflect/GeneratedConstructorAccessor48'
Event: 9164.721 Thread 0x00000296ff961790 Unloading class 0x0000000100795400 'jdk/internal/reflect/GeneratedConstructorAccessor60'
Event: 9164.721 Thread 0x00000296ff961790 Unloading class 0x0000000100786800 'java/lang/invoke/LambdaForm$MH+0x0000000100786800'
Event: 9164.721 Thread 0x00000296ff961790 Unloading class 0x0000000100786400 'java/lang/invoke/LambdaForm$MH+0x0000000100786400'
Event: 9164.721 Thread 0x00000296ff961790 Unloading class 0x0000000100786000 'java/lang/invoke/LambdaForm$MH+0x0000000100786000'
Event: 9164.721 Thread 0x00000296ff961790 Unloading class 0x0000000100785c00 'java/lang/invoke/LambdaForm$MH+0x0000000100785c00'
Event: 9164.721 Thread 0x00000296ff961790 Unloading class 0x0000000100785400 'java/lang/invoke/LambdaForm$MH+0x0000000100785400'
Event: 9164.721 Thread 0x00000296ff961790 Unloading class 0x0000000100785000 'java/lang/invoke/LambdaForm$MH+0x0000000100785000'
Event: 9164.721 Thread 0x00000296ff961790 Unloading class 0x0000000100784c00 'java/lang/invoke/LambdaForm$MH+0x0000000100784c00'
Event: 9164.721 Thread 0x00000296ff961790 Unloading class 0x0000000100784800 'java/lang/invoke/LambdaForm$MH+0x0000000100784800'
Event: 9164.721 Thread 0x00000296ff961790 Unloading class 0x0000000100784400 'java/lang/invoke/LambdaForm$MH+0x0000000100784400'
Event: 9164.721 Thread 0x00000296ff961790 Unloading class 0x0000000100784000 'java/lang/invoke/LambdaForm$MH+0x0000000100784000'
Event: 9164.721 Thread 0x00000296ff961790 Unloading class 0x000000010008ac00 'java/lang/invoke/LambdaForm$MH+0x000000010008ac00'
Event: 9164.721 Thread 0x00000296ff961790 Unloading class 0x000000010008bc00 'java/lang/invoke/LambdaForm$MH+0x000000010008bc00'
Event: 9164.721 Thread 0x00000296ff961790 Unloading class 0x000000010039b400 'java/lang/invoke/LambdaForm$MH+0x000000010039b400'
Event: 9164.721 Thread 0x00000296ff961790 Unloading class 0x0000000100211800 'java/lang/invoke/LambdaForm$MH+0x0000000100211800'
Event: 9164.721 Thread 0x00000296ff961790 Unloading class 0x0000000100094400 'java/lang/invoke/LambdaForm$MH+0x0000000100094400'
Event: 9164.721 Thread 0x00000296ff961790 Unloading class 0x000000010008e800 'java/lang/invoke/LambdaForm$MH+0x000000010008e800'
Event: 9409.167 Thread 0x00000296ff961790 Unloading class 0x0000000100785c00 'jdk/internal/reflect/GeneratedConstructorAccessor62'

Classes redefined (0 events):
No events

Internal exceptions (20 events):
Event: 8998.783 Thread 0x000002968564aa20 Exception <a 'sun/nio/fs/WindowsException'{0x00000000cf6bab18}> (0x00000000cf6bab18) 
thrown [s\src\hotspot\share\prims\jni.cpp, line 516]
Event: 8998.784 Thread 0x000002968564aa20 Exception <a 'sun/nio/fs/WindowsException'{0x00000000cf6bb488}> (0x00000000cf6bb488) 
thrown [s\src\hotspot\share\prims\jni.cpp, line 516]
Event: 8998.784 Thread 0x000002968564aa20 Exception <a 'sun/nio/fs/WindowsException'{0x00000000cf6bb950}> (0x00000000cf6bb950) 
thrown [s\src\hotspot\share\prims\jni.cpp, line 516]
Event: 8998.784 Thread 0x000002968564aa20 Exception <a 'sun/nio/fs/WindowsException'{0x00000000cf6bca98}> (0x00000000cf6bca98) 
thrown [s\src\hotspot\share\prims\jni.cpp, line 516]
Event: 8998.784 Thread 0x000002968564aa20 Exception <a 'sun/nio/fs/WindowsException'{0x00000000cf6bcfa0}> (0x00000000cf6bcfa0) 
thrown [s\src\hotspot\share\prims\jni.cpp, line 516]
Event: 8998.784 Thread 0x000002968564aa20 Exception <a 'sun/nio/fs/WindowsException'{0x00000000cf6bdda8}> (0x00000000cf6bdda8) 
thrown [s\src\hotspot\share\prims\jni.cpp, line 516]
Event: 8998.784 Thread 0x000002968564aa20 Exception <a 'sun/nio/fs/WindowsException'{0x00000000cf6be718}> (0x00000000cf6be718) 
thrown [s\src\hotspot\share\prims\jni.cpp, line 516]
Event: 8998.784 Thread 0x000002968564aa20 Exception <a 'sun/nio/fs/WindowsException'{0x00000000cf6bebe0}> (0x00000000cf6bebe0) 
thrown [s\src\hotspot\share\prims\jni.cpp, line 516]
Event: 8998.784 Thread 0x000002968564aa20 Exception <a 'sun/nio/fs/WindowsException'{0x00000000cf6bfc58}> (0x00000000cf6bfc58) 
thrown [s\src\hotspot\share\prims\jni.cpp, line 516]
Event: 8998.784 Thread 0x000002968564aa20 Exception <a 'sun/nio/fs/WindowsException'{0x00000000cf6c0160}> (0x00000000cf6c0160) 
thrown [s\src\hotspot\share\prims\jni.cpp, line 516]
Event: 8998.846 Thread 0x000002968564aa20 Exception <a 'sun/nio/fs/WindowsException'{0x00000000c4af69b0}> (0x00000000c4af69b0) 
thrown [s\src\hotspot\share\prims\jni.cpp, line 516]
Event: 8998.846 Thread 0x000002968564aa20 Exception <a 'sun/nio/fs/WindowsException'{0x00000000c4af72e0}> (0x00000000c4af72e0) 
thrown [s\src\hotspot\share\prims\jni.cpp, line 516]
Event: 8998.846 Thread 0x000002968564aa20 Exception <a 'sun/nio/fs/WindowsException'{0x00000000c4af7788}> (0x00000000c4af7788) 
thrown [s\src\hotspot\share\prims\jni.cpp, line 516]
Event: 8998.846 Thread 0x000002968564aa20 Exception <a 'sun/nio/fs/WindowsException'{0x00000000c4af87d8}> (0x00000000c4af87d8) 
thrown [s\src\hotspot\share\prims\jni.cpp, line 516]
Event: 8998.846 Thread 0x000002968564aa20 Exception <a 'sun/nio/fs/WindowsException'{0x00000000c4af8cb8}> (0x00000000c4af8cb8) 
thrown [s\src\hotspot\share\prims\jni.cpp, line 516]
Event: 8998.846 Thread 0x000002968564aa20 Exception <a 'sun/nio/fs/WindowsException'{0x00000000c4af9b88}> (0x00000000c4af9b88) 
thrown [s\src\hotspot\share\prims\jni.cpp, line 516]
Event: 8998.846 Thread 0x000002968564aa20 Exception <a 'sun/nio/fs/WindowsException'{0x00000000c4afa4f8}> (0x00000000c4afa4f8) 
thrown [s\src\hotspot\share\prims\jni.cpp, line 516]
Event: 8998.846 Thread 0x000002968564aa20 Exception <a 'sun/nio/fs/WindowsException'{0x00000000c4afa9c0}> (0x00000000c4afa9c0) 
thrown [s\src\hotspot\share\prims\jni.cpp, line 516]
Event: 8998.846 Thread 0x000002968564aa20 Exception <a 'sun/nio/fs/WindowsException'{0x00000000c4afba38}> (0x00000000c4afba38) 
thrown [s\src\hotspot\share\prims\jni.cpp, line 516]
Event: 8998.846 Thread 0x000002968564aa20 Exception <a 'sun/nio/fs/WindowsException'{0x00000000c4afbf40}> (0x00000000c4afbf40) 
thrown [s\src\hotspot\share\prims\jni.cpp, line 516]

VM Operations (20 events):
Event: 12284.110 Executing VM operation: G1CollectFull done
Event: 12294.321 Executing VM operation: G1CollectFull
Event: 12294.348 Executing VM operation: G1CollectFull done
Event: 12304.554 Executing VM operation: G1CollectFull
Event: 12304.578 Executing VM operation: G1CollectFull done
Event: 12314.747 Executing VM operation: G1CollectFull
Event: 12314.769 Executing VM operation: G1CollectFull done
Event: 12324.955 Executing VM operation: G1CollectFull
Event: 12324.977 Executing VM operation: G1CollectFull done
Event: 12335.153 Executing VM operation: G1CollectFull
Event: 12335.180 Executing VM operation: G1CollectFull done
Event: 12345.370 Executing VM operation: G1CollectFull
Event: 12345.391 Executing VM operation: G1CollectFull done
Event: 12355.565 Executing VM operation: G1CollectFull
Event: 12355.586 Executing VM operation: G1CollectFull done
Event: 12365.748 Executing VM operation: G1CollectFull
Event: 12365.770 Executing VM operation: G1CollectFull done
Event: 12376.070 Executing VM operation: G1CollectFull
Event: 12376.098 Executing VM operation: G1CollectFull done
Event: 12386.154 Executing VM operation: G1CollectFull

Events (20 events):
Event: 9512.243 Thread 0x000002968564a510 Thread added: 0x000002968564a510
Event: 9614.881 Thread 0x000002968564a510 Thread exited: 0x000002968564a510
Event: 9941.328 Thread 0x000002968564a510 Thread added: 0x000002968564a510
Event: 9941.329 Thread 0x000002968564c880 Thread added: 0x000002968564c880
Event: 9941.330 Thread 0x000002968564d2a0 Thread added: 0x000002968564d2a0
Event: 9943.351 Thread 0x0000029684c8e6a0 Thread added: 0x0000029684c8e6a0
Event: 9943.357 Thread 0x0000029684895490 Thread added: 0x0000029684895490
Event: 9948.857 Thread 0x0000029684895490 Thread exited: 0x0000029684895490
Event: 9982.940 Thread 0x0000029684c87230 Thread added: 0x0000029684c87230
Event: 10042.718 Thread 0x000002968564c880 Thread exited: 0x000002968564c880
Event: 10049.726 Thread 0x000002968564d2a0 Thread exited: 0x000002968564d2a0
Event: 10070.707 Thread 0x0000029684c87230 Thread exited: 0x0000029684c87230
Event: 10092.191 Thread 0x000002968564a510 Thread exited: 0x000002968564a510
Event: 10092.343 Thread 0x0000029684c8e6a0 Thread exited: 0x0000029684c8e6a0
Event: 10463.242 Thread 0x000002968564c880 Thread added: 0x000002968564c880
Event: 10463.242 Thread 0x000002968564d2a0 Thread added: 0x000002968564d2a0
Event: 10463.243 Thread 0x000002968564a510 Thread added: 0x000002968564a510
Event: 10523.258 Thread 0x000002968564a510 Thread exited: 0x000002968564a510
Event: 10535.026 Thread 0x000002968564c880 Thread exited: 0x000002968564c880
Event: 10535.026 Thread 0x000002968564d2a0 Thread exited: 0x000002968564d2a0


Dynamic libraries:
0x00007ff7685d0000 - 0x00007ff7685de000 	c:\Users\User\.vscode\extensions\redhat.java-1.25.1-win32-x64\jre\17.0.9-win32-x86_64\bin\java.exe
0x00007ffd27950000 - 0x00007ffd27b67000 	C:\WINDOWS\SYSTEM32\ntdll.dll
0x00007ffd262d0000 - 0x00007ffd26394000 	C:\WINDOWS\System32\KERNEL32.DLL
0x00007ffd252f0000 - 0x00007ffd25696000 	C:\WINDOWS\System32\KERNELBASE.dll
0x00007ffd24e50000 - 0x00007ffd24f61000 	C:\WINDOWS\System32\ucrtbase.dll
0x00007ffcfe740000 - 0x00007ffcfe757000 	c:\Users\User\.vscode\extensions\redhat.java-1.25.1-win32-x64\jre\17.0.9-win32-x86_64\bin\jli.dll
0x00007ffd256a0000 - 0x00007ffd2584e000 	C:\WINDOWS\System32\USER32.dll
0x00007ffd24cc0000 - 0x00007ffd24ce6000 	C:\WINDOWS\System32\win32u.dll
0x00007ffcff410000 - 0x00007ffcff42b000 	c:\Users\User\.vscode\extensions\redhat.java-1.25.1-win32-x64\jre\17.0.9-win32-x86_64\bin\VCRUNTIME140.dll
0x00007ffd272e0000 - 0x00007ffd27309000 	C:\WINDOWS\System32\GDI32.dll
0x00007ffd25060000 - 0x00007ffd25178000 	C:\WINDOWS\System32\gdi32full.dll
0x00007ffd24db0000 - 0x00007ffd24e4a000 	C:\WINDOWS\System32\msvcp_win.dll
0x00007ffd11a70000 - 0x00007ffd11d03000 	C:\WINDOWS\WinSxS\amd64_microsoft.windows.common-controls_6595b64144ccf1df_6.0.22621.2506_none_270c5ae97388e100\COMCTL32.dll
0x00007ffd261a0000 - 0x00007ffd26247000 	C:\WINDOWS\System32\msvcrt.dll
0x00007ffd273f0000 - 0x00007ffd27421000 	C:\WINDOWS\System32\IMM32.DLL
0x00007ffd0b820000 - 0x00007ffd0b82c000 	c:\Users\User\.vscode\extensions\redhat.java-1.25.1-win32-x64\jre\17.0.9-win32-x86_64\bin\vcruntime140_1.dll
0x00007ffcd4c60000 - 0x00007ffcd4ced000 	c:\Users\User\.vscode\extensions\redhat.java-1.25.1-win32-x64\jre\17.0.9-win32-x86_64\bin\msvcp140.dll
0x00007ffc847b0000 - 0x00007ffc85411000 	c:\Users\User\.vscode\extensions\redhat.java-1.25.1-win32-x64\jre\17.0.9-win32-x86_64\bin\server\jvm.dll
0x00007ffd25ef0000 - 0x00007ffd25fa1000 	C:\WINDOWS\System32\ADVAPI32.dll
0x00007ffd26970000 - 0x00007ffd26a15000 	C:\WINDOWS\System32\sechost.dll
0x00007ffd263b0000 - 0x00007ffd264c7000 	C:\WINDOWS\System32\RPCRT4.dll
0x00007ffd23b10000 - 0x00007ffd23b5d000 	C:\WINDOWS\SYSTEM32\POWRPROF.dll
0x00007ffd1d9f0000 - 0x00007ffd1da24000 	C:\WINDOWS\SYSTEM32\WINMM.dll
0x00007ffd0ae80000 - 0x00007ffd0ae89000 	C:\WINDOWS\SYSTEM32\WSOCK32.dll
0x00007ffd26250000 - 0x00007ffd262c1000 	C:\WINDOWS\System32\WS2_32.dll
0x00007ffd1cd30000 - 0x00007ffd1cd3a000 	C:\WINDOWS\SYSTEM32\VERSION.dll
0x00007ffd23af0000 - 0x00007ffd23b03000 	C:\WINDOWS\SYSTEM32\UMPDC.dll
0x00007ffd23db0000 - 0x00007ffd23dc8000 	C:\WINDOWS\SYSTEM32\kernel.appcore.dll
0x00007ffd0a930000 - 0x00007ffd0a93a000 	c:\Users\User\.vscode\extensions\redhat.java-1.25.1-win32-x64\jre\17.0.9-win32-x86_64\bin\jimage.dll
0x00007ffd22480000 - 0x00007ffd226b3000 	C:\WINDOWS\SYSTEM32\DBGHELP.DLL
0x00007ffd27430000 - 0x00007ffd277b9000 	C:\WINDOWS\System32\combase.dll
0x00007ffd26060000 - 0x00007ffd26137000 	C:\WINDOWS\System32\OLEAUT32.dll
0x00007ffd1b830000 - 0x00007ffd1b862000 	C:\WINDOWS\SYSTEM32\dbgcore.DLL
0x00007ffd24f70000 - 0x00007ffd24fea000 	C:\WINDOWS\System32\bcryptPrimitives.dll
0x00007ffcf6950000 - 0x00007ffcf6975000 	c:\Users\User\.vscode\extensions\redhat.java-1.25.1-win32-x64\jre\17.0.9-win32-x86_64\bin\java.dll
0x00007ffce8bc0000 - 0x00007ffce8bd8000 	c:\Users\User\.vscode\extensions\redhat.java-1.25.1-win32-x64\jre\17.0.9-win32-x86_64\bin\zip.dll
0x00007ffd26a20000 - 0x00007ffd2727a000 	C:\WINDOWS\System32\SHELL32.dll
0x00007ffd22bf0000 - 0x00007ffd234e6000 	C:\WINDOWS\SYSTEM32\windows.storage.dll
0x00007ffd22ab0000 - 0x00007ffd22bee000 	C:\WINDOWS\SYSTEM32\wintypes.dll
0x00007ffd25cf0000 - 0x00007ffd25de3000 	C:\WINDOWS\System32\SHCORE.dll
0x00007ffd27390000 - 0x00007ffd273ee000 	C:\WINDOWS\System32\shlwapi.dll
0x00007ffd24bf0000 - 0x00007ffd24c16000 	C:\WINDOWS\SYSTEM32\profapi.dll
0x00007ffcfe720000 - 0x00007ffcfe739000 	C:\Users\User\.vscode\extensions\redhat.java-1.25.1-win32-x64\jre\17.0.9-win32-x86_64\bin\net.dll
0x00007ffd1f3c0000 - 0x00007ffd1f4f7000 	C:\WINDOWS\SYSTEM32\WINHTTP.dll
0x00007ffd24230000 - 0x00007ffd24299000 	C:\WINDOWS\system32\mswsock.dll
0x00007ffcf5af0000 - 0x00007ffcf5b06000 	C:\Users\User\.vscode\extensions\redhat.java-1.25.1-win32-x64\jre\17.0.9-win32-x86_64\bin\nio.dll
0x00007ffd24480000 - 0x00007ffd2449b000 	C:\WINDOWS\SYSTEM32\CRYPTSP.dll
0x00007ffd23d10000 - 0x00007ffd23d45000 	C:\WINDOWS\system32\rsaenh.dll
0x00007ffd24320000 - 0x00007ffd2434c000 	C:\WINDOWS\SYSTEM32\USERENV.dll
0x00007ffd24670000 - 0x00007ffd24698000 	C:\WINDOWS\SYSTEM32\bcrypt.dll
0x00007ffd244a0000 - 0x00007ffd244ac000 	C:\WINDOWS\SYSTEM32\CRYPTBASE.dll
0x00007ffd237c0000 - 0x00007ffd237ed000 	C:\WINDOWS\SYSTEM32\IPHLPAPI.DLL
0x00007ffd25ab0000 - 0x00007ffd25ab9000 	C:\WINDOWS\System32\NSI.dll
0x00007ffd1dc40000 - 0x00007ffd1dc59000 	C:\WINDOWS\SYSTEM32\dhcpcsvc6.DLL
0x00007ffd1dc20000 - 0x00007ffd1dc3f000 	C:\WINDOWS\SYSTEM32\dhcpcsvc.DLL
0x00007ffd237f0000 - 0x00007ffd238e9000 	C:\WINDOWS\SYSTEM32\DNSAPI.dll
0x00007ffd04b30000 - 0x00007ffd04b40000 	c:\Users\User\.vscode\extensions\redhat.java-1.25.1-win32-x64\jre\17.0.9-win32-x86_64\bin\verify.dll
0x00007ffcf5ae0000 - 0x00007ffcf5ae9000 	C:\Users\User\.vscode\extensions\redhat.java-1.25.1-win32-x64\jre\17.0.9-win32-x86_64\bin\management.dll
0x00007ffcec450000 - 0x00007ffcec45b000 	C:\Users\User\.vscode\extensions\redhat.java-1.25.1-win32-x64\jre\17.0.9-win32-x86_64\bin\management_ext.dll
0x00007ffd263a0000 - 0x00007ffd263a8000 	C:\WINDOWS\System32\PSAPI.DLL
0x00007ffcf69f0000 - 0x00007ffcf69fe000 	C:\Users\User\.vscode\extensions\redhat.java-1.25.1-win32-x64\jre\17.0.9-win32-x86_64\bin\sunmscapi.dll
0x00007ffd25180000 - 0x00007ffd252e6000 	C:\WINDOWS\System32\CRYPT32.dll
0x00007ffd24640000 - 0x00007ffd2466d000 	C:\WINDOWS\SYSTEM32\ncrypt.dll
0x00007ffd24600000 - 0x00007ffd24637000 	C:\WINDOWS\SYSTEM32\NTASN1.dll
0x00007ffd09360000 - 0x00007ffd093ab000 	C:\Program Files (x86)\Sangfor\SSL\ClientComponent3\SangforNspX64.dll
0x00007ffd25ac0000 - 0x00007ffd25c60000 	C:\WINDOWS\System32\ole32.dll
0x0000000067890000 - 0x00000000678b6000 	C:\Program Files\Bonjour\mdnsNSP.dll
0x00007ffd1d330000 - 0x00007ffd1d33a000 	C:\Windows\System32\rasadhlp.dll
0x00007ffd1cef0000 - 0x00007ffd1cf73000 	C:\WINDOWS\System32\fwpuclnt.dll

dbghelp: loaded successfully - version: 4.0.5 - missing functions: none
symbol engine: initialized successfully - sym options: 0x614 - pdb path: .;c:\Users\User\.vscode\extensions\redhat.java-1.25.1-win32-x64\jre\17.0.9-win32-x86_64\bin;C:\WINDOWS\SYSTEM32;C:\WINDOWS\WinSxS\amd64_microsoft.windows.common-controls_6595b64144ccf1df_6.0.22621.2506_none_270c5ae97388e100;c:\Users\User\.vscode\extensions\redhat.java-1.25.1-win32-x64\jre\17.0.9-win32-x86_64\bin\server;C:\Program Files (x86)\Sangfor\SSL\ClientComponent3;C:\Program Files\Bonjour

VM Arguments:
jvm_args: -XX:+HeapDumpOnOutOfMemoryError -Xmx1024m -Dsts.lsp.client=vscode -Dsts.log.file=/dev/null -XX:TieredStopAtLevel=1 -Xlog:jni+resolve=off -Dspring.config.location=file:c:\Users\User\.vscode\extensions\vmware.vscode-spring-boot-1.51.0\language-server\BOOT-INF\classes\application.properties 
java_command: org.springframework.ide.vscode.boot.app.BootLanguageServerBootApp
java_class_path (initial): c:\Users\User\.vscode\extensions\vmware.vscode-spring-boot-1.51.0\language-server\BOOT-INF\classes;c:\Users\User\.vscode\extensions\vmware.vscode-spring-boot-1.51.0\language-server\BOOT-INF\lib\annotations-24.1.0.jar;c:\Users\User\.vscode\extensions\vmware.vscode-spring-boot-1.51.0\language-server\BOOT-INF\lib\antlr-runtime-3.5.3.jar;c:\Users\User\.vscode\extensions\vmware.vscode-spring-boot-1.51.0\language-server\BOOT-INF\lib\antlr4-4.11.1.jar;c:\Users\User\.vscode\extensions\vmware.vscode-spring-boot-1.51.0\language-server\BOOT-INF\lib\antlr4-runtime-4.11.1.jar;c:\Users\User\.vscode\extensions\vmware.vscode-spring-boot-1.51.0\language-server\BOOT-INF\lib\asm-9.6.jar;c:\Users\User\.vscode\extensions\vmware.vscode-spring-boot-1.51.0\language-server\BOOT-INF\lib\asm-analysis-9.6.jar;c:\Users\User\.vscode\extensions\vmware.vscode-spring-boot-1.51.0\language-server\BOOT-INF\lib\asm-tree-9.6.jar;c:\Users\User\.vscode\extensions\vmware.vscode-spring-boot-1.51.0\language-server\BOOT-INF\lib\asm-util-9.6.jar;c:\Users\User\.vscode\extensions\vmware.vscode-spring-boot-1.51.0\language-server\BOOT-INF\lib\bosh-language-server-1.51.0-SNAPSHOT.jar;c:\Users\User\.vscode\extensions\vmware.vscode-spring-boot-1.51.0\language-server\BOOT-INF\lib\caffeine-3.1.8.jar;c:\Users\User\.vscode\extensions\vmware.vscode-spring-boot-1.51.0\language-server\BOOT-INF\lib\checker-qual-3.12.0.jar;c:\Users\User\.vscode\extensions\vmware.vscode-spring-boot-1.51.0\language-server\BOOT-INF\lib\classgraph-4.8.149.jar;c:\Users\User\.vscode\extensions\vmware.vscode-spring-boot-1.51.0\language-server\BOOT-INF\lib\commons-codec-1.15.jar;c:\Users\User\.vscode\extensions\vmware.vscode-spring-boot-1.51.0\language-server\BOOT-INF\lib\commons-compress-1.25.0.jar;c:\Users\User\.vscode\extensions\vmware.vscode-spring-boot-1.51.0\language-server\BOOT-INF\lib\commons-io-2.4.jar;c:\Users\User\.vscode\extensions\vmware.vscode-spring-boot-1.51.0\language-server\BOOT-INF\lib\commons-java-1.51
Launcher Type: SUN_STANDARD

[Global flags]
     intx CICompilerCount                          = 12                                        {product} {ergonomic}
     uint ConcGCThreads                            = 3                                         {product} {ergonomic}
     uint G1ConcRefinementThreads                  = 13                                        {product} {ergonomic}
   size_t G1HeapRegionSize                         = 1048576                                   {product} {ergonomic}
    uintx GCDrainStackTargetSize                   = 64                                        {product} {ergonomic}
     bool HeapDumpOnOutOfMemoryError               = true                                   {manageable} {command line}
   size_t InitialHeapSize                          = 260046848                                 {product} {ergonomic}
   size_t MarkStackSize                            = 4194304                                   {product} {ergonomic}
   size_t MaxHeapSize                              = 1073741824                                {product} {command line}
   size_t MaxNewSize                               = 643825664                                 {product} {ergonomic}
   size_t MinHeapDeltaBytes                        = 1048576                                   {product} {ergonomic}
   size_t MinHeapSize                              = 8388608                                   {product} {ergonomic}
    uintx NonProfiledCodeHeapSize                  = 0                                      {pd product} {ergonomic}
     bool ProfileInterpreter                       = false                                  {pd product} {command line}
    uintx ProfiledCodeHeapSize                     = 0                                      {pd product} {ergonomic}
   size_t SoftMaxHeapSize                          = 1073741824                             {manageable} {ergonomic}
     intx TieredStopAtLevel                        = 1                                         {product} {command line}
     bool UseCompressedClassPointers               = true                           {product lp64_product} {ergonomic}
     bool UseCompressedOops                        = true                           {product lp64_product} {ergonomic}
     bool UseG1GC                                  = true                                      {product} {ergonomic}
     bool UseLargePagesIndividualAllocation        = false                                  {pd product} {ergonomic}

Logging:
Log output configuration:
 #0: stdout all=warning,jni+resolve=off uptime,level,tags
 #1: stderr all=off uptime,level,tags

Environment Variables:
JAVA_HOME=C:\Program Files\Java\jdk-21
PATH=C:\Program Files\platform-tools;C:\src\flutter\bin;C:\Program Files\NVIDIA Corporation\NVIDIA NvDLISR;C:\Program Files\Maven\apache-maven-3.5.4\bin;C:\Program Files\Microsoft VS Code\bin;C:\Program Files\Java\jdk-21\bin;C:\Program Files\dotnet\;C:\Program Files\Java\jdk-21\bin;C:\Program Files\Git\cmd;C:\Windows\System32;C:\Windows\System32\WindowsPowerShell\v1.0;C:\src\flutter\bin;C:\Users\User\Music\software course year 3 sem 1\SECJ3303-03 INTERNET PROGRAMMING\Software installation\apache-maven-3.5.4;C:\Program Files\Java\jdk1.8.0_181\bin;C:\Program Files\Maven\apache-maven-3.9.6\bin;
USERNAME=User
OS=Windows_NT
PROCESSOR_IDENTIFIER=AMD64 Family 25 Model 80 Stepping 0, AuthenticAMD
TMP=C:\Users\User\AppData\Local\Temp
TEMP=C:\Users\User\AppData\Local\Temp



Periodic native trim disabled


---------------  S Y S T E M  ---------------

OS:
 Windows 11 , 64 bit Build 22621 (10.0.22621.2506)
OS uptime: 0 days 7:00 hours

CPU: total 16 (initial active 16) (16 cores per cpu, 2 threads per core) family 25 model 80 stepping 0 microcode 0x0, cx8, cmov, fxsr, ht, mmx, 3dnowpref, sse, sse2, sse3, ssse3, sse4a, sse4.1, sse4.2, popcnt, lzcnt, tsc, tscinvbit, avx, avx2, aes, erms, clmul, bmi1, bmi2, adx, sha, fma, vzeroupper, clflush, clflushopt
Processor Information for processor 0
  Max Mhz: 3301, Current Mhz: 3301, Mhz Limit: 3301
Processor Information for processor 1
  Max Mhz: 3301, Current Mhz: 2652, Mhz Limit: 3301
Processor Information for processor 2
  Max Mhz: 3301, Current Mhz: 2652, Mhz Limit: 3301
Processor Information for processor 3
  Max Mhz: 3301, Current Mhz: 2652, Mhz Limit: 3301
Processor Information for processor 4
  Max Mhz: 3301, Current Mhz: 3301, Mhz Limit: 3301
Processor Information for processor 5
  Max Mhz: 3301, Current Mhz: 2652, Mhz Limit: 3301
Processor Information for processor 6
  Max Mhz: 3301, Current Mhz: 2652, Mhz Limit: 3301
Processor Information for processor 7
  Max Mhz: 3301, Current Mhz: 2652, Mhz Limit: 3301
Processor Information for processor 8
  Max Mhz: 3301, Current Mhz: 2652, Mhz Limit: 3301
Processor Information for processor 9
  Max Mhz: 3301, Current Mhz: 2652, Mhz Limit: 3301
Processor Information for processor 10
  Max Mhz: 3301, Current Mhz: 2652, Mhz Limit: 3301
Processor Information for processor 11
  Max Mhz: 3301, Current Mhz: 2652, Mhz Limit: 3301
Processor Information for processor 12
  Max Mhz: 3301, Current Mhz: 3301, Mhz Limit: 3301
Processor Information for processor 13
  Max Mhz: 3301, Current Mhz: 2652, Mhz Limit: 3301
Processor Information for processor 14
  Max Mhz: 3301, Current Mhz: 3301, Mhz Limit: 3301
Processor Information for processor 15
  Max Mhz: 3301, Current Mhz: 2652, Mhz Limit: 3301

Memory: 4k page, system-wide physical 15791M (4111M free)
TotalPageFile size 64943M (AvailPageFile size 7M)
current process WorkingSet (physical memory assigned to process): 132M, peak: 221M
current process commit charge ("private bytes"): 270M, peak: 370M

vm_info: OpenJDK 64-Bit Server VM (17.0.9+9) for windows-amd64 JRE (17.0.9+9), built on Oct 26 2023 14:01:42 by "admin" with MS VC++ 16.10 / 16.11 (VS2019)

END.
